Attaching 6 probes...
COMM,PID,RUNQ_MS,TOTAL_MS
git,15252,1,3
git,15253,0,2
git,15255,0,2
git,15260,5,10
git,15258,5,16
git,15264,61,16
git,15263,18,21
git,15266,13,25
git,15272,39,29
git,15259,75,33
git,15267,28,35
git,15256,51,39
git,15273,65,41
git,15261,60,46
git,15274,39,46
git,15257,53,48
git,15262,91,48
git,15271,61,48
git,15275,37,49
git,15265,122,50
git,15269,49,52
git,15268,145,54
git,15270,72,57
git,15254,128,189
fibonacci,15277,0,1
fibonacci,15276,0,1
fibonacci,15278,0,1
fibonacci,15279,1,2
fibonacci,15281,0,2
fibonacci,15280,1,2
fibonacci,15283,1,2
fibonacci,15285,2,3
fibonacci,15282,2,5
fibonacci,15306,0,1
fibonacci,15286,3,10
fibonacci,15288,10,11
fibonacci,15289,11,12
fibonacci,15290,12,13
fibonacci,15292,18,20
fibonacci,15293,20,21
fibonacci,15294,21,23
fibonacci,15295,23,24
fibonacci,15296,24,25
fibonacci,15291,13,79
fibonacci,15298,79,179
fibonacci,15299,180,184
fibonacci,15300,185,186
fibonacci,15301,186,187
fibonacci,15302,187,188
fibonacci,15287,5,260
fibonacci,15304,257,259
fibonacci,15305,259,260
fibonacci,15307,260,261
fibonacci,15308,261,320
fibonacci,15309,321,323
fibonacci,15310,323,329
fibonacci,15311,329,330
fibonacci,15312,330,331
fibonacci,15313,331,332
fibonacci,15314,332,333
fibonacci,15315,333,336
fibonacci,15284,1,417
fibonacci,15297,24,428
fibonacci,15318,423,424
fibonacci,15319,424,425
fibonacci,15317,410,469
fibonacci,15321,470,476
fibonacci,15322,477,478
fibonacci,15323,478,479
fibonacci,15324,479,480
fibonacci,15325,480,481
fibonacci,15326,482,483
fibonacci,15327,483,485
fibonacci,15320,425,489
fibonacci,15329,487,488
fibonacci,15328,485,489
fibonacci,15330,488,491
fibonacci,15332,491,493
fibonacci,15331,489,512
fibonacci,15334,512,513
fibonacci,15335,513,514
fibonacci,15336,514,515
fibonacci,15337,515,517
fibonacci,15338,517,523
fibonacci,15339,523,524
fibonacci,15340,524,525
fibonacci,15341,525,526
fibonacci,15342,526,528
fibonacci,15333,493,557
fibonacci,15316,337,594
fibonacci,15345,589,599
fibonacci,15346,599,600
fibonacci,15347,600,602
fibonacci,15348,602,603
fibonacci,15349,603,604
fibonacci,15350,604,605
fibonacci,15351,605,606
fibonacci,15352,607,608
fibonacci,15353,608,610
fibonacci,15354,610,611
fibonacci,15355,611,613
fibonacci,15356,613,652
fibonacci,15303,188,860
fibonacci,15358,849,851
fibonacci,15359,851,867
fibonacci,15360,867,868
fibonacci,15361,868,869
fibonacci,15362,869,870
fibonacci,15363,870,872
fibonacci,15364,872,878
fibonacci,15365,878,879
fibonacci,15366,879,882
fibonacci,15367,882,883
fibonacci,15368,883,884
fibonacci,15369,884,886
fibonacci,15370,886,887
fibonacci,15371,887,889
fibonacci,15372,889,895
fibonacci,15373,895,896
fibonacci,15374,896,900
which,15376,0,2
sh,15375,3,6
git,15377,42,20
ps,15379,34,14
sh,15378,3,17
sed,15382,0,2
cat,15383,2,1
cat,15384,0,1
cat,15385,0,1
cat,15386,0,1
cat,15387,0,1
cat,15388,0,1
cat,15389,0,1
cat,15390,0,1
cat,15391,0,1
cat,15392,0,1
fibonacci,15343,528,1202
fibonacci,15344,554,1233
sleep,15393,0,1001
sed,15394,0,2
cat,15395,0,1
cpuUsage.sh,15396,0,0
cat,15397,0,1
cpuUsage.sh,15398,0,0
cat,15399,0,1
cpuUsage.sh,15400,0,0
cat,15401,0,1
cpuUsage.sh,15402,0,0
cat,15403,0,1
cpuUsage.sh,15404,0,0
cpuUsage.sh,15405,0,0
cpuUsage.sh,15406,0,0
cat,15407,0,1
cpuUsage.sh,15408,0,0
cat,15409,0,1
cpuUsage.sh,15410,0,0
cat,15411,0,1
cpuUsage.sh,15412,0,0
cpuUsage.sh,15381,13,1060
sh,15380,5,1063
fibonacci,15357,701,2365
bash,15413,0,1
git,15414,0,4
git,15415,0,2
git,15417,0,3
git,15418,26,19
git,15422,22,20
git,15421,49,21
git,15426,54,22
git,15437,24,23
git,15423,32,23
git,15424,39,27
git,15427,57,28
git,15420,92,31
git,15430,44,31
git,15425,60,32
git,15433,118,32
git,15431,38,34
git,15436,62,34
git,15428,42,34
git,15419,102,37
git,15434,50,37
git,15435,23,38
git,15429,69,38
git,15432,48,40
git,15416,34,163
which,15439,0,1
sh,15438,0,3
ps,15441,26,13
sh,15440,0,15
sed,15444,0,1
cat,15445,0,1
sleep,15446,0,1001
sed,15447,0,2
cat,15448,0,1
cpuUsage.sh,15449,0,0
cpuUsage.sh,15443,0,1013
sh,15442,0,1015
git,15450,0,4
git,15451,0,2
git,15453,0,2
git,15461,37,20
git,15464,30,21
git,15456,20,24
git,15459,44,25
git,15465,2,26
git,15454,41,27
git,15462,21,28
git,15458,47,28
git,15457,36,34
git,15466,31,34
git,15455,44,35
git,15463,29,34
git,15460,37,35
git,15468,33,35
git,15471,52,35
git,15467,63,35
git,15469,34,38
git,15473,28,40
git,15470,24,41
git,15472,22,41
git,15452,112,164
git,15474,0,3
git,15475,0,4
git,15477,0,3
git,15479,44,16
git,15486,18,16
git,15478,55,19
git,15487,29,20
git,15484,16,23
git,15495,204,26
git,15480,24,30
git,15497,76,30
git,15482,87,33
git,15485,36,34
git,15481,49,36
git,15488,49,36
git,15491,142,36
git,15483,41,38
git,15489,126,40
git,15494,70,40
git,15496,82,41
git,15492,90,42
git,15490,49,42
git,15493,50,43
git,15476,280,188
git,15498,0,3
git,15499,0,3
git,15501,0,3
git,15505,6,14
git,15506,14,16
git,15502,26,19
git,15513,17,24
git,15508,50,25
git,15507,58,27
git,15510,39,27
git,15515,82,27
git,15518,76,30
git,15512,75,32
git,15503,28,33
git,15517,39,34
git,15504,71,35
git,15509,44,36
git,15520,54,36
git,15519,168,37
git,15511,33,39
git,15521,127,39
git,15516,46,40
git,15514,55,43
git,15500,158,181
git,15522,0,3
git,15523,0,2
git,15525,0,3
git,15531,23,13
git,15530,24,15
git,15526,27,20
git,15535,23,21
git,15542,75,21
git,15532,49,23
git,15534,26,28
git,15529,29,30
git,15543,66,31
git,15538,70,34
git,15537,100,35
git,15540,39,35
git,15527,133,37
git,15533,135,37
git,15528,52,38
git,15536,60,38
git,15545,74,39
git,15541,81,40
git,15544,91,43
git,15539,73,44
git,15524,5,173
git,15546,0,2
git,15547,0,2
git,15549,0,2
git,15554,16,13
git,15553,24,15
git,15550,27,19
git,15551,29,20
git,15555,51,21
git,15558,92,21
git,15559,25,24
git,15569,133,28
git,15561,66,29
git,15567,26,31
git,15560,32,33
git,15568,48,33
git,15565,104,34
git,15564,71,35
git,15552,115,36
git,15556,68,36
git,15557,48,36
git,15566,211,36
git,15562,52,39
git,15563,109,39
git,15548,26,168
git,15570,0,2
git,15571,0,3
git,15573,0,3
git,15577,19,14
git,15578,26,15
git,15576,26,19
git,15584,35,20
git,15581,19,22
git,15575,49,23
git,15589,35,23
git,15582,42,25
git,15580,29,25
git,15592,27,29
git,15583,23,30
git,15593,55,30
git,15586,40,34
git,15579,61,36
git,15588,247,36
git,15585,189,38
git,15574,86,39
git,15590,94,39
git,15591,100,40
git,15587,74,41
git,15572,64,176
git,15594,0,2
git,15595,0,2
git,15597,0,2
git,15601,17,12
git,15602,11,14
git,15603,14,18
git,15612,24,22
git,15600,33,25
git,15608,44,26
git,15609,79,27
git,15605,32,28
git,15616,22,25
git,15617,52,26
git,15614,34,32
git,15604,133,33
git,15610,56,33
git,15599,142,35
git,15607,108,34
git,15598,34,36
git,15611,52,35
git,15613,44,36
git,15615,65,37
git,15606,74,37
git,15596,51,165
git,15618,0,2
git,15619,0,2
git,15621,2,3
git,15626,16,14
git,15625,25,15
git,15624,29,20
git,15632,21,21
git,15629,37,22
git,15638,102,23
git,15633,55,28
git,15634,24,29
git,15627,83,32
git,15635,32,34
git,15631,57,36
git,15641,136,37
git,15622,105,38
git,15628,161,39
git,15637,361,39
git,15623,121,40
git,15636,32,41
git,15630,87,41
git,15639,115,41
git,15640,154,42
git,15620,112,185
git,15642,2,3
git,15643,0,2
git,15645,0,3
git,15649,10,14
git,15650,15,15
git,15655,20,20
git,15646,15,23
git,15654,29,25
git,15651,57,25
git,15653,96,26
git,15656,27,30
git,15657,54,31
git,15647,57,33
git,15648,112,35
git,15659,58,36
git,15652,58,38
git,15664,79,39
git,15663,27,40
git,15661,170,40
git,15658,238,41
git,15665,73,42
git,15660,63,43
git,15662,48,43
git,15644,183,179
git,15666,0,3
git,15667,0,2
git,15669,0,2
git,15675,16,13
git,15674,24,14
git,15682,27,25
git,15672,12,26
git,15683,15,25
git,15670,40,30
git,15689,52,30
git,15684,36,31
git,15676,31,32
git,15679,26,33
git,15687,70,33
git,15680,54,33
git,15685,44,33
git,15671,98,34
git,15678,84,34
git,15681,37,35
git,15688,57,35
git,15686,35,36
git,15673,92,37
git,15677,53,38
git,15668,84,163
git,15690,0,2
git,15691,0,2
git,15693,2,3
git,15696,18,20
git,15697,17,21
git,15698,35,21
git,15694,37,23
git,15695,67,24
git,15713,73,21
git,15711,31,25
git,15709,36,30
git,15704,55,32
git,15701,123,32
git,15710,47,33
git,15706,86,34
git,15702,133,35
git,15700,89,36
git,15703,148,35
git,15707,39,35
git,15708,57,36
git,15699,117,36
git,15705,51,37
git,15712,112,38
git,15692,111,170
git,15714,0,2
git,15715,0,3
git,15717,0,3
git,15722,13,15
git,15721,21,16
git,15725,17,18
git,15728,80,22
git,15720,56,23
git,15736,34,23
git,15723,29,27
git,15724,100,27
git,15737,73,28
git,15731,63,29
git,15718,50,32
git,15734,19,31
git,15732,102,34
git,15727,20,36
git,15729,152,36
git,15735,79,37
git,15719,157,39
git,15733,138,38
git,15726,89,40
git,15730,44,43
git,15716,59,186
git,15738,0,3
git,15739,0,2
git,15741,2,3
git,15745,10,14
git,15746,16,15
git,15742,18,20
git,15743,13,21
git,15751,74,23
git,15748,24,24
git,15758,24,28
git,15747,23,29
git,15744,45,31
git,15749,107,32
git,15750,128,33
git,15753,202,34
git,15756,53,36
git,15761,69,36
git,15760,83,37
git,15752,188,37
git,15755,93,39
git,15759,249,39
git,15754,47,39
git,15757,54,41
git,15740,15,175
git,15762,0,3
git,15763,0,3
git,15765,0,3
git,15769,13,15
git,15768,21,19
git,15776,32,20
git,15773,34,22
git,15781,22,22
git,15771,40,27
git,15770,0,28
git,15775,27,28
git,15766,56,29
git,15779,57,29
git,15772,34,34
git,15778,25,34
git,15767,81,37
git,15777,161,37
git,15783,95,39
git,15784,70,40
git,15780,94,40
git,15774,65,42
git,15785,47,42
git,15782,35,42
git,15764,52,178
git,15789,0,3
git,15790,0,3
git,15792,0,4
git,15796,20,13
git,15797,18,15
git,15801,18,21
git,15799,36,25
git,15795,104,26
git,15798,48,28
git,15807,34,28
git,15802,31,33
git,15810,46,35
git,15800,59,38
git,15811,41,39
git,15805,68,41
git,15794,63,43
git,15793,169,43
git,15806,136,43
git,15809,43,43
git,15808,69,44
git,15803,117,44
git,15804,55,45
git,15812,163,45
git,15791,21,174
git,15813,0,5
git,15814,0,2
git,15816,0,2
git,15821,12,13
git,15822,25,14
git,15819,30,17
git,15820,12,19
git,15827,36,20
git,15834,16,20
git,15817,39,29
git,15833,63,30
git,15824,35,31
git,15823,60,31
git,15826,22,31
git,15829,55,31
git,15825,37,31
git,15832,59,31
git,15831,44,31
git,15828,26,33
git,15835,189,33
git,15818,62,35
git,15836,110,35
git,15830,40,38
git,15815,43,163
which,15838,0,3
sh,15837,0,10
ps,15840,5,16
sh,15839,0,19
sed,15843,0,1
cat,15844,0,1
sleep,15845,0,1001
sed,15846,0,2
cat,15847,0,1
cpuUsage.sh,15848,0,0
cpuUsage.sh,15842,0,1012
sh,15841,0,1014
which,15850,0,1
sh,15849,0,3
ps,15852,23,14
sh,15851,0,16
sed,15855,0,2
cat,15856,0,1
sleep,15857,0,1001
sed,15858,0,2
cat,15859,0,1
cpuUsage.sh,15860,0,0
cpuUsage.sh,15854,0,1014
sh,15853,0,1015
git,15861,0,2
git,15862,0,2
git,15864,0,2
git,15868,10,13
git,15869,17,15
git,15865,64,19
git,15870,22,20
git,15872,51,21
git,15873,38,22
git,15877,49,25
git,15879,40,26
git,15878,59,30
git,15876,50,31
git,15874,61,32
git,15880,24,32
git,15871,54,33
git,15866,68,34
git,15881,63,34
git,15867,98,37
git,15875,96,38
git,15882,115,39
git,15883,76,40
git,15884,63,43
git,15863,5,175
which,15886,0,1
sh,15885,0,7
ps,15888,11,14
sh,15887,0,16
sed,15891,0,1
cat,15892,0,1
sleep,15893,0,1001
sed,15894,0,1
cat,15895,0,1
cpuUsage.sh,15896,0,0
cpuUsage.sh,15890,0,1012
sh,15889,0,1014
git,15897,0,2
git,15898,0,2
git,15900,0,2
git,15906,26,14
git,15905,14,19
git,15914,56,19
git,15911,23,20
git,15904,21,23
git,15903,39,24
git,15909,67,24
git,15912,42,28
git,15901,104,31
git,15913,64,31
git,15920,56,35
git,15919,26,36
git,15908,39,37
git,15910,65,37
git,15915,48,37
git,15917,38,37
git,15902,132,39
git,15907,69,39
git,15916,56,39
git,15918,68,41
git,15899,45,169
bash,15921,0,1
grep,15922,0,3
awk,15923,0,3
bash,15924,0,1
which,15926,0,1
sh,15925,0,3
ps,15928,0,13
sh,15927,0,15
sed,15931,0,1
cat,15932,0,1
sleep,15933,0,1001
sed,15934,0,2
cat,15935,0,1
cpuUsage.sh,15936,0,0
cpuUsage.sh,15930,0,1013
sh,15929,0,1015
git,15937,0,2
git,15938,0,3
git,15940,0,3
git,15944,9,13
git,15945,14,15
git,15956,15,22
git,15951,27,25
git,15943,71,27
git,15947,22,28
git,15948,45,29
git,15959,106,29
git,15950,122,33
git,15958,112,34
git,15942,92,36
git,15946,81,37
git,15954,97,37
git,15941,149,38
git,15957,45,38
git,15949,106,39
git,15955,42,39
git,15952,53,39
git,15953,47,40
git,15960,118,40
git,15939,15,171
git,15961,14,17
git,15962,0,16
git,15963,0,3
git,15964,0,2
git,15965,0,2
git,15967,0,2
git,15972,16,13
git,15971,12,14
git,15978,17,20
git,15985,14,21
git,15970,61,22
git,15975,23,24
git,15980,99,26
git,15979,57,28
git,15976,74,31
git,15977,32,33
git,15982,181,33
git,15983,69,35
git,15981,68,35
git,15968,66,36
git,15969,51,37
git,15973,39,38
git,15987,79,38
git,15974,162,39
git,15984,51,38
git,15986,81,42
git,15966,65,163
git,15988,0,5
git,15989,0,5
git,15990,0,4
git,15992,0,2
git,15998,14,11
git,15996,18,16
git,15995,34,19
git,15997,37,22
git,15994,19,23
git,16001,32,24
git,16000,80,26
git,15999,58,30
git,16008,82,30
git,15993,71,34
git,16005,34,35
git,16002,37,36
git,16007,53,37
git,16010,50,37
git,16004,42,38
git,16006,190,40
git,16003,55,41
git,16012,124,41
git,16009,88,42
git,16011,50,42
git,15991,5,167
git,16013,0,2
git,16014,0,2
git,16016,0,2
git,16020,16,13
git,16021,15,15
git,16027,16,18
git,16017,58,19
git,16022,14,20
git,16025,35,21
git,16019,57,21
git,16024,51,22
git,16033,18,23
git,16023,47,26
git,16028,40,28
git,16036,69,28
git,16018,41,31
git,16031,42,33
git,16030,66,34
git,16029,82,35
git,16032,92,36
git,16034,79,37
git,16035,134,38
git,16026,44,39
git,16015,35,163
git,16038,0,3
git,16039,0,3
git,16041,0,3
git,16045,20,13
git,16046,14,15
git,16043,15,19
git,16051,46,21
git,16048,44,22
git,16058,22,22
git,16049,23,27
git,16053,42,30
git,16042,47,33
git,16054,42,32
git,16060,124,32
git,16047,183,34
git,16056,37,37
git,16050,184,38
git,16061,44,38
git,16044,129,40
git,16055,114,40
git,16059,59,41
git,16052,51,42
git,16057,59,42
git,16040,119,187
pool-NetworkMan,16037,0,15504
git,16062,0,3
git,16063,0,3
git,16065,0,3
git,16067,0,8
git,16068,17,11
git,16069,12,14
git,16070,30,16
git,16072,12,15
git,16075,12,20
git,16073,42,22
git,16076,40,22
git,16066,37,33
git,16085,35,27
git,16083,85,30
git,16082,36,32
git,16079,40,33
git,16077,27,34
git,16081,90,34
git,16074,118,36
git,16071,118,36
git,16084,42,35
git,16080,82,36
git,16078,48,37
git,16064,20,173
git,16086,0,2
git,16087,0,2
git,16089,0,2
git,16093,12,13
git,16094,26,14
git,16092,61,18
git,16091,32,19
git,16095,50,20
git,16105,57,20
git,16100,33,26
git,16098,54,26
git,16090,22,26
git,16108,25,26
git,16109,41,27
git,16096,139,28
git,16097,7,31
git,16102,125,31
git,16104,100,32
git,16106,67,34
git,16103,58,34
git,16101,68,36
git,16107,56,36
git,16099,48,39
git,16088,33,163
git,16110,0,3
git,16111,0,3
git,16113,0,2
git,16117,4,7
git,16127,7,15
git,16122,17,19
git,16114,29,21
git,16119,25,22
git,16120,62,26
git,16116,23,27
git,16118,33,28
git,16131,26,31
git,16129,35,34
git,16115,137,36
git,16124,27,36
git,16123,106,37
git,16126,81,37
git,16125,156,38
git,16130,66,38
git,16128,102,39
git,16133,127,39
git,16121,49,40
git,16132,55,42
git,16112,96,175
debian-sa1,16136,0,1
sh,16135,0,4
cron,16134,0,8
git,16137,1,3
git,16138,1,3
git,16140,0,3
git,16144,4,10
git,16146,14,21
git,16156,21,23
git,16145,18,29
git,16143,38,31
git,16158,89,32
git,16151,85,34
git,16149,39,35
git,16148,49,36
git,16153,136,36
git,16147,166,37
git,16150,127,37
git,16142,82,38
git,16159,68,38
git,16155,76,39
git,16141,77,41
git,16160,59,40
git,16157,93,40
git,16154,72,40
git,16152,86,42
git,16139,94,175
sleep,15787,0,180001
git,16163,0,3
git,16164,0,3
git,16166,0,3
git,16170,10,13
git,16171,41,15
git,16175,25,21
git,16172,23,25
git,16168,27,27
git,16176,134,28
git,16173,57,30
git,16178,21,31
git,16169,43,34
git,16184,151,33
git,16183,48,35
git,16186,92,38
git,16185,172,38
git,16177,50,39
git,16174,194,39
git,16167,38,40
git,16180,59,40
git,16181,37,42
git,16179,44,44
git,16182,57,45
git,16165,128,182
git,16187,0,3
git,16188,0,3
git,16190,0,3
git,16194,11,14
git,16191,35,17
git,16196,11,19
git,16195,26,19
git,16209,20,20
git,16205,18,25
git,16203,22,29
git,16208,31,30
git,16199,12,31
git,16204,62,33
git,16210,41,34
git,16201,29,36
git,16192,129,38
git,16200,43,38
git,16198,69,39
git,16193,56,39
git,16207,58,39
git,16197,61,40
git,16202,44,40
git,16206,85,41
git,16189,239,169
git,16211,1,3
git,16212,0,3
git,16214,0,2
git,16219,6,13
git,16218,24,14
git,16231,11,17
git,16222,18,20
git,16217,27,21
git,16221,30,23
git,16225,29,23
git,16215,50,27
git,16234,50,28
git,16224,105,29
git,16223,85,30
git,16226,90,33
git,16216,31,35
git,16220,63,35
git,16229,54,35
git,16232,88,36
git,16230,43,36
git,16227,30,37
git,16233,35,37
git,16228,97,39
git,16213,209,161
journal-offline,16235,0,0
journal-offline,16236,0,2
evolution-sourc,16243,0,5
pool-evolution-,16248,0,502
pool-evolution-,16251,0,502
pool-evolution-,16247,0,503
pool-evolution-,16250,0,502
pool-evolution-,16252,0,502
pool-evolution-,16245,0,504
pool-evolution-,16249,0,503
pool-evolution-,16253,0,502
pool-evolution-,16246,0,504
gmain,16238,0,10015
nm-dispatcher,16237,0,10031
gdbus,16241,0,10013
pool-nm-dispatc,16240,0,10015
pool-spawner,16239,0,10016
(sd-close),16254,0,0
pool-udisksd,16242,0,15501
pool-evolution-,16244,0,15505
git,16256,0,3
git,16257,0,3
git,16259,0,4
git,16264,11,18
git,16263,23,19
git,16277,45,21
git,16267,19,27
git,16276,43,32
git,16262,28,34
git,16265,65,37
git,16269,112,38
git,16266,67,39
git,16273,78,40
git,16260,76,41
git,16279,291,40
git,16275,90,41
git,16272,205,42
git,16270,93,43
git,16261,133,43
git,16274,39,45
git,16271,79,46
git,16278,152,46
git,16268,46,47
git,16258,58,195
git,16280,0,3
git,16281,0,3
git,16283,0,4
git,16287,20,14
git,16288,18,16
git,16286,57,22
git,16285,30,27
git,16296,73,26
git,16302,24,31
git,16300,50,32
git,16291,40,33
git,16294,30,34
git,16289,30,37
git,16298,39,38
git,16303,62,38
git,16292,71,40
git,16290,105,41
git,16295,117,41
git,16284,56,42
git,16297,152,43
git,16299,126,43
git,16301,38,44
git,16293,94,45
git,16282,47,182
git,16304,0,3
git,16305,0,2
git,16307,2,3
git,16311,19,13
git,16312,26,15
git,16314,17,25
git,16313,39,25
git,16308,47,26
git,16316,23,26
git,16317,40,27
git,16318,53,30
git,16323,30,32
git,16315,75,34
git,16309,126,37
git,16325,54,38
git,16322,79,39
git,16327,109,41
git,16320,92,41
git,16310,213,44
git,16319,55,45
git,16326,78,45
git,16321,50,46
git,16324,93,46
git,16328,2,20
git,16329,4,19
git,16330,2,4
git,16306,8,210
git,16331,0,2
git,16332,0,3
git,16334,0,2
git,16338,18,14
git,16339,15,17
git,16341,30,22
git,16340,29,24
git,16335,36,25
git,16343,16,25
git,16346,22,27
git,16347,60,29
git,16342,68,30
git,16344,29,31
git,16337,45,33
git,16345,26,33
git,16348,45,34
git,16352,50,34
git,16349,44,34
git,16336,64,38
git,16351,57,38
git,16354,107,39
git,16350,68,40
git,16353,69,41
git,16333,57,169
git,16355,0,2
git,16356,0,2
git,16358,0,3
git,16362,19,13
git,16363,13,14
git,16369,19,19
git,16366,17,20
git,16361,28,20
git,16376,19,20
git,16364,64,24
git,16367,73,25
git,16371,33,28
git,16375,105,28
git,16370,26,32
git,16372,116,33
git,16359,46,34
git,16365,47,34
git,16373,93,34
git,16378,48,34
git,16360,48,35
git,16374,211,35
git,16368,55,36
git,16377,44,36
git,16357,86,157
git,16379,0,3
git,16380,0,3
git,16382,0,2
git,16386,35,14
git,16387,21,15
git,16385,16,20
git,16393,29,20
git,16390,19,21
git,16400,53,22
git,16389,45,25
git,16392,75,27
git,16394,61,29
git,16396,26,31
git,16388,26,32
git,16399,49,32
git,16383,61,34
git,16398,65,34
git,16391,65,35
git,16402,54,35
git,16401,87,35
git,16384,99,37
git,16397,68,36
git,16395,67,37
git,16381,11,157
git,16403,0,2
git,16404,0,2
git,16406,0,2
git,16411,16,14
git,16410,48,14
git,16409,19,19
git,16414,36,21
git,16426,53,21
git,16417,62,22
git,16420,51,26
git,16425,55,27
git,16407,40,30
git,16416,69,30
git,16408,28,32
git,16413,41,33
git,16421,164,33
git,16422,44,34
git,16415,43,35
git,16424,50,35
git,16418,108,35
git,16412,71,37
git,16423,70,37
git,16419,52,38
git,16405,39,161
git,16427,0,2
git,16428,0,2
git,16430,0,2
git,16433,18,13
git,16435,7,14
git,16434,24,15
git,16431,22,19
git,16442,36,19
git,16438,23,22
git,16440,55,24
git,16436,35,26
git,16437,116,30
git,16446,39,31
git,16439,55,32
git,16432,42,35
git,16445,49,35
git,16450,35,36
git,16441,32,37
git,16444,46,38
git,16447,42,40
git,16449,92,41
git,16448,56,43
git,16443,52,44
git,16429,3,180
git,16451,0,3
git,16452,0,2
git,16454,0,4
git,16456,0,7
git,16459,13,14
git,16460,17,16
git,16455,11,18
git,16457,18,20
git,16458,28,23
git,16469,52,17
git,16463,64,20
git,16461,20,25
git,16474,173,25
git,16462,28,27
git,16464,65,28
git,16470,72,30
git,16465,146,31
git,16472,44,32
git,16467,61,34
git,16466,44,34
git,16471,42,35
git,16473,105,35
git,16468,139,37
git,16453,4,180
git,16475,0,3
git,16476,0,2
git,16478,0,3
git,16482,19,16
git,16479,24,19
git,16484,13,20
git,16485,21,21
git,16487,41,22
git,16483,19,26
git,16495,51,26
git,16489,48,28
git,16496,88,28
git,16486,27,29
git,16481,30,33
git,16498,47,33
git,16494,21,34
git,16497,98,35
git,16490,61,40
git,16492,37,39
git,16491,71,41
git,16488,97,42
git,16480,76,43
git,16493,58,44
git,16477,9,172
git,16499,0,3
git,16500,3,3
git,16502,0,3
git,16506,16,13
git,16504,23,25
git,16522,15,23
git,16507,18,24
git,16515,20,25
git,16505,35,30
git,16511,53,28
git,16512,106,29
git,16508,27,30
git,16503,28,34
git,16513,74,32
git,16514,98,33
git,16520,69,34
git,16519,214,36
git,16516,232,36
git,16509,31,37
git,16510,54,38
git,16517,39,38
git,16518,29,40
git,16521,53,42
git,16501,3,178
git,16523,0,3
git,16524,0,2
git,16526,0,3
git,16530,17,13
git,16528,18,16
git,16531,22,13
git,16532,35,19
git,16533,59,23
git,16545,40,24
git,16538,70,25
git,16529,145,32
git,16536,15,30
git,16527,64,33
git,16537,55,32
git,16535,55,36
git,16539,55,39
git,16541,126,39
git,16540,125,40
git,16544,70,40
git,16543,55,41
git,16534,188,42
git,16542,188,42
git,16546,147,43
git,16525,13,186
git,16547,2,4
git,16548,0,3
git,16550,0,3
git,16552,17,13
git,16555,14,14
git,16557,18,15
git,16554,24,17
git,16558,13,21
git,16567,29,25
git,16551,56,27
git,16561,89,28
git,16556,83,29
git,16563,140,29
git,16569,115,33
git,16565,19,35
git,16560,44,37
git,16559,48,38
git,16562,39,39
git,16564,80,39
git,16553,197,42
git,16570,117,41
git,16568,69,41
git,16566,57,42
git,16549,206,178
git,16571,0,2
git,16572,0,3
git,16574,0,2
git,16579,18,17
git,16578,46,18
git,16576,34,19
git,16580,21,20
git,16583,17,21
git,16582,19,22
git,16588,67,23
git,16586,73,26
git,16585,60,27
git,16590,33,29
git,16584,30,31
git,16581,56,33
git,16592,50,34
git,16575,142,36
git,16594,47,36
git,16587,84,36
git,16591,56,36
git,16577,63,38
git,16593,64,37
git,16589,48,39
git,16573,214,160
git,16595,0,2
git,16596,0,2
git,16598,0,2
git,16602,46,14
git,16614,26,23
git,16604,15,23
git,16603,39,23
git,16600,25,26
git,16601,33,28
git,16599,35,30
git,16609,42,30
git,16605,29,32
git,16611,79,32
git,16613,76,32
git,16618,38,34
git,16615,67,35
git,16606,54,36
git,16616,119,36
git,16610,93,37
git,16608,158,38
git,16612,51,38
git,16617,75,38
git,16607,47,40
git,16597,44,161
sleep,16161,0,180002
git,16620,0,3
git,16621,0,3
git,16623,0,3
git,16627,6,18
git,16640,17,18
git,16625,31,22
git,16630,40,24
git,16633,35,25
git,16628,27,26
git,16636,45,31
git,16639,120,34
git,16624,76,37
git,16632,58,37
git,16635,155,38
git,16629,114,39
git,16638,67,39
git,16626,116,40
git,16642,84,40
git,16643,164,40
git,16634,132,41
git,16637,64,42
git,16641,86,42
git,16631,73,45
git,16622,34,184
which,16645,0,1
sh,16644,0,7
ps,16647,9,16
sh,16646,0,20
sed,16650,0,1
cat,16651,0,1
sleep,16652,0,1001
sed,16653,0,3
cat,16654,0,2
cpuUsage.sh,16655,0,0
cpuUsage.sh,16649,1,1016
sh,16648,0,1018
git,16656,4,3
git,16657,1,3
git,16659,0,3
git,16663,39,14
git,16664,20,16
git,16665,52,19
git,16661,29,25
git,16668,82,25
git,16660,24,29
git,16670,38,30
git,16666,92,31
git,16671,35,32
git,16669,33,32
git,16667,73,33
git,16662,91,34
git,16673,31,34
git,16679,43,35
git,16678,159,36
git,16675,21,38
git,16674,91,38
git,16676,23,39
git,16677,44,41
git,16672,40,41
git,16658,161,179
which,16681,0,4
sh,16680,2,12
ps,16683,0,15
sh,16682,0,19
sed,16686,0,1
cat,16687,0,1
sleep,16688,0,1001
sed,16689,0,1
cat,16690,0,1
cpuUsage.sh,16691,0,0
cpuUsage.sh,16685,0,1012
sh,16684,0,1014
which,16693,0,1
sh,16692,0,7
ps,16695,3,16
sh,16694,0,18
sed,16698,0,1
cat,16699,0,1
sleep,16700,0,1001
sed,16701,0,2
cat,16702,0,1
cpuUsage.sh,16703,0,0
cpuUsage.sh,16697,0,1013
sh,16696,0,1016
git,16704,0,3
git,16705,0,3
git,16707,0,2
git,16711,4,16
git,16714,16,18
git,16708,25,24
git,16713,50,26
git,16712,1,26
git,16717,19,26
git,16716,46,26
git,16710,69,30
git,16719,21,30
git,16709,51,31
git,16721,67,32
git,16715,29,35
git,16718,103,35
git,16726,46,35
git,16723,131,37
git,16722,43,40
git,16720,57,41
git,16724,72,42
git,16725,72,42
git,16727,32,42
which,16729,0,1
sh,16728,0,3
ps,16731,0,14
sh,16730,2,16
sed,16734,0,1
cat,16735,0,1
git,16706,42,178
which,16738,0,1
sh,16737,5,7
sleep,16736,0,1001
ps,16740,1,13
sh,16739,0,14
sed,16741,1,2
cat,16742,0,1
cpuUsage.sh,16744,0,0
cpuUsage.sh,16733,1,1013
sh,16732,0,1015
sed,16746,0,1
cat,16747,0,1
sleep,16748,0,1001
sed,16749,0,1
cat,16750,0,2
cpuUsage.sh,16751,0,0
cpuUsage.sh,16745,0,1014
sh,16743,0,1016
which,16753,0,1
sh,16752,0,7
ps,16755,3,14
sh,16754,0,16
sed,16758,0,1
cat,16759,0,1
sleep,16760,0,1002
sed,16761,0,6
cat,16763,0,1
which,16764,0,1
cpuUsage.sh,16765,0,0
cpuUsage.sh,16757,1,1020
sh,16762,0,4
sh,16756,0,1022
ps,16767,3,13
sh,16766,0,14
sed,16770,0,1
cat,16771,0,1
sleep,16772,0,1001
sed,16773,0,2
cat,16774,0,1
cpuUsage.sh,16775,0,0
cpuUsage.sh,16769,0,1012
sh,16768,1,1014
kworker/dying,15788,0,315887
git,16776,0,3
git,16777,0,2
git,16779,0,2
git,16782,14,13
git,16784,18,14
git,16783,12,16
git,16787,19,18
git,16781,35,21
git,16790,19,24
git,16791,20,25
git,16793,21,29
git,16792,72,31
git,16780,49,36
git,16794,133,36
git,16789,61,37
git,16788,167,38
git,16785,74,39
git,16796,118,41
git,16795,55,42
git,16797,40,42
git,16786,97,43
git,16799,108,43
git,16798,118,44
git,16778,103,174
which,16801,0,3
sh,16800,2,10
ps,16803,1,15
sh,16802,6,19
sed,16806,0,1
cat,16807,0,1
git,16809,0,3
git,16810,0,3
git,16812,0,3
git,16818,28,18
git,16817,38,18
git,16813,66,20
git,16821,20,21
git,16819,75,27
git,16815,42,27
git,16831,39,26
git,16820,36,27
git,16823,52,27
git,16832,63,31
git,16822,69,33
git,16826,117,33
git,16824,15,36
git,16825,21,37
git,16827,76,37
git,16814,88,39
git,16816,91,40
git,16828,210,41
git,16830,68,41
git,16829,69,42
git,16811,3,160
sleep,16808,0,1001
sed,16833,0,2
cat,16834,0,1
cpuUsage.sh,16835,0,0
cpuUsage.sh,16805,0,1013
sh,16804,0,1015
which,16837,0,1
sh,16836,0,3
ps,16839,9,13
sh,16838,0,15
sed,16842,0,1
cat,16843,0,1
sleep,16844,0,1001
sed,16845,0,2
cat,16846,0,1
cpuUsage.sh,16847,0,0
cpuUsage.sh,16841,0,1012
sh,16840,0,1014
git,16848,0,3
git,16849,0,3
git,16851,0,2
git,16852,34,23
git,16857,41,24
git,16859,31,25
git,16854,26,26
git,16862,48,26
git,16860,30,27
git,16866,24,24
git,16867,33,24
git,16869,80,27
git,16870,110,28
git,16858,47,32
git,16853,30,33
git,16863,118,33
git,16861,123,33
git,16865,99,30
git,16856,185,35
git,16855,91,35
git,16871,164,31
git,16868,51,32
git,16864,59,35
git,16850,85,166
which,16873,0,1
sh,16872,2,9
ps,16875,6,14
sh,16874,0,16
sed,16878,0,1
cat,16879,0,1
sleep,16880,0,1002
sed,16881,0,4
cat,16882,0,1
cpuUsage.sh,16883,0,0
cpuUsage.sh,16877,0,1017
sh,16876,0,1019
which,16885,0,1
sh,16884,0,3
ps,16887,14,13
sh,16886,0,15
sed,16890,0,2
cat,16891,0,1
git,16893,0,3
git,16894,0,3
git,16896,0,2
git,16900,34,14
git,16901,50,15
git,16904,21,23
git,16903,23,24
git,16911,33,25
git,16902,26,25
git,16897,14,26
git,16905,37,25
git,16898,26,28
git,16915,108,28
git,16913,40,33
git,16908,69,34
git,16916,66,35
git,16899,43,37
git,16910,69,38
git,16907,175,38
git,16906,41,39
git,16909,37,40
git,16914,88,40
git,16912,44,40
git,16895,125,182
sleep,16892,0,1001
sed,16917,0,5
cat,16918,0,2
cpuUsage.sh,16919,0,0
cpuUsage.sh,16889,1,1019
sh,16888,0,1021
which,16921,0,1
sh,16920,0,3
ps,16923,0,13
sh,16922,0,15
sed,16926,0,1
cat,16927,0,1
sleep,16928,0,1001
sed,16929,0,1
cat,16930,0,1
cpuUsage.sh,16931,0,0
cpuUsage.sh,16925,0,1012
sh,16924,0,1014
git,16932,0,2
git,16933,0,2
git,16935,0,2
git,16941,30,12
git,16936,23,13
git,16939,28,19
git,16940,22,20
git,16944,14,24
git,16953,24,23
git,16952,52,24
git,16937,67,25
git,16938,54,26
git,16942,85,28
git,16945,76,28
git,16946,67,29
git,16943,37,29
git,16951,37,32
git,16947,43,33
git,16950,40,34
git,16948,15,35
git,16954,76,35
git,16955,24,36
git,16949,34,36
git,16934,40,159
which,16957,0,1
sh,16956,0,3
ps,16959,9,13
sh,16958,0,14
sed,16962,0,1
cat,16963,0,1
sleep,16964,0,1002
sed,16965,0,5
cat,16966,0,2
cpuUsage.sh,16967,0,1
cpuUsage.sh,16961,1,1021
sh,16960,0,1023
which,16969,0,3
sh,16968,0,8
ps,16971,10,12
sh,16970,0,14
sed,16974,0,1
cat,16975,0,1
sleep,16976,0,1001
sed,16977,0,2
cat,16978,0,1
cpuUsage.sh,16979,0,0
cpuUsage.sh,16973,0,1012
sh,16972,0,1014
which,16981,0,1
sh,16980,0,3
ps,16983,14,14
sh,16982,0,16
sed,16986,0,1
cat,16987,0,1
git,16989,0,2
git,16990,0,2
git,16992,1,3
git,17000,65,20
git,17002,50,21
git,16995,33,23
git,16994,35,23
git,16999,49,23
git,17001,28,23
git,16997,25,28
git,17012,55,24
git,17005,65,33
git,17010,53,27
git,16998,82,35
git,16993,80,36
git,17009,35,29
git,16996,64,37
git,17007,31,32
git,17003,47,39
git,17004,76,39
git,17011,56,34
git,17008,90,34
git,17006,56,35
git,16991,14,164
sleep,16988,0,1001
sed,17013,0,2
cat,17014,0,1
cpuUsage.sh,17015,0,0
cpuUsage.sh,16985,0,1015
sh,16984,0,1017
which,17017,0,3
sh,17016,0,9
ps,17019,0,14
sh,17018,0,17
sed,17022,0,1
cat,17023,0,1
git,17025,0,2
git,17026,0,4
git,17028,0,2
git,17032,18,13
git,17036,32,20
git,17048,15,20
git,17033,7,21
git,17031,40,21
git,17039,16,21
git,17034,133,24
git,17037,52,26
git,17042,33,28
git,17030,44,31
git,17044,48,30
git,17041,49,32
git,17046,41,32
git,17035,70,33
git,17029,121,35
git,17038,128,35
git,17045,39,36
git,17043,74,37
git,17040,174,37
git,17047,38,39
git,17027,19,165
bash,17049,0,0
bash,17050,0,0
sleep,17024,0,1001
sed,17051,0,3
cat,17052,0,1
cpuUsage.sh,17053,0,0
cpuUsage.sh,17021,1,1015
sh,17020,0,1017
which,17055,0,1
sh,17054,0,7
ps,17057,14,14
sh,17056,0,16
sed,17060,0,1
cat,17061,0,1
sleep,17062,0,1002
sed,17063,0,6
cat,17064,0,1
cpuUsage.sh,17065,0,0
cpuUsage.sh,17059,0,1018
sh,17058,0,1020
bash,17066,0,1
grep,17067,0,2
awk,17068,0,2
bash,17069,0,1
which,17071,0,1
sh,17070,0,4
ps,17073,11,14
sh,17072,0,15
sed,17076,0,2
cat,17077,0,1
sleep,17078,0,1001
sed,17079,0,2
cat,17080,0,1
cpuUsage.sh,17081,0,0
cpuUsage.sh,17075,0,1013
sh,17074,0,1014
git,17082,0,2
git,17083,0,2
git,17085,0,3
git,17089,13,16
git,17090,22,17
git,17092,65,19
git,17087,24,21
git,17095,28,21
git,17093,39,24
git,17096,68,26
git,17088,53,28
git,17102,120,27
git,17097,51,29
git,17105,29,28
git,17091,28,33
git,17098,35,33
git,17094,34,34
git,17100,57,36
git,17104,102,37
git,17099,53,38
git,17086,91,40
git,17103,415,39
git,17101,119,39
git,17084,1,184
which,17107,0,1
sh,17106,0,4
ps,17109,0,14
sh,17108,0,16
sed,17112,0,1
cat,17113,0,1
sleep,17114,0,1001
sed,17115,0,2
cat,17116,0,1
cpuUsage.sh,17117,0,0
cpuUsage.sh,17111,0,1014
sh,17110,0,1016
git,17118,1,13
git,17119,0,15
git,17120,0,2
git,17121,0,2
git,17122,0,4
git,17124,5,3
git,17128,9,19
git,17129,10,19
git,17140,35,17
git,17125,58,23
git,17126,22,24
git,17135,83,23
git,17127,35,27
git,17136,86,28
git,17130,44,30
git,17137,35,31
git,17139,56,32
git,17133,24,33
git,17142,87,33
git,17134,97,34
git,17132,66,35
git,17141,198,34
git,17138,89,35
git,17144,111,35
git,17131,170,36
git,17143,40,36
git,17123,74,165
git,17145,0,2
git,17146,0,2
git,17148,0,2
git,17150,43,18
git,17155,22,19
git,17158,40,20
git,17149,24,26
git,17152,31,27
git,17163,36,28
git,17161,87,29
git,17167,108,30
git,17153,45,31
git,17151,27,33
git,17164,81,33
git,17168,90,33
git,17156,37,34
git,17159,117,35
git,17162,46,35
git,17165,49,36
git,17157,37,37
git,17154,122,38
git,17160,60,38
git,17166,101,38
git,17147,96,162
git,17169,0,2
git,17170,0,2
git,17172,0,3
git,17174,27,19
git,17179,15,19
git,17182,73,20
git,17173,27,25
git,17181,22,25
git,17183,93,25
git,17176,135,31
git,17177,88,32
git,17175,73,33
git,17180,40,33
git,17178,97,34
git,17190,29,29
git,17187,57,30
git,17185,134,31
git,17189,46,31
git,17191,35,31
git,17184,117,32
git,17192,142,32
git,17188,170,32
git,17186,160,33
git,17171,126,167
git,17194,0,2
git,17195,0,2
git,17197,0,2
git,17203,12,13
git,17204,14,14
git,17201,17,18
git,17207,51,18
git,17198,48,19
git,17206,14,20
git,17210,65,22
git,17202,31,24
git,17209,32,24
git,17208,118,25
git,17216,100,26
git,17200,59,28
git,17205,77,28
git,17211,22,28
git,17199,119,32
git,17212,32,32
git,17213,23,33
git,17214,34,35
git,17215,32,36
git,17217,23,36
git,17196,17,158
git,17218,0,2
git,17219,0,2
git,17221,0,2
git,17225,10,13
git,17226,13,14
git,17223,25,18
git,17222,17,23
git,17224,45,24
git,17232,39,25
git,17229,41,27
git,17228,102,28
git,17240,26,27
git,17239,74,30
git,17233,39,32
git,17236,75,33
git,17231,62,34
git,17230,37,36
git,17235,141,36
git,17237,41,36
git,17227,100,37
git,17238,75,37
git,17234,44,38
git,17241,81,38
git,17220,5,159
git,17242,0,4
git,17243,0,2
git,17245,0,3
git,17246,6,6
git,17247,10,10
git,17250,20,10
git,17248,30,17
git,17249,22,20
git,17256,8,14
git,17260,18,18
git,17264,22,20
git,17263,18,21
git,17251,49,23
git,17257,61,22
git,17252,25,25
git,17261,68,25
git,17254,225,26
git,17262,52,27
git,17258,31,28
git,17259,38,28
git,17253,116,29
git,17255,59,30
git,17265,222,30
git,17244,153,161
pool-NetworkMan,17193,0,15504
git,17266,0,2
git,17267,0,2
git,17269,2,2
git,17272,8,10
git,17270,13,13
git,17273,13,13
git,17277,34,13
git,17275,14,14
git,17274,29,15
git,17285,15,20
git,17286,16,21
git,17287,77,21
git,17276,24,26
git,17282,62,30
git,17281,143,31
git,17280,17,33
git,17288,69,35
git,17284,108,35
git,17271,48,37
git,17283,50,36
git,17278,88,37
git,17289,106,37
git,17279,43,38
git,17268,103,163
git,17290,3,5
git,17291,0,2
git,17293,0,2
git,17295,45,19
git,17301,17,20
git,17300,29,20
git,17296,33,21
git,17303,39,22
git,17304,32,23
git,17294,23,26
git,17297,28,28
git,17298,34,28
git,17302,33,30
git,17306,52,26
git,17307,33,27
git,17299,61,33
git,17311,33,29
git,17310,85,29
git,17309,89,30
git,17308,41,31
git,17313,62,32
git,17312,40,33
git,17305,69,34
git,17292,155,164
git,17314,0,3
git,17315,0,3
git,17317,0,3
git,17322,3,7
git,17323,4,14
git,17320,32,19
git,17326,19,19
git,17328,14,19
git,17324,29,20
git,17321,43,21
git,17318,27,24
git,17325,33,25
git,17329,52,26
git,17331,34,26
git,17319,62,30
git,17327,43,31
git,17332,47,31
git,17330,61,32
git,17333,23,33
git,17334,19,36
git,17335,22,38
git,17336,69,39
git,17337,67,40
git,17316,7,163
git,17338,0,2
git,17339,0,2
git,17341,0,2
git,17345,12,13
git,17346,13,14
git,17343,52,18
git,17351,21,19
git,17348,23,20
git,17357,14,20
git,17344,34,24
git,17352,38,25
git,17353,45,26
git,17349,39,27
git,17360,46,27
git,17361,22,27
git,17347,71,31
git,17350,38,31
git,17354,66,31
git,17342,78,34
git,17356,34,34
git,17359,122,35
git,17358,82,35
git,17355,51,36
git,17340,25,161
sadc,17362,7,14
(sd-close),17363,0,0
git,17366,0,3
git,17367,0,2
git,17369,0,2
git,17371,3,10
git,17373,10,14
git,17374,9,12
git,17372,22,19
git,17381,14,17
git,17387,71,17
git,17385,125,22
git,17370,39,26
git,17376,39,23
git,17377,31,26
git,17378,55,32
git,17386,145,34
git,17382,46,34
git,17384,129,35
git,17383,55,36
git,17389,71,36
git,17388,35,37
git,17375,45,39
git,17379,135,39
git,17380,82,39
git,17368,16,168
git,17390,0,2
git,17391,0,3
git,17393,0,3
git,17397,20,29
git,17409,29,29
git,17398,15,29
git,17410,15,29
git,17400,65,31
git,17401,31,33
git,17407,63,34
git,17396,105,35
git,17399,86,37
git,17394,58,38
git,17403,81,38
git,17395,32,38
git,17413,92,38
git,17412,45,38
git,17406,124,39
git,17404,45,41
git,17405,68,42
git,17408,60,42
git,17411,161,43
git,17402,81,46
git,17392,6,181
git,17414,2,3
git,17415,0,2
git,17417,0,2
git,17422,37,14
git,17423,11,16
git,17424,47,21
git,17421,52,24
git,17420,67,24
git,17430,99,26
git,17428,24,27
git,17431,119,30
git,17427,21,32
git,17418,32,37
git,17426,59,37
git,17436,41,38
git,17434,41,39
git,17425,176,40
git,17435,57,41
git,17429,153,41
git,17419,94,42
git,17433,58,42
git,17432,91,42
git,17437,51,43
git,17416,242,178
which,17439,0,1
sh,17438,0,8
ps,17441,13,14
sh,17440,0,17
sed,17444,0,1
cat,17445,0,1
sleep,17446,0,1001
sed,17447,0,2
cat,17448,0,2
cpuUsage.sh,17449,0,0
cpuUsage.sh,17443,1,1015
sh,17442,0,1017
git,17450,1,2
git,17451,1,2
git,17453,0,2
git,17460,11,15
git,17459,33,19
git,17464,44,22
git,17456,46,24
git,17463,36,24
git,17457,75,25
git,17461,45,26
git,17470,64,26
git,17454,53,28
git,17462,88,31
git,17472,38,32
git,17465,39,34
git,17466,28,35
git,17468,50,38
git,17471,80,38
git,17469,102,40
git,17473,63,40
git,17458,158,42
git,17467,134,42
git,17455,110,43
git,17452,3,170
bash,17474,0,1
grep,17475,0,2
awk,17476,0,2
bash,17477,0,1
which,17479,0,1
sh,17478,6,7
ps,17481,11,12
sh,17480,0,14
sed,17484,0,1
cat,17485,0,1
sleep,17486,0,1001
sed,17487,0,2
cat,17488,0,1
cpuUsage.sh,17489,0,0
cpuUsage.sh,17483,0,1012
sh,17482,0,1014
which,17491,0,1
sh,17490,0,3
ps,17493,0,13
sh,17492,0,15
sed,17496,0,2
cat,17497,0,1
sleep,17498,0,1001
sed,17499,0,1
cat,17500,0,1
cpuUsage.sh,17501,0,0
cpuUsage.sh,17495,0,1013
sh,17494,0,1015
git,17502,0,2
git,17503,0,3
git,17505,1,2
git,17510,16,14
git,17509,12,14
git,17506,52,19
git,17511,21,19
git,17507,55,20
git,17508,24,20
git,17514,73,20
git,17513,24,21
git,17516,37,21
git,17523,23,27
git,17525,48,27
git,17524,38,28
git,17512,27,32
git,17515,69,32
git,17517,37,33
git,17522,74,33
git,17519,105,35
git,17520,91,36
git,17518,110,36
git,17521,101,37
git,17504,32,164
git,17526,0,3
git,17527,0,3
git,17529,0,2
git,17534,17,13
git,17533,11,14
git,17530,25,18
git,17538,13,19
git,17535,32,20
git,17548,31,21
git,17536,44,24
git,17539,34,25
git,17542,41,28
git,17544,35,28
git,17547,36,30
git,17540,66,32
git,17543,43,32
git,17532,68,33
git,17537,142,33
git,17549,44,33
git,17541,82,35
git,17546,64,35
git,17531,65,36
git,17545,70,35
git,17528,67,164
journal-offline,17550,0,1
git,17551,0,4
git,17552,0,2
git,17554,0,2
git,17559,25,14
git,17558,31,17
git,17555,35,19
git,17560,13,19
git,17563,53,21
git,17571,36,24
git,17564,27,25
git,17566,57,28
git,17567,91,30
git,17573,30,32
git,17565,69,33
git,17556,32,35
git,17569,40,35
git,17557,59,37
git,17572,35,37
git,17570,72,37
git,17574,46,37
git,17561,46,38
git,17568,99,38
git,17562,92,39
git,17553,34,163
git,17575,0,2
git,17576,0,2
git,17578,1,2
git,17582,22,13
git,17583,11,15
git,17586,49,19
git,17581,17,21
git,17589,30,22
git,17598,36,22
git,17579,20,25
git,17585,44,26
git,17584,73,27
git,17588,48,27
git,17591,27,27
git,17587,35,28
git,17594,117,30
git,17597,46,32
git,17596,91,33
git,17590,63,34
git,17595,58,34
git,17580,38,37
git,17593,30,38
git,17592,32,39
git,17577,12,162
bash,17599,0,1
grep,17600,0,2
awk,17601,0,2
bash,17602,0,1
which,17604,0,3
sh,17603,0,8
ps,17606,6,13
sh,17605,0,15
sed,17609,0,1
cat,17610,0,1
sleep,17611,0,1002
sed,17612,0,6
cat,17613,0,1
cpuUsage.sh,17614,0,0
cpuUsage.sh,17608,0,1018
sh,17607,0,1021
git,17615,0,3
git,17616,2,4
git,17618,0,3
git,17619,17,13
git,17625,25,13
git,17626,23,13
git,17624,47,19
git,17623,23,21
git,17632,51,22
git,17629,21,23
git,17628,10,24
git,17634,32,12
git,17621,45,28
git,17627,23,31
git,17620,74,33
git,17635,19,14
git,17633,107,34
git,17636,50,15
git,17638,37,16
git,17631,88,35
git,17622,39,36
git,17630,176,36
git,17637,35,17
git,17617,43,159
which,17640,0,2
sh,17639,0,8
ps,17642,11,16
sh,17641,0,19
sed,17645,0,1
cat,17646,0,1
sleep,17647,0,1003
sed,17648,0,6
cat,17649,0,1
cpuUsage.sh,17650,0,0
cpuUsage.sh,17644,0,1021
sh,17643,0,1023
git,17651,0,2
git,17652,0,2
git,17654,0,2
git,17658,24,14
git,17659,19,13
git,17656,16,20
git,17655,26,22
git,17672,49,20
git,17667,18,26
git,17657,35,29
git,17668,20,31
git,17669,61,32
git,17662,79,33
git,17664,76,34
git,17671,56,34
git,17670,77,34
git,17661,138,35
git,17666,89,35
git,17663,123,36
git,17665,112,36
git,17673,148,36
git,17674,85,36
git,17660,126,38
git,17653,218,169
git,17675,0,2
git,17676,0,3
git,17678,0,3
git,17682,20,13
git,17683,38,15
git,17687,33,19
git,17684,73,23
git,17695,23,27
git,17680,46,30
git,17685,61,31
git,17698,25,31
git,17688,44,31
git,17696,59,32
git,17681,61,34
git,17689,45,33
git,17692,68,34
git,17691,31,35
git,17697,60,35
git,17686,57,35
git,17679,128,37
git,17694,37,36
git,17690,59,37
git,17693,35,37
git,17677,77,175
git,17699,0,2
git,17700,0,2
git,17702,3,3
git,17704,12,13
git,17706,16,21
git,17721,53,23
git,17707,29,24
git,17715,27,25
git,17709,27,25
git,17708,43,29
git,17712,12,30
git,17716,88,31
git,17705,39,33
git,17719,163,33
git,17720,219,34
git,17713,103,35
git,17710,79,36
git,17714,131,36
git,17717,102,36
git,17711,169,38
git,17703,49,39
git,17722,55,39
git,17718,61,39
git,17701,41,164
git,17723,0,2
git,17724,1,3
git,17726,0,3
git,17731,11,14
git,17730,25,15
git,17727,31,17
git,17732,20,19
git,17733,15,19
git,17735,26,21
git,17729,22,24
git,17739,21,24
git,17738,56,26
git,17734,73,27
git,17728,41,28
git,17736,79,28
git,17737,23,31
git,17741,49,33
git,17740,72,34
git,17743,75,35
git,17746,34,36
git,17742,26,38
git,17745,38,38
git,17744,41,41
git,17725,67,169
sleep,16619,0,180002
git,17748,0,2
git,17749,0,2
git,17751,0,2
git,17763,5,11
git,17753,23,16
git,17754,32,19
git,17755,21,19
git,17757,18,22
git,17761,18,23
git,17762,69,25
git,17756,34,26
git,17760,92,27
git,17759,31,28
git,17766,23,29
git,17758,59,30
git,17764,64,32
git,17752,72,37
git,17767,43,34
git,17765,58,35
git,17770,32,38
git,17768,37,40
git,17769,36,41
git,17771,33,43
git,17750,154,167
git,17772,2,3
git,17773,0,2
git,17775,0,3
git,17779,12,13
git,17780,26,14
git,17782,17,19
git,17781,21,23
git,17778,91,25
git,17786,29,26
git,17785,129,28
git,17793,67,28
git,17783,72,29
git,17776,65,31
git,17777,29,34
git,17794,34,34
git,17790,70,35
git,17789,92,36
git,17787,45,36
git,17788,64,36
git,17795,77,37
git,17792,49,38
git,17784,41,38
git,17791,44,38
git,17774,67,174
git,17796,0,3
git,17797,3,2
git,17799,0,2
git,17800,2,9
git,17801,2,11
git,17802,4,12
git,17804,15,11
git,17805,7,7
git,17803,19,16
git,17807,15,9
git,17818,7,15
git,17806,33,22
git,17811,41,19
git,17809,13,20
git,17808,46,21
git,17812,97,22
git,17814,48,23
git,17816,37,24
git,17813,23,25
git,17810,40,25
git,17819,47,27
git,17817,52,27
git,17815,70,29
git,17798,44,172
git,17820,0,3
git,17821,0,3
git,17823,0,2
git,17824,8,9
git,17827,34,20
git,17832,13,21
git,17840,72,20
git,17828,13,23
git,17829,17,23
git,17833,24,25
git,17830,67,26
git,17841,30,28
git,17826,40,30
git,17836,96,30
git,17831,27,31
git,17838,82,31
git,17839,153,31
git,17843,26,35
git,17834,43,35
git,17842,60,36
git,17835,150,37
git,17837,95,38
git,17825,61,38
git,17822,62,171
git,17844,0,2
git,17845,0,2
git,17847,0,2
git,17850,0,7
git,17852,22,20
git,17853,35,21
git,17854,47,23
git,17867,42,17
git,17848,52,25
git,17849,80,26
git,17851,34,27
git,17857,26,23
git,17855,82,25
git,17866,74,24
git,17860,121,31
git,17859,82,31
git,17858,151,33
git,17864,102,33
git,17856,66,34
git,17863,71,35
git,17862,180,36
git,17865,61,36
git,17861,127,36
git,17846,63,184
git,17868,0,2
git,17869,0,2
git,17871,0,4
git,17875,32,18
git,17876,46,20
git,17890,24,19
git,17874,30,26
git,17878,22,25
git,17877,85,26
git,17886,22,27
git,17872,29,29
git,17873,25,30
git,17881,23,29
git,17884,74,30
git,17882,76,30
git,17880,34,31
git,17879,88,32
git,17888,53,32
git,17883,64,34
git,17891,44,34
git,17887,70,35
git,17889,37,36
git,17885,30,38
git,17870,8,161
bash,17892,0,1
grep,17893,0,2
awk,17894,0,2
bash,17895,0,1
git,17896,4,5
git,17897,0,2
git,17899,0,2
git,17902,14,12
git,17901,9,16
git,17906,25,16
git,17905,83,24
git,17909,25,19
git,17900,30,26
git,17912,15,21
git,17913,44,22
git,17903,55,28
git,17904,28,29
git,17908,46,23
git,17916,92,25
git,17917,119,26
git,17910,29,27
git,17919,24,27
git,17907,42,34
git,17918,113,28
git,17911,50,29
git,17915,34,29
git,17914,35,33
git,17898,36,157
which,17921,0,1
sh,17920,0,5
ps,17923,31,13
sh,17922,0,15
sed,17926,0,1
cat,17927,0,1
sleep,17928,0,1001
sed,17929,0,2
cat,17930,0,1
cpuUsage.sh,17931,0,0
cpuUsage.sh,17925,0,1012
sh,17924,0,1013
which,17933,0,2
sh,17932,0,6
ps,17935,4,13
sh,17934,0,15
sed,17938,0,1
cat,17939,0,1
git,17941,0,2
git,17942,0,2
git,17944,0,2
git,17950,7,13
git,17949,23,14
git,17946,24,18
git,17953,15,19
git,17948,33,20
git,17963,31,21
git,17945,93,24
git,17954,38,23
git,17951,58,24
git,17952,48,26
git,17961,34,29
git,17955,50,30
git,17956,22,34
git,17962,47,34
git,17957,19,36
git,17964,279,37
git,17960,53,38
git,17958,53,40
git,17947,55,42
git,17959,83,43
git,17943,119,164
sleep,17940,0,1002
sed,17965,0,5
cat,17966,0,2
cpuUsage.sh,17967,0,0
cpuUsage.sh,17937,0,1019
sh,17936,0,1021
git,17968,0,2
git,17969,0,2
git,17971,0,2
git,17975,16,13
git,17974,24,15
git,17988,34,22
git,17977,49,24
git,17972,64,26
git,17976,28,26
git,17990,28,26
git,17980,35,28
git,17982,41,29
git,17987,93,29
git,17979,77,29
git,17978,146,31
git,17989,28,34
git,17986,59,35
git,17985,45,35
git,17973,211,37
git,17983,40,36
git,17981,44,37
git,17991,88,37
git,17984,61,37
git,17970,102,162
git,17992,0,2
git,17993,0,2
git,17995,0,2
git,17996,14,19
git,18001,32,21
git,18004,23,23
git,17999,39,26
git,18002,105,28
git,18000,34,29
git,18013,23,30
git,18014,36,31
git,17998,39,34
git,18008,48,35
git,18003,92,36
git,17997,122,38
git,18006,173,37
git,18007,38,38
git,18005,89,39
git,18009,77,39
git,18011,71,40
git,18015,54,40
git,18010,58,41
git,18012,185,42
git,17994,73,175
bash,18016,0,1
grep,18017,0,2
awk,18018,0,2
bash,18019,0,1
which,18021,0,1
sh,18020,0,3
ps,18023,0,14
sh,18022,0,15
sed,18026,0,1
cat,18027,0,1
sleep,18028,0,1001
sed,18029,0,2
cat,18030,0,1
cpuUsage.sh,18031,0,0
cpuUsage.sh,18025,0,1013
sh,18024,0,1015
git,18032,0,2
git,18033,0,2
git,18035,0,2
git,18040,16,13
git,18039,24,14
git,18038,19,19
git,18043,17,20
git,18046,17,21
git,18050,15,21
git,18045,69,26
git,18053,21,27
git,18054,27,28
git,18037,40,29
git,18042,59,29
git,18055,36,29
git,18047,48,32
git,18048,69,33
git,18051,144,33
git,18041,37,35
git,18044,30,36
git,18036,58,37
git,18052,95,36
git,18049,100,37
git,18034,21,161
git,18056,0,3
git,18057,0,2
git,18059,0,2
git,18063,6,13
git,18062,12,21
git,18078,24,20
git,18064,26,21
git,18070,53,20
git,18071,66,23
git,18067,27,24
git,18079,21,25
git,18075,47,28
git,18077,134,29
git,18065,46,31
git,18060,104,32
git,18074,46,33
git,18076,48,33
git,18066,52,35
git,18061,70,35
git,18073,78,35
git,18072,99,36
git,18069,48,36
git,18068,36,37
git,18058,92,172
git,18080,0,2
git,18081,0,3
git,18083,0,2
git,18088,12,15
git,18087,18,16
git,18086,72,19
git,18094,24,20
git,18091,36,23
git,18101,21,23
git,18090,100,28
git,18093,82,28
git,18089,42,30
git,18085,30,32
git,18096,42,32
git,18095,95,34
git,18097,96,35
git,18092,67,36
git,18100,42,36
git,18084,82,37
git,18099,244,37
git,18098,208,39
git,18102,127,39
git,18103,35,39
git,18082,120,167
git,18104,0,2
git,18105,0,2
git,18107,0,2
git,18112,6,13
git,18111,24,14
git,18113,20,16
git,18117,25,18
git,18108,44,20
git,18114,34,20
git,18116,12,21
git,18110,18,22
git,18109,68,23
git,18118,36,26
git,18120,74,27
git,18119,102,29
git,18115,50,29
git,18124,29,31
git,18127,20,31
git,18122,54,33
git,18126,41,34
git,18123,21,35
git,18125,40,37
git,18121,81,38
git,18106,98,161
git,18129,0,2
git,18130,0,2
git,18132,1,2
git,18133,42,24
git,18149,82,24
git,18140,78,26
git,18143,36,28
git,18135,46,31
git,18138,44,31
git,18144,55,32
git,18148,88,33
git,18141,37,35
git,18147,39,35
git,18136,44,36
git,18137,57,36
git,18142,67,36
git,18150,58,36
git,18151,42,37
git,18152,115,37
git,18134,48,40
git,18139,137,39
git,18146,137,39
git,18145,299,41
git,18131,104,173
bash,18153,0,1
grep,18154,0,2
awk,18155,0,1
bash,18156,0,1
which,18158,0,1
sh,18157,0,7
ps,18160,6,13
sh,18159,0,16
sed,18163,0,1
cat,18164,0,1
git,18166,0,2
git,18167,0,2
git,18169,0,3
git,18173,3,15
git,18172,13,18
git,18177,24,22
git,18170,32,24
git,18179,23,24
git,18178,37,26
git,18183,90,27
git,18175,42,29
git,18184,16,28
git,18182,40,30
git,18181,18,32
git,18185,38,32
git,18174,4,33
git,18171,182,34
git,18180,14,33
git,18176,32,33
git,18186,86,37
git,18187,38,39
git,18188,50,39
git,18189,28,41
git,18168,173,173
sleep,18165,0,1001
sed,18190,0,2
cat,18191,0,1
cpuUsage.sh,18192,0,0
cpuUsage.sh,18162,0,1012
sh,18161,0,1014
which,18194,0,1
sh,18193,0,3
ps,18196,2,13
sh,18195,0,15
sed,18199,0,1
cat,18200,0,1
sleep,18201,0,1002
sed,18202,0,2
git,18203,0,2
cat,18204,0,1
cpuUsage.sh,18206,0,0
cpuUsage.sh,18198,1,1014
sh,18197,0,1016
git,18205,1,3
git,18208,0,2
git,18212,19,13
git,18213,34,14
git,18209,19,19
git,18224,32,21
git,18214,36,22
git,18217,39,23
git,18215,76,27
git,18211,40,29
git,18228,22,29
git,18220,44,30
git,18219,52,32
git,18216,38,33
git,18225,63,33
git,18227,71,34
git,18222,98,35
git,18226,57,35
git,18223,79,36
git,18210,188,37
git,18218,31,37
git,18221,237,37
git,18207,13,162
git,18229,0,2
git,18230,0,2
git,18232,0,2
git,18235,8,13
git,18237,26,14
git,18240,14,15
git,18236,50,15
git,18238,16,20
git,18252,34,22
git,18247,39,28
git,18239,37,30
git,18243,12,31
git,18250,78,33
git,18242,44,34
git,18245,105,35
git,18249,88,35
git,18233,107,37
git,18234,80,38
git,18251,71,37
git,18246,32,37
git,18244,179,38
git,18248,42,38
git,18241,19,41
git,18231,1,166
git,18253,0,3
git,18254,0,2
git,18256,0,2
git,18257,1,6
git,18258,14,8
git,18261,10,10
git,18262,5,8
git,18260,28,18
git,18259,38,19
git,18263,18,14
git,18266,24,14
git,18264,40,14
git,18275,73,19
git,18272,69,20
git,18267,57,20
git,18273,54,20
git,18265,23,24
git,18268,71,24
git,18269,78,26
git,18276,20,27
git,18271,22,28
git,18274,21,28
git,18270,61,29
git,18255,33,162
git,18277,0,2
git,18278,0,4
git,18280,0,3
git,18281,38,25
git,18286,31,26
git,18300,46,27
git,18289,78,31
git,18291,110,31
git,18284,101,32
git,18299,61,31
git,18285,52,35
git,18293,84,37
git,18283,58,38
git,18297,34,35
git,18288,50,39
git,18296,93,35
git,18298,51,35
git,18282,33,41
git,18287,93,41
git,18295,34,42
git,18292,64,42
git,18294,66,43
git,18290,43,43
git,18279,76,194
which,18302,0,1
sh,18301,0,3
ps,18304,0,12
sh,18303,0,14
sed,18307,0,1
cat,18308,0,1
bash,18310,0,1
grep,18311,0,3
cut,18312,0,3
sort,18313,0,3
wc,18315,0,3
bash,18314,0,4
bash,18317,0,0
bc,18318,0,2
bash,18316,0,3
sed,18319,0,1
bash,18320,0,1
sleep,18309,0,1002
sed,18321,5,7
cat,18322,0,1
cpuUsage.sh,18323,0,0
cpuUsage.sh,18306,0,1019
sh,18305,0,1021
which,18325,0,1
sh,18324,0,7
ps,18327,9,12
sh,18326,0,14
sed,18330,0,1
cat,18331,0,1
git,18333,0,7
git,18334,0,2
git,18336,0,2
git,18337,10,16
git,18339,29,18
git,18349,19,16
git,18340,9,22
git,18341,14,22
git,18338,17,24
git,18343,52,21
git,18348,18,26
git,18353,30,28
git,18344,96,29
git,18355,35,29
git,18350,38,30
git,18342,82,31
git,18351,161,31
git,18345,161,32
git,18347,39,32
git,18352,49,34
git,18346,84,34
git,18356,60,34
git,18354,33,34
git,18335,24,159
sleep,18332,0,1001
sed,18357,0,1
cat,18358,0,1
cpuUsage.sh,18359,0,0
cpuUsage.sh,18329,0,1011
sh,18328,0,1013
which,18361,0,1
sh,18360,0,7
ps,18363,2,14
sh,18362,0,18
sed,18366,0,1
cat,18367,0,1
sleep,18368,0,1001
sed,18369,0,1
cat,18370,0,1
cpuUsage.sh,18371,0,0
cpuUsage.sh,18365,0,1013
sh,18364,0,1015
git,18372,0,2
git,18373,0,2
git,18375,0,2
git,18378,12,13
git,18383,34,15
git,18379,34,16
git,18380,17,17
git,18389,49,19
git,18377,17,23
git,18388,27,26
git,18395,40,30
git,18382,29,34
git,18385,20,36
git,18394,44,36
git,18384,155,37
git,18386,31,37
git,18376,46,39
git,18390,30,38
git,18391,122,38
git,18392,75,41
git,18381,136,44
git,18387,60,44
git,18393,56,45
git,18374,15,175
git,18396,0,2
git,18397,0,2
git,18399,0,3
git,18403,20,14
git,18402,14,17
git,18404,29,18
git,18407,50,21
git,18418,34,23
git,18406,49,28
git,18411,71,29
git,18410,30,31
git,18413,36,33
git,18405,73,34
git,18400,30,35
git,18416,72,35
git,18417,42,36
git,18414,110,38
git,18408,157,40
git,18415,144,40
git,18409,48,40
git,18412,71,40
git,18401,74,42
git,18419,36,42
git,18398,126,183
which,18421,0,1
sh,18420,0,3
ps,18423,0,13
sh,18422,0,15
sed,18426,0,1
cat,18427,0,1
sleep,18428,0,1002
sed,18429,0,6
cat,18430,0,1
cpuUsage.sh,18431,0,0
cpuUsage.sh,18425,0,1018
sh,18424,0,1020
which,18433,0,1
sh,18432,0,3
ps,18435,23,12
sh,18434,0,14
sed,18438,0,1
cat,18439,0,1
sleep,18440,0,1002
sed,18441,0,6
cat,18442,0,3
cpuUsage.sh,18443,0,0
cpuUsage.sh,18437,1,1021
sh,18436,0,1022
git,18444,0,2
git,18445,0,2
git,18447,0,2
git,18452,9,14
git,18448,26,19
git,18456,24,20
git,18453,19,21
git,18451,32,22
git,18450,70,23
git,18455,92,23
git,18458,87,24
git,18465,21,17
git,18449,36,31
git,18467,51,18
git,18454,27,31
git,18459,56,32
git,18460,62,33
git,18457,69,34
git,18461,59,23
git,18462,49,24
git,18464,36,25
git,18466,43,26
git,18463,41,26
git,18446,132,159
which,18469,0,1
sh,18468,0,5
ps,18471,2,14
sh,18470,0,15
sed,18474,0,1
cat,18475,0,1
sleep,18476,0,1001
sed,18477,0,2
cat,18478,0,1
cpuUsage.sh,18479,0,0
cpuUsage.sh,18473,0,1012
sh,18472,0,1013
git,18480,0,2
git,18481,0,3
git,18483,0,3
git,18488,16,14
git,18487,25,15
git,18484,21,19
git,18489,31,19
git,18492,22,21
git,18498,35,22
git,18490,39,27
git,18503,30,29
git,18502,92,30
git,18493,67,35
git,18485,60,37
git,18495,39,37
git,18491,102,37
git,18486,115,39
git,18497,101,39
git,18496,62,40
git,18499,67,41
git,18500,168,41
git,18494,102,41
git,18501,64,43
git,18482,172,182
which,18505,0,1
sh,18504,0,7
ps,18507,10,14
sh,18506,0,16
sed,18510,0,1
cat,18511,0,1
bash,18513,0,1
grep,18514,0,2
cut,18515,0,2
sort,18516,0,2
wc,18518,0,1
bash,18517,0,2
bash,18520,0,0
bc,18521,0,1
bash,18519,0,2
sed,18522,0,1
bash,18523,0,1
sleep,18512,0,1002
sed,18524,0,6
cat,18525,0,2
cpuUsage.sh,18526,0,0
cpuUsage.sh,18509,1,1022
sh,18508,0,1024
which,18528,0,1
sh,18527,0,3
ps,18530,3,13
sh,18529,0,14
sed,18533,0,1
cat,18534,0,1
sleep,18535,0,1002
sed,18536,0,5
cat,18537,0,1
cpuUsage.sh,18538,0,0
cpuUsage.sh,18532,1,1018
sh,18531,0,1019
git,18539,0,5
git,18540,0,4
git,18542,0,2
git,18562,16,21
git,18547,27,22
git,18558,14,21
git,18546,13,22
git,18545,51,22
git,18551,24,23
git,18543,29,23
git,18548,34,23
git,18550,21,23
git,18561,42,27
git,18554,61,28
git,18553,25,29
git,18557,37,30
git,18559,75,31
git,18544,43,34
git,18556,201,34
git,18552,39,34
git,18549,177,35
git,18560,159,35
git,18555,54,37
git,18541,16,158
which,18564,0,1
sh,18563,0,3
ps,18566,4,13
sh,18565,0,15
sed,18569,0,2
cat,18570,0,2
sleep,18571,0,1002
sed,18572,2,6
cat,18573,0,2
cpuUsage.sh,18574,0,0
cpuUsage.sh,18568,0,1024
sh,18567,0,1026
git,18575,0,2
git,18576,0,2
git,18578,0,2
git,18582,12,13
git,18583,7,14
git,18590,11,18
git,18581,38,19
git,18589,68,19
git,18586,40,20
git,18584,25,21
git,18591,46,23
git,18587,47,27
git,18593,23,27
git,18579,37,29
git,18580,44,30
git,18592,24,32
git,18585,76,32
git,18588,58,33
git,18597,18,33
git,18598,35,34
git,18594,51,34
git,18596,29,35
git,18595,81,35
git,18577,83,160
git,18599,0,3
git,18600,0,3
git,18602,0,3
git,18606,18,14
git,18607,9,12
git,18605,19,24
git,18609,21,22
git,18619,12,22
git,18604,25,27
git,18610,47,25
git,18612,77,26
git,18613,37,26
git,18621,23,26
git,18617,76,28
git,18603,39,32
git,18615,89,30
git,18608,29,31
git,18620,54,31
git,18611,191,32
git,18618,49,32
git,18616,131,33
git,18622,28,34
git,18614,60,35
git,18601,16,176
bash,18623,0,1
grep,18624,0,2
cut,18625,0,2
sort,18626,0,2
bash,18627,0,1
which,18629,0,1
sh,18628,0,7
ps,18631,3,15
sh,18630,0,17
sed,18634,0,1
cat,18635,0,1
sleep,18636,0,1002
sed,18637,0,6
cat,18638,0,2
cpuUsage.sh,18639,0,1
cpuUsage.sh,18633,1,1021
sh,18632,0,1023
which,18641,0,3
sh,18640,1,9
ps,18643,0,12
sh,18642,0,16
sed,18646,0,1
cat,18647,0,1
git,18649,0,3
git,18650,0,2
git,18652,0,2
git,18654,16,19
git,18659,21,20
git,18657,13,20
git,18656,43,20
git,18666,26,18
git,18662,33,20
git,18660,20,25
git,18671,38,25
git,18653,39,32
git,18658,48,32
git,18665,142,29
git,18663,136,30
git,18655,82,34
git,18661,38,31
git,18669,37,31
git,18664,33,33
git,18668,85,33
git,18672,52,33
git,18670,41,34
git,18667,135,34
git,18651,85,158
sleep,18648,0,1001
sed,18673,0,3
cat,18674,0,1
cpuUsage.sh,18675,0,0
cpuUsage.sh,18645,2,1015
sh,18644,0,1016
git,18676,0,2
git,18677,0,2
git,18679,0,2
git,18684,21,13
git,18683,13,16
which,18701,1,2
sh,18700,2,6
git,18685,15,21
git,18682,16,23
git,18687,55,24
git,18690,41,26
git,18689,49,26
git,18686,25,27
git,18681,75,28
git,18693,42,28
git,18692,32,28
git,18694,37,32
git,18688,25,33
git,18698,73,36
git,18699,43,36
git,18691,133,37
git,18680,150,38
git,18695,134,38
git,18696,82,39
git,18697,173,39
ps,18703,19,17
sh,18702,8,20
sed,18706,0,1
cat,18707,0,1
git,18678,5,165
sleep,18708,0,1001
sed,18709,0,4
cat,18710,0,1
cpuUsage.sh,18711,0,0
cpuUsage.sh,18705,0,1015
sh,18704,0,1017
which,18713,0,1
sh,18712,0,3
ps,18715,5,12
sh,18714,0,14
sed,18718,0,1
cat,18719,0,1
sleep,18720,0,1001
sed,18721,0,3
cat,18722,0,1
cpuUsage.sh,18723,0,0
cpuUsage.sh,18717,0,1013
sh,18716,0,1015
git,18724,0,2
git,18725,0,3
git,18727,0,2
git,18731,11,7
git,18747,12,7
git,18729,17,19
git,18733,16,19
git,18742,31,19
git,18743,53,20
git,18734,50,20
git,18728,56,22
git,18735,15,30
git,18732,33,30
git,18741,41,30
git,18738,60,31
git,18737,29,33
git,18730,62,34
git,18739,36,34
git,18740,18,35
git,18746,69,35
git,18736,13,36
git,18744,50,37
git,18745,46,38
git,18726,89,155
git,18748,0,3
git,18749,3,3
git,18751,0,2
git,18755,19,13
git,18756,26,14
git,18758,11,18
git,18752,12,18
git,18757,32,19
git,18760,13,20
git,18759,39,22
git,18761,25,23
git,18762,27,26
git,18763,84,27
git,18764,36,30
git,18767,29,31
git,18753,110,33
git,18766,70,32
git,18768,111,33
git,18754,52,34
git,18771,24,34
git,18769,106,34
git,18765,34,35
git,18770,76,36
git,18750,54,166
which,18773,0,1
sh,18772,0,3
ps,18775,20,15
sh,18774,0,17
sed,18778,0,1
cat,18779,0,1
sleep,18780,0,1002
sed,18781,0,5
cat,18782,0,1
cpuUsage.sh,18783,0,0
cpuUsage.sh,18777,0,1017
sh,18776,0,1019
which,18785,0,1
sh,18784,0,3
ps,18787,9,14
sh,18786,0,16
sed,18790,0,1
cat,18791,0,1
git,18793,0,2
git,18794,0,2
git,18796,0,3
git,18801,17,14
git,18800,25,15
git,18803,76,20
git,18804,27,25
git,18802,73,26
git,18807,37,27
git,18814,94,28
git,18799,36,30
git,18809,91,31
git,18798,30,35
git,18812,35,34
git,18810,60,37
git,18813,30,37
git,18805,49,37
git,18815,79,38
git,18808,183,39
git,18806,153,39
git,18797,203,40
git,18811,39,40
git,18816,34,40
git,18795,115,171
sleep,18792,0,1001
sed,18817,0,2
cat,18818,0,1
cpuUsage.sh,18819,0,0
cpuUsage.sh,18789,0,1013
sh,18788,0,1015
git,18820,0,2
git,18821,0,2
git,18823,0,2
git,18827,6,13
git,18828,26,15
git,18833,24,18
git,18826,29,20
git,18831,44,21
git,18834,27,21
git,18829,21,22
git,18830,47,26
git,18843,34,26
git,18840,23,29
git,18837,34,30
git,18842,51,31
git,18832,94,33
git,18824,77,34
git,18841,22,34
git,18825,78,35
git,18838,116,34
git,18836,47,35
git,18839,90,36
git,18835,30,38
git,18822,103,165
sleep,17747,0,180005
which,18846,0,1
sh,18845,0,3
ps,18848,11,15
sh,18847,0,17
sed,18851,0,2
cat,18852,0,1
sleep,18853,0,1002
sed,18854,1,6
cat,18855,0,3
cpuUsage.sh,18856,0,0
cpuUsage.sh,18850,0,1021
sh,18849,0,1023
git,18857,0,3
git,18858,0,2
git,18860,0,2
git,18866,13,14
git,18865,12,15
git,18863,27,19
git,18868,33,20
git,18871,22,21
git,18878,14,21
git,18864,24,26
git,18869,22,27
git,18873,36,30
git,18875,40,31
git,18862,30,34
git,18876,60,34
git,18872,42,36
git,18870,43,37
git,18861,53,38
git,18877,56,37
git,18867,66,38
git,18874,70,39
git,18880,95,39
git,18879,118,40
git,18859,40,173
git,18881,0,2
git,18882,0,2
git,18884,1,3
git,18888,39,13
git,18889,26,14
git,18885,12,19
git,18890,27,19
git,18891,13,19
git,18893,35,20
git,18887,30,24
git,18895,30,25
git,18892,44,26
git,18903,41,26
git,18902,43,26
git,18904,44,27
git,18894,29,30
git,18900,41,30
git,18897,54,31
git,18901,49,32
git,18896,123,34
git,18898,39,34
git,18886,93,35
git,18899,109,35
git,18883,46,156
which,18907,0,1
sh,18906,0,3
ps,18909,11,12
sh,18908,0,14
sed,18912,0,1
cat,18913,0,1
bash,18915,0,1
grep,18916,0,3
cut,18917,0,2
sort,18918,0,2
wc,18920,0,1
bash,18919,0,2
bash,18922,0,0
bc,18923,0,1
bash,18921,0,2
sed,18924,0,1
bash,18925,0,1
sleep,18914,0,1002
sed,18926,2,8
cat,18927,0,3
cpuUsage.sh,18928,0,0
cpuUsage.sh,18911,0,1025
sh,18910,0,1027
which,18930,0,3
sh,18929,0,6
ps,18932,12,13
sh,18931,0,15
sed,18935,0,1
cat,18936,0,1
git,18938,0,2
git,18939,0,2
git,18941,0,2
git,18946,19,13
git,18947,13,14
git,18952,15,19
git,18949,30,20
git,18944,45,21
git,18959,13,20
git,18956,17,23
git,18951,35,24
git,18948,52,28
git,18957,34,29
git,18942,47,31
git,18958,39,31
git,18945,46,34
git,18961,197,34
git,18955,53,35
git,18950,64,36
git,18954,75,36
git,18943,194,37
git,18953,144,37
git,18960,60,37
git,18940,95,155
sleep,18937,0,1001
sed,18962,0,3
cat,18963,0,2
cpuUsage.sh,18964,0,0
cpuUsage.sh,18934,0,1014
sh,18933,0,1016
which,18966,0,1
sh,18965,0,3
ps,18968,3,14
sh,18967,0,16
sed,18971,0,1
cat,18972,0,1
sleep,18973,0,1001
sed,18974,0,1
cat,18975,0,1
cpuUsage.sh,18976,0,0
cpuUsage.sh,18970,0,1012
sh,18969,0,1014
git,18978,1,3
git,18979,0,2
git,18981,1,3
git,18982,62,19
git,18990,24,21
git,18987,39,22
git,18988,51,26
git,18985,37,30
git,18986,53,32
git,19001,64,31
git,18989,99,34
git,19000,48,33
git,18984,147,35
git,18997,158,35
git,18999,63,35
git,18992,42,37
git,18995,47,36
git,18998,56,37
git,18996,76,39
git,18991,65,39
git,18994,190,40
git,18983,123,41
git,18993,263,42
git,18980,22,186
git,19002,0,2
git,19003,0,2
git,19005,0,2
git,19009,14,13
git,19010,13,14
git,19008,19,19
git,19022,13,20
git,19016,17,21
git,19013,74,21
git,19018,23,26
git,19025,46,27
git,19014,38,31
git,19020,24,31
git,19012,47,31
git,19006,58,33
git,19015,47,33
git,19011,49,34
git,19007,188,36
git,19023,28,35
git,19017,45,36
git,19024,64,36
git,19019,102,37
git,19021,77,37
git,19004,12,172
git,19026,0,2
git,19027,0,3
git,19029,0,3
git,19030,4,10
git,19031,23,12
git,19036,33,14
git,19035,12,20
git,19038,12,21
git,19045,16,21
git,19034,33,23
git,19033,29,23
git,19042,22,23
git,19049,39,27
git,19048,58,28
git,19032,72,30
git,19039,19,30
git,19046,35,30
git,19040,77,31
git,19041,9,35
git,19047,44,34
git,19044,39,37
git,19043,21,38
git,19037,47,42
git,19028,7,178
pool-NetworkMan,18977,0,15505
git,19050,0,3
git,19051,0,4
git,19053,0,3
git,19057,19,13
git,19058,26,14
git,19060,11,18
git,19062,35,19
git,19054,34,20
git,19059,17,20
git,19063,84,22
git,19061,52,24
git,19065,35,26
git,19056,41,28
git,19068,80,28
git,19055,28,30
git,19067,54,31
git,19064,115,32
git,19071,64,32
git,19070,34,33
git,19072,32,33
git,19066,32,34
git,19073,64,34
git,19069,53,35
git,19052,14,160
git,19074,0,2
git,19075,0,3
git,19077,0,3
git,19082,6,14
git,19081,17,15
git,19080,31,19
git,19085,18,20
git,19093,15,22
git,19088,29,22
git,19084,24,27
git,19089,103,29
git,19097,50,29
git,19078,57,31
git,19087,23,31
git,19086,58,32
git,19083,43,33
git,19090,38,34
git,19091,27,35
git,19094,30,37
git,19079,43,38
git,19092,67,37
git,19096,76,37
git,19095,85,41
git,19076,5,170
git,19098,0,2
git,19099,0,3
git,19101,0,2
git,19113,14,14
git,19102,23,18
git,19107,41,19
git,19110,9,20
git,19108,34,25
git,19105,29,25
git,19106,19,25
git,19116,21,28
git,19117,38,28
git,19104,33,29
git,19112,48,30
git,19109,50,31
git,19103,172,32
git,19115,28,34
git,19118,48,34
git,19111,50,35
git,19121,50,35
git,19114,52,36
git,19119,80,37
git,19120,163,40
git,19100,121,167
git,19122,0,2
git,19123,2,3
git,19125,0,3
git,19131,23,13
git,19130,7,14
git,19126,25,19
git,19138,16,20
git,19142,34,21
git,19134,70,21
git,19127,23,23
git,19135,75,22
git,19133,58,23
git,19129,18,25
git,19140,37,28
git,19136,24,31
git,19128,56,33
git,19143,43,32
git,19141,41,33
git,19139,54,35
git,19132,11,36
git,19145,36,35
git,19144,84,37
git,19137,28,39
git,19124,274,165
debian-sa1,19148,0,1
sh,19147,0,3
cron,19146,0,7
git,19149,0,3
git,19150,0,2
git,19152,0,2
git,19153,2,9
git,19155,3,12
git,19154,3,15
git,19156,23,19
git,19157,26,20
git,19159,26,14
git,19162,0,16
git,19158,19,17
git,19170,0,15
git,19163,22,22
git,19172,0,16
git,19165,0,21
git,19171,0,21
git,19164,16625040,28
git,19166,0,23
git,19160,30,29
git,19161,39,30
git,19168,0,24
git,19169,0,24
git,19167,0,25
git,19151,73,163
git,19173,0,3
git,19174,0,2
git,19176,0,2
git,19180,0,13
git,19181,0,15
git,19177,0,19
git,19186,0,19
git,19185,0,19
git,19182,0,21
git,19184,0,22
git,19194,0,23
git,19187,0,23
git,19179,0,24
git,19195,0,24
git,19193,0,27
git,19196,0,27
git,19178,0,30
git,19183,0,31
git,19188,0,33
git,19189,0,34
git,19190,0,35
git,19191,0,35
git,19192,0,38
git,19175,0,160
git,19197,0,2
git,19198,0,2
git,19200,0,2
git,19205,0,13
git,19204,0,14
git,19206,0,18
git,19201,0,19
git,19209,0,20
git,19214,0,20
git,19207,0,24
git,19210,0,27
git,19220,0,27
git,19208,0,31
git,19212,0,31
git,19216,0,31
git,19211,0,32
git,19215,0,32
git,19203,0,33
git,19219,0,33
git,19213,0,33
git,19217,0,33
git,19202,0,34
git,19218,0,35
git,19199,0,157
kworker/dying,17364,0,314689
git,19221,0,5
git,19222,0,2
git,19224,0,2
git,19225,0,6
git,19227,0,7
git,19229,0,11
git,19230,0,8
git,19226,0,19
git,19228,0,19
git,19233,0,14
git,19240,0,15
git,19231,0,19
git,19244,0,21
git,19235,0,23
git,19239,0,25
git,19234,0,25
git,19236,0,26
git,19241,0,27
git,19232,0,28
git,19237,0,28
git,19242,0,28
git,19238,0,29
git,19243,0,29
git,19223,0,164
git,19245,0,2
git,19246,0,2
git,19248,0,3
git,19252,0,13
git,19253,0,14
git,19249,0,18
git,19254,0,19
git,19257,0,20
git,19264,0,21
git,19255,0,26
git,19251,0,28
git,19268,0,28
git,19256,0,31
git,19260,0,31
git,19262,0,32
git,19266,0,33
git,19263,0,33
git,19259,0,33
git,19261,0,35
git,19258,0,36
git,19267,0,35
git,19250,0,37
git,19265,0,36
git,19247,0,160
git,19269,0,3
git,19270,0,2
git,19272,0,2
git,19276,0,14
git,19277,0,15
git,19279,0,19
git,19278,0,19
git,19274,0,21
git,19281,0,22
git,19282,0,23
git,19280,0,26
git,19290,0,28
git,19275,0,31
git,19284,0,32
git,19283,0,33
git,19286,0,34
git,19292,0,35
git,19285,0,36
git,19291,0,36
git,19273,0,38
git,19289,0,38
git,19287,0,38
git,19288,0,39
git,19271,0,178
journal-offline,19293,0,0
git,19294,0,3
git,19295,0,3
git,19297,0,2
git,19301,0,14
git,19302,0,15
git,19304,0,19
git,19303,0,22
git,19307,0,26
git,19314,0,27
git,19300,0,30
git,19305,0,31
git,19299,0,32
git,19312,0,32
git,19306,0,33
git,19298,0,34
git,19317,0,33
git,19308,0,34
git,19311,0,34
git,19309,0,35
git,19310,0,35
git,19316,0,35
git,19313,0,36
git,19315,0,36
git,19296,0,152
git,19318,0,3
git,19319,0,3
git,19321,0,2
git,19326,0,17
git,19325,0,18
git,19334,0,22
git,19331,0,27
git,19327,0,28
git,19322,0,31
git,19338,0,30
git,19324,0,32
git,19330,0,32
git,19340,0,33
git,19333,0,34
git,19336,0,35
git,19335,0,35
git,19329,0,36
git,19332,0,37
git,19328,0,37
git,19337,0,37
git,19323,0,38
git,19341,0,39
git,19339,0,40
git,19320,0,179
git,19342,0,3
git,19343,0,2
git,19345,0,2
git,19346,0,18
git,19347,0,36
git,19344,0,160
sleep,18844,0,180005
