Attaching 6 probes...
COMM,PID,RUNQ_MS,TOTAL_MS
which,19502,0,1
sh,19501,0,6
fibonacci,19559,7,8
fibonacci,19560,7,8
fibonacci,19564,8,9
fibonacci,19568,8,9
fibonacci,19572,8,9
fibonacci,19576,9,10
fibonacci,19580,9,10
fibonacci,19585,9,10
fibonacci,19589,9,10
fibonacci,19593,9,10
fibonacci,19597,10,11
fibonacci,19506,28,29
fibonacci,19509,28,29
fibonacci,19512,28,29
fibonacci,19601,10,11
fibonacci,19602,10,11
fibonacci,19603,10,11
fibonacci,19505,123,31
fibonacci,19510,28,29
fibonacci,19513,28,29
fibonacci,19516,27,29
fibonacci,19519,27,28
fibonacci,19508,29,30
fibonacci,19522,27,28
fibonacci,19511,29,30
fibonacci,19525,26,27
fibonacci,19514,31,29
fibonacci,19528,26,27
fibonacci,19517,28,29
fibonacci,19520,27,28
fibonacci,19531,25,26
fibonacci,19523,27,28
fibonacci,19534,24,26
fibonacci,19526,26,27
fibonacci,19537,24,25
fibonacci,19529,30,27
fibonacci,19540,24,25
fibonacci,19543,29,24
fibonacci,19532,25,26
fibonacci,19546,29,23
fibonacci,19549,29,23
fibonacci,19583,15,16
fibonacci,19554,21,22
fibonacci,19557,20,21
fibonacci,19563,19,20
fibonacci,19567,18,19
fibonacci,19571,18,19
fibonacci,19575,27,18
fibonacci,19579,16,17
fibonacci,19584,15,16
fibonacci,19588,25,15
fibonacci,19592,14,15
fibonacci,19595,13,14
fibonacci,19598,24,13
fibonacci,19538,25,26
fibonacci,19541,24,25
fibonacci,19544,31,25
fibonacci,19547,23,24
fibonacci,19550,23,24
fibonacci,19552,22,23
fibonacci,19555,22,23
fibonacci,19558,21,22
fibonacci,19561,21,22
fibonacci,19565,20,21
fibonacci,19570,19,20
fibonacci,19573,18,19
fibonacci,19578,17,114
fibonacci,19582,122,113
fibonacci,19587,122,112
fibonacci,19591,121,112
fibonacci,19596,120,111
fibonacci,19600,109,110
fibonacci,19518,129,127
fibonacci,19521,125,126
fibonacci,19524,125,126
fibonacci,19527,124,125
fibonacci,19530,123,125
fibonacci,19533,123,124
fibonacci,19536,123,124
fibonacci,19539,122,123
fibonacci,19542,122,123
fibonacci,19545,121,122
fibonacci,19548,128,122
fibonacci,19551,120,121
fibonacci,19553,120,121
fibonacci,19556,119,120
fibonacci,19562,118,119
fibonacci,19535,25,174
fibonacci,19569,166,168
fibonacci,19574,166,167
fibonacci,19577,165,166
fibonacci,19581,164,166
fibonacci,19586,164,165
fibonacci,19590,163,164
fibonacci,19594,162,163
fibonacci,19599,172,162
fibonacci,19507,31,184
ps,19504,388,200
sh,19503,0,204
sed,19606,0,1
cat,19607,0,1
cat,19608,0,1
cat,19609,0,1
cat,19610,0,1
cat,19611,0,1
cat,19612,0,1
cat,19613,0,1
fibonacci,19566,119,735
sleep,19614,0,1001
sed,19615,0,2
cat,19616,0,1
cpuUsage.sh,19617,0,0
cat,19618,0,1
cpuUsage.sh,19619,0,0
cat,19620,0,1
cpuUsage.sh,19621,0,0
cat,19622,0,1
cpuUsage.sh,19623,0,0
cat,19624,0,1
cpuUsage.sh,19625,0,0
cat,19626,0,1
cpuUsage.sh,19627,0,0
cat,19628,0,1
cpuUsage.sh,19629,0,0
cpuUsage.sh,19605,2,1038
sh,19604,3,1041
fibonacci,19515,32,1660
bash,19630,0,1
git,19631,0,2
git,19632,0,2
git,19634,0,2
git,19638,12,13
git,19639,26,14
git,19653,13,20
git,19637,29,22
git,19642,22,24
git,19648,48,25
git,19645,30,25
git,19654,26,27
git,19636,43,28
git,19649,35,30
git,19646,16,31
git,19647,58,32
git,19652,109,32
git,19635,53,34
git,19640,45,33
git,19651,42,33
git,19644,30,33
git,19641,145,34
git,19650,39,34
git,19643,90,35
git,19633,1,154
which,19656,0,1
sh,19655,0,3
ps,19658,0,13
sh,19657,0,15
sed,19661,0,1
cat,19662,0,1
sleep,19663,0,1001
sed,19664,0,1
cat,19665,0,1
cpuUsage.sh,19666,1,1
cpuUsage.sh,19660,0,1013
sh,19659,0,1015
git,19667,0,2
git,19668,0,2
git,19670,0,2
git,19671,0,6
git,19672,5,7
git,19673,6,13
git,19675,15,14
git,19674,14,14
git,19677,10,14
git,19688,8,14
git,19680,45,15
git,19676,111,19
git,19678,19,20
git,19685,26,22
git,19687,69,23
git,19683,49,26
git,19679,69,28
git,19689,25,27
git,19690,61,27
git,19686,47,28
git,19684,31,29
git,19681,113,30
git,19682,18,30
git,19669,116,152
git,19691,0,3
git,19692,0,2
git,19694,0,2
git,19698,19,13
git,19699,26,14
git,19705,17,19
git,19702,27,20
git,19697,21,20
git,19713,13,20
git,19700,86,23
git,19701,23,24
git,19704,44,27
git,19709,21,27
git,19706,29,31
git,19710,16,31
git,19703,48,32
git,19695,55,33
git,19707,42,33
git,19696,186,34
git,19712,26,33
git,19711,28,33
git,19714,53,34
git,19708,29,34
git,19693,152,155
git,19715,0,2
git,19716,0,2
git,19718,0,2
git,19722,18,13
git,19723,9,14
git,19725,17,18
git,19724,18,20
git,19727,37,21
git,19719,56,21
git,19731,64,22
git,19726,20,24
git,19730,25,25
git,19728,30,28
git,19735,18,28
git,19721,77,29
git,19732,48,31
git,19733,37,32
git,19729,40,34
git,19738,31,33
git,19720,31,35
git,19737,23,35
git,19736,32,36
git,19734,30,36
git,19717,52,154
git,19739,0,2
git,19740,0,2
git,19742,0,2
git,19746,38,13
git,19747,10,14
git,19758,37,17
git,19748,15,22
git,19751,27,20
git,19745,20,27
git,19743,14,27
git,19754,17,24
git,19762,11,25
git,19755,57,25
git,19744,43,30
git,19749,49,31
git,19752,34,29
git,19756,91,29
git,19757,40,30
git,19750,63,31
git,19761,24,31
git,19753,26,32
git,19759,23,32
git,19760,24,32
git,19741,97,153
git,19763,0,3
git,19764,0,3
git,19766,0,2
git,19769,11,12
git,19767,16,13
git,19770,9,13
git,19771,10,11
git,19768,27,31
git,19781,24,27
git,19782,11,27
git,19774,24,30
git,19775,16,31
git,19772,80,31
git,19786,23,30
git,19785,36,30
git,19773,19,31
git,19783,13,31
git,19780,22,31
git,19784,24,31
git,19778,37,31
git,19776,60,31
git,19779,33,32
git,19777,13,35
git,19765,33,154
git,19787,0,3
git,19788,2,3
git,19790,0,2
git,19795,12,13
git,19794,29,14
git,19800,17,17
git,19793,22,18
git,19798,20,19
git,19801,18,20
git,19803,30,21
git,19797,28,23
git,19804,18,23
git,19791,44,24
git,19792,21,25
git,19799,44,25
git,19802,49,25
git,19805,15,28
git,19806,21,29
git,19796,65,30
git,19807,46,32
git,19808,9,34
git,19809,10,34
git,19810,15,37
git,19789,3,154
git,19811,0,2
git,19812,0,2
git,19814,0,2
git,19819,16,13
git,19818,25,14
git,19820,25,18
git,19815,61,19
git,19823,38,20
git,19833,89,21
git,19822,44,23
git,19821,49,25
git,19826,35,27
git,19827,34,29
git,19831,37,31
git,19825,33,32
git,19817,52,33
git,19824,44,33
git,19816,30,34
git,19828,44,33
git,19829,44,33
git,19832,43,34
git,19830,47,34
git,19834,243,35
git,19813,5,155
git,19835,0,3
git,19836,0,3
git,19838,1,3
git,19842,19,14
git,19843,15,16
git,19841,45,20
git,19839,30,22
git,19856,31,19
git,19840,24,25
git,19849,74,24
git,19845,70,24
git,19855,43,27
git,19846,47,28
git,19851,109,29
git,19847,83,30
git,19857,49,32
git,19854,72,33
git,19858,27,33
git,19844,42,35
git,19850,38,35
git,19853,54,35
git,19852,47,36
git,19848,38,36
git,19837,226,190
which,19860,0,1
sh,19859,0,4
ps,19862,3,15
sh,19861,0,17
sed,19865,0,2
cat,19866,0,1
sleep,19867,0,1001
sed,19868,0,1
cat,19869,0,1
cpuUsage.sh,19870,0,0
cpuUsage.sh,19864,0,1013
sh,19863,0,1015
git,19871,0,2
git,19872,0,3
git,19874,0,2
git,19878,20,13
git,19879,18,12
git,19893,27,18
git,19877,22,23
git,19876,22,24
git,19880,19,22
git,19889,41,26
git,19875,31,30
git,19892,38,27
git,19883,47,30
git,19887,84,30
git,19890,66,30
git,19886,34,31
git,19891,95,31
git,19884,28,32
git,19882,42,32
git,19894,28,32
git,19881,54,33
git,19888,47,33
git,19885,117,35
git,19873,57,155
which,19896,0,1
sh,19895,0,3
ps,19898,0,13
sh,19897,0,15
sed,19901,0,1
cat,19902,0,1
sleep,19903,0,1002
sed,19904,0,5
cat,19905,0,1
cpuUsage.sh,19906,0,0
cpuUsage.sh,19900,0,1018
sh,19899,0,1019
git,19907,1,3
git,19908,0,2
git,19910,0,3
git,19914,20,13
git,19915,14,14
git,19918,16,25
git,19922,50,26
git,19917,48,27
git,19913,73,31
git,19929,24,32
git,19920,52,32
git,19928,98,33
git,19911,48,34
git,19912,30,35
git,19924,30,37
git,19926,67,37
git,19930,59,37
git,19927,202,38
git,19925,64,38
git,19916,49,39
git,19923,31,39
git,19919,66,40
git,19921,29,40
git,19909,112,166
git,19931,0,2
git,19932,0,2
git,19934,0,2
git,19938,20,13
git,19939,16,15
git,19941,17,18
git,19940,15,22
git,19952,19,26
git,19937,30,28
git,19945,35,29
git,19942,29,30
git,19944,68,30
git,19953,54,32
git,19935,29,34
git,19947,44,34
git,19951,39,34
git,19950,61,34
git,19946,41,35
git,19948,38,35
git,19943,52,36
git,19936,32,38
git,19954,89,37
git,19949,39,38
git,19933,52,161
git,19955,0,3
git,19956,0,2
git,19958,0,2
git,19962,15,22
git,19973,22,22
git,19961,46,26
git,19975,16,23
git,19963,24,28
git,19959,39,31
git,19969,39,30
git,19964,50,31
git,19970,56,31
git,19978,26,28
git,19965,114,32
git,19972,38,32
git,19960,74,33
git,19977,47,29
git,19967,47,34
git,19966,33,34
git,19971,62,34
git,19968,39,35
git,19976,92,31
git,19974,98,34
git,19957,35,152
git,19979,0,3
git,19980,0,3
git,19982,0,3
git,19987,30,24
git,19984,31,25
git,19989,36,25
git,19992,49,25
git,19983,38,28
git,19990,24,29
git,20000,67,23
git,19986,40,32
git,19985,40,33
git,19995,98,28
git,19988,56,37
git,19999,114,30
git,19996,35,31
git,19998,41,32
git,19993,60,33
git,20001,38,34
git,19991,62,40
git,20002,36,34
git,19994,95,35
git,19997,53,35
git,19981,30,179
git,20003,0,2
git,20004,0,3
git,20006,0,3
git,20010,12,14
git,20011,14,15
git,20007,14,19
git,20013,12,19
git,20012,26,20
git,20015,12,22
git,20014,19,24
git,20018,32,27
git,20016,46,28
git,20009,40,30
git,20017,72,33
git,20022,56,34
git,20019,60,35
git,20021,28,35
git,20008,106,37
git,20024,45,37
git,20020,101,38
git,20026,38,38
git,20025,64,39
git,20023,42,40
git,20005,2,174
git,20027,0,2
git,20028,0,3
git,20030,0,2
git,20036,26,13
git,20034,8,14
git,20031,26,18
git,20037,12,19
git,20040,21,19
git,20045,14,20
git,20038,16,23
git,20043,20,26
git,20049,24,27
git,20035,24,30
git,20047,40,30
git,20033,50,31
git,20039,39,31
git,20046,39,31
git,20041,69,32
git,20050,40,32
git,20048,28,32
git,20032,34,34
git,20044,34,34
git,20042,65,34
which,20052,0,1
sh,20051,0,3
ps,20054,2,12
sh,20053,0,14
sed,20057,0,1
cat,20058,0,1
git,20029,43,153
sleep,20059,0,1001
sed,20060,0,2
cat,20061,0,1
cpuUsage.sh,20062,0,0
cpuUsage.sh,20056,0,1012
sh,20055,0,1013
which,20064,0,1
sh,20063,0,3
ps,20066,5,12
sh,20065,0,14
sed,20069,0,1
cat,20070,0,1
bash,20072,0,1
grep,20073,0,2
cut,20074,0,2
sort,20075,0,2
bash,20076,0,1
git,20077,0,2
git,20078,0,2
git,20080,0,2
git,20085,7,13
git,20084,16,14
git,20083,33,18
git,20088,17,19
git,20091,26,20
git,20097,13,20
git,20086,44,24
git,20089,20,25
git,20087,79,28
git,20090,22,28
git,20081,76,32
git,20093,98,31
git,20095,71,31
git,20094,42,33
git,20099,58,34
git,20096,100,35
git,20100,139,35
git,20082,33,36
git,20092,66,36
git,20098,86,36
git,20079,77,154
sleep,20071,0,1001
sed,20101,0,2
cat,20102,0,1
cpuUsage.sh,20103,0,0
cpuUsage.sh,20068,0,1012
sh,20067,0,1014
which,20105,0,3
sh,20104,0,6
ps,20107,12,14
sh,20106,0,16
sed,20110,0,1
cat,20111,0,1
sleep,20112,0,1002
sed,20113,0,5
cat,20114,0,1
cpuUsage.sh,20115,0,0
cpuUsage.sh,20109,0,1017
sh,20108,0,1019
which,20117,1,5
sh,20116,1,12
ps,20119,19,15
sh,20118,0,19
sed,20122,0,1
cat,20123,0,1
git,20125,0,2
git,20126,0,2
sleep,20124,0,1001
sed,20128,0,1
cat,20130,0,1
git,20129,0,2
cpuUsage.sh,20131,0,0
cpuUsage.sh,20121,1,1011
sh,20120,0,1014
git,20134,6,10
git,20135,13,20
git,20132,15,21
git,20133,15,21
git,20148,14,18
git,20144,31,19
git,20136,30,23
git,20139,10,20
git,20138,9,20
git,20150,17,26
git,20137,29,28
git,20141,54,30
git,20143,80,30
git,20149,26,29
git,20146,63,30
git,20145,34,30
git,20147,94,30
git,20142,17,31
git,20140,52,31
git,20151,69,30
git,20127,6,154
git,20152,0,2
git,20153,0,2
git,20155,0,2
git,20160,4,11
git,20161,7,10
git,20164,10,15
git,20156,58,21
git,20157,29,26
git,20158,30,26
git,20174,91,22
git,20165,30,23
git,20162,51,24
git,20166,124,26
git,20170,117,28
git,20159,69,34
git,20172,86,30
git,20163,42,31
git,20168,34,31
git,20167,41,32
git,20171,37,32
git,20175,65,32
git,20169,28,34
git,20173,53,35
git,20154,20,175
which,20177,0,1
sh,20176,0,3
ps,20179,0,13
sh,20178,0,14
sed,20182,0,1
cat,20183,0,1
sleep,20184,0,1001
sed,20185,0,3
cat,20186,0,1
cpuUsage.sh,20187,0,0
cpuUsage.sh,20181,0,1013
sh,20180,0,1015
git,20188,0,3
git,20189,0,4
git,20191,0,2
git,20192,0,7
git,20194,0,7
git,20193,7,7
git,20196,9,14
git,20195,54,15
git,20208,8,15
git,20198,17,20
git,20209,73,21
git,20201,23,22
git,20210,99,22
git,20206,32,25
git,20207,29,25
git,20199,59,27
git,20200,47,28
git,20205,31,27
git,20197,42,29
git,20202,48,29
git,20203,35,29
git,20211,50,29
git,20204,36,30
git,20190,182,151
bash,20212,0,1
grep,20213,0,2
awk,20214,0,2
bash,20215,0,1
which,20217,0,1
sh,20216,0,6
ps,20219,47,13
sh,20218,0,15
sed,20222,0,1
cat,20223,0,1
sleep,20224,0,1001
sed,20225,0,5
cat,20226,0,3
cpuUsage.sh,20227,0,0
cpuUsage.sh,20221,0,1019
sh,20220,0,1020
git,20229,0,3
git,20230,0,3
git,20232,0,3
git,20245,29,13
git,20236,8,15
git,20240,35,21
git,20251,14,22
git,20237,40,24
git,20235,31,24
git,20244,35,27
git,20246,94,28
git,20247,61,31
git,20243,44,31
git,20249,26,32
git,20233,62,35
git,20248,66,35
git,20239,47,36
git,20242,40,36
git,20250,71,36
git,20241,37,38
git,20234,52,39
git,20238,45,39
git,20252,194,39
git,20231,57,170
bash,20253,0,1
grep,20254,1,2
awk,20255,0,2
bash,20256,0,1
which,20258,0,1
sh,20257,0,7
ps,20260,6,17
sh,20259,0,18
sed,20263,0,1
cat,20264,0,1
sleep,20265,0,1001
sed,20266,0,1
cat,20267,0,1
cpuUsage.sh,20268,0,0
cpuUsage.sh,20262,0,1012
sh,20261,0,1013
git,20269,0,2
git,20270,0,2
git,20272,0,3
git,20276,10,14
git,20277,27,15
git,20292,14,22
git,20290,19,26
git,20289,56,31
git,20273,82,34
git,20275,52,34
git,20274,101,35
git,20287,46,34
git,20283,67,35
git,20280,74,35
git,20282,59,36
git,20281,50,37
git,20278,99,38
git,20291,64,37
git,20285,40,38
git,20288,50,38
git,20279,96,39
git,20284,131,40
git,20286,87,41
git,20271,4,176
which,20294,0,2
sh,20293,0,9
ps,20296,0,15
sh,20295,0,20
sed,20299,0,1
cat,20300,0,1
sleep,20301,0,1002
sed,20302,0,5
cat,20303,0,1
cpuUsage.sh,20304,0,0
cpuUsage.sh,20298,0,1016
sh,20297,0,1018
git,20305,0,5
git,20306,2,2
git,20308,0,2
git,20311,11,12
git,20312,7,14
git,20313,11,12
git,20316,27,17
git,20320,15,16
git,20324,30,17
git,20309,20,21
git,20310,45,23
git,20321,18,21
git,20319,3,25
git,20322,29,25
git,20315,45,27
git,20328,74,29
git,20314,23,30
git,20325,37,30
git,20326,65,31
git,20327,40,31
git,20318,49,32
git,20317,18,32
git,20323,33,33
git,20307,11,159
pool-NetworkMan,20228,0,15503
git,20329,0,4
git,20330,7,6
git,20332,0,3
git,20336,30,25
git,20348,43,26
git,20351,23,25
git,20333,48,29
git,20334,47,29
git,20337,44,30
git,20339,41,33
git,20341,30,33
git,20335,50,34
git,20343,55,34
git,20342,49,35
git,20340,33,35
git,20352,48,32
git,20347,68,36
git,20346,98,36
git,20344,26,37
git,20349,36,34
git,20350,46,35
git,20345,37,39
git,20338,75,40
git,20331,8,163
git,20353,0,3
git,20354,0,3
git,20356,0,3
git,20361,46,19
git,20360,28,19
git,20359,29,25
git,20374,18,25
git,20367,29,26
git,20364,66,28
git,20376,54,29
git,20362,24,31
git,20368,36,33
git,20369,71,34
git,20363,87,35
git,20370,86,34
git,20358,40,38
git,20371,30,37
git,20357,56,39
git,20366,66,39
git,20372,82,39
git,20365,41,40
git,20375,70,41
git,20373,299,42
git,20355,1,162
git,20377,3,5
git,20378,0,2
git,20380,0,2
git,20385,14,14
git,20384,25,14
git,20390,19,18
git,20381,25,19
git,20386,17,19
git,20389,38,20
git,20392,31,22
git,20399,30,24
git,20382,23,27
git,20391,59,28
git,20387,27,29
git,20394,45,29
git,20383,143,31
git,20388,28,32
git,20398,26,32
git,20397,26,33
git,20396,37,33
git,20393,111,35
git,20400,117,35
git,20395,26,36
git,20379,172,155
git,20401,3,3
git,20402,0,3
git,20404,0,3
git,20405,12,19
git,20411,18,20
git,20413,29,22
git,20408,49,27
git,20406,64,29
git,20409,61,30
git,20407,30,32
git,20422,58,33
git,20417,31,34
git,20412,35,35
git,20415,99,35
git,20420,50,36
git,20414,80,37
git,20416,57,37
git,20410,129,38
git,20419,55,39
git,20424,71,39
git,20421,40,39
git,20418,38,39
git,20423,188,40
git,20403,13,173
sadc,20425,5,19
(sd-close),20426,0,0
git,20429,0,3
git,20430,0,3
git,20432,0,3
git,20436,12,14
git,20448,27,23
git,20444,21,24
git,20437,28,24
git,20438,20,25
git,20433,28,26
git,20447,21,26
git,20440,39,29
git,20441,24,29
git,20434,44,32
git,20449,39,31
git,20451,61,32
git,20450,81,34
git,20435,130,35
git,20439,55,36
git,20443,40,36
git,20442,31,37
git,20452,64,37
git,20446,19,38
git,20445,52,38
git,20431,16,168
git,20453,2,4
git,20454,0,3
git,20456,0,3
git,20461,24,15
git,20459,26,16
git,20460,26,16
git,20464,18,21
git,20467,21,23
git,20475,112,23
git,20466,77,27
git,20462,21,28
git,20469,43,32
git,20457,47,33
git,20470,42,32
git,20471,70,34
git,20463,80,35
git,20468,36,36
git,20473,111,37
git,20476,68,36
git,20474,49,37
git,20465,67,38
git,20458,34,38
git,20472,111,39
git,20455,301,179
git,20477,0,2
git,20478,0,2
git,20480,0,2
git,20484,18,13
git,20485,18,12
git,20481,14,15
git,20499,11,18
git,20483,22,21
git,20495,26,23
git,20486,28,25
git,20491,24,26
git,20500,20,27
git,20488,72,28
git,20482,28,31
git,20497,22,28
git,20492,35,29
git,20494,60,29
git,20498,62,30
git,20493,80,30
git,20487,59,31
git,20496,28,31
git,20490,25,32
git,20489,46,34
git,20479,30,167
git,20501,0,16
git,20502,1,14
git,20503,0,3
git,20504,0,2
git,20505,0,2
git,20507,0,3
git,20509,0,7
git,20508,9,12
git,20513,23,13
git,20512,15,15
git,20510,11,16
git,20511,22,20
git,20518,8,15
git,20523,34,16
git,20516,13,20
git,20522,32,20
git,20515,25,24
git,20525,31,24
git,20521,97,26
git,20514,47,28
git,20517,64,29
git,20524,36,29
git,20526,29,29
git,20520,147,31
git,20527,75,32
git,20519,182,33
git,20506,34,167
journal-offline,20528,0,0
journal-offline,20529,0,6
gdbus,20534,1,10017
nm-dispatcher,20530,0,10029
pool-nm-dispatc,20533,0,10018
gmain,20531,0,10019
pool-spawner,20532,0,10021
(sd-close),20535,0,0
git,20537,0,3
git,20538,0,2
git,20540,0,3
git,20544,24,14
git,20547,15,21
git,20543,58,21
git,20542,33,25
git,20548,28,26
git,20551,29,28
git,20556,37,28
git,20560,24,29
git,20541,57,31
git,20545,83,32
git,20546,59,34
git,20555,38,34
git,20549,66,36
git,20553,37,36
git,20558,35,37
git,20557,47,37
git,20550,42,38
git,20554,55,39
git,20552,84,39
git,20559,41,41
git,20539,10,181
which,20562,0,1
sh,20561,0,7
ps,20564,16,17
sh,20563,0,22
sed,20567,0,1
cat,20568,0,1
sleep,20569,0,1001
sed,20570,0,2
cat,20571,0,1
cpuUsage.sh,20572,0,0
cpuUsage.sh,20566,0,1013
sh,20565,0,1015
git,20573,0,3
git,20574,0,3
git,20576,0,2
git,20580,19,14
git,20581,36,15
git,20577,21,19
git,20583,33,20
git,20582,18,21
git,20586,29,21
git,20585,26,25
git,20588,54,25
git,20584,45,29
git,20589,28,30
git,20579,159,32
git,20594,48,33
git,20592,29,35
git,20590,74,36
git,20591,75,36
git,20587,56,37
git,20578,34,40
git,20593,62,40
git,20596,25,41
git,20595,43,42
git,20575,37,176
git,20597,0,4
git,20598,0,3
git,20600,0,2
git,20604,8,16
git,20605,40,17
git,20601,16,19
git,20609,24,19
git,20606,35,20
git,20602,89,23
git,20617,61,24
git,20603,68,26
git,20611,45,26
git,20618,19,26
git,20608,66,27
git,20619,73,30
git,20610,31,31
git,20612,52,31
git,20616,28,34
git,20614,44,35
git,20613,42,35
git,20620,89,35
git,20615,82,36
git,20607,66,36
git,20599,30,166
bash,20621,0,0
bash,20622,0,0
git,20623,2,2
git,20624,0,2
git,20626,0,2
git,20630,17,14
git,20631,14,15
git,20627,44,18
git,20634,12,18
git,20636,16,19
git,20632,36,20
git,20637,23,22
git,20638,64,24
git,20642,33,25
git,20639,26,27
git,20641,51,28
git,20635,101,29
git,20633,72,30
git,20628,81,31
git,20640,141,30
git,20643,25,32
git,20644,26,33
git,20629,62,35
git,20646,20,34
git,20645,50,35
git,20625,36,160
which,20648,0,3
sh,20647,0,8
ps,20650,2,13
sh,20649,0,16
sed,20653,0,1
cat,20654,0,1
bash,20656,0,0
bash,20657,0,1
sleep,20655,0,1002
sed,20658,2,7
cat,20659,0,1
cpuUsage.sh,20660,0,0
cpuUsage.sh,20652,0,1020
sh,20651,0,1022
which,20662,0,4
sh,20661,3,11
ps,20664,3,15
sh,20663,0,17
sed,20667,0,1
cat,20668,0,1
sleep,20669,0,1002
sed,20670,0,1
cat,20671,0,1
cpuUsage.sh,20672,0,0
cpuUsage.sh,20666,0,1014
sh,20665,0,1017
which,20674,0,1
sh,20673,0,3
ps,20676,20,13
sh,20675,0,14
sed,20679,0,1
cat,20680,0,1
bash,20682,0,1
grep,20683,1,3
cut,20684,0,2
sort,20685,0,2
awk,20686,0,2
bash,20687,0,1
sleep,20681,0,1002
sed,20688,0,1
cat,20689,0,1
cpuUsage.sh,20690,0,0
cpuUsage.sh,20678,0,1013
sh,20677,0,1015
which,20692,0,1
sh,20691,0,7
ps,20694,0,16
sh,20693,0,18
sed,20697,0,2
cat,20698,0,1
git,20700,0,2
git,20701,0,2
git,20703,0,2
git,20706,20,16
git,20710,21,16
git,20704,52,18
git,20709,19,19
git,20713,7,19
git,20712,16,20
git,20707,57,26
git,20723,19,26
git,20717,40,30
git,20714,69,30
git,20708,31,32
git,20705,33,33
git,20715,26,33
git,20711,102,34
git,20722,174,34
git,20719,136,34
git,20718,102,34
git,20721,46,35
git,20720,37,35
git,20716,32,39
git,20702,40,157
sleep,20699,0,1001
sed,20724,0,2
cat,20725,0,1
cpuUsage.sh,20726,0,0
cpuUsage.sh,20696,0,1012
sh,20695,0,1014
which,20728,0,1
sh,20727,0,3
ps,20730,0,15
sh,20729,0,17
sed,20733,0,2
cat,20734,0,1
sleep,20735,0,1001
sed,20736,0,1
cat,20737,0,1
cpuUsage.sh,20738,0,0
cpuUsage.sh,20732,0,1013
sh,20731,0,1015
git,20739,0,3
git,20740,0,2
git,20742,1,3
git,20746,20,13
git,20747,26,14
git,20744,14,18
git,20743,35,24
git,20761,37,24
git,20758,18,25
git,20748,53,26
git,20752,41,26
git,20749,53,29
git,20745,43,30
git,20751,119,31
git,20760,28,32
git,20754,68,32
git,20759,78,33
git,20756,53,34
git,20757,99,34
git,20753,87,34
git,20750,45,35
git,20755,42,35
git,20762,105,35
git,20741,28,162
git,20763,0,2
git,20764,0,3
git,20766,0,3
git,20771,22,14
git,20770,17,15
git,20768,35,20
git,20774,12,19
git,20776,17,19
git,20767,53,22
git,20775,28,21
git,20773,24,22
git,20772,41,23
git,20777,19,24
git,20769,52,27
git,20778,105,28
git,20779,19,29
git,20780,106,32
git,20783,21,33
git,20782,19,34
git,20781,27,37
git,20784,17,40
git,20785,16,41
git,20786,24,42
git,20765,97,181
git,20787,0,3
git,20788,0,2
git,20790,0,2
git,20795,26,14
git,20791,24,16
git,20796,15,16
git,20794,21,21
git,20804,16,23
git,20797,35,24
git,20802,50,25
git,20799,12,27
git,20809,66,28
git,20808,33,29
git,20798,50,31
git,20793,72,32
git,20805,58,33
git,20801,47,33
git,20806,47,33
git,20810,51,34
git,20800,45,35
git,20803,101,35
git,20792,60,36
git,20807,33,36
git,20789,34,154
sleep,20428,0,180004
git,20812,0,2
git,20813,0,4
git,20815,0,3
git,20820,17,12
git,20821,8,15
git,20816,45,19
git,20819,33,20
git,20824,39,21
git,20822,76,21
git,20818,49,27
git,20835,19,27
git,20817,39,31
git,20831,31,31
git,20833,110,31
git,20823,28,32
git,20825,26,33
git,20829,38,34
git,20830,57,34
git,20827,31,36
git,20832,135,36
git,20828,47,37
git,20826,80,38
git,20834,85,38
git,20814,9,171
which,20837,0,3
sh,20836,0,9
ps,20839,12,14
sh,20838,0,16
sed,20842,0,1
cat,20843,0,1
sleep,20844,0,1001
sed,20845,0,2
cat,20846,0,1
cpuUsage.sh,20847,0,0
cpuUsage.sh,20841,0,1013
sh,20840,0,1014
which,20849,0,1
sh,20848,0,3
ps,20851,0,14
sh,20850,0,16
sed,20854,0,1
cat,20855,0,1
git,20857,0,3
git,20858,0,2
git,20860,0,2
git,20863,13,9
git,20864,14,16
git,20873,7,12
git,20861,18,19
git,20870,16,17
git,20862,18,25
git,20865,24,21
git,20872,68,22
git,20871,23,23
git,20868,31,25
git,20866,32,27
git,20869,55,29
git,20879,44,29
git,20867,63,32
git,20875,63,32
git,20876,42,32
git,20877,33,33
git,20878,32,33
git,20880,92,34
git,20874,60,37
git,20859,97,160
sleep,20856,0,1002
sed,20881,0,6
cat,20882,0,2
cpuUsage.sh,20883,0,0
cpuUsage.sh,20853,0,1021
sh,20852,0,1023
git,20884,0,3
git,20885,0,3
git,20887,0,2
git,20891,6,17
git,20893,27,17
git,20888,21,20
git,20894,32,22
git,20897,24,24
git,20890,24,25
git,20892,40,26
git,20904,39,25
git,20896,22,27
git,20899,26,28
git,20895,28,30
git,20898,25,32
git,20907,105,33
git,20901,68,34
git,20900,61,35
git,20903,65,36
git,20902,112,37
git,20889,34,38
git,20905,77,39
git,20906,61,39
git,20886,77,162
which,20909,0,1
sh,20908,0,7
ps,20911,10,13
sh,20910,0,15
sed,20914,0,1
cat,20915,0,1
sleep,20916,0,1001
sed,20917,0,2
cat,20918,0,1
cpuUsage.sh,20919,0,0
cpuUsage.sh,20913,0,1012
sh,20912,0,1014
bash,20920,0,1
grep,20921,0,3
cut,20922,0,3
sort,20923,0,2
awk,20924,2,2
bash,20925,0,1
which,20927,0,1
sh,20926,2,9
ps,20929,15,16
sh,20928,0,19
sed,20932,0,1
cat,20933,0,1
git,20935,0,2
git,20936,0,2
git,20938,0,3
git,20942,18,13
git,20943,28,14
git,20939,13,19
git,20953,33,20
git,20944,61,24
git,20941,28,25
git,20948,71,25
git,20956,21,27
git,20945,23,31
git,20950,63,31
git,20946,79,33
git,20949,36,34
git,20958,45,33
git,20955,42,35
git,20954,82,36
git,20947,162,37
git,20951,54,38
git,20940,74,39
git,20952,39,39
git,20957,55,39
git,20937,29,165
sleep,20934,0,1001
sed,20959,0,1
cat,20960,1,1
cpuUsage.sh,20961,0,0
cpuUsage.sh,20931,0,1011
sh,20930,0,1013
which,20963,0,1
sh,20962,0,6
ps,20965,4,17
sh,20964,0,20
sed,20968,0,1
cat,20969,0,1
sleep,20970,0,1002
sed,20971,0,6
cat,20972,0,2
cpuUsage.sh,20973,0,0
cpuUsage.sh,20967,0,1019
sh,20966,0,1020
git,20974,0,2
git,20975,0,3
git,20977,0,2
git,20981,20,14
git,20982,28,17
git,20984,17,21
git,20987,18,24
git,20980,20,25
git,20985,24,27
git,20978,47,28
git,20988,20,28
git,20994,35,28
git,20993,34,29
git,20990,60,31
git,20983,50,32
git,20986,44,32
git,20996,25,32
git,20979,63,34
git,20995,51,33
git,20997,44,35
git,20989,56,37
git,20991,32,38
git,20992,50,39
git,20976,75,173
which,20999,0,1
sh,20998,0,3
ps,21001,11,13
sh,21000,0,15
sed,21004,0,1
cat,21005,0,1
sleep,21006,0,1002
sed,21007,0,6
cat,21008,0,1
cpuUsage.sh,21009,0,0
cpuUsage.sh,21003,0,1018
sh,21002,0,1020
git,21010,0,3
git,21011,0,4
git,21013,0,4
git,21024,24,22
git,21021,44,23
git,21016,73,24
git,21026,113,29
git,21029,38,31
git,21020,24,32
git,21014,29,34
git,21028,58,34
git,21015,41,35
git,21019,47,36
git,21023,39,36
git,21031,28,33
git,21022,52,38
git,21032,41,35
git,21030,148,35
git,21017,247,40
git,21018,197,40
git,21027,47,40
git,21033,36,37
bash,21034,0,1
git,21025,61,41
grep,21035,0,3
cut,21036,2,3
sort,21037,0,2
awk,21038,0,2
bash,21039,0,1
git,21012,146,180
which,21041,0,1
sh,21040,0,3
ps,21043,0,13
sh,21042,0,15
sed,21046,0,1
cat,21047,0,1
sleep,21048,0,1002
sed,21049,2,5
cat,21050,0,1
cpuUsage.sh,21051,0,0
cpuUsage.sh,21045,0,1016
sh,21044,0,1018
git,21052,0,3
git,21053,0,2
git,21055,0,3
git,21058,45,23
git,21063,32,27
git,21056,26,28
git,21066,33,28
git,21061,37,31
git,21072,51,28
git,21059,47,32
git,21060,51,34
git,21057,121,35
git,21071,80,31
git,21064,64,36
git,21068,46,36
git,21075,40,33
git,21062,91,37
git,21065,59,37
git,21067,46,38
git,21073,94,35
git,21069,71,36
git,21070,37,36
git,21074,46,36
git,21054,48,180
which,21077,0,1
sh,21076,0,3
ps,21079,0,14
sh,21078,1,15
sed,21082,0,1
cat,21083,0,1
sleep,21084,0,1001
sed,21085,1,6
cat,21086,0,3
cpuUsage.sh,21087,0,1
cpuUsage.sh,21081,2,1023
sh,21080,0,1025
git,21088,0,3
git,21089,0,3
git,21091,2,3
git,21094,0,7
git,21093,2,7
git,21095,13,13
git,21096,20,14
git,21092,27,16
git,21100,40,13
git,21099,10,13
git,21101,9,16
git,21104,22,16
git,21098,17,18
git,21097,21,19
git,21102,31,20
git,21103,63,22
git,21105,47,24
git,21111,31,24
git,21106,17,29
git,21109,29,30
git,21107,12,31
git,21110,19,30
git,21108,21,31
git,21090,55,158
git,21112,0,3
git,21113,0,3
git,21115,0,3
git,21116,14,13
git,21118,14,16
git,21119,23,20
git,21120,14,18
git,21117,30,23
git,21129,53,19
git,21121,39,24
git,21127,69,25
git,21134,63,24
git,21130,29,29
git,21133,84,30
git,21124,18,32
git,21123,78,33
git,21125,31,36
git,21135,42,35
git,21128,87,37
git,21131,80,37
git,21132,46,39
git,21122,66,39
git,21126,86,40
git,21114,5,165
git,21136,0,6
git,21137,1,5
git,21139,0,3
git,21143,12,13
git,21144,26,14
git,21141,29,18
git,21142,31,18
git,21146,33,19
git,21147,18,19
git,21150,43,21
git,21156,110,21
git,21148,40,26
git,21145,19,27
git,21149,66,29
git,21153,41,31
git,21159,97,30
git,21154,70,33
git,21155,32,35
git,21157,30,35
git,21140,29,36
git,21158,60,38
git,21151,259,39
git,21152,37,40
git,21138,67,163
git,21160,0,3
git,21161,0,3
git,21163,2,3
git,21167,20,14
git,21168,27,15
git,21170,23,19
git,21171,16,23
git,21180,31,26
git,21164,39,29
git,21165,48,30
git,21177,61,33
git,21169,79,33
git,21166,43,34
git,21181,24,34
git,21174,36,35
git,21176,28,35
git,21172,54,36
git,21179,52,36
git,21175,51,36
git,21183,30,36
git,21173,45,37
git,21178,61,37
git,21182,59,38
git,21162,86,164
git,21184,0,2
git,21185,0,2
git,21187,0,2
git,21188,27,19
git,21193,22,20
git,21196,31,22
git,21206,32,25
git,21194,48,28
git,21190,33,28
git,21198,51,29
git,21195,47,29
git,21207,24,29
git,21204,31,30
git,21197,32,31
git,21191,26,35
git,21200,48,35
git,21201,57,35
git,21192,49,36
git,21202,94,36
git,21205,26,36
git,21199,40,36
git,21189,51,37
git,21203,161,37
git,21186,3,156
git,21208,0,13
git,21209,0,15
git,21210,0,3
git,21211,0,3
git,21212,0,3
git,21214,0,2
git,21218,10,13
git,21219,26,14
git,21217,16,17
git,21220,11,18
git,21222,39,18
git,21225,8,21
git,21234,41,24
git,21221,44,25
git,21232,37,28
git,21224,25,29
git,21228,27,31
git,21216,52,33
git,21226,57,33
git,21223,37,34
git,21227,43,34
git,21215,106,35
git,21231,39,35
git,21230,173,35
git,21233,48,35
git,21229,111,36
git,21213,24,157
git,21235,0,4
git,21236,0,4
git,21238,3,4
git,21239,32,20
git,21242,34,22
git,21243,41,24
git,21247,30,25
git,21244,29,25
git,21257,31,23
git,21245,46,31
git,21258,56,25
git,21250,17,36
git,21253,28,36
git,21241,61,38
git,21249,34,38
git,21252,62,38
git,21246,103,39
git,21255,162,39
git,21256,64,39
git,21248,78,41
git,21240,109,42
git,21251,60,42
git,21254,79,43
git,21237,129,181
git,21259,3,4
git,21260,0,2
git,21262,0,2
git,21264,9,16
git,21267,18,18
git,21271,19,16
git,21266,10,21
git,21281,38,19
git,21263,42,22
git,21274,31,21
git,21265,35,24
git,21270,51,24
git,21268,57,26
git,21280,50,27
git,21273,144,28
git,21282,21,29
git,21275,81,32
git,21276,102,33
git,21278,27,34
git,21279,79,35
git,21272,64,35
git,21269,64,36
git,21277,150,36
git,21261,38,159
bash,21283,0,1
grep,21284,0,3
cut,21285,0,3
sort,21286,0,2
awk,21287,1,2
bash,21288,0,1
which,21290,0,1
sh,21289,0,7
ps,21292,16,13
sh,21291,0,16
sed,21295,0,1
cat,21296,0,1
sleep,21297,0,1001
sed,21299,0,1
cat,21300,0,1
cpuUsage.sh,21301,0,0
cpuUsage.sh,21294,0,1011
sh,21293,0,1013
which,21303,0,4
sh,21302,0,10
ps,21305,9,15
sh,21304,0,19
sed,21308,0,1
cat,21309,0,1
sleep,21310,0,1001
sed,21311,0,2
cat,21312,0,1
cpuUsage.sh,21313,0,0
cpuUsage.sh,21307,0,1012
sh,21306,0,1014
git,21314,0,2
git,21315,0,4
git,21317,0,2
git,21321,20,13
git,21322,7,14
git,21328,25,20
git,21325,51,20
git,21336,13,20
git,21327,32,23
git,21320,37,24
git,21323,23,24
git,21326,82,27
git,21332,46,28
git,21318,46,30
git,21319,27,32
git,21329,47,31
git,21331,34,32
git,21334,25,32
git,21337,87,32
git,21324,117,33
git,21333,18,33
git,21335,71,34
git,21330,43,35
git,21316,100,157
git,21338,2,3
git,21339,0,2
git,21341,0,2
git,21345,7,14
git,21346,19,13
git,21342,31,22
git,21358,12,20
git,21344,49,25
git,21343,25,27
git,21348,72,25
git,21354,34,30
git,21359,58,29
git,21352,65,30
git,21349,69,31
git,21347,43,33
git,21357,31,33
git,21356,32,35
git,21361,39,35
git,21353,39,35
git,21350,129,37
git,21355,84,38
git,21351,99,38
git,21360,45,38
git,21340,136,162
git,21362,0,3
git,21363,0,2
git,21365,0,3
git,21371,16,14
git,21369,15,15
git,21366,35,19
git,21376,18,19
git,21373,24,21
git,21382,106,21
git,21372,21,25
git,21378,55,26
git,21385,59,28
git,21370,35,31
git,21379,25,31
git,21374,38,32
git,21377,20,32
git,21384,65,33
git,21368,64,34
git,21375,35,35
git,21367,31,35
git,21381,44,35
git,21380,74,35
git,21383,52,35
git,21364,13,157
pool-NetworkMan,21298,0,15504
bash,21386,0,1
grep,21387,0,3
cut,21388,0,3
sort,21389,0,3
awk,21390,0,2
bash,21391,0,1
git,21392,0,3
git,21393,0,2
git,21395,0,2
git,21400,20,13
git,21399,27,14
git,21398,25,18
git,21403,28,19
git,21406,13,20
git,21413,14,20
git,21401,109,25
git,21407,74,25
git,21405,22,28
git,21411,33,28
git,21396,90,31
git,21412,76,31
git,21415,100,32
git,21397,49,33
git,21410,41,34
git,21402,32,34
git,21404,139,35
git,21414,45,35
git,21409,30,36
git,21408,33,37
git,21394,242,155
which,21417,0,1
sh,21416,0,8
ps,21419,2,14
sh,21418,0,15
sed,21422,0,1
cat,21423,0,1
sleep,21424,0,1001
sed,21425,0,1
cat,21426,0,1
cpuUsage.sh,21427,0,0
cpuUsage.sh,21421,0,1012
sh,21420,0,1014
which,21429,0,2
sh,21428,0,7
ps,21431,2,14
sh,21430,0,17
sed,21434,0,1
cat,21435,0,1
sleep,21436,0,1001
sed,21437,0,3
cat,21438,0,2
cpuUsage.sh,21439,0,0
cpuUsage.sh,21433,0,1016
sh,21432,0,1018
git,21440,0,3
git,21441,0,2
git,21443,0,2
git,21447,14,13
git,21449,11,13
git,21448,26,14
git,21457,13,16
git,21460,14,17
git,21451,27,18
git,21446,18,19
git,21454,36,20
git,21453,23,21
git,21444,24,23
git,21450,38,24
git,21452,16,25
git,21455,34,26
git,21445,27,30
git,21456,20,32
git,21458,41,33
git,21461,18,34
git,21462,44,34
git,21459,34,34
git,21463,16,34
git,21442,37,155
bash,21464,0,1
grep,21465,0,3
cut,21466,0,3
sort,21467,0,3
awk,21468,0,2
bash,21469,0,1
which,21471,0,1
sh,21470,2,7
ps,21473,15,15
sh,21472,0,19
sed,21476,0,1
cat,21477,0,1
git,21479,0,2
git,21480,0,2
git,21482,0,2
git,21487,14,13
git,21486,24,14
git,21494,18,17
git,21493,36,18
git,21483,14,19
git,21490,18,19
git,21488,28,19
git,21491,19,20
git,21489,27,20
git,21485,40,21
git,21492,18,25
git,21496,19,26
git,21484,59,27
git,21495,26,31
git,21498,41,32
git,21497,24,34
git,21500,35,35
git,21501,26,35
git,21502,17,35
git,21499,20,36
git,21481,42,158
sleep,21478,0,1001
sed,21503,0,2
cat,21504,0,1
cpuUsage.sh,21505,0,0
cpuUsage.sh,21475,0,1013
sh,21474,0,1014
which,21507,0,1
sh,21506,0,3
ps,21509,8,13
sh,21508,0,15
sed,21512,0,1
cat,21513,0,1
debian-sa1,21517,0,1
sh,21516,0,3
cron,21515,0,7
sleep,21514,0,1002
sed,21518,0,1
cat,21519,0,1
cpuUsage.sh,21520,0,0
cpuUsage.sh,21511,0,1013
sh,21510,0,1016
git,21521,0,2
git,21522,0,2
git,21524,0,2
git,21529,6,15
git,21525,36,17
git,21528,9,17
git,21527,26,19
git,21526,14,22
git,21532,13,21
git,21530,27,22
git,21534,13,23
git,21540,41,23
git,21536,80,27
git,21543,72,28
git,21537,88,30
git,21531,43,32
git,21538,43,33
git,21535,7,34
git,21544,179,36
git,21539,136,37
git,21542,67,38
git,21533,82,38
git,21541,245,38
git,21523,48,158
kworker/dying,20427,0,304513
git,21545,1,5
git,21546,0,3
git,21548,0,2
git,21553,19,13
git,21554,16,15
git,21549,12,19
git,21555,51,19
git,21557,28,20
git,21563,53,21
git,21556,24,26
git,21566,21,27
git,21551,46,29
git,21552,86,30
git,21558,33,29
git,21568,38,30
git,21550,28,32
git,21560,37,32
git,21567,34,32
git,21559,32,33
git,21561,134,34
git,21562,84,35
git,21565,125,34
git,21564,194,35
git,21547,258,163
git,21569,0,2
git,21570,0,2
git,21572,0,2
git,21576,12,13
git,21577,27,14
git,21590,13,20
git,21575,56,24
git,21578,21,24
git,21592,28,25
git,21583,25,27
git,21580,39,27
git,21585,21,28
git,21586,36,31
git,21579,150,33
git,21574,60,34
git,21573,54,34
git,21591,54,33
git,21582,43,33
git,21589,105,34
git,21588,67,34
git,21587,79,34
git,21584,37,35
git,21581,58,36
git,21571,168,157
git,21593,0,2
git,21594,0,3
git,21596,0,3
git,21601,38,13
git,21600,11,14
git,21604,41,15
git,21597,15,19
git,21602,24,19
git,21608,23,19
git,21605,19,20
git,21598,39,21
git,21603,36,21
git,21599,21,22
git,21607,28,26
git,21615,13,26
git,21606,27,27
git,21616,12,28
git,21609,21,31
git,21611,39,32
git,21610,13,32
git,21613,13,34
git,21614,22,35
git,21612,26,36
git,21595,165,163
git,21617,0,2
git,21618,0,2
git,21620,0,2
git,21625,23,13
git,21624,7,14
git,21630,19,17
git,21626,19,21
git,21632,36,25
git,21623,40,28
git,21639,41,28
git,21640,74,29
git,21631,53,30
git,21621,145,32
git,21628,114,32
git,21627,118,33
git,21637,31,33
git,21634,61,33
git,21636,68,34
git,21622,167,35
git,21635,60,34
git,21638,105,35
git,21629,124,36
git,21633,44,36
git,21619,45,172
git,21641,0,2
git,21642,0,2
git,21644,0,2
git,21645,26,18
git,21650,26,19
git,21653,14,20
git,21648,52,24
git,21647,29,26
git,21658,22,23
git,21651,30,29
git,21646,25,30
git,21652,47,31
git,21654,39,32
git,21657,76,28
git,21664,49,28
git,21649,72,33
git,21655,77,31
git,21663,34,29
git,21659,76,29
git,21660,44,30
git,21656,57,31
git,21662,30,30
git,21661,34,31
git,21643,41,157
git,21665,0,3
git,21666,0,2
git,21668,0,2
git,21673,30,13
git,21672,24,14
git,21669,21,19
git,21674,20,19
git,21677,16,20
git,21686,34,20
git,21675,21,24
git,21678,24,24
git,21679,55,28
git,21682,58,28
git,21671,24,31
git,21676,45,31
git,21684,25,32
git,21687,73,32
git,21688,76,32
git,21685,32,34
git,21680,163,34
git,21681,61,34
git,21670,33,35
git,21683,65,35
git,21667,75,154
journal-offline,21689,0,7
git,21690,0,3
git,21691,0,2
git,21693,2,2
git,21694,0,7
git,21695,0,7
git,21698,9,11
git,21697,12,13
git,21699,6,9
git,21696,23,20
git,21709,23,16
git,21704,25,17
git,21700,40,21
git,21701,21,22
git,21705,50,25
git,21708,41,26
git,21702,21,29
git,21703,49,29
git,21707,22,30
git,21710,39,30
git,21712,36,30
git,21706,44,31
git,21711,43,31
git,21713,47,32
git,21692,81,167
git,21714,0,2
git,21715,0,2
git,21717,0,3
git,21721,0,7
git,21720,24,18
git,21733,39,19
git,21722,9,21
git,21725,14,21
git,21728,54,21
git,21732,50,24
git,21729,49,26
git,21731,21,28
git,21734,75,30
git,21718,27,31
git,21724,42,31
git,21723,75,32
git,21730,52,33
git,21719,51,33
git,21727,96,35
git,21736,23,35
git,21737,28,35
git,21726,31,36
git,21735,29,37
git,21716,55,156
git,21738,0,3
git,21739,0,2
git,21741,0,3
git,21746,16,14
git,21745,24,15
git,21742,22,19
git,21747,16,20
git,21750,28,21
git,21758,34,21
git,21748,47,26
git,21749,51,26
git,21753,38,30
git,21754,33,30
git,21743,98,34
git,21759,88,34
git,21760,168,34
git,21751,84,35
git,21755,53,35
git,21752,67,36
git,21757,160,36
git,21756,47,36
git,21744,138,38
git,21761,185,39
git,21740,297,172
git,21762,0,2
git,21763,2,3
git,21765,0,2
git,21769,7,14
git,21770,28,15
git,21766,20,19
git,21775,22,20
git,21771,14,21
git,21784,16,23
git,21773,49,26
git,21772,21,28
git,21781,25,30
git,21768,47,34
git,21778,120,33
git,21782,30,35
git,21767,49,36
git,21783,67,35
git,21776,95,37
git,21774,53,37
git,21785,48,37
git,21777,47,38
git,21780,73,39
git,21779,53,39
git,21764,6,171
git,21787,0,2
git,21788,0,3
git,21790,0,3
git,21794,20,13
git,21795,8,15
git,21810,15,22
git,21796,47,25
git,21799,45,27
git,21791,36,28
git,21798,97,28
git,21802,103,29
git,21793,28,33
git,21808,59,33
git,21801,81,33
git,21806,38,34
git,21797,117,35
git,21792,87,36
git,21800,47,36
git,21803,63,36
git,21807,81,37
git,21809,76,37
git,21805,44,37
git,21804,65,38
git,21789,6,177
git,21811,0,3
git,21812,0,2
git,21814,2,3
git,21820,34,19
git,21815,23,20
git,21818,21,20
git,21823,47,21
git,21819,51,22
git,21831,21,21
git,21822,18,25
git,21825,35,26
git,21824,57,29
git,21826,64,31
git,21816,63,33
git,21830,60,33
git,21833,35,33
git,21817,36,35
git,21828,44,34
git,21821,42,35
git,21832,45,35
git,21834,35,35
git,21827,78,36
git,21829,37,36
git,21813,77,163
git,21835,0,2
git,21836,0,4
git,21838,0,2
git,21839,16,15
git,21845,24,18
git,21840,18,18
git,21842,32,19
git,21843,14,20
git,21858,9,18
git,21841,30,24
git,21849,37,25
git,21844,64,27
git,21846,50,28
git,21852,22,31
git,21854,16,33
git,21855,28,33
git,21848,33,34
git,21847,42,34
git,21851,24,35
git,21856,20,35
git,21850,42,36
git,21857,45,36
git,21853,43,37
git,21837,6,160
sleep,20811,0,180001
pool-udisksd,21786,0,15501
git,21860,1,3
git,21868,0,3
git,21869,0,2
git,21871,0,3
git,21872,49,24
git,21880,46,24
git,21876,41,26
git,21875,35,27
git,21874,39,28
git,21891,53,27
git,21877,15,28
git,21887,31,29
git,21883,90,30
git,21879,86,32
git,21889,69,33
git,21886,44,33
git,21888,49,34
git,21873,55,36
git,21878,122,37
git,21884,41,37
git,21882,66,37
git,21885,20,39
git,21881,32,39
git,21890,51,39
git,21870,79,170
rg,21895,0,37
rg,21897,0,38
rg,21896,10,38
rg,21894,1,38
rg,21893,0,40
rg,21892,0,43
git,21898,0,2
git,21899,0,2
git,21901,0,3
git,21906,29,13
git,21904,52,21
git,21912,54,21
git,21902,24,22
git,21918,52,21
git,21909,35,23
git,21905,26,24
git,21907,23,25
git,21911,70,26
git,21908,101,27
git,21913,31,27
git,21921,167,28
git,21914,37,31
git,21915,35,31
git,21916,39,33
git,21920,34,35
git,21917,45,36
git,21903,35,38
git,21919,63,37
git,21910,45,40
git,21900,76,171
git,21922,2,3
git,21923,0,2
git,21925,0,3
git,21930,27,16
git,21929,23,17
git,21931,59,22
git,21934,19,26
git,21928,53,29
git,21926,44,31
git,21939,51,31
git,21927,49,33
git,21932,44,33
git,21935,53,34
git,21941,38,34
git,21942,27,34
git,21937,40,35
git,21938,45,36
git,21933,49,36
git,21940,110,37
git,21945,47,37
git,21936,178,38
git,21944,45,38
git,21943,39,39
git,21924,121,177
which,21947,0,1
sh,21946,0,3
ps,21949,8,16
sh,21948,0,17
sed,21952,0,1
cat,21953,0,1
sleep,21954,0,1001
sed,21955,0,1
cat,21956,0,1
cpuUsage.sh,21957,0,0
cpuUsage.sh,21951,0,1012
sh,21950,0,1014
git,21958,2,3
git,21959,0,2
git,21961,0,2
git,21966,15,14
git,21965,12,15
git,21977,14,21
git,21964,22,26
git,21968,38,27
git,21975,36,28
git,21971,104,29
git,21963,28,30
git,21979,53,30
git,21967,66,33
git,21962,52,33
git,21976,71,33
git,21970,60,34
git,21969,58,35
git,21978,139,35
git,21973,30,36
git,21980,175,36
git,21981,188,37
git,21974,43,38
git,21972,133,38
git,21960,2,170
git,21982,9,17
git,21983,2,16
git,21984,1,3
git,21985,3,7
git,21986,3,37
which,21988,0,1
sh,21987,0,3
ps,21990,17,14
sh,21989,0,17
sed,21993,0,2
cat,21994,0,1
sleep,21995,0,1001
sed,21996,0,1
cat,21997,0,2
cpuUsage.sh,21998,0,0
cpuUsage.sh,21992,1,1014
sh,21991,0,1017
git,22007,2,6
git,22008,1,4
git,22010,7,6
git,22011,41,31
git,22018,42,32
git,22012,53,34
git,22016,48,35
git,22013,49,37
git,22021,92,26
git,22024,22,30
git,22028,34,30
git,22014,57,43
git,22019,38,37
git,22015,229,44
git,22017,78,44
git,22020,117,35
git,22022,33,36
git,22023,72,38
git,22026,39,39
git,22027,109,40
git,22030,53,41
git,22029,69,43
git,22025,64,44
git,22009,107,197
cpptools,22003,0,5002
cpptools,22004,0,5001
cpptools,22006,0,5001
cpptools,22005,1,5003
git,22031,3,5
git,22032,0,4
git,22034,1,4
git,22041,28,27
git,22051,32,25
git,22036,56,31
git,22039,41,31
git,22037,80,32
git,22048,52,30
git,22053,37,32
git,22043,43,37
git,22035,33,38
git,22042,153,38
git,22038,82,40
git,22044,45,41
git,22045,48,42
git,22047,43,41
git,22046,53,44
git,22049,86,43
git,22040,54,46
git,22052,111,44
git,22054,49,45
git,22050,38,46
git,22033,324,198
cpptools,22001,849,10515
git,22055,0,3
git,22056,0,2
git,22058,0,2
git,22066,23,14
git,22060,44,15
git,22067,14,19
git,22062,18,24
git,22073,27,28
git,22061,42,31
git,22059,44,32
git,22072,49,33
git,22075,38,33
git,22076,37,35
git,22068,25,36
git,22077,72,38
git,22074,75,39
git,22063,79,43
git,22078,33,50
git,22070,46,55
git,22064,29,56
git,22065,25,57
git,22071,32,58
git,22069,47,59
git,22057,54,199
git,22079,0,2
git,22080,0,3
git,22082,2,3
git,22096,8,10
git,22083,21,19
git,22088,18,20
git,22086,13,21
git,22091,22,21
git,22093,100,22
git,22095,72,26
git,22087,15,28
git,22094,21,30
git,22097,76,31
git,22092,30,32
git,22098,26,34
git,22084,123,35
git,22099,53,34
git,22089,139,35
git,22100,67,35
git,22085,58,37
git,22101,73,36
git,22102,41,37
git,22090,178,40
git,22081,100,163
which,22104,0,1
sh,22103,0,3
ps,22106,0,14
sh,22105,0,16
sed,22109,0,1
cat,22110,0,1
git,22112,0,3
git,22113,0,3
git,22115,0,3
git,22119,6,13
git,22120,14,15
git,22116,21,19
git,22121,27,20
git,22124,23,21
git,22134,22,23
git,22123,24,27
git,22128,46,30
git,22130,23,32
git,22118,40,35
git,22117,67,36
git,22129,62,36
git,22122,115,36
git,22133,50,36
git,22132,48,37
git,22126,60,38
git,22131,68,38
git,22125,105,39
git,22127,81,39
git,22135,65,39
sleep,22111,0,1001
sed,22136,0,1
cat,22137,0,1
cpuUsage.sh,22138,0,0
cpuUsage.sh,22108,0,1012
sh,22107,0,1014
git,22114,100,169
which,22140,0,1
sh,22139,0,3
ps,22142,11,13
sh,22141,0,15
sed,22145,0,1
cat,22146,0,1
sleep,22147,0,1002
sed,22148,0,7
cat,22149,0,4
cpuUsage.sh,22150,0,0
cpuUsage.sh,22144,0,1023
sh,22143,0,1024
git,22151,0,2
git,22152,0,2
git,22154,0,2
git,22158,6,13
git,22159,27,14
git,22155,20,19
git,22162,11,18
git,22160,16,19
git,22164,28,20
git,22165,27,23
git,22169,27,23
git,22170,31,27
git,22163,24,27
git,22161,50,29
git,22168,64,30
git,22167,31,32
git,22166,34,32
git,22157,77,33
git,22156,38,33
git,22171,32,34
git,22172,27,36
git,22174,38,36
git,22173,24,36
git,22153,143,155
git,22175,0,3
git,22176,0,3
git,22178,0,3
git,22185,22,25
git,22180,34,29
git,22188,30,24
git,22181,50,32
git,22182,40,32
git,22179,39,32
git,22184,40,32
git,22198,42,26
git,22183,54,34
git,22191,113,30
git,22189,30,32
git,22193,49,32
git,22187,85,34
git,22196,56,34
git,22195,64,34
git,22197,257,34
git,22192,50,34
git,22194,106,35
git,22186,80,37
git,22190,48,38
git,22177,48,182
git,22199,6,6
git,22200,0,3
git,22202,0,2
git,22203,0,7
git,22205,0,7
git,22207,20,14
git,22206,27,15
git,22204,33,18
git,22215,20,15
git,22210,13,19
git,22212,25,22
git,22214,69,23
git,22218,70,25
git,22209,79,26
git,22220,34,27
git,22208,24,28
git,22219,42,28
git,22213,50,28
git,22211,52,29
git,22216,54,29
git,22221,58,29
git,22222,22,29
git,22217,24,30
git,22201,123,155
git,22223,3,3
git,22224,0,2
git,22226,2,3
git,22231,23,19
git,22232,29,23
git,22227,19,24
git,22230,27,26
git,22246,20,19
git,22244,20,25
git,22235,21,30
git,22229,49,31
git,22245,50,23
git,22238,26,32
git,22237,40,33
git,22242,67,33
git,22234,69,35
git,22228,246,36
git,22233,148,35
git,22241,59,35
git,22239,30,36
git,22240,44,36
git,22243,42,36
git,22236,67,37
git,22225,61,157
bash,22247,0,0
git,22252,20,14
git,22253,8,11
git,22251,20,22
git,22267,27,18
git,22257,21,24
git,22250,48,28
git,22264,108,26
git,22261,26,29
git,22255,35,29
git,22259,61,30
git,22249,43,34
git,22258,43,31
git,22266,66,32
git,22268,125,33
git,22260,67,34
git,22256,45,35
git,22263,268,35
git,22254,71,35
git,22265,72,35
git,22262,94,36
git,22248,37,168
bash,22269,0,1
which,22271,0,2
sh,22270,0,8
ps,22273,13,16
sh,22272,0,19
sed,22276,0,1
cat,22277,0,1
git,22279,0,3
git,22280,0,2
git,22282,0,3
git,22286,19,13
git,22287,28,12
git,22283,36,20
git,22302,18,19
git,22285,38,25
git,22294,66,25
git,22299,68,26
git,22284,51,34
git,22291,24,30
git,22301,51,30
git,22296,52,32
git,22288,53,32
git,22289,90,33
git,22297,56,33
git,22295,31,33
git,22298,24,35
git,22290,20,35
git,22293,58,35
git,22300,102,35
git,22292,32,36
git,22281,159,173
sleep,22278,0,1001
sed,22303,0,1
cat,22304,0,1
cpuUsage.sh,22305,0,0
cpuUsage.sh,22275,0,1012
sh,22274,0,1014
which,22307,0,3
sh,22306,5,9
ps,22309,0,15
sh,22308,0,19
sed,22312,0,1
cat,22313,0,1
sleep,22314,0,1002
sed,22315,6,6
cat,22316,0,1
cpuUsage.sh,22317,0,0
cpuUsage.sh,22311,0,1020
sh,22310,0,1022
git,22318,0,2
git,22319,0,2
git,22321,0,2
git,22325,7,13
git,22326,24,14
git,22329,14,19
git,22324,20,20
git,22332,13,20
git,22338,52,20
git,22331,22,25
git,22341,19,26
git,22333,83,29
git,22322,47,30
git,22327,78,31
git,22335,36,30
git,22330,47,31
git,22334,34,31
git,22337,25,32
git,22323,41,34
git,22328,77,34
git,22340,34,33
git,22336,62,34
git,22339,80,34
git,22320,26,152
git,22342,1,3
git,22343,0,2
git,22345,0,2
git,22348,55,19
git,22353,45,19
git,22357,31,19
git,22356,22,20
git,22350,15,20
git,22349,19,21
git,22352,23,24
git,22347,23,26
git,22351,23,26
git,22354,46,26
git,22346,27,27
git,22365,31,26
git,22360,37,30
git,22359,63,30
git,22364,12,30
git,22355,27,33
git,22358,31,33
git,22361,76,33
git,22362,144,34
git,22363,49,34
git,22344,38,157
