Attaching 6 probes...
COMM,PID,RUNQ_MS,TOTAL_MS
sed,12872,0,1
cat,12873,0,1
cpuUsage.sh,12874,0,0
which,12876,0,1
sh,12875,0,3
ps,12878,11,13
sh,12877,0,14
fibonacci,12947,8,9
fibonacci,12953,8,9
fibonacci,12952,8,9
fibonacci,12954,9,10
fibonacci,12956,9,10
fibonacci,12958,9,10
fibonacci,12959,9,10
fibonacci,12969,10,11
fibonacci,12971,10,11
fibonacci,12973,10,11
fibonacci,12974,11,12
fibonacci,12975,10,11
fibonacci,12977,10,11
fibonacci,12943,106,19
fibonacci,12979,11,12
fibonacci,12884,49,32
fibonacci,12883,35,32
fibonacci,12887,30,31
fibonacci,12886,31,32
fibonacci,12882,31,32
fibonacci,12885,31,32
fibonacci,12889,31,32
fibonacci,12888,31,33
fibonacci,12891,32,33
fibonacci,12894,32,33
fibonacci,12892,30,36
fibonacci,12895,35,36
fibonacci,12898,35,37
fibonacci,12901,39,36
fibonacci,12962,42,50
fibonacci,12964,49,51
fibonacci,12907,63,64
fibonacci,12897,32,93
fibonacci,12900,91,93
fibonacci,12904,35,134
fibonacci,12912,131,132
fibonacci,12915,137,132
fibonacci,12918,130,131
fibonacci,12921,130,133
fibonacci,12906,195,191
fibonacci,12911,195,190
fibonacci,12923,132,188
fibonacci,12925,187,188
fibonacci,12928,186,187
fibonacci,12931,186,187
fibonacci,12934,185,189
fibonacci,12937,188,210
fibonacci,12940,218,209
fibonacci,12944,207,213
fibonacci,12948,211,212
fibonacci,12955,209,211
fibonacci,12960,209,210
fibonacci,12896,229,230
fibonacci,12899,228,230
fibonacci,12902,228,229
fibonacci,12905,228,232
fibonacci,12908,230,231
fibonacci,12910,230,231
fibonacci,12913,230,231
fibonacci,12965,208,222
fibonacci,12966,221,222
fibonacci,12916,229,235
fibonacci,12919,241,235
fibonacci,12972,220,223
fibonacci,12976,221,223
fibonacci,12980,221,224
fibonacci,12914,189,246
fibonacci,12917,245,246
fibonacci,12920,244,246
fibonacci,12924,244,245
fibonacci,12951,229,239
fibonacci,12927,243,249
fibonacci,12930,247,249
fibonacci,12933,247,249
fibonacci,12936,247,250
fibonacci,12926,244,300
fibonacci,12929,298,299
fibonacci,12932,298,299
fibonacci,12935,297,298
fibonacci,12938,297,298
fibonacci,12941,297,298
fibonacci,12945,584,297
fibonacci,12939,249,309
fibonacci,12942,307,308
fibonacci,12946,315,307
fibonacci,12957,411,402
fibonacci,12961,411,402
fibonacci,12967,399,401
fibonacci,12970,399,405
fibonacci,12978,402,408
fibonacci,12922,234,480
fibonacci,12968,468,469
fibonacci,12909,65,693
fibonacci,12893,595,835
fibonacci,12890,536,918
fibonacci,12903,525,919
sed,12881,1886,945
cat,12982,0,1
cat,12983,0,1
git,12981,3,6
git,12984,2,3
git,12986,97,100
git,12995,243,127
cat,13007,78,43
git,12996,174,131
git,12990,249,137
cat,13008,0,1
git,12988,200,140
git,12987,315,145
git,12991,271,146
git,12993,201,148
git,12994,510,151
git,13002,146,153
git,13001,261,154
cat,13009,8,9
git,13004,203,158
git,12998,174,159
git,12997,447,160
git,13006,381,162
git,12999,215,163
git,13005,390,165
git,13003,267,165
git,12992,291,166
git,12989,450,171
git,13000,563,175
fibonacci,12949,574,1197
git,12985,82,296
cat,13010,46,48
cat,13011,0,1
fibonacci,12950,607,1249
fibonacci,12963,392,2009
bash,13013,0,1
sleep,13012,0,1002
sed,13015,0,1
cat,13016,0,1
cpuUsage.sh,13017,0,0
cpuUsage.sh,13018,0,0
cpuUsage.sh,13019,0,0
cpuUsage.sh,13020,0,0
cat,13021,0,1
cpuUsage.sh,13022,0,0
cpuUsage.sh,13023,0,0
cat,13024,0,1
cpuUsage.sh,13025,0,0
cat,13026,0,1
cpuUsage.sh,13027,0,0
cpuUsage.sh,12880,195,2283
sh,12879,0,2285
which,13031,0,1
sh,13030,0,3
ps,13033,0,12
sh,13032,0,14
sed,13036,0,1
cat,13037,0,1
sleep,13038,0,1001
sed,13039,0,2
cat,13040,0,1
cpuUsage.sh,13041,0,0
cpuUsage.sh,13035,0,1014
sh,13034,0,1016
git,13042,0,2
git,13043,2,2
git,13045,0,3
git,13047,9,26
git,13059,17,24
git,13052,10,25
git,13065,20,25
git,13055,27,27
git,13048,17,30
git,13049,31,27
git,13051,26,28
git,13046,14,31
git,13060,63,28
git,13061,70,28
git,13058,108,28
git,13050,83,31
git,13056,111,33
git,13054,19,34
git,13057,187,35
git,13053,168,36
git,13062,82,38
git,13063,39,38
git,13064,27,38
git,13044,102,172
which,13067,0,1
sh,13066,0,3
ps,13069,15,13
sh,13068,0,15
sed,13072,0,1
cat,13073,0,1
sleep,13074,0,1001
sed,13075,0,2
cat,13076,0,1
cpuUsage.sh,13077,0,0
cpuUsage.sh,13071,0,1012
sh,13070,0,1014
git,13078,0,2
git,13079,1,3
git,13081,0,3
git,13089,31,19
git,13084,31,23
git,13092,46,25
git,13086,33,26
git,13085,32,28
git,13100,56,24
git,13099,32,25
git,13101,83,26
git,13096,63,36
git,13098,248,37
git,13093,41,39
git,13091,51,40
git,13082,66,41
git,13090,35,41
git,13087,97,42
git,13095,54,42
git,13088,180,43
git,13094,112,42
git,13083,208,43
git,13097,180,44
git,13080,44,199
git,13102,11,13
git,13103,4,13
git,13104,0,3
bash,13105,0,0
bash,13106,0,0
git,13107,0,2
git,13108,0,4
git,13110,0,2
git,13114,9,14
git,13115,26,16
git,13111,26,18
git,13119,35,19
git,13116,23,20
git,13130,53,23
git,13120,48,24
git,13127,33,27
git,13129,89,29
git,13122,50,32
git,13128,42,32
git,13121,71,33
git,13117,56,34
git,13112,99,35
git,13113,116,35
git,13118,223,36
git,13123,63,37
git,13125,48,37
git,13126,140,38
git,13124,77,39
git,13109,1,161
bash,13131,0,0
bash,13132,0,0
which,13134,0,3
sh,13133,2,10
ps,13136,0,13
sh,13135,0,15
sed,13139,0,1
cat,13140,0,1
sleep,13141,0,1002
sed,13142,0,6
cat,13143,1,3
cpuUsage.sh,13144,0,0
cpuUsage.sh,13138,0,1020
sh,13137,0,1022
bash,13145,0,0
bash,13146,0,0
git,13147,0,2
git,13148,0,2
git,13150,0,2
git,13155,11,13
git,13154,15,14
git,13156,25,18
git,13151,30,19
git,13165,50,20
git,13159,39,20
git,13158,25,26
git,13170,72,27
git,13161,32,28
git,13169,158,28
git,13153,29,29
git,13167,67,29
git,13157,27,31
git,13162,98,32
git,13152,57,34
git,13164,89,34
git,13163,51,35
git,13168,68,35
git,13160,64,36
git,13166,130,36
git,13149,97,153
bash,13171,0,1
which,13174,0,1
sh,13173,0,3
ps,13176,0,13
sh,13175,0,15
sed,13179,0,1
cat,13180,0,1
cat,13181,0,1
git,13183,0,2
git,13184,0,2
git,13186,0,2
git,13190,3,6
git,13192,16,13
git,13199,19,13
git,13193,24,16
git,13207,30,21
sleep,13182,9,1010
git,13195,37,25
git,13197,20,25
sed,13208,0,1
git,13206,55,27
cat,13209,0,1
cpuUsage.sh,13210,0,0
cat,13211,0,1
cpuUsage.sh,13212,0,0
git,13201,186,32
cpuUsage.sh,13178,1,1025
git,13188,52,34
sh,13177,1,1029
git,13196,64,34
git,13200,53,35
git,13202,71,35
git,13189,48,36
git,13205,49,36
git,13203,37,37
git,13191,77,38
git,13194,190,38
git,13198,132,38
git,13204,67,38
git,13185,48,157
rm,13172,0,3312
bash,13213,0,1
which,13215,1,2
sh,13214,0,4
ps,13217,9,12
sh,13216,0,13
sed,13220,0,1
cat,13221,0,1
sleep,13222,0,1001
sed,13223,0,1
cat,13224,0,1
cpuUsage.sh,13225,0,0
cpuUsage.sh,13219,0,1011
sh,13218,0,1013
which,13227,0,1
sh,13226,0,3
ps,13229,0,13
sh,13228,0,14
sed,13232,0,1
cat,13233,0,1
sleep,13234,0,1002
sed,13235,0,6
cat,13236,0,2
cpuUsage.sh,13237,0,0
cpuUsage.sh,13231,0,1021
sh,13230,0,1023
git,13238,0,2
git,13239,0,2
git,13241,2,3
git,13245,14,14
git,13246,20,15
git,13243,21,18
git,13250,38,19
git,13248,28,21
git,13251,17,23
git,13253,104,24
git,13254,36,28
git,13255,76,30
git,13259,40,34
git,13258,48,35
git,13256,71,37
git,13249,76,37
git,13252,41,38
git,13244,182,39
git,13247,38,39
git,13242,54,41
git,13257,55,40
git,13261,62,40
git,13260,78,42
git,13240,14,176
bash,13262,0,1
rm,13263,0,1616
bash,13264,0,1
git,13265,0,24
which,13267,0,1
sh,13266,0,3
ps,13269,13,13
sh,13268,0,15
sed,13272,0,1
cat,13273,0,1
git,13275,0,3
git,13276,0,2
git,13278,0,3
git,13283,29,13
git,13282,31,15
git,13285,17,19
git,13289,16,22
git,13290,42,27
git,13281,36,29
git,13279,88,30
git,13291,39,31
sleep,13274,3,1004
git,13284,115,33
git,13294,47,33
git,13297,43,34
git,13288,38,34
git,13280,77,35
git,13286,84,35
git,13296,31,36
git,13295,68,37
sed,13299,0,2
git,13287,47,38
git,13292,37,39
cat,13300,0,1
git,13293,171,40
git,13298,64,40
cpuUsage.sh,13301,0,0
cpuUsage.sh,13271,4,1019
sh,13270,0,1021
git,13277,7,172
which,13303,0,1
sh,13302,0,7
ps,13305,12,15
sh,13304,0,18
sed,13308,0,1
cat,13309,0,1
sleep,13310,0,1001
sed,13311,0,1
cat,13312,0,1
cpuUsage.sh,13313,0,0
cpuUsage.sh,13307,0,1011
sh,13306,0,1013
which,13315,0,1
sh,13314,0,7
ps,13317,0,14
sh,13316,0,17
sed,13320,0,1
cat,13321,0,1
git,13323,0,2
git,13324,0,3
git,13326,0,2
git,13330,19,13
git,13331,26,15
git,13327,24,16
git,13332,25,18
git,13333,14,19
git,13335,10,20
git,13328,48,25
git,13345,39,26
git,13338,87,28
git,13340,36,30
git,13343,47,31
git,13344,27,32
git,13346,46,32
git,13329,95,33
git,13339,79,34
git,13336,45,34
git,13337,105,34
git,13334,49,35
git,13342,74,35
git,13341,177,36
git,13325,100,153
sleep,13322,0,1001
sed,13347,0,2
cat,13348,0,1
cpuUsage.sh,13349,0,0
cpuUsage.sh,13319,0,1012
sh,13318,0,1014
which,13352,0,3
sh,13351,0,9
ps,13354,12,14
sh,13353,0,18
sed,13357,0,1
cat,13358,0,1
sleep,13359,0,1001
sed,13360,0,3
cat,13361,0,1
cpuUsage.sh,13362,0,0
cpuUsage.sh,13356,0,1014
sh,13355,0,1016
which,13364,0,1
sh,13363,0,7
ps,13366,12,13
sh,13365,0,15
sed,13369,0,1
cat,13370,0,1
git,13372,1,3
git,13373,0,2
git,13375,0,2
git,13380,6,13
git,13379,14,14
git,13388,19,18
git,13387,22,23
git,13395,48,27
git,13386,41,29
git,13382,52,31
git,13389,94,31
git,13385,39,32
git,13390,45,32
git,13393,50,32
git,13377,187,33
git,13378,81,34
git,13381,84,34
git,13383,55,34
git,13384,48,35
git,13394,44,35
git,13376,41,36
git,13392,43,36
git,13391,65,36
git,13374,127,153
sleep,13371,0,1002
sed,13396,0,6
cat,13397,0,2
cpuUsage.sh,13398,0,0
cpuUsage.sh,13368,0,1021
sh,13367,0,1023
which,13400,0,3
sh,13399,0,10
ps,13402,9,15
sh,13401,0,17
sed,13405,0,1
cat,13406,0,1
bash,13408,0,1
chrt,13414,0,2
sudo,13413,0,3
sudo,13412,0,11
sh,13419,0,1
bpftrace,13420,0,11
bpftrace,13421,0,9
bpftrace,13422,0,8
bpftrace,13423,0,7
bpftrace,13424,0,7
bpftrace,13425,0,7
bpftrace,13426,0,8
sleep,13407,0,1001
sed,13427,0,1
cat,13428,0,1
cpuUsage.sh,13429,0,0
cpuUsage.sh,13404,0,1011
sh,13403,0,1013
which,13431,0,1
sh,13430,0,3
ps,13433,17,13
sh,13432,0,15
sleep,13416,0,1001
fibonacci,13539,2401,95
sudo,13538,0,96
sudo,13521,1,103
sudo,13518,2,104
sudo,13438,0,120
fibonacci,13549,0,2
sudo,13548,1,3
sudo,13541,1,10
sudo,13540,0,11
fibonacci,13551,8,3
sudo,13545,0,11
sudo,13439,0,135
sudo,13550,0,5
sudo,13543,5,12
sudo,13441,10,135
fibonacci,13553,2,5
sudo,13552,0,6
fibonacci,13555,0,2
sudo,13544,0,14
sudo,13554,0,5
sudo,13542,5,15
sudo,13547,0,14
sudo,13437,10,139
sudo,13546,5,15
sudo,13440,8,139
fibonacci,13565,0,2
sudo,13564,0,3
sudo,13557,1,9
sudo,13556,0,10
sudo,13442,4,148
sed,13436,168,151
fibonacci,13567,1,6
sudo,13566,0,7
sudo,13559,0,14
sudo,13558,0,14
fibonacci,13571,0,2
sudo,13570,0,3
sudo,13489,0,145
sudo,13563,0,9
sudo,13562,1,10
fibonacci,13569,1,5
sudo,13568,0,6
sudo,13444,10,154
sudo,13561,0,12
sudo,13560,3,13
sudo,13443,9,156
fibonacci,13586,0,2
sudo,13583,0,3
sudo,13576,1,10
sudo,13575,0,11
sudo,13446,12,167
fibonacci,13592,0,2
sudo,13590,0,2
sudo,13585,0,9
sudo,13582,1,10
sudo,13449,18,173
fibonacci,13588,0,8
sudo,13587,0,8
sudo,13580,6,15
sudo,13579,0,15
sudo,13447,16,176
fibonacci,13596,0,1
sudo,13595,0,2
sudo,13594,0,9
sudo,13593,0,10
sudo,13450,20,185
fibonacci,13600,0,2
sudo,13599,0,2
sudo,13598,0,9
sudo,13597,0,10
sudo,13451,20,193
cat,13574,81,41
cat,13601,0,1
fibonacci,13609,0,2
sudo,13607,0,3
sudo,13605,0,10
sudo,13604,0,11
sudo,13453,20,213
fibonacci,13608,0,60
sudo,13606,0,61
sudo,13603,0,70
sudo,13602,0,71
sudo,13452,20,271
cat,13610,0,1
fibonacci,13615,0,2
sudo,13614,0,2
cat,13611,14,11
sudo,13613,0,10
sudo,13612,0,11
sudo,13456,24,294
fibonacci,13623,0,2
sudo,13619,1,3
sudo,13617,1,12
sudo,13616,0,13
sudo,13457,24,300
fibonacci,13632,0,2
sudo,13631,0,2
sudo,13622,0,11
sudo,13620,0,11
sudo,13454,25,307
fibonacci,13628,5,5
sudo,13627,0,6
sudo,13624,0,13
sudo,13621,1,14
sudo,13455,25,309
fibonacci,13636,0,97
sudo,13635,0,98
sudo,13634,0,104
sudo,13633,0,105
sudo,13459,28,421
fibonacci,13591,15,263
sudo,13589,0,264
sudo,13584,0,271
sudo,13581,1,272
sudo,13448,17,435
fibonacci,13641,0,6
sudo,13639,0,7
sudo,13638,0,16
sudo,13637,0,17
sudo,13460,28,443
fibonacci,13644,0,2
sudo,13643,0,3
sudo,13642,0,10
sudo,13640,0,11
sudo,13461,29,447
cat,13618,162,158
fibonacci,13650,0,2
sudo,13649,0,3
sudo,13648,0,10
sudo,13646,0,11
fibonacci,13652,3,2
sudo,13651,0,3
sudo,13463,31,463
sudo,13647,0,12
sudo,13645,0,12
sudo,13462,31,464
fibonacci,13659,0,2
sudo,13657,0,3
sudo,13655,0,11
sudo,13653,0,12
sudo,13465,33,479
fibonacci,13664,0,2
sudo,13663,0,3
sudo,13662,0,10
sudo,13661,0,11
sudo,13466,35,493
fibonacci,13668,1,2
sudo,13667,0,2
sudo,13666,0,10
sudo,13665,0,11
sudo,13467,36,508
fibonacci,13672,0,2
sudo,13671,0,3
sudo,13670,0,11
sudo,13669,0,12
sudo,13468,36,522
fibonacci,13680,0,2
sudo,13678,0,2
sudo,13676,0,11
sudo,13674,0,11
sudo,13470,39,586
fibonacci,13578,31,440
sudo,13577,0,441
sudo,13573,0,448
sudo,13572,0,449
sudo,13445,12,600
fibonacci,13684,0,7
sudo,13683,0,8
sudo,13682,0,15
sudo,13681,0,16
sudo,13471,40,616
fibonacci,13688,0,2
sudo,13687,0,3
sudo,13686,0,11
sudo,13685,0,12
sudo,13472,41,644
fibonacci,13679,1,65
sudo,13677,0,65
sudo,13675,0,73
sudo,13673,0,74
sudo,13469,37,649
fibonacci,13692,0,2
sudo,13691,0,3
sudo,13690,0,11
sudo,13689,0,11
sudo,13474,42,660
fibonacci,13696,0,2
sudo,13695,0,3
sudo,13694,0,10
sudo,13693,0,11
sudo,13473,42,669
fibonacci,13702,0,2
sudo,13701,0,3
sudo,13699,0,11
sudo,13697,0,12
sudo,13475,44,681
fibonacci,13708,0,4
sudo,13707,0,5
sudo,13706,0,12
sudo,13705,0,13
sudo,13476,46,697
fibonacci,13712,0,2
sudo,13711,0,3
sudo,13710,0,13
sudo,13709,0,13
sudo,13479,48,714
cat,13713,0,1
fibonacci,13630,27,434
sudo,13629,0,435
sudo,13626,0,442
sudo,13625,0,443
sudo,13458,29,738
fibonacci,13722,0,2
sudo,13721,0,3
sudo,13718,0,10
sudo,13717,0,10
sudo,13480,50,749
fibonacci,13720,0,62
sudo,13719,0,63
sudo,13716,0,71
sudo,13715,0,72
sudo,13478,47,809
fibonacci,13730,0,7
sudo,13729,0,8
sudo,13728,0,16
sudo,13727,0,17
sudo,13482,51,828
fibonacci,13726,1,64
sudo,13725,0,65
sudo,13724,0,72
sudo,13723,0,73
sudo,13481,50,833
fibonacci,13736,0,2
sudo,13735,0,2
sudo,13732,0,10
sudo,13731,0,11
sudo,13483,51,842
fibonacci,13738,5,2
sudo,13737,0,3
sudo,13734,0,10
sudo,13733,0,11
sudo,13484,53,847
fibonacci,13744,0,2
sudo,13743,0,2
sudo,13740,0,11
sudo,13739,0,12
sudo,13485,54,856
fibonacci,13746,0,2
sudo,13745,0,3
sudo,13742,0,13
sudo,13741,0,14
sudo,13486,55,864
git,13714,144,146
cat,13747,3,4
fibonacci,13756,0,2
sudo,13754,0,2
sudo,13753,0,11
sudo,13750,0,11
fibonacci,13757,0,4
sudo,13487,55,886
sudo,13755,0,4
sudo,13752,0,12
sudo,13751,0,13
sudo,13488,57,888
fibonacci,13763,0,2
sudo,13762,0,3
sudo,13759,0,10
sudo,13758,0,11
sudo,13490,57,902
fibonacci,13765,4,4
sudo,13764,0,5
sudo,13761,0,12
sudo,13760,0,13
sudo,13491,58,905
git,13748,36,39
fibonacci,13781,0,2
sudo,13777,0,2
fibonacci,13779,0,3
sudo,13775,0,10
sudo,13776,0,3
sudo,13772,0,11
sudo,13773,0,11
sudo,13495,62,927
sudo,13770,0,12
sudo,13493,60,929
fibonacci,13769,10,35
sudo,13768,0,36
fibonacci,13704,25,283
sudo,13703,0,284
git,13783,7,6
sudo,13700,0,297
sudo,13767,0,59
sudo,13766,0,60
sudo,13698,0,298
sudo,13492,59,964
sudo,13477,46,967
fibonacci,13792,0,2
sudo,13788,1,3
fibonacci,13793,5,8
sudo,13789,1,9
sudo,13787,2,19
sudo,13786,1,19
sudo,13784,0,20
sudo,13496,64,985
sudo,13785,2,22
sudo,13497,65,986
fibonacci,13801,1,3
sudo,13799,1,4
sudo,13796,0,13
sudo,13791,1,15
sudo,13500,66,988
fibonacci,13804,1,4
sudo,13803,0,5
sudo,13794,0,16
sudo,13790,1,17
sudo,13498,65,991
fibonacci,13807,0,2
sudo,13806,0,3
sudo,13805,0,10
sudo,13802,1,12
sudo,13501,68,996
fibonacci,13800,7,14
sudo,13798,0,14
sudo,13797,1,23
sudo,13795,0,25
sudo,13499,66,999
fibonacci,13780,19,81
sudo,13778,0,83
sudo,13774,0,91
sudo,13771,0,92
sudo,13494,61,1008
fibonacci,13813,0,2
sudo,13812,0,3
fibonacci,13815,1,2
sudo,13814,0,3
sudo,13809,0,12
sudo,13811,0,11
sudo,13808,0,14
sudo,13810,0,12
sudo,13502,68,1014
sudo,13503,71,1016
fibonacci,13827,0,10
sudo,13825,0,11
sudo,13820,0,21
sudo,13818,0,22
sudo,13506,72,1035
fibonacci,13831,0,2
sudo,13830,0,3
sudo,13829,0,11
sudo,13828,0,12
sudo,13507,73,1059
fibonacci,13835,0,2
sudo,13834,0,3
sudo,13833,0,11
sudo,13832,0,12
sudo,13508,73,1098
git,13841,6,8
fibonacci,13859,0,3
sudo,13858,0,4
sudo,13857,0,13
sudo,13856,0,14
sudo,13509,75,1143
git,13854,138,58
git,13855,142,58
fibonacci,13660,51,715
sudo,13658,0,716
sudo,13656,0,724
sudo,13654,0,725
sudo,13464,33,1192
git,13849,79,86
fibonacci,13865,0,2
sudo,13864,0,2
sudo,13861,0,11
sudo,13860,0,12
sudo,13510,75,1199
fibonacci,13867,0,2
sudo,13866,0,2
fibonacci,13871,0,2
sudo,13870,0,2
sudo,13869,0,9
sudo,13868,0,10
sudo,13863,0,18
sudo,13862,0,19
sudo,13512,76,1212
sudo,13511,76,1212
fibonacci,13877,0,2
sudo,13876,0,2
sudo,13874,0,9
sudo,13872,0,9
fibonacci,13879,2,2
sudo,13878,0,3
sudo,13513,78,1224
sudo,13875,0,10
sudo,13873,0,11
sudo,13514,78,1225
fibonacci,13885,0,2
sudo,13884,0,2
sudo,13881,0,9
sudo,13880,0,9
fibonacci,13887,0,2
sudo,13515,79,1235
sudo,13886,0,3
sudo,13883,0,9
sudo,13882,0,10
sudo,13516,80,1237
fibonacci,13894,0,38
sudo,13892,0,39
sudo,13891,0,46
sudo,13889,0,46
sudo,13517,82,1291
fibonacci,13899,0,2
sudo,13898,0,3
sudo,13897,0,9
sudo,13896,0,10
sudo,13520,83,1303
fibonacci,13903,0,15
sudo,13902,0,15
sudo,13901,0,22
sudo,13900,0,23
sudo,13522,83,1356
fibonacci,13907,0,2
sudo,13906,0,2
sudo,13905,0,10
sudo,13904,0,10
sudo,13523,85,1387
fibonacci,13911,0,2
sudo,13910,0,2
sudo,13909,0,9
sudo,13908,0,9
sudo,13524,85,1406
fibonacci,13915,0,2
sudo,13914,0,2
sudo,13913,0,9
sudo,13912,0,9
sudo,13525,86,1418
git,13853,452,319
fibonacci,13919,0,2
sudo,13918,0,2
sudo,13917,0,9
sudo,13916,0,9
sudo,13526,87,1434
git,13850,623,336
fibonacci,13923,0,8
sudo,13922,0,9
sudo,13921,0,16
sudo,13920,0,17
sudo,13527,88,1492
fibonacci,13927,0,2
sudo,13926,0,3
sudo,13925,0,10
sudo,13924,0,11
sudo,13528,89,1509
git,13851,614,442
fibonacci,13931,0,4
sudo,13930,0,5
sudo,13929,0,13
sudo,13928,0,13
sudo,13529,90,1560
git,13847,1139,460
git,13852,538,470
git,13846,1069,472
fibonacci,13935,0,2
sudo,13934,0,3
sudo,13933,0,10
sudo,13932,0,11
sudo,13530,90,1588
git,13836,3979,565
git,13840,767,567
fibonacci,13823,15,663
sudo,13822,0,664
sudo,13821,0,673
sudo,13817,0,674
sudo,13504,71,1688
fibonacci,13939,0,3
sudo,13938,0,5
sudo,13937,0,13
sudo,13936,0,14
sudo,13531,92,1685
fibonacci,13826,15,668
sudo,13824,0,669
sudo,13819,0,679
sudo,13816,2,680
sudo,13505,73,1693
git,13844,4717,591
git,13848,1923,592
git,13843,1217,593
git,13839,1828,595
fibonacci,13943,0,2
sudo,13942,0,3
sudo,13941,0,12
sudo,13940,0,13
sudo,13532,93,1700
git,13837,1851,601
fibonacci,13951,0,2
sudo,13949,0,3
fibonacci,13950,0,3
sudo,13948,0,4
sudo,13947,0,11
sudo,13946,0,12
sudo,13945,0,12
sudo,13944,0,13
sudo,13534,94,1711
sudo,13533,94,1712
fibonacci,13962,0,2
sudo,13960,0,3
sudo,13957,0,10
sudo,13955,0,12
sudo,13536,96,1727
git,13842,1007,627
fibonacci,13963,0,5
sudo,13961,0,6
sudo,13956,0,13
sudo,13954,0,14
sudo,13537,97,1730
git,13845,1385,631
fibonacci,13959,1,10
sudo,13958,0,11
sudo,13953,0,19
sudo,13952,0,20
sudo,13535,95,1734
git,13838,1209,635
sleep,13749,51,1036
git,13782,372,960
sed,13964,0,1
cat,13965,0,1
cpuUsage.sh,13966,0,0
cat,13967,0,1
cpuUsage.sh,13968,0,0
cat,13969,0,1
cpuUsage.sh,13970,0,0
cat,13971,0,1
cpuUsage.sh,13972,0,0
cat,13973,0,1
cpuUsage.sh,13974,0,0
cpuUsage.sh,13975,0,0
cat,13976,0,1
cpuUsage.sh,13977,0,0
cat,13978,0,1
cpuUsage.sh,13979,0,0
cpuUsage.sh,13435,511,1965
sh,13434,0,1967
fibonacci,13895,18,1718
sudo,13893,0,1720
sudo,13890,0,1726
sudo,13888,0,1727
sudo,13519,82,2972
run_tasks.sh,13411,5,4004
sudo,13410,0,4005
sudo,13409,9,4013
bash,13980,0,1
which,13982,0,1
sh,13981,0,3
ps,13984,9,13
sh,13983,0,15
sed,13987,0,2
cat,13988,0,1
sleep,13989,0,1001
sed,13990,0,2
cat,13991,0,1
cpuUsage.sh,13992,0,0
cpuUsage.sh,13986,0,1015
sh,13985,0,1016
git,13993,0,18
git,13994,0,6
git,13995,0,2
git,13997,0,2
git,14002,18,16
git,14000,12,19
git,14001,14,20
git,14008,32,21
git,14009,21,21
git,14005,32,22
git,14006,26,25
git,14010,56,27
git,13998,42,29
git,14017,50,26
git,13999,48,33
git,14016,46,33
git,14013,89,33
git,14012,77,33
git,14004,70,34
git,14007,43,34
git,14015,62,34
git,14011,57,35
git,14003,62,36
git,14014,90,37
git,13996,6,160
pool-NetworkMan,13350,0,15507
which,14019,0,2
sh,14018,0,6
ps,14021,11,14
sh,14020,0,16
sed,14024,0,1
cat,14025,0,1
sleep,14026,0,1002
sed,14027,0,6
cat,14028,0,1
cpuUsage.sh,14029,0,0
cpuUsage.sh,14023,0,1018
sh,14022,0,1019
bash,14030,0,1
chrt,14036,0,1
sudo,14035,0,2
sudo,14034,0,8
sh,14041,0,1
bpftrace,14042,0,10
bpftrace,14043,0,8
bpftrace,14044,0,7
bpftrace,14045,0,7
bpftrace,14046,0,7
bpftrace,14047,0,7
bpftrace,14048,0,7
which,14050,0,1
sh,14049,0,3
ps,14052,0,12
sh,14051,0,14
sleep,14038,0,1001
fibonacci,14167,0,2
fibonacci,14168,2,2
sudo,14163,1,3
sudo,14165,0,3
sudo,14158,1,11
sudo,14159,1,11
sudo,14155,0,12
sudo,14156,0,12
sudo,14054,0,134
sudo,14055,0,135
fibonacci,14170,1,2
sudo,14169,0,3
sudo,14162,0,10
sudo,14161,0,11
sudo,14057,2,140
fibonacci,14179,0,2
sudo,14177,0,3
fibonacci,14180,7,2
sudo,14178,0,3
sudo,14173,0,10
sudo,14171,0,11
sudo,14174,0,11
sudo,14172,0,12
sudo,14059,5,148
sudo,14058,4,149
fibonacci,14182,0,2
sudo,14181,0,3
sudo,14176,0,10
sudo,14175,0,11
sudo,14060,6,155
sed,14160,47,35
fibonacci,14190,0,2
fibonacci,14189,0,2
sudo,14188,0,2
sudo,14187,0,3
sudo,14186,0,10
sudo,14184,0,12
sudo,14185,0,11
sudo,14183,0,13
sudo,14062,9,165
sudo,14061,7,165
fibonacci,14195,0,2
sudo,14194,0,4
sudo,14192,0,12
sudo,14191,0,12
sudo,14063,10,175
fibonacci,14203,0,2
sudo,14200,0,3
sudo,14198,0,12
sudo,14196,0,13
sudo,14065,13,185
fibonacci,14207,0,2
sudo,14206,0,3
sudo,14205,0,12
sudo,14204,0,13
sudo,14066,14,194
fibonacci,14214,0,2
sudo,14212,0,3
fibonacci,14215,2,2
sudo,14213,0,3
sudo,14210,0,10
sudo,14211,0,10
sudo,14208,0,11
sudo,14209,0,11
sudo,14148,0,185
sudo,14067,17,203
fibonacci,14219,0,2
sudo,14218,0,3
sudo,14217,0,10
sudo,14216,0,11
sudo,14068,19,216
fibonacci,14230,0,2
sudo,14227,0,3
fibonacci,14232,0,2
sudo,14229,0,3
sudo,14226,0,10
sudo,14223,0,11
sudo,14224,0,11
fibonacci,14231,1,3
sudo,14221,0,11
sudo,14228,0,4
sudo,14071,22,232
sudo,14069,18,233
sudo,14225,0,12
sudo,14222,0,13
cat,14220,24,26
sudo,14070,19,239
fibonacci,14245,0,2
fibonacci,14246,1,2
fibonacci,14247,0,2
sudo,14241,1,3
fibonacci,14248,0,2
sudo,14244,1,3
sudo,14242,1,3
sudo,14240,1,10
sudo,14236,4,11
sudo,14239,5,11
sudo,14233,6,12
sudo,14238,1,11
sudo,14243,1,4
sudo,14235,6,12
sudo,14076,33,250
sudo,14072,29,251
sudo,14075,32,251
sudo,14237,1,12
sudo,14234,4,13
sudo,14074,27,253
fibonacci,14256,1,2
sudo,14255,0,3
fibonacci,14260,1,2
sudo,14258,0,3
fibonacci,14259,4,3
sudo,14257,0,4
sudo,14253,0,12
sudo,14250,0,13
sudo,14077,27,270
sudo,14254,1,14
sudo,14252,1,15
sudo,14251,1,16
sudo,14249,1,17
sudo,14081,31,273
sudo,14078,29,275
fibonacci,14269,0,2
sudo,14268,0,3
sudo,14264,0,11
sudo,14263,5,11
sudo,14082,32,281
fibonacci,14270,2,4
fibonacci,14272,0,2
sudo,14267,0,5
sudo,14271,0,3
sudo,14265,0,13
sudo,14266,0,12
sudo,14262,0,14
sudo,14261,1,14
sudo,14080,30,284
sudo,14079,30,284
fibonacci,14276,0,2
sudo,14275,0,3
sudo,14274,0,11
sudo,14273,0,12
sudo,14083,33,299
cat,14277,0,1
git,14193,134,144
fibonacci,14296,11,3
sudo,14291,1,4
sudo,14284,1,12
sudo,14280,7,13
sudo,14088,43,328
fibonacci,14297,5,4
sudo,14295,1,6
sudo,14287,1,14
sudo,14281,8,15
sudo,14086,41,331
fibonacci,14300,0,2
sudo,14298,0,2
fibonacci,14301,0,2
sudo,14299,0,3
sudo,14288,6,17
sudo,14285,2,18
sudo,14294,0,11
sudo,14286,8,18
sudo,14087,45,334
sudo,14090,39,334
fibonacci,14293,21,12
sudo,14290,1,13
sudo,14282,1,21
sudo,14278,2,22
sudo,14085,36,338
fibonacci,14305,0,2
sudo,14304,0,3
sudo,14303,0,10
sudo,14302,0,11
sudo,14089,37,352
cat,14306,0,1
fibonacci,14166,88,254
sudo,14164,1,255
sudo,14157,1,263
sudo,14154,0,264
fibonacci,14310,0,3
sudo,14309,0,4
sudo,14056,1,387
sudo,14308,0,13
sudo,14307,0,14
sudo,14091,41,382
fibonacci,14321,0,2
fibonacci,14320,2,2
sudo,14318,0,2
sudo,14317,0,3
sudo,14316,0,10
sudo,14315,0,11
sudo,14312,0,11
sudo,14313,0,11
fibonacci,14322,1,3
sudo,14319,0,4
sudo,14094,42,397
sudo,14093,42,397
sudo,14314,0,12
sudo,14311,0,13
sudo,14092,41,399
cat,14323,0,1
fibonacci,14329,0,2
sudo,14328,0,2
sudo,14325,0,10
fibonacci,14331,0,2
sudo,14324,0,11
sudo,14330,0,3
sudo,14095,45,414
sudo,14327,0,10
sudo,14326,0,11
sudo,14096,45,416
fibonacci,14339,0,2
fibonacci,14338,2,2
sudo,14337,0,3
sudo,14336,0,3
sudo,14334,0,11
sudo,14335,0,11
sudo,14332,0,11
sudo,14333,0,11
sudo,14098,47,430
sudo,14097,46,431
fibonacci,14343,0,2
sudo,14342,0,3
sudo,14341,0,11
sudo,14340,0,11
sudo,14099,48,445
fibonacci,14347,0,2
sudo,14346,0,3
sudo,14345,0,10
sudo,14344,0,11
sudo,14100,49,454
cat,14348,0,2
cat,14350,0,1
fibonacci,14355,0,2
sudo,14354,0,3
sudo,14351,0,11
sudo,14349,0,12
sudo,14101,51,471
fibonacci,14357,0,2
sudo,14356,0,3
sudo,14353,0,10
sudo,14352,0,11
sudo,14102,52,474
fibonacci,14363,0,2
sudo,14362,0,3
sudo,14359,0,10
sudo,14358,0,11
sudo,14103,52,484
fibonacci,14365,0,2
sudo,14364,0,2
sudo,14361,0,10
sudo,14360,0,10
sudo,14104,52,487
fibonacci,14369,0,2
sudo,14368,0,3
cat,14370,0,1
sudo,14367,0,19
sudo,14366,0,19
sudo,14105,55,507
fibonacci,14292,32,191
sudo,14289,1,192
sudo,14283,1,200
sudo,14279,0,201
sudo,14084,34,516
fibonacci,14378,0,2
fibonacci,14377,2,2
sudo,14376,0,3
sudo,14375,0,3
sudo,14374,0,10
sudo,14372,0,11
sudo,14373,0,11
sudo,14371,0,11
sudo,14106,56,518
sudo,14107,56,518
fibonacci,14387,0,2
sudo,14386,0,2
fibonacci,14389,0,2
sudo,14381,0,10
sudo,14388,0,3
sudo,14380,0,11
fibonacci,14391,1,2
sudo,14108,56,532
sudo,14390,0,3
sudo,14385,0,10
sudo,14384,0,11
sudo,14383,0,11
sudo,14110,59,533
sudo,14382,0,12
sudo,14109,58,534
fibonacci,14401,2,2
fibonacci,14400,0,2
sudo,14399,0,3
sudo,14398,0,3
sudo,14395,0,10
sudo,14394,0,11
sudo,14392,0,11
sudo,14393,0,11
sudo,14111,59,551
sudo,14112,60,551
fibonacci,14403,6,3
sudo,14402,0,4
sudo,14397,0,11
sudo,14396,0,12
sudo,14113,62,553
fibonacci,14412,0,2
sudo,14411,0,3
git,14404,45,16
sudo,14406,0,13
sudo,14405,0,14
sudo,14114,63,570
fibonacci,14418,0,2
sudo,14415,0,3
sudo,14410,1,13
sudo,14409,0,14
sudo,14116,63,573
fibonacci,14423,0,2
fibonacci,14424,0,2
sudo,14422,0,2
sudo,14421,0,2
sudo,14420,0,10
sudo,14419,0,10
sudo,14416,0,11
sudo,14417,0,11
sudo,14118,67,580
sudo,14117,66,580
fibonacci,14431,0,2
fibonacci,14432,0,2
sudo,14430,0,2
sudo,14429,0,2
sudo,14428,0,11
sudo,14426,0,12
sudo,14120,67,595
sudo,14427,0,13
sudo,14425,5,19
sudo,14119,67,604
fibonacci,14445,0,3
fibonacci,14447,0,2
sudo,14446,1,3
fibonacci,14448,0,2
sudo,14441,1,5
sudo,14440,1,11
sudo,14443,1,4
sudo,14439,7,12
sudo,14436,1,13
sudo,14437,2,13
sudo,14433,18,14
sudo,14122,77,608
sudo,14434,7,14
sudo,14124,76,608
sudo,14123,77,608
fibonacci,14444,10,7
sudo,14442,1,8
sudo,14438,2,18
sudo,14435,4,19
sudo,14121,74,615
fibonacci,14459,0,2
sudo,14456,0,3
sudo,14454,0,10
sudo,14451,1,12
fibonacci,14460,0,3
sudo,14457,0,4
sudo,14126,74,624
sudo,14452,0,12
sudo,14449,1,13
sudo,14125,73,626
fibonacci,14464,0,2
sudo,14463,0,2
sudo,14462,0,10
sudo,14461,0,11
sudo,14128,73,674
fibonacci,14472,0,2
fibonacci,14473,0,2
sudo,14471,0,2
sudo,14470,0,3
sudo,14469,0,10
sudo,14468,0,11
sudo,14467,0,11
sudo,14466,0,11
sudo,14132,76,703
sudo,14129,75,704
fibonacci,14477,0,2
sudo,14476,0,2
sudo,14475,0,10
sudo,14474,0,11
sudo,14130,76,720
fibonacci,14458,13,111
sudo,14455,0,112
sudo,14453,0,120
sudo,14450,1,121
fibonacci,14481,0,2
sudo,14127,72,733
sudo,14480,0,3
sudo,14479,0,10
sudo,14478,0,11
sudo,14131,76,734
fibonacci,14488,0,2
fibonacci,14489,0,2
sudo,14486,0,3
sudo,14487,0,3
sudo,14484,0,11
sudo,14485,0,11
sudo,14482,0,11
sudo,14483,0,11
sudo,14134,80,748
sudo,14133,78,748
git,14465,67,70
fibonacci,14495,0,2
sudo,14494,0,3
sudo,14491,0,10
sudo,14490,0,11
fibonacci,14497,4,2
sudo,14496,0,3
sudo,14136,79,769
sudo,14493,0,10
sudo,14492,0,11
sudo,14135,79,771
fibonacci,14504,0,2
fibonacci,14505,0,2
sudo,14502,0,2
sudo,14503,0,3
sudo,14500,0,10
sudo,14501,0,10
sudo,14498,0,11
sudo,14499,0,11
sudo,14137,82,787
sudo,14138,83,787
fibonacci,14511,0,2
sudo,14510,0,3
fibonacci,14513,0,2
sudo,14512,0,3
sudo,14507,0,11
sudo,14506,0,12
sudo,14509,0,10
sudo,14508,0,11
sudo,14139,84,807
sudo,14141,85,807
fibonacci,14520,0,2
fibonacci,14521,2,2
sudo,14518,0,2
sudo,14519,0,3
sudo,14516,0,11
sudo,14517,0,11
sudo,14515,0,12
sudo,14514,0,12
sudo,14143,86,822
sudo,14142,85,822
git,14523,0,4
fibonacci,14529,0,2
sudo,14528,0,3
sudo,14525,0,10
sudo,14524,0,11
fibonacci,14531,1,2
sudo,14530,0,3
sudo,14140,88,849
sudo,14527,0,10
sudo,14526,0,11
sudo,14144,88,849
git,14532,13,8
fibonacci,14557,0,2
sudo,14556,0,2
sudo,14553,0,10
sudo,14552,0,11
sudo,14145,90,869
fibonacci,14559,0,2
sudo,14558,0,3
sudo,14555,0,10
sudo,14554,0,11
sudo,14147,91,873
fibonacci,14563,0,2
sudo,14562,0,3
sudo,14561,0,11
sudo,14560,0,11
sudo,14146,90,886
fibonacci,14569,0,2
sudo,14568,0,2
sudo,14565,0,10
sudo,14564,0,11
sudo,14149,91,893
fibonacci,14571,0,2
sudo,14570,0,2
sudo,14567,0,10
sudo,14566,0,10
sudo,14073,110,915
fibonacci,14575,0,2
sudo,14574,0,3
sudo,14573,0,10
sudo,14572,0,11
sudo,14150,94,907
git,14539,60,59
fibonacci,14579,0,2
sudo,14578,0,3
sudo,14577,0,10
sudo,14576,0,10
sudo,14151,95,919
fibonacci,14583,0,2
sudo,14582,0,2
sudo,14581,0,9
sudo,14580,0,10
sudo,14152,94,926
git,14541,162,82
git,14544,252,89
git,14534,213,120
git,14547,153,140
git,14548,360,143
git,14546,158,145
git,14550,146,146
git,14545,364,150
git,14549,296,159
git,14540,223,162
git,14543,267,163
git,14551,402,165
git,14538,271,167
git,14537,237,173
git,14533,175,178
git,14542,238,179
git,14536,293,179
git,14535,223,190
git,14522,306,423
fibonacci,14414,49,698
sudo,14413,0,699
sudo,14408,0,706
sudo,14407,0,707
sudo,14115,63,1265
sleep,14379,2,1001
which,14585,0,2
sh,14584,0,4
sed,14586,0,1
cat,14589,0,1
ps,14588,0,13
sh,14587,0,14
sed,14592,0,1
cpuUsage.sh,14593,0,0
cat,14594,0,1
cat,14595,0,1
cpuUsage.sh,14596,0,0
cat,14597,0,1
cat,14598,0,1
cat,14599,0,1
cat,14600,0,1
cat,14601,0,1
cpuUsage.sh,14602,0,0
cat,14604,0,1
cpuUsage.sh,14605,0,0
cat,14606,0,1
cat,14603,10,4
cpuUsage.sh,14607,0,0
cat,14608,0,1
cpuUsage.sh,14610,0,0
cat,14611,0,1
cat,14609,1,2
cpuUsage.sh,14612,0,0
cat,14613,0,1
cat,14614,0,1
cat,14615,0,1
cpuUsage.sh,14616,0,0
cat,14617,0,1
cat,14618,0,1
cpuUsage.sh,14153,333,1460
sh,14053,142,1584
fibonacci,14202,149,1823
sudo,14201,0,1824
sudo,14199,0,1832
sudo,14197,0,1833
sudo,14064,12,2006
run_tasks.sh,14033,14,3021
sudo,14032,0,3022
sudo,14031,0,3029
bash,14620,0,1
sleep,14619,0,1002
sed,14621,0,5
cat,14622,0,1
cpuUsage.sh,14623,0,0
cpuUsage.sh,14624,0,0
cpuUsage.sh,14625,0,0
cpuUsage.sh,14626,0,0
cat,14627,0,1
cpuUsage.sh,14628,0,0
cpuUsage.sh,14629,0,0
cat,14630,0,1
cpuUsage.sh,14631,0,0
cpuUsage.sh,14632,0,0
cat,14633,0,1
cpuUsage.sh,14634,0,0
cpuUsage.sh,14635,0,0
cpuUsage.sh,14636,0,0
cpuUsage.sh,14637,0,0
cpuUsage.sh,14591,6,1058
sh,14590,0,1060
git,14638,0,2
git,14639,0,2
git,14641,0,2
git,14645,12,13
git,14646,26,14
git,14647,20,15
git,14642,54,17
git,14651,36,18
git,14650,19,20
git,14648,18,21
git,14644,31,23
git,14653,85,24
git,14658,44,27
git,14661,17,29
git,14652,58,30
git,14649,38,31
git,14643,193,33
git,14657,40,33
git,14660,43,33
git,14655,51,34
git,14659,49,35
git,14654,63,38
git,14656,152,39
git,14640,46,159
git,14662,0,3
git,14663,0,3
git,14665,0,3
git,14670,12,14
git,14669,23,15
git,14667,46,16
git,14668,18,19
git,14671,37,17
git,14666,26,24
git,14675,27,21
git,14677,28,26
git,14678,88,29
git,14680,32,31
git,14672,32,33
git,14676,81,34
git,14685,64,35
git,14679,34,36
git,14683,54,36
git,14673,223,37
git,14682,53,36
git,14681,60,37
git,14684,41,37
git,14674,96,38
git,14664,64,161
which,14687,0,1
sh,14686,0,4
ps,14689,6,12
sh,14688,0,14
sed,14692,0,1
cat,14693,0,1
sleep,14694,0,1001
sed,14695,0,1
cat,14696,0,1
cpuUsage.sh,14697,0,0
cpuUsage.sh,14691,0,1011
sh,14690,0,1013
sadc,14698,0,12
(sd-close),14699,0,0
which,14702,0,1
sh,14701,0,6
ps,14704,9,14
sh,14703,0,17
sed,14707,0,1
cat,14708,0,1
git,14710,0,2
git,14711,0,2
git,14713,0,2
git,14715,0,6
git,14714,7,7
git,14716,22,12
git,14718,13,14
git,14717,28,14
git,14730,8,15
git,14723,18,20
git,14728,22,24
git,14721,30,25
git,14719,54,27
git,14720,59,28
git,14726,30,29
git,14725,33,29
git,14724,40,30
git,14729,58,30
git,14733,38,30
git,14722,32,30
git,14727,35,30
git,14732,115,31
git,14731,135,31
git,14712,58,154
sleep,14709,0,1001
sed,14734,0,2
cat,14735,0,1
cpuUsage.sh,14736,0,0
cpuUsage.sh,14706,0,1012
sh,14705,0,1014
which,14738,0,1
sh,14737,0,5
ps,14740,5,13
sh,14739,0,15
sed,14743,0,1
cat,14744,0,1
bash,14746,0,2
chrt,14752,0,1
sudo,14751,0,2
sudo,14750,0,10
sh,14757,0,1
bpftrace,14758,0,10
bpftrace,14759,0,9
bpftrace,14760,0,7
bpftrace,14761,0,8
bpftrace,14762,0,7
bpftrace,14763,0,7
bpftrace,14764,0,6
sleep,14745,0,1001
sed,14765,0,1
cat,14766,0,1
cpuUsage.sh,14767,0,0
cpuUsage.sh,14742,0,1012
sh,14741,0,1014
git,14768,0,16
which,14770,0,1
sh,14769,0,3
ps,14772,5,14
sh,14771,0,16
sleep,14754,0,1001
fibonacci,14797,3,4
fibonacci,14798,3,4
fibonacci,14799,3,5
fibonacci,14801,4,5
fibonacci,14800,4,5
fibonacci,14802,4,5
fibonacci,14803,5,6
fibonacci,14804,4,6
fibonacci,14805,5,6
fibonacci,14807,5,6
fibonacci,14808,5,7
fibonacci,14809,6,7
fibonacci,14811,6,7
fibonacci,14813,7,8
fibonacci,14812,7,8
fibonacci,14814,7,8
fibonacci,14816,7,9
fibonacci,14817,8,9
fibonacci,14815,8,9
fibonacci,14818,8,9
fibonacci,14819,8,10
fibonacci,14829,10,11
fibonacci,14828,10,11
fibonacci,14831,10,12
fibonacci,14832,10,12
fibonacci,14833,10,12
fibonacci,14835,11,12
fibonacci,14836,11,12
fibonacci,14838,11,12
fibonacci,14839,11,12
fibonacci,14840,11,12
fibonacci,14842,11,12
fibonacci,14845,11,12
fibonacci,14846,12,13
fibonacci,14847,12,13
fibonacci,14848,11,13
fibonacci,14851,12,13
fibonacci,14850,12,13
fibonacci,14853,12,14
fibonacci,14855,12,13
fibonacci,14857,13,14
fibonacci,14858,13,14
fibonacci,14859,13,14
fibonacci,14860,12,13
fibonacci,14861,13,14
fibonacci,14862,13,14
fibonacci,14866,13,14
fibonacci,14867,13,14
fibonacci,14869,13,14
fibonacci,14868,13,14
fibonacci,14870,13,14
fibonacci,14871,13,15
fibonacci,14872,13,15
fibonacci,14776,212,35
fibonacci,14777,33,35
fibonacci,14779,33,34
fibonacci,14874,14,15
fibonacci,14843,56,22
fibonacci,14782,33,34
fibonacci,14780,34,35
fibonacci,14781,133,35
fibonacci,14785,33,34
fibonacci,14783,33,35
fibonacci,14788,33,34
fibonacci,14784,33,35
fibonacci,14790,33,34
fibonacci,14787,64,34
fibonacci,14791,33,34
fibonacci,14793,91,33
fibonacci,14794,91,33
fibonacci,14820,37,28
fibonacci,14796,32,33
fibonacci,14822,27,28
fibonacci,14864,17,19
fibonacci,14825,26,28
fibonacci,14854,20,21
fibonacci,14824,27,28
fibonacci,14863,32,19
fibonacci,14873,31,17
fibonacci,14827,26,28
fibonacci,14856,20,21
fibonacci,14865,32,19
fibonacci,14789,34,36
fibonacci,14792,34,35
fibonacci,14795,34,35
fibonacci,14849,21,115
fibonacci,14810,130,124
fibonacci,14821,121,122
fibonacci,14823,121,122
fibonacci,14826,132,121
fibonacci,14830,131,121
fibonacci,14834,119,120
fibonacci,14841,122,123
fibonacci,14844,135,123
fibonacci,14852,133,121
fibonacci,14778,34,187
fibonacci,14806,32,187
sed,14775,194,195
git,14876,0,2
cat,14875,8,10
cat,14878,0,1
cat,14879,0,1
git,14877,82,44
cat,14880,0,1
cat,14882,3,4
git,14883,3,6
git,14885,13,13
cat,14884,20,22
git,14897,18,15
git,14889,37,16
git,14887,19,24
git,14893,24,33
git,14900,182,41
git,14886,48,42
cat,14905,9,10
git,14899,232,51
git,14904,57,51
git,14890,73,56
git,14894,94,63
git,14895,159,67
git,14898,149,68
git,14888,287,72
git,14903,230,72
git,14901,69,77
git,14902,111,79
git,14891,154,85
git,14896,175,87
git,14892,221,97
git,14881,62,232
fibonacci,14837,121,763
sleep,14906,27,1015
sed,14907,0,1
cat,14908,0,1
cpuUsage.sh,14909,0,0
cat,14910,0,1
cpuUsage.sh,14911,0,0
cat,14912,0,1
cpuUsage.sh,14913,0,0
cat,14914,0,1
cpuUsage.sh,14915,0,0
cat,14916,0,1
cpuUsage.sh,14917,0,0
cpuUsage.sh,14918,0,0
cat,14919,0,1
cpuUsage.sh,14920,0,0
cat,14921,0,1
cpuUsage.sh,14922,0,0
cpuUsage.sh,14774,107,1473
sh,14773,0,1476
fibonacci,14786,38,1668
run_tasks.sh,14749,14,2686
sudo,14748,0,2687
sudo,14747,1,2697
bash,14923,0,1
which,14925,0,1
sh,14924,0,3
ps,14927,19,14
sh,14926,0,15
sed,14930,0,1
cat,14931,0,1
git,14933,0,2
git,14934,0,2
git,14936,0,2
git,14938,29,18
git,14943,41,18
git,14937,28,19
git,14946,15,14
git,14945,25,21
git,14942,20,23
git,14944,32,24
git,14940,56,25
git,14939,65,26
git,14947,26,23
git,14948,29,24
git,14941,31,31
git,14950,48,27
git,14951,40,31
git,14952,113,32
git,14955,51,33
git,14949,95,34
git,14956,44,35
git,14953,67,36
git,14954,88,36
git,14935,18,191
sleep,14932,0,1002
sed,14957,0,4
cat,14958,0,2
cpuUsage.sh,14959,0,0
cpuUsage.sh,14929,0,1018
sh,14928,0,1020
journal-offline,14961,0,5
journal-offline,14960,0,6
git,14962,0,3
git,14963,3,3
git,14965,0,2
git,14970,17,15
git,14969,18,17
git,14968,25,19
git,14976,18,20
git,14973,33,22
git,14966,60,25
git,14983,102,24
git,14971,23,27
git,14974,30,28
git,14978,70,29
git,14972,93,30
git,14985,51,30
git,14975,125,33
git,14977,102,35
git,14982,136,35
git,14980,74,37
git,14967,159,39
git,14981,39,38
git,14984,255,39
git,14979,99,40
git,14964,108,185
git,14986,0,3
git,14987,0,2
git,14989,0,2
git,14994,8,14
git,14993,15,16
git,14990,21,18
git,14995,32,19
git,14998,28,20
git,15004,38,20
git,15005,28,25
git,15007,31,25
git,14992,23,28
git,14997,129,28
git,15003,34,31
git,14996,29,32
git,15009,21,31
git,15000,56,32
git,15006,20,34
git,14991,119,36
git,15001,79,36
git,15008,85,36
git,14999,109,37
git,15002,78,38
git,14988,147,162
git,15010,0,2
git,15011,0,2
git,15013,0,3
git,15017,12,14
git,15018,26,15
git,15014,17,20
git,15022,30,21
git,15019,20,23
git,15032,56,23
git,15023,27,28
git,15020,28,29
git,15029,76,32
git,15026,46,36
git,15033,78,37
git,15021,109,39
git,15025,50,40
git,15024,35,42
git,15016,105,42
git,15031,41,42
git,15015,79,43
git,15030,81,43
git,15027,210,44
git,15028,126,45
git,15012,49,181
which,15035,0,3
sh,15034,0,10
ps,15037,4,15
sh,15036,0,19
sed,15040,0,1
cat,15041,0,1
sleep,15042,0,1001
sed,15043,0,2
cat,15044,0,1
cpuUsage.sh,15045,0,0
cpuUsage.sh,15039,0,1013
sh,15038,0,1015
bash,15046,0,1
chrt,15052,0,2
sudo,15051,0,3
sudo,15050,0,11
sh,15057,0,1
bpftrace,15058,0,11
bpftrace,15059,0,9
bpftrace,15060,0,8
bpftrace,15061,0,7
bpftrace,15062,0,7
bpftrace,15063,0,8
bpftrace,15064,0,7
which,15066,0,1
sh,15065,0,3
ps,15068,13,13
sh,15067,0,15
sleep,15054,0,1001
fibonacci,15072,0,1
fibonacci,15073,0,1
fibonacci,15075,0,1
fibonacci,15076,1,3
fibonacci,15077,2,3
fibonacci,15078,4,5
fibonacci,15079,5,6
fibonacci,15080,6,7
fibonacci,15081,7,8
fibonacci,15083,8,9
fibonacci,15084,9,10
fibonacci,15085,10,11
fibonacci,15086,11,12
fibonacci,15087,12,13
fibonacci,15154,0,1
fibonacci,15088,15,16
fibonacci,15089,16,17
fibonacci,15090,17,18
fibonacci,15091,17,18
fibonacci,15092,18,19
fibonacci,15093,18,19
fibonacci,15094,19,20
fibonacci,15095,19,20
fibonacci,15096,20,21
fibonacci,15097,20,21
fibonacci,15098,21,22
fibonacci,15099,21,22
fibonacci,15100,21,22
fibonacci,15101,22,23
fibonacci,15103,23,24
fibonacci,15104,24,25
fibonacci,15105,25,26
fibonacci,15106,26,27
fibonacci,15107,27,28
fibonacci,15108,28,29
fibonacci,15109,29,30
fibonacci,15110,30,31
fibonacci,15111,31,32
fibonacci,15112,32,33
fibonacci,15113,33,35
fibonacci,15114,35,36
fibonacci,15115,36,37
fibonacci,15116,37,38
fibonacci,15117,38,39
fibonacci,15118,39,41
fibonacci,15119,41,42
fibonacci,15120,42,43
fibonacci,15121,43,44
fibonacci,15122,44,45
fibonacci,15123,45,46
fibonacci,15124,46,47
fibonacci,15125,47,48
fibonacci,15126,48,49
fibonacci,15127,49,50
fibonacci,15128,50,52
fibonacci,15129,52,53
fibonacci,15130,53,54
fibonacci,15131,54,55
fibonacci,15132,55,56
fibonacci,15074,0,157
fibonacci,15134,146,147
fibonacci,15135,147,149
fibonacci,15136,149,150
fibonacci,15137,150,151
fibonacci,15138,151,152
fibonacci,15139,152,153
fibonacci,15140,153,154
fibonacci,15141,154,155
fibonacci,15142,155,156
fibonacci,15143,156,157
fibonacci,15144,157,158
fibonacci,15102,22,179
fibonacci,15146,170,171
fibonacci,15147,171,172
fibonacci,15148,172,173
fibonacci,15149,173,174
fibonacci,15150,174,175
fibonacci,15151,174,175
fibonacci,15152,175,176
fibonacci,15153,176,177
fibonacci,15155,177,178
fibonacci,15156,178,179
fibonacci,15157,178,179
fibonacci,15158,179,180
fibonacci,15159,180,181
fibonacci,15160,181,182
fibonacci,15161,181,182
fibonacci,15162,182,183
fibonacci,15163,183,184
fibonacci,15164,184,186
fibonacci,15165,185,187
fibonacci,15166,187,188
fibonacci,15167,188,189
fibonacci,15168,188,189
fibonacci,15169,189,190
fibonacci,15170,190,191
fibonacci,15145,158,256
sed,15071,342,277
cat,15171,2,3
cat,15173,1,2
cat,15174,0,2
cat,15175,0,1
cat,15176,0,1
cat,15177,0,1
cat,15178,0,2
git,15172,33,33
git,15180,0,2
git,15181,3,3
git,15183,0,2
git,15185,19,14
git,15186,32,16
git,15195,182,118
git,15197,141,121
git,15188,220,126
git,15189,249,131
git,15187,204,136
git,15190,209,137
git,15200,302,138
fibonacci,15133,56,696
git,15203,426,141
git,15198,166,143
git,15196,327,148
git,15191,244,151
git,15199,332,152
git,15184,386,155
git,15193,320,155
git,15201,179,156
git,15194,390,156
git,15202,200,156
git,15192,266,158
git,15182,226,306
sleep,15179,0,1001
sed,15204,0,1
cat,15205,0,1
cpuUsage.sh,15206,0,0
cat,15207,0,1
cpuUsage.sh,15208,0,0
cat,15209,0,1
cpuUsage.sh,15210,0,0
cat,15211,0,1
cpuUsage.sh,15212,0,0
cat,15213,0,1
cpuUsage.sh,15214,0,0
cpuUsage.sh,15215,0,0
cat,15216,0,1
cpuUsage.sh,15217,0,0
cat,15218,0,1
cpuUsage.sh,15219,0,0
cpuUsage.sh,15070,9,1331
sh,15069,15,1349
fibonacci,15082,49,1703
run_tasks.sh,15049,191,2723
sudo,15048,0,2725
sudo,15047,5,2733
bash,15220,0,1
which,15222,0,1
sh,15221,0,3
ps,15224,6,12
sh,15223,0,14
sed,15227,0,1
cat,15228,0,1
sleep,15229,0,1001
sed,15230,0,1
cat,15231,0,1
cpuUsage.sh,15232,0,0
cpuUsage.sh,15226,0,1013
sh,15225,0,1014
bash,15233,0,1
chrt,15239,0,1
sudo,15238,0,3
sudo,15237,0,11
sh,15244,0,1
bpftrace,15245,0,11
bpftrace,15246,0,9
bpftrace,15247,0,8
bpftrace,15248,0,8
bpftrace,15249,0,8
bpftrace,15250,0,8
bpftrace,15251,0,7
git,15252,1,3
git,15253,0,2
git,15255,0,2
git,15260,5,10
git,15258,5,16
git,15264,61,16
git,15263,18,21
git,15266,13,25
git,15272,39,29
git,15259,75,33
git,15267,28,35
git,15256,51,39
git,15273,65,41
git,15261,60,46
git,15274,39,46
git,15257,53,48
git,15262,91,48
git,15271,61,48
git,15275,37,49
git,15265,122,50
git,15269,49,52
git,15268,145,54
git,15270,72,57
git,15254,128,189
sleep,15241,0,1001
fibonacci,15277,0,1
fibonacci,15276,0,1
fibonacci,15278,0,1
fibonacci,15279,1,2
fibonacci,15281,0,2
fibonacci,15280,1,2
fibonacci,15283,1,2
fibonacci,15285,2,3
fibonacci,15282,2,5
fibonacci,15306,0,1
fibonacci,15286,3,10
fibonacci,15288,10,11
fibonacci,15289,11,12
fibonacci,15290,12,13
fibonacci,15292,18,20
fibonacci,15293,20,22
fibonacci,15294,21,23
fibonacci,15295,23,24
fibonacci,15296,24,25
fibonacci,15291,13,79
fibonacci,15298,79,179
fibonacci,15299,180,184
fibonacci,15300,185,186
fibonacci,15301,186,187
fibonacci,15302,187,188
fibonacci,15287,5,260
fibonacci,15304,257,259
fibonacci,15305,259,260
fibonacci,15307,260,261
fibonacci,15308,261,320
fibonacci,15309,321,323
fibonacci,15310,323,329
fibonacci,15311,329,330
fibonacci,15312,330,331
fibonacci,15313,331,332
fibonacci,15314,332,333
fibonacci,15315,333,336
fibonacci,15284,1,417
fibonacci,15297,24,428
fibonacci,15318,423,424
fibonacci,15319,424,425
fibonacci,15317,410,469
fibonacci,15321,470,476
fibonacci,15322,477,478
fibonacci,15323,478,479
fibonacci,15324,479,480
fibonacci,15325,480,481
fibonacci,15326,482,483
fibonacci,15327,483,485
fibonacci,15320,425,489
fibonacci,15329,487,488
fibonacci,15328,485,489
fibonacci,15330,488,491
fibonacci,15332,491,493
fibonacci,15331,489,512
fibonacci,15334,512,513
fibonacci,15335,513,514
fibonacci,15336,514,515
fibonacci,15337,515,517
fibonacci,15338,517,523
fibonacci,15339,523,524
fibonacci,15340,524,525
fibonacci,15341,525,526
fibonacci,15342,526,528
fibonacci,15333,493,557
fibonacci,15316,337,594
fibonacci,15345,589,599
fibonacci,15346,599,600
fibonacci,15347,600,602
fibonacci,15348,602,603
fibonacci,15349,603,604
fibonacci,15350,604,605
fibonacci,15351,605,606
fibonacci,15352,607,608
fibonacci,15353,608,610
fibonacci,15354,610,611
fibonacci,15355,611,613
fibonacci,15356,613,652
fibonacci,15303,188,860
fibonacci,15358,849,851
fibonacci,15359,851,867
fibonacci,15360,867,868
fibonacci,15361,868,869
fibonacci,15362,869,870
fibonacci,15363,870,872
fibonacci,15364,872,878
fibonacci,15365,878,879
fibonacci,15366,879,882
fibonacci,15367,882,883
fibonacci,15368,883,884
fibonacci,15369,884,886
fibonacci,15370,886,887
fibonacci,15371,887,889
fibonacci,15372,889,895
fibonacci,15373,895,896
fibonacci,15374,896,900
which,15376,0,2
sh,15375,3,6
git,15377,42,20
ps,15379,34,14
sh,15378,3,17
sed,15382,0,2
cat,15383,2,1
cat,15384,0,1
cat,15385,0,1
cat,15386,0,1
cat,15387,0,1
cat,15388,0,1
cat,15389,0,1
cat,15390,0,1
cat,15391,0,1
cat,15392,0,1
fibonacci,15343,528,1202
fibonacci,15344,554,1233
sleep,15393,0,1001
sed,15394,0,2
cat,15395,0,1
cpuUsage.sh,15396,0,0
cat,15397,0,1
cpuUsage.sh,15398,0,0
cat,15399,0,1
cpuUsage.sh,15400,0,0
cat,15401,0,1
cpuUsage.sh,15402,0,0
cat,15403,0,1
cpuUsage.sh,15404,0,0
cpuUsage.sh,15405,0,0
cpuUsage.sh,15406,0,0
cat,15407,0,1
cpuUsage.sh,15408,0,0
cat,15409,0,1
cpuUsage.sh,15410,0,0
cat,15411,0,1
cpuUsage.sh,15412,0,0
cpuUsage.sh,15381,13,1060
sh,15380,5,1063
fibonacci,15357,701,2365
run_tasks.sh,15236,898,3400
sudo,15235,0,3401
sudo,15234,1,3410
bash,15413,0,1
git,15414,0,4
git,15415,0,2
git,15417,0,3
git,15418,26,19
git,15422,22,20
git,15421,49,21
git,15426,54,22
git,15437,24,23
git,15423,32,23
git,15424,39,27
git,15427,57,28
git,15420,92,31
git,15430,44,31
git,15425,60,32
git,15433,118,32
git,15431,38,34
git,15436,62,34
git,15428,42,34
git,15419,102,37
git,15434,50,37
git,15435,23,38
git,15429,69,38
git,15432,48,40
git,15416,34,163
which,15439,0,1
sh,15438,0,3
ps,15441,26,13
sh,15440,0,15
sed,15444,0,1
cat,15445,0,1
sleep,15446,0,1001
sed,15447,0,2
cat,15448,0,1
cpuUsage.sh,15449,0,0
cpuUsage.sh,15443,0,1013
sh,15442,0,1015
git,15450,0,4
git,15451,0,2
git,15453,0,2
git,15461,37,20
git,15464,30,21
git,15456,20,24
git,15459,44,25
git,15465,2,26
git,15454,41,27
git,15462,21,28
git,15458,47,28
git,15457,36,34
git,15466,31,34
git,15455,44,35
git,15463,29,34
git,15460,37,35
git,15468,33,35
git,15471,52,35
git,15467,63,35
git,15469,34,38
git,15473,28,40
git,15470,24,41
git,15472,22,41
git,15452,112,164
git,15474,0,3
git,15475,0,4
git,15477,0,3
git,15479,44,16
git,15486,18,16
git,15478,55,19
git,15487,29,20
git,15484,16,23
git,15495,205,26
git,15480,24,30
git,15497,76,30
git,15482,87,33
git,15485,36,34
git,15481,49,36
git,15488,49,36
git,15491,142,36
git,15483,41,38
git,15489,126,40
git,15494,70,40
git,15496,82,41
git,15492,90,42
git,15490,49,42
git,15493,50,43
git,15476,280,188
git,15498,0,3
git,15499,0,3
git,15501,0,3
git,15505,6,14
git,15506,14,16
git,15502,26,19
git,15513,17,24
git,15508,50,25
git,15507,58,27
git,15510,39,27
git,15515,82,27
git,15518,76,30
git,15512,75,32
git,15503,28,33
git,15517,39,34
git,15504,71,35
git,15509,44,36
git,15520,54,36
git,15519,168,37
git,15511,33,39
git,15521,127,39
git,15516,46,40
git,15514,55,43
git,15500,158,181
git,15522,0,3
git,15523,0,2
git,15525,0,3
git,15531,23,13
git,15530,24,15
git,15526,27,20
git,15535,23,21
git,15542,75,21
git,15532,49,23
git,15534,26,28
git,15529,29,30
git,15543,66,31
git,15538,70,34
git,15537,100,35
git,15540,39,35
git,15527,133,37
git,15533,135,37
git,15528,52,38
git,15536,60,38
git,15545,74,39
git,15541,81,40
git,15544,91,43
git,15539,73,44
git,15524,5,173
git,15546,0,2
git,15547,0,2
git,15549,0,2
git,15554,16,13
git,15553,24,15
git,15550,27,19
git,15551,29,20
git,15555,51,21
git,15558,92,21
git,15559,25,24
git,15569,134,28
git,15561,66,29
git,15567,26,31
git,15560,32,33
git,15568,48,33
git,15565,104,34
git,15564,71,35
git,15552,115,36
git,15556,68,36
git,15557,48,36
git,15566,211,36
git,15562,52,39
git,15563,109,39
git,15548,26,168
git,15570,0,2
git,15571,0,3
git,15573,0,3
git,15577,19,14
git,15578,26,15
git,15576,26,19
git,15584,35,20
git,15581,19,22
git,15575,49,23
git,15589,35,23
git,15582,42,25
git,15580,29,25
git,15592,27,29
git,15583,23,30
git,15593,55,30
git,15586,40,34
git,15579,61,36
git,15588,247,36
git,15585,189,38
git,15574,86,39
git,15590,94,39
git,15591,100,40
git,15587,74,41
git,15572,64,176
git,15594,0,2
git,15595,0,2
git,15597,0,2
git,15601,17,12
git,15602,11,14
git,15603,14,18
git,15612,24,22
git,15600,34,25
git,15608,44,26
git,15609,79,27
git,15605,32,28
git,15616,22,25
git,15617,52,26
git,15614,34,32
git,15604,133,33
git,15610,56,33
git,15599,142,35
git,15607,108,34
git,15598,34,36
git,15611,52,35
git,15613,44,36
git,15615,65,36
git,15606,74,37
git,15596,51,165
git,15618,0,2
git,15619,0,2
git,15621,2,3
git,15626,16,14
git,15625,25,15
git,15624,29,20
git,15632,21,21
git,15629,37,22
git,15638,102,23
git,15633,55,28
git,15634,24,29
git,15627,83,32
git,15635,32,34
git,15631,57,36
git,15641,136,37
git,15622,105,38
git,15628,161,39
git,15637,361,39
git,15623,121,40
git,15636,32,41
git,15630,87,41
git,15639,115,41
git,15640,154,42
git,15620,112,185
git,15642,2,3
git,15643,0,2
git,15645,0,3
git,15649,10,14
git,15650,15,15
git,15655,20,20
git,15646,15,23
git,15654,29,25
git,15651,57,25
git,15653,96,26
git,15656,27,30
git,15657,54,31
git,15647,57,33
git,15648,112,35
git,15659,58,36
git,15652,58,38
git,15664,79,39
git,15661,170,40
git,15663,27,40
git,15658,238,41
git,15665,73,42
git,15660,63,43
git,15662,48,43
git,15644,183,179
git,15666,0,3
git,15667,0,2
git,15669,0,2
git,15675,16,13
git,15674,24,14
git,15682,27,25
git,15672,12,26
git,15683,15,25
git,15670,40,30
git,15689,52,30
git,15684,36,31
git,15676,31,32
git,15679,26,33
git,15687,70,33
git,15680,54,33
git,15685,44,33
git,15671,98,34
git,15678,84,34
git,15681,37,35
git,15688,57,35
git,15686,35,36
git,15673,92,37
git,15677,53,38
git,15668,84,163
git,15690,0,2
git,15691,0,2
git,15693,2,3
git,15696,18,20
git,15697,17,21
git,15698,35,21
git,15694,37,23
git,15695,67,24
git,15713,73,21
git,15711,31,25
git,15709,36,30
git,15704,55,32
git,15701,123,32
git,15710,47,33
git,15706,86,34
git,15702,133,35
git,15700,89,36
git,15703,148,35
git,15707,39,35
git,15708,57,35
git,15699,117,36
git,15705,51,37
git,15712,112,38
git,15692,112,170
git,15714,0,2
git,15715,0,3
git,15717,0,3
git,15722,13,15
git,15721,21,16
git,15725,17,18
git,15728,80,22
git,15720,56,23
git,15736,34,23
git,15723,29,27
git,15724,100,27
git,15737,73,28
git,15731,63,29
git,15718,50,32
git,15734,19,31
git,15732,102,34
git,15727,20,36
git,15729,152,36
git,15735,79,37
git,15719,157,39
git,15733,138,38
git,15726,89,40
git,15730,44,43
git,15716,59,186
git,15738,0,3
git,15739,0,2
git,15741,2,3
git,15745,10,14
git,15746,16,15
git,15742,18,20
git,15743,13,21
git,15751,74,23
git,15748,24,24
git,15758,24,28
git,15747,23,29
git,15744,45,31
git,15749,107,32
git,15750,128,33
git,15753,202,34
git,15756,53,36
git,15761,69,36
git,15760,83,37
git,15752,188,37
git,15759,249,39
git,15755,93,39
git,15754,47,39
git,15757,54,40
git,15740,15,175
git,15762,0,3
git,15763,0,3
git,15765,0,3
git,15769,13,15
git,15768,21,19
git,15776,32,20
git,15773,34,22
git,15781,22,22
git,15771,40,27
git,15770,0,28
git,15775,27,28
git,15766,56,29
git,15779,57,29
git,15772,34,33
git,15778,25,34
git,15767,81,37
git,15777,161,37
git,15783,95,39
git,15784,70,40
git,15780,94,40
git,15774,65,42
git,15785,47,41
git,15782,35,42
git,15764,52,178
sleep,13187,0,180001
git,15789,0,3
git,15790,0,3
git,15792,0,4
git,15796,20,13
git,15797,18,15
git,15801,18,21
git,15799,36,25
git,15795,104,26
git,15798,48,28
git,15807,34,28
git,15802,31,33
git,15810,46,35
git,15800,59,38
git,15811,41,39
git,15805,68,41
git,15794,63,43
git,15793,169,43
git,15806,136,43
git,15809,43,43
git,15808,69,44
git,15803,117,44
git,15804,55,45
git,15812,163,45
git,15791,21,174
git,15813,0,5
git,15814,0,2
git,15816,0,2
git,15821,12,13
git,15822,25,14
git,15819,30,17
git,15820,12,19
git,15827,36,20
git,15834,16,20
git,15817,39,29
git,15833,63,30
git,15824,35,31
git,15823,60,31
git,15826,22,31
git,15825,37,31
git,15829,55,31
git,15832,59,31
git,15831,44,31
git,15828,26,33
git,15835,189,33
git,15818,62,35
git,15836,110,35
git,15830,40,38
git,15815,43,163
which,15838,0,3
sh,15837,0,10
ps,15840,5,16
sh,15839,0,19
sed,15843,0,1
cat,15844,0,1
sleep,15845,0,1001
sed,15846,0,2
cat,15847,0,1
cpuUsage.sh,15848,0,0
cpuUsage.sh,15842,0,1012
sh,15841,0,1014
which,15850,0,1
sh,15849,0,3
ps,15852,24,14
sh,15851,0,16
sed,15855,0,1
cat,15856,0,1
sleep,15857,0,1001
sed,15858,0,2
cat,15859,0,1
cpuUsage.sh,15860,0,0
cpuUsage.sh,15854,0,1014
sh,15853,0,1015
git,15861,0,2
git,15862,0,2
git,15864,0,2
git,15868,10,13
git,15869,17,15
git,15865,64,19
git,15870,22,20
git,15872,51,21
git,15873,38,22
git,15877,49,25
git,15879,40,26
git,15878,59,30
git,15876,50,31
git,15874,61,32
git,15880,24,32
git,15871,54,33
git,15866,68,34
git,15881,63,34
git,15867,98,37
git,15875,96,38
git,15882,115,39
git,15883,76,40
git,15884,63,43
git,15863,5,175
which,15886,0,1
sh,15885,0,7
ps,15888,11,14
sh,15887,0,16
sed,15891,0,1
cat,15892,0,1
sleep,15893,0,1001
sed,15894,0,1
cat,15895,0,1
cpuUsage.sh,15896,0,0
cpuUsage.sh,15890,0,1012
sh,15889,0,1014
git,15897,0,2
git,15898,0,2
git,15900,0,2
git,15906,26,14
git,15905,14,19
git,15914,56,19
git,15911,23,20
git,15904,21,23
git,15903,39,24
git,15909,67,24
git,15912,42,28
git,15901,104,31
git,15913,64,31
git,15920,56,35
git,15919,26,36
git,15908,39,37
git,15910,65,37
git,15915,48,37
git,15917,38,37
git,15902,132,39
git,15907,69,39
git,15916,56,39
git,15918,68,41
git,15899,45,169
bash,15921,0,1
grep,15922,0,3
awk,15923,0,3
bash,15924,0,1
which,15926,0,1
sh,15925,0,3
ps,15928,0,13
sh,15927,0,15
sed,15931,0,1
cat,15932,0,1
sleep,15933,0,1001
sed,15934,0,2
cat,15935,0,1
cpuUsage.sh,15936,0,0
cpuUsage.sh,15930,0,1013
sh,15929,0,1015
git,15937,0,2
git,15938,0,2
git,15940,0,3
git,15944,9,13
git,15945,14,15
git,15956,15,22
git,15951,27,25
git,15943,71,27
git,15947,22,28
git,15948,45,29
git,15959,106,29
git,15950,122,33
git,15958,112,34
git,15942,92,36
git,15946,81,37
git,15954,97,37
git,15941,149,38
git,15957,45,38
git,15949,106,39
git,15955,42,39
git,15952,53,39
git,15953,47,40
git,15960,118,40
git,15939,15,171
git,15961,14,17
git,15962,0,16
git,15963,0,3
git,15964,0,2
git,15965,0,2
git,15967,0,2
git,15972,16,13
git,15971,12,14
git,15978,17,20
git,15985,14,21
git,15970,61,22
git,15975,23,24
git,15980,99,26
git,15979,57,28
git,15976,74,31
git,15977,32,33
git,15982,181,33
git,15983,69,35
git,15981,68,35
git,15968,66,36
git,15969,51,37
git,15973,39,38
git,15987,79,38
git,15974,162,39
git,15984,51,38
git,15986,81,42
git,15966,65,163
git,15988,0,5
git,15989,0,5
git,15990,0,4
git,15992,0,2
git,15998,14,11
git,15996,18,16
git,15995,34,19
git,15997,37,22
git,15994,19,23
git,16001,32,24
git,16000,80,26
git,15999,58,30
git,16008,82,30
git,15993,71,34
git,16005,34,35
git,16002,37,36
git,16007,53,37
git,16010,50,37
git,16004,42,38
git,16006,190,40
git,16003,55,41
git,16012,124,41
git,16009,88,42
git,16011,50,42
git,15991,5,167
git,16013,0,2
git,16014,0,2
git,16016,0,2
git,16020,16,13
git,16021,15,15
git,16027,16,18
git,16017,58,19
git,16022,14,20
git,16025,35,21
git,16019,57,21
git,16024,51,22
git,16033,18,23
git,16023,47,26
git,16028,40,28
git,16036,69,28
git,16018,41,31
git,16031,42,33
git,16030,66,34
git,16029,82,35
git,16032,92,36
git,16034,79,37
git,16035,134,38
git,16026,44,39
git,16015,35,163
git,16038,0,3
git,16039,0,3
git,16041,0,3
git,16045,20,13
git,16046,14,15
git,16043,15,19
git,16051,46,21
git,16048,44,22
git,16058,22,22
git,16049,23,27
git,16053,42,30
git,16042,47,33
git,16054,42,32
git,16060,124,32
git,16047,183,34
git,16056,37,37
git,16050,184,38
git,16061,44,38
git,16044,129,40
git,16055,114,40
git,16059,59,41
git,16052,51,42
git,16057,59,42
git,16040,119,187
pool-NetworkMan,16037,0,15504
git,16062,0,3
git,16063,0,3
git,16065,0,3
git,16067,0,8
git,16068,17,11
git,16069,12,14
git,16070,30,16
git,16072,12,15
git,16075,12,20
git,16073,42,22
git,16076,41,22
git,16066,37,33
git,16085,35,27
git,16083,85,30
git,16082,36,32
git,16079,40,33
git,16077,27,34
git,16081,90,34
git,16074,118,36
git,16071,119,36
git,16084,42,35
git,16080,82,36
git,16078,48,37
git,16064,20,173
git,16086,0,2
git,16087,0,2
git,16089,0,2
git,16093,12,13
git,16094,26,14
git,16092,61,18
git,16091,32,19
git,16095,50,20
git,16105,57,20
git,16100,33,26
git,16098,54,26
git,16090,23,26
git,16108,25,26
git,16109,41,27
git,16096,139,28
git,16097,7,31
git,16102,125,31
git,16104,100,32
git,16106,67,34
git,16103,58,34
git,16101,68,36
git,16107,56,36
git,16099,48,39
git,16088,33,163
git,16110,0,3
git,16111,0,3
git,16113,0,2
git,16117,4,7
git,16127,7,15
git,16122,17,19
git,16114,29,21
git,16119,25,22
git,16120,62,26
git,16116,23,27
git,16118,33,28
git,16131,26,31
git,16129,35,34
git,16115,137,36
git,16124,27,36
git,16123,106,37
git,16126,81,37
git,16125,156,38
git,16130,66,38
git,16128,102,39
git,16133,127,39
git,16121,49,40
git,16132,55,42
git,16112,96,174
debian-sa1,16136,0,1
sh,16135,0,4
cron,16134,0,8
git,16137,1,3
git,16138,1,3
git,16140,0,3
git,16144,4,10
git,16146,14,21
git,16156,21,23
git,16145,18,29
git,16143,38,31
git,16158,89,32
git,16151,85,34
git,16149,39,35
git,16148,49,36
git,16153,136,36
git,16147,166,37
git,16150,127,37
git,16142,82,38
git,16159,68,38
git,16155,76,39
git,16141,77,41
git,16160,59,40
git,16157,93,40
git,16154,72,40
git,16152,86,42
git,16139,94,175
sleep,15787,0,180001
git,16163,0,3
git,16164,0,3
git,16166,0,3
git,16170,10,13
git,16171,41,15
git,16175,25,21
git,16172,23,25
git,16168,27,27
git,16176,134,28
git,16173,57,30
git,16178,21,31
git,16169,43,34
git,16184,151,33
git,16183,48,35
git,16186,92,38
git,16185,172,38
git,16177,50,39
git,16174,195,39
git,16167,38,40
git,16180,59,40
git,16181,37,42
git,16179,44,44
git,16182,57,45
git,16165,128,182
git,16187,0,3
git,16188,0,2
git,16190,0,3
git,16194,11,14
git,16191,35,17
git,16196,11,19
git,16195,26,19
git,16209,20,20
git,16205,18,25
git,16203,22,29
git,16208,31,30
git,16199,12,31
git,16204,62,33
git,16210,41,34
git,16201,29,36
git,16192,129,38
git,16200,43,38
git,16198,69,39
git,16193,56,39
git,16207,58,39
git,16197,61,40
git,16202,44,40
git,16206,85,41
git,16189,239,169
git,16211,1,3
git,16212,0,3
git,16214,0,2
git,16219,6,13
git,16218,24,14
git,16231,11,17
git,16222,18,20
git,16217,27,21
git,16221,30,23
git,16225,29,23
git,16215,50,27
git,16234,50,28
git,16224,105,29
git,16223,85,30
git,16226,90,33
git,16216,31,35
git,16220,63,35
git,16229,54,35
git,16232,88,36
git,16230,43,36
git,16227,30,37
git,16233,35,37
git,16228,97,39
git,16213,209,161
journal-offline,16235,0,0
journal-offline,16236,0,2
evolution-sourc,16243,0,5
pool-evolution-,16251,0,502
pool-evolution-,16248,0,502
pool-evolution-,16247,0,503
pool-evolution-,16250,0,502
pool-evolution-,16252,0,502
pool-evolution-,16245,0,504
pool-evolution-,16249,0,503
pool-evolution-,16253,0,502
pool-evolution-,16246,0,504
gmain,16238,0,10015
nm-dispatcher,16237,0,10031
gdbus,16241,0,10013
pool-nm-dispatc,16240,0,10015
pool-spawner,16239,0,10016
(sd-close),16254,0,0
pool-udisksd,16242,0,15500
pool-evolution-,16244,0,15505
git,16256,0,3
git,16257,0,3
git,16259,0,4
git,16264,11,18
git,16263,23,19
git,16277,45,21
git,16267,19,27
git,16276,43,32
git,16262,28,34
git,16265,65,37
git,16269,112,38
git,16266,67,39
git,16273,78,40
git,16260,76,41
git,16279,291,40
git,16275,90,41
git,16272,205,42
git,16270,93,43
git,16261,133,43
git,16274,39,45
git,16271,79,45
git,16278,152,46
git,16268,46,47
git,16258,58,194
git,16280,0,3
git,16281,0,3
git,16283,0,4
git,16287,20,14
git,16288,18,16
git,16286,57,22
git,16296,73,26
git,16285,30,27
git,16302,24,31
git,16300,50,32
git,16291,40,33
git,16294,30,34
git,16289,30,37
git,16298,39,38
git,16303,62,37
git,16292,71,40
git,16290,105,41
git,16295,117,41
git,16284,56,42
git,16297,152,43
git,16299,126,43
git,16301,38,44
git,16293,94,45
git,16282,47,182
git,16304,0,3
git,16305,0,2
git,16307,2,3
git,16311,19,13
git,16312,26,15
git,16313,39,25
git,16314,17,25
git,16308,47,26
git,16316,23,26
git,16317,40,27
git,16318,53,30
git,16323,30,32
git,16315,75,34
git,16309,126,37
git,16325,54,38
git,16322,79,39
git,16327,109,41
git,16320,92,41
git,16310,213,44
git,16319,55,45
git,16326,78,45
git,16321,50,46
git,16324,93,46
git,16328,2,20
git,16329,4,19
git,16330,2,4
git,16306,8,210
git,16331,0,2
git,16332,0,3
git,16334,0,2
git,16338,18,14
git,16339,15,17
git,16341,30,22
git,16340,29,24
git,16335,36,25
git,16343,16,25
git,16346,22,27
git,16347,60,29
git,16342,68,30
git,16344,29,31
git,16337,45,33
git,16345,26,33
git,16348,45,34
git,16349,44,34
git,16352,50,34
git,16336,64,38
git,16351,57,38
git,16354,107,39
git,16350,68,40
git,16353,69,41
git,16333,57,169
git,16355,0,2
git,16356,0,2
git,16358,0,3
git,16362,19,13
git,16363,13,14
git,16369,19,19
git,16366,17,20
git,16361,28,20
git,16376,19,20
git,16364,64,24
git,16367,73,25
git,16371,33,28
git,16375,105,28
git,16370,26,32
git,16372,116,33
git,16359,46,34
git,16365,47,34
git,16378,48,34
git,16373,93,34
git,16360,48,35
git,16374,211,35
git,16368,55,36
git,16377,44,36
git,16357,86,157
git,16379,0,3
git,16380,0,3
git,16382,0,2
git,16386,35,14
git,16387,21,15
git,16385,16,20
git,16393,29,20
git,16390,19,21
git,16400,53,22
git,16389,45,25
git,16392,75,27
git,16394,61,29
git,16396,26,31
git,16388,26,32
git,16399,49,32
git,16383,61,34
git,16398,65,34
git,16391,65,35
git,16402,54,35
git,16401,87,35
git,16384,99,37
git,16397,68,36
git,16395,67,37
git,16381,11,157
git,16403,0,2
git,16404,0,2
git,16406,0,2
git,16411,16,14
git,16410,48,14
git,16409,19,19
git,16414,36,21
git,16426,53,21
git,16417,62,22
git,16420,51,26
git,16425,55,27
git,16407,40,30
git,16416,69,30
git,16408,28,32
git,16413,41,33
git,16421,164,33
git,16422,44,34
git,16415,43,35
git,16424,50,35
git,16418,108,35
git,16412,71,37
git,16423,70,37
git,16419,52,38
git,16405,39,161
git,16427,0,2
git,16428,0,2
git,16430,0,2
git,16433,18,13
git,16435,7,14
git,16434,24,15
git,16431,22,19
git,16442,36,19
git,16438,23,22
git,16440,55,24
git,16436,35,26
git,16437,116,30
git,16446,39,31
git,16439,55,32
git,16432,42,35
git,16445,49,35
git,16450,35,36
git,16441,32,37
git,16444,46,38
git,16447,42,40
git,16449,92,41
git,16448,56,43
git,16443,52,44
git,16429,3,180
git,16451,0,2
git,16452,0,2
git,16454,0,4
git,16456,0,7
git,16459,13,14
git,16460,17,16
git,16455,11,18
git,16457,18,20
git,16458,28,23
git,16469,52,17
git,16463,64,20
git,16461,20,25
git,16474,173,25
git,16462,28,27
git,16464,65,28
git,16470,72,30
git,16465,146,31
git,16472,44,32
git,16467,61,34
git,16466,44,34
git,16471,42,35
git,16473,105,35
git,16468,140,37
git,16453,4,180
git,16475,0,3
git,16476,0,2
git,16478,0,3
git,16482,19,16
git,16479,24,19
git,16484,13,20
git,16485,21,21
git,16487,41,22
git,16483,19,26
git,16495,51,26
git,16489,48,28
git,16496,88,28
git,16486,27,29
git,16481,30,33
git,16498,47,33
git,16494,21,34
git,16497,98,35
git,16490,61,40
git,16492,37,39
git,16491,71,41
git,16488,97,42
git,16480,76,43
git,16493,58,44
git,16477,9,171
git,16499,0,3
git,16500,3,3
git,16502,0,3
git,16506,16,12
git,16504,23,25
git,16522,15,23
git,16507,18,24
git,16515,20,25
git,16505,35,30
git,16511,53,28
git,16512,106,29
git,16508,27,30
git,16503,28,34
git,16513,74,32
git,16514,98,33
git,16520,69,34
git,16519,214,36
git,16516,232,36
git,16509,31,37
git,16510,54,38
git,16517,39,38
git,16518,29,40
git,16521,53,42
git,16501,4,178
git,16523,0,3
git,16524,0,2
git,16526,0,2
git,16530,17,13
git,16528,18,16
git,16531,22,13
git,16532,35,19
git,16533,59,23
git,16545,40,24
git,16538,70,25
git,16529,145,32
git,16536,15,30
git,16527,64,33
git,16537,55,32
git,16535,55,36
git,16539,55,39
git,16541,126,39
git,16540,125,40
git,16544,70,40
git,16543,55,41
git,16534,188,42
git,16542,188,42
git,16546,147,43
git,16525,13,186
git,16547,2,4
git,16548,0,3
git,16550,0,3
git,16552,17,13
git,16555,14,14
git,16557,18,15
git,16554,24,17
git,16558,13,21
git,16567,29,25
git,16551,56,27
git,16561,89,28
git,16556,83,29
git,16563,140,29
git,16569,115,33
git,16565,19,35
git,16560,44,37
git,16559,48,38
git,16562,39,39
git,16564,80,39
git,16553,197,42
git,16570,117,41
git,16568,69,41
git,16566,57,42
git,16549,207,178
git,16571,0,2
git,16572,0,3
git,16574,0,2
git,16579,18,17
git,16578,46,18
git,16576,34,19
git,16580,21,20
git,16583,17,21
git,16582,19,22
git,16588,67,23
git,16586,73,26
git,16585,60,27
git,16590,33,29
git,16584,30,31
git,16581,56,33
git,16592,50,34
git,16575,142,36
git,16594,47,36
git,16587,84,36
git,16591,56,36
git,16577,63,38
git,16593,64,37
git,16589,48,39
git,16573,214,160
git,16595,0,2
git,16596,0,2
git,16598,0,2
git,16602,46,14
git,16614,26,23
git,16604,15,23
git,16603,39,23
git,16600,25,26
git,16601,33,28
git,16599,35,30
git,16609,42,30
git,16605,29,32
git,16611,79,32
git,16613,76,32
git,16618,38,34
git,16615,67,35
git,16606,54,36
git,16616,119,36
git,16610,93,37
git,16608,158,38
git,16612,51,38
git,16617,75,38
git,16607,47,40
git,16597,44,161
sleep,16161,0,180001
git,16620,0,3
git,16621,0,3
git,16623,0,3
git,16627,6,18
git,16640,17,18
git,16625,31,22
git,16630,40,24
git,16633,35,25
git,16628,27,26
git,16636,45,31
git,16639,120,34
git,16624,76,37
git,16632,58,37
git,16635,155,38
git,16629,114,39
git,16638,67,39
git,16626,116,40
git,16642,84,40
git,16643,164,40
git,16634,132,41
git,16637,64,42
git,16641,86,42
git,16631,73,45
git,16622,34,184
which,16645,0,1
sh,16644,0,7
ps,16647,9,16
sh,16646,0,20
sed,16650,0,1
cat,16651,0,1
sleep,16652,0,1001
sed,16653,0,3
cat,16654,0,2
cpuUsage.sh,16655,0,0
cpuUsage.sh,16649,1,1016
sh,16648,0,1018
git,16656,4,3
git,16657,1,3
git,16659,0,3
git,16663,39,14
git,16664,20,16
git,16665,52,19
git,16661,29,25
git,16668,82,25
git,16660,24,29
git,16670,38,30
git,16666,92,31
git,16671,35,32
git,16669,33,32
git,16667,73,33
git,16662,91,34
git,16673,31,34
git,16679,43,35
git,16678,159,36
git,16675,21,38
git,16674,91,38
git,16676,23,39
git,16677,44,40
git,16672,40,41
git,16658,161,179
which,16681,0,4
sh,16680,2,11
ps,16683,0,15
sh,16682,0,19
sed,16686,0,1
cat,16687,0,1
sleep,16688,0,1001
sed,16689,0,1
cat,16690,0,1
cpuUsage.sh,16691,0,0
cpuUsage.sh,16685,0,1012
sh,16684,0,1014
which,16693,0,1
sh,16692,0,7
ps,16695,4,16
sh,16694,0,18
sed,16698,0,1
cat,16699,0,1
sleep,16700,0,1001
sed,16701,0,2
cat,16702,0,1
cpuUsage.sh,16703,0,0
cpuUsage.sh,16697,0,1013
sh,16696,0,1016
git,16704,0,3
git,16705,0,3
git,16707,0,2
git,16711,4,16
git,16714,16,18
git,16708,25,24
git,16713,50,26
git,16712,1,26
git,16717,19,26
git,16716,46,26
git,16710,69,30
git,16719,21,30
git,16709,51,31
git,16721,67,32
git,16715,29,35
git,16718,103,35
git,16726,46,35
git,16723,131,37
git,16722,43,40
git,16720,57,41
git,16724,72,42
git,16725,72,42
git,16727,32,42
which,16729,0,1
sh,16728,0,3
ps,16731,0,14
sh,16730,2,16
sed,16734,0,1
cat,16735,0,1
git,16706,42,178
which,16738,0,1
sh,16737,5,7
sleep,16736,0,1001
ps,16740,1,13
sh,16739,0,14
sed,16741,1,2
cat,16742,0,1
cpuUsage.sh,16744,0,0
cpuUsage.sh,16733,1,1013
sh,16732,0,1015
sed,16746,0,1
cat,16747,0,1
sleep,16748,0,1001
sed,16749,0,1
cat,16750,0,2
cpuUsage.sh,16751,0,0
cpuUsage.sh,16745,0,1014
sh,16743,0,1016
which,16753,0,1
sh,16752,0,7
ps,16755,3,14
sh,16754,0,16
sed,16758,0,1
cat,16759,0,1
sleep,16760,0,1002
sed,16761,0,6
cat,16763,0,1
which,16764,0,1
cpuUsage.sh,16765,0,0
cpuUsage.sh,16757,1,1020
sh,16762,0,4
sh,16756,0,1022
ps,16767,3,13
sh,16766,0,14
sed,16770,0,1
cat,16771,0,1
sleep,16772,0,1001
sed,16773,0,2
cat,16774,0,1
cpuUsage.sh,16775,0,0
cpuUsage.sh,16769,0,1012
sh,16768,1,1014
kworker/dying,15788,0,315887
git,16776,0,3
git,16777,0,2
git,16779,0,2
git,16782,0,13
git,16784,0,14
git,16783,0,16
git,16787,0,18
git,16781,0,21
git,16790,0,24
git,16791,0,25
git,16793,0,29
git,16792,0,31
git,16780,0,36
git,16794,0,36
git,16789,0,37
git,16788,0,38
git,16785,0,39
git,16796,0,41
git,16795,0,42
git,16797,0,42
git,16786,0,43
git,16799,0,43
git,16798,0,44
git,16778,0,174
which,16801,0,3
sh,16800,0,10
ps,16803,0,15
sh,16802,0,19
sed,16806,0,1
cat,16807,0,1
git,16809,0,3
git,16810,0,3
git,16812,0,3
git,16818,0,18
git,16817,0,18
git,16813,0,20
git,16821,0,21
git,16819,0,27
git,16815,0,27
git,16831,0,26
git,16820,0,27
git,16823,0,27
git,16832,0,31
git,16822,0,33
git,16826,0,33
git,16824,0,36
git,16825,0,37
git,16827,0,37
git,16814,0,39
git,16816,0,40
git,16828,0,41
git,16830,0,41
git,16829,0,42
git,16811,0,160
sleep,16808,0,1001
sed,16833,0,1
cat,16834,0,1
cpuUsage.sh,16835,0,0
cpuUsage.sh,16805,0,1013
sh,16804,0,1015
which,16837,0,1
sh,16836,0,3
ps,16839,0,13
sh,16838,0,15
sed,16842,0,1
cat,16843,0,1
sleep,16844,0,1001
sed,16845,0,2
cat,16846,0,1
cpuUsage.sh,16847,0,0
cpuUsage.sh,16841,0,1012
sh,16840,0,1014
git,16848,0,3
git,16849,0,3
git,16851,0,2
git,16852,0,23
git,16857,0,24
git,16859,0,25
git,16854,0,26
git,16862,0,26
git,16860,0,27
git,16866,0,24
git,16867,0,24
git,16869,0,27
git,16870,0,28
git,16858,0,32
git,16863,0,33
git,16853,0,33
git,16861,0,33
git,16865,0,30
git,16856,0,35
git,16855,0,35
git,16871,0,31
git,16868,0,32
git,16864,0,35
git,16850,0,166
which,16873,0,1
sh,16872,0,9
ps,16875,0,14
sh,16874,0,16
sed,16878,0,1
cat,16879,0,1
sleep,16880,0,1002
sed,16881,0,4
cat,16882,0,1
cpuUsage.sh,16883,0,0
cpuUsage.sh,16877,0,1017
sh,16876,0,1019
which,16885,0,1
sh,16884,0,3
ps,16887,0,13
sh,16886,0,15
sed,16890,0,1
cat,16891,0,1
git,16893,0,3
git,16894,0,2
git,16896,0,2
git,16900,0,14
git,16901,0,15
git,16904,0,23
git,16903,0,24
git,16911,0,25
git,16902,0,25
git,16897,0,26
git,16905,0,25
git,16898,0,28
git,16915,0,28
git,16913,0,33
git,16908,0,34
git,16916,0,35
git,16899,0,37
git,16910,0,38
git,16907,0,38
git,16906,0,39
git,16909,0,40
git,16914,0,40
git,16912,0,40
git,16895,0,182
sleep,16892,0,1001
sed,16917,0,4
cat,16918,0,2
cpuUsage.sh,16919,0,0
cpuUsage.sh,16889,0,1019
sh,16888,0,1021
which,16921,0,1
sh,16920,0,3
ps,16923,0,13
sh,16922,0,15
sed,16926,0,1
cat,16927,0,1
sleep,16928,0,1001
sed,16929,0,1
cat,16930,0,1
cpuUsage.sh,16931,0,0
cpuUsage.sh,16925,0,1012
sh,16924,0,1014
git,16932,0,2
git,16933,0,2
git,16935,0,2
git,16941,0,12
git,16936,0,13
git,16939,0,19
git,16940,0,20
git,16944,0,23
git,16953,0,23
git,16952,0,24
git,16937,0,25
git,16938,0,26
git,16942,0,28
git,16945,0,28
git,16946,0,29
git,16943,0,29
git,16951,0,32
git,16947,0,33
git,16950,0,34
git,16948,0,35
git,16954,0,35
git,16955,0,36
git,16949,0,36
git,16934,0,159
which,16957,0,1
sh,16956,0,3
ps,16959,0,13
sh,16958,0,14
sed,16962,0,1
cat,16963,0,1
sleep,16964,0,1002
sed,16965,0,5
cat,16966,0,2
cpuUsage.sh,16967,0,1
cpuUsage.sh,16961,0,1021
sh,16960,0,1023
sleep,16619,0,180002
kworker/dying,14700,0,914699
cpptools-srv,13014,0,1649208
