Attaching 6 probes...
COMM,PID,RUNQ_MS,TOTAL_MS
which,5052,1,1
sh,5051,2,3
ps,5054,1,12
sh,5053,2,14
sed,5057,0,1
cat,5058,0,1
cat,5059,0,1
cat,5060,0,1
cat,5061,0,1
cat,5062,0,1
cat,5063,0,1
fibonacci,5065,16,17
fibonacci,5066,17,18
fibonacci,5067,18,19
fibonacci,5068,19,20
fibonacci,5069,20,21
fibonacci,5070,21,22
fibonacci,5071,22,25
fibonacci,5072,25,26
fibonacci,5073,26,408
fibonacci,5074,408,409
fibonacci,5075,409,415
fibonacci,5076,415,644
fibonacci,5077,644,645
fibonacci,5078,645,646
fibonacci,5079,646,647
fibonacci,5080,647,702
fibonacci,5081,701,703
fibonacci,5082,703,704
fibonacci,5083,704,705
fibonacci,5084,705,706
fibonacci,5085,706,707
fibonacci,5086,707,1077
sleep,5064,293,1294
sed,5164,6,5
cat,5165,3,5
cpuUsage.sh,5166,0,0
cat,5167,0,1
cpuUsage.sh,5168,0,0
cat,5169,0,1
cpuUsage.sh,5170,0,0
cpuUsage.sh,5171,0,0
cat,5172,0,1
cpuUsage.sh,5173,0,0
cat,5174,0,1
cpuUsage.sh,5175,0,0
cpuUsage.sh,5056,6,1330
sh,5055,1,1332
fibonacci,5087,2297,1220
fibonacci,5088,1220,1227
fibonacci,5089,1227,1228
fibonacci,5090,1228,1229
fibonacci,5091,1229,1230
fibonacci,5092,1230,1833
fibonacci,5093,1833,1834
fibonacci,5094,1834,1835
fibonacci,5095,1835,1836
fibonacci,5096,1836,1837
fibonacci,5097,1837,1892
fibonacci,5098,1892,1893
fibonacci,5099,1892,1898
fibonacci,5100,1898,1899
fibonacci,5101,1899,1900
fibonacci,5102,1900,1901
fibonacci,5103,1901,1902
fibonacci,5104,1901,1904
fibonacci,5105,1904,2134
fibonacci,5106,2183,2243
fibonacci,5107,2243,2245
fibonacci,5108,2244,2245
fibonacci,5109,2245,2301
fibonacci,5110,2300,2306
fibonacci,5111,2306,2307
fibonacci,5112,2307,2308
fibonacci,5113,2308,2309
fibonacci,5114,2309,2310
fibonacci,5115,2310,2311
fibonacci,5116,2310,2313
fibonacci,5117,2313,2318
fibonacci,5118,2317,2319
fibonacci,5119,2318,2321
fibonacci,5120,2321,2343
fibonacci,5121,2343,2344
fibonacci,5122,2344,2399
fibonacci,5123,2399,2400
fibonacci,5124,2400,2401
fibonacci,5125,2401,2402
fibonacci,5126,2402,2403
fibonacci,5127,2403,2409
fibonacci,5128,2409,2410
fibonacci,5129,2410,2410
fibonacci,5130,2410,2411
fibonacci,5131,2411,2412
fibonacci,5132,2412,3022
fibonacci,5133,3072,3704
fibonacci,5134,3704,3713
fibonacci,5135,3713,3714
fibonacci,5136,3714,3715
fibonacci,5137,3715,3716
fibonacci,5138,3716,3717
fibonacci,5139,3717,3718
fibonacci,5140,3718,3719
fibonacci,5141,3718,3719
fibonacci,5142,3719,3720
fibonacci,5143,3720,3721
fibonacci,5144,3721,3722
fibonacci,5145,3722,3756
which,5177,2,3
sh,5176,4,8
git,5178,8,9
git,5181,5,7
fibonacci,5146,3855,5483
fibonacci,5147,5483,5485
fibonacci,5148,5485,5500
fibonacci,5149,5500,5501
fibonacci,5150,5501,5502
fibonacci,5151,5502,5503
fibonacci,5152,5503,5504
fibonacci,5153,5504,5510
fibonacci,5154,5510,5511
fibonacci,5155,5511,5514
fibonacci,5156,5514,5515
fibonacci,5157,5515,5516
fibonacci,5158,5516,5517
fibonacci,5159,5517,5519
fibonacci,5160,5518,5519
fibonacci,5161,5519,5526
fibonacci,5162,5525,5527
fibonacci,5163,5526,5529
git,5183,340,341
bash,5184,5,6
ps,5180,383,375
sh,5179,12,382
sed,5208,47,49
cat,5210,38,40
git,5198,201,166
git,5195,250,169
git,5205,565,169
git,5199,374,170
git,5191,304,171
git,5204,264,172
git,5203,421,173
git,5200,213,174
git,5201,333,174
git,5197,388,175
git,5206,795,175
git,5193,410,176
git,5202,418,176
git,5185,244,209
git,5207,567,181
git,5194,294,181
git,5192,441,182
git,5190,901,183
git,5196,463,184
git,5189,626,185
git,5209,388,163
git,5187,253,213
git,5212,3,6
git,5182,500,712
sleep,5211,37,1038
sed,5213,0,1
cat,5214,0,1
cpuUsage.sh,5215,0,0
cpuUsage.sh,5188,27,1156
sh,5186,7,1164
which,5217,0,1
sh,5216,7,4
ps,5219,2,11
sh,5218,3,13
sed,5222,0,1
cat,5223,0,1
git,5225,0,2
git,5226,2,4
git,5228,4,6
git,5229,374,144
git,5230,397,145
git,5234,292,144
git,5239,467,146
git,5232,218,147
git,5236,327,147
git,5240,261,149
git,5243,661,149
git,5247,300,150
git,5248,227,151
git,5241,357,151
git,5245,184,152
git,5235,498,153
git,5238,350,153
git,5242,409,155
git,5231,344,156
git,5246,535,156
git,5244,429,156
git,5233,246,157
git,5237,261,158
sleep,5224,1,1001
sed,5249,2,3
cat,5250,2,2
cpuUsage.sh,5251,0,0
cpuUsage.sh,5221,4,1017
sh,5220,3,1019
git,5227,182,337
bash,5252,0,1
chrt,5256,0,2
sudo,5255,1,3
sudo,5254,8,13
sh,5261,0,1
bpftrace,5262,0,11
bpftrace,5263,0,8
bpftrace,5264,0,7
bpftrace,5265,0,6
bpftrace,5266,0,6
bpftrace,5267,0,6
bpftrace,5268,0,6
which,5270,0,1
sh,5269,3,5
ps,5272,1,13
sh,5271,1,15
sleep,5258,6,1008
fibonacci,5276,16,18
fibonacci,5277,18,19
fibonacci,5278,19,171
fibonacci,5279,171,172
fibonacci,5280,172,173
fibonacci,5281,173,174
fibonacci,5282,174,175
fibonacci,5283,175,176
fibonacci,5284,176,177
fibonacci,5285,177,178
sed,5275,1713,1715
cat,5375,3,4
cat,5377,2,4
git,5376,9,8
cat,5378,2,4
cat,5379,3,4
cat,5381,4,3
git,5380,15,8
git,5384,3,5
fibonacci,5286,228,1828
fibonacci,5287,1828,1829
fibonacci,5288,1829,1830
fibonacci,5289,1830,1831
fibonacci,5290,1831,1832
fibonacci,5291,1832,1833
fibonacci,5292,1833,1834
fibonacci,5293,1834,1835
fibonacci,5294,1835,1836
fibonacci,5295,1836,1837
fibonacci,5296,1837,1838
fibonacci,5297,1837,1838
fibonacci,5298,1838,1839
fibonacci,5299,1839,1840
fibonacci,5300,1840,1841
fibonacci,5301,1841,1842
fibonacci,5302,1842,1843
fibonacci,5303,1843,1844
fibonacci,5304,1844,1845
fibonacci,5305,1844,1845
fibonacci,5306,1845,1991
fibonacci,5307,1991,1992
fibonacci,5308,1992,1993
fibonacci,5309,1993,1994
fibonacci,5310,1994,1995
fibonacci,5311,1995,1996
fibonacci,5312,1996,1997
fibonacci,5313,1996,1997
fibonacci,5314,1997,1998
fibonacci,5315,1998,1999
fibonacci,5316,1999,2000
fibonacci,5317,2000,2001
fibonacci,5318,2001,2002
fibonacci,5319,2002,2002
fibonacci,5320,2002,2003
fibonacci,5321,2003,2004
fibonacci,5322,2004,2005
fibonacci,5323,2005,2006
fibonacci,5324,2006,2007
fibonacci,5325,2006,2008
fibonacci,5326,2007,2008
fibonacci,5327,2008,2009
fibonacci,5328,2009,2010
fibonacci,5329,2010,2011
fibonacci,5330,2011,2011
fibonacci,5331,2011,2012
fibonacci,5332,2012,2013
fibonacci,5333,2013,2014
fibonacci,5334,2014,2015
fibonacci,5335,2015,2016
fibonacci,5336,2016,2017
fibonacci,5337,2017,2623
fibonacci,5338,2623,2624
fibonacci,5339,2624,2625
fibonacci,5340,2625,2626
fibonacci,5341,2626,2627
fibonacci,5342,2626,2627
fibonacci,5343,2627,2628
fibonacci,5344,2628,2629
fibonacci,5345,2629,2630
fibonacci,5346,2630,2631
fibonacci,5347,2631,2632
fibonacci,5348,2631,2632
fibonacci,5349,2682,2770
fibonacci,5350,2770,2771
fibonacci,5351,2771,2772
fibonacci,5352,2772,2773
fibonacci,5353,2773,2774
fibonacci,5354,2774,2775
fibonacci,5355,2775,2776
fibonacci,5356,2775,2776
fibonacci,5357,2776,2777
fibonacci,5358,2777,2778
fibonacci,5359,2778,2779
fibonacci,5360,2779,2780
fibonacci,5361,2779,2780
fibonacci,5362,2780,2781
fibonacci,5363,2781,2782
fibonacci,5364,2782,2783
fibonacci,5365,2782,2783
fibonacci,5366,2783,2784
fibonacci,5367,2784,2785
fibonacci,5368,2785,2786
fibonacci,5369,2786,2787
fibonacci,5370,2787,2788
fibonacci,5371,2788,2788
fibonacci,5372,2788,2789
fibonacci,5373,2789,2790
fibonacci,5374,2790,2791
run_tasks.sh,5253,2792,3838
sleep,5382,78,1079
bash,5406,35,37
sed,5405,44,45
cat,5407,37,38
cpuUsage.sh,5408,7,7
cpuUsage.sh,5409,9,10
git,5402,691,207
git,5389,539,218
git,5394,284,222
git,5385,1030,223
git,5388,389,222
git,5399,236,223
git,5397,380,224
git,5400,462,225
git,5393,656,227
git,5401,280,227
git,5398,469,227
git,5395,425,228
git,5391,521,229
git,5396,716,229
cat,5410,27,28
git,5386,891,230
git,5404,525,230
git,5390,372,233
git,5387,708,233
cpuUsage.sh,5411,2,2
git,5403,856,235
git,5392,958,236
cpuUsage.sh,5412,0,0
cat,5413,5,6
cpuUsage.sh,5414,0,1
cat,5415,5,5
cpuUsage.sh,5416,1,1
cpuUsage.sh,5274,51,3000
sh,5273,1,3003
git,5383,1099,1365
which,5418,0,2
sh,5417,0,5
ps,5420,7,12
sh,5419,2,14
sed,5423,0,1
cat,5424,1,1
sleep,5425,0,1001
sed,5426,0,2
cat,5427,0,1
cpuUsage.sh,5428,0,0
cpuUsage.sh,5422,2,1013
sh,5421,1,1016
journal-offline,5429,0,0
journal-offline,5430,0,1
package-data-do,5431,12,89
(sd-close),5432,0,0
(sd-close),5434,0,0
git,5435,9,5
git,5436,8,8
git,5438,16,15
git,5439,573,168
git,5444,519,171
git,5442,330,174
git,5441,336,177
git,5440,669,178
git,5445,537,179
git,5454,547,167
git,5453,354,168
git,5455,481,170
git,5443,536,185
git,5449,1006,187
git,5452,360,188
git,5448,998,190
git,5450,443,192
git,5447,375,192
git,5456,321,178
git,5451,932,192
git,5446,439,195
git,5458,815,181
git,5457,478,183
git,5437,109,352
systemd-timedat,5433,45,30074
(sd-close),5459,0,0
(sd-rmrf),5461,1,2
(sd-rmrf),5460,7,4
git,5462,9,9
git,5463,3,5
git,5465,4,7
git,5475,955,225
git,5482,369,229
git,5483,451,247
git,5476,374,251
git,5477,756,252
git,5478,417,253
git,5484,684,255
git,5481,603,258
git,5471,667,263
git,5469,729,265
git,5479,625,264
git,5485,579,264
git,5472,666,265
git,5480,1290,266
git,5468,330,269
git,5466,495,271
git,5473,879,272
git,5470,1278,272
git,5467,453,274
git,5474,671,272
git,5464,292,556
pool-gjs,5489,0,20
pool-gnome-shel,5488,2,505
pool-gnome-shel,5487,4,507
pool-/usr/libex,5490,1,501
pool-/usr/libex,5495,0,500
pool-/usr/libex,5494,1,501
pool-/usr/libex,5493,2,502
pool-/usr/libex,5492,503,15502
pool-/usr/libex,5491,2,15503
git,5496,2,5
git,5497,5,5
git,5499,14,12
git,5506,285,157
git,5505,385,159
git,5510,214,159
git,5507,691,161
git,5508,274,161
git,5511,361,162
git,5512,234,164
git,5516,426,164
git,5519,312,165
git,5517,608,169
git,5515,661,170
git,5504,293,171
git,5514,403,172
git,5509,287,172
git,5501,405,174
git,5503,321,173
git,5500,508,175
git,5518,409,173
git,5513,765,174
git,5502,646,177
git,5498,110,340
debian-sa1,5522,0,1
sh,5521,2,5
cron,5520,1,11
which,5524,0,1
sh,5523,3,4
ps,5526,9,11
sh,5525,1,14
sed,5529,0,1
cat,5530,0,1
sleep,5531,1,1001
sed,5532,1,2
cat,5533,0,1
cpuUsage.sh,5534,0,0
cpuUsage.sh,5528,3,1012
sh,5527,1,1014
pool-gnome-shel,5486,5,20822
bash,5535,0,2
awk,5536,5,4
awk,5537,0,1
awk,5538,0,1
awk,5539,0,2
awk,5540,0,1
awk,5541,0,1
bash,5542,0,1
git,5543,4,9
git,5544,5,5
git,5546,6,5
which,5568,33,34
sh,5567,45,67
git,5557,188,134
git,5553,284,136
git,5559,261,137
git,5562,354,138
git,5558,361,140
git,5561,235,144
git,5551,221,147
git,5556,531,147
git,5554,261,150
git,5560,429,150
git,5555,447,151
git,5552,385,152
git,5550,213,152
git,5549,169,152
git,5547,367,154
git,5548,409,155
git,5563,296,141
git,5564,290,141
git,5566,443,142
git,5565,214,143
ps,5570,71,33
sh,5569,55,74
sed,5573,2,2
cat,5574,1,2
git,5545,129,304
sleep,5575,1,1002
sed,5576,0,2
cat,5577,0,1
cpuUsage.sh,5578,0,0
cpuUsage.sh,5572,3,1017
sh,5571,5,1021
which,5580,0,1
sh,5579,1,3
ps,5582,4,12
sh,5581,3,14
sed,5585,0,1
cat,5586,1,1
sleep,5587,0,1001
sed,5588,0,2
cat,5589,0,1
cpuUsage.sh,5590,0,0
cpuUsage.sh,5584,3,1013
sh,5583,2,1015
git,5591,8,5
git,5592,5,5
git,5594,8,7
git,5601,239,128
git,5600,273,143
git,5599,598,148
git,5597,289,149
git,5598,461,149
git,5595,296,150
git,5596,396,153
git,5612,363,150
git,5609,245,151
git,5604,235,151
git,5605,472,152
git,5610,206,152
git,5614,342,153
git,5607,402,154
git,5611,440,154
git,5602,424,155
git,5608,636,156
git,5603,495,157
git,5613,745,157
git,5606,203,159
git,5593,151,310
git,5615,5,5
git,5616,5,6
git,5618,8,9
git,5635,433,140
git,5633,452,141
git,5631,189,152
git,5623,236,155
git,5626,751,156
git,5620,549,157
git,5621,508,157
git,5622,562,159
git,5624,314,159
git,5619,495,160
git,5627,279,161
git,5637,422,161
git,5636,216,161
git,5634,335,162
git,5632,610,162
git,5625,484,163
git,5628,366,163
git,5630,641,163
git,5638,198,164
git,5629,701,164
git,5617,85,318
git,5639,9,6
git,5640,12,6
git,5642,12,12
git,5658,282,156
git,5651,277,158
git,5657,186,159
git,5659,410,162
git,5643,433,166
git,5647,681,167
git,5653,276,168
git,5646,223,170
git,5648,315,170
git,5644,302,172
git,5660,842,173
git,5661,506,176
git,5645,466,177
git,5652,629,178
git,5649,479,180
git,5650,543,180
git,5656,410,183
git,5654,366,183
git,5655,334,183
git,5662,260,183
git,5641,121,338
which,5664,0,1
sh,5663,1,3
ps,5666,12,12
sh,5665,1,14
sed,5669,0,1
cat,5670,0,1
bash,5672,1,2
grep,5673,2,6
cut,5674,4,6
sort,5675,4,7
awk,5676,1,2
wc,5678,1,3
bash,5677,0,4
sed,5679,1,1
grep,5680,3,5
cut,5681,2,5
sort,5682,7,6
awk,5683,0,1
wc,5685,1,1
bash,5684,0,2
sed,5686,0,1
cut,5688,2,4
grep,5687,1,5
sort,5689,9,6
awk,5690,0,2
wc,5692,1,1
bash,5691,0,2
sed,5693,0,1
grep,5694,3,6
cut,5695,2,6
sort,5696,10,7
awk,5697,0,1
wc,5699,1,2
bash,5698,0,3
sed,5700,1,2
cut,5702,3,6
grep,5701,8,7
sort,5703,10,6
awk,5704,1,1
wc,5706,0,1
bash,5705,0,2
sed,5707,0,2
grep,5708,1,4
cut,5709,3,4
sort,5710,7,5
awk,5711,0,2
wc,5713,0,1
bash,5712,0,2
sed,5714,0,1
rm,5715,0,1
bash,5716,0,1
sleep,5671,0,1001
sed,5717,1,2
cat,5718,0,1
cpuUsage.sh,5719,0,0
cpuUsage.sh,5668,2,1013
sh,5667,1,1016
which,5721,0,1
sh,5720,0,3
ps,5723,2,11
sh,5722,0,13
sed,5726,0,1
cat,5727,0,1
sleep,5728,0,1001
sed,5729,0,2
cat,5730,0,1
cpuUsage.sh,5731,0,0
cpuUsage.sh,5725,2,1014
sh,5724,2,1018
git,5732,3,4
git,5733,2,4
git,5735,3,4
git,5737,457,142
git,5739,176,144
git,5746,314,147
git,5741,244,148
git,5743,573,149
git,5742,185,150
git,5748,361,151
git,5738,618,152
git,5745,186,152
git,5747,211,155
git,5740,332,156
git,5750,271,143
git,5744,342,159
git,5736,400,159
git,5753,356,147
git,5754,642,148
git,5752,323,148
git,5755,470,148
git,5749,905,149
git,5751,524,149
git,5734,97,296
which,5757,0,1
sh,5756,2,3
ps,5759,20,10
sh,5758,1,13
sed,5762,0,1
cat,5763,0,1
sleep,5764,0,1001
sed,5765,1,2
cat,5766,0,1
cpuUsage.sh,5767,0,0
cpuUsage.sh,5761,3,1014
sh,5760,2,1015
git,5768,1,3
git,5769,0,3
git,5771,7,7
git,5778,403,143
git,5782,337,145
git,5783,337,149
git,5775,274,150
git,5790,688,151
git,5784,224,152
git,5774,411,153
git,5788,473,153
git,5786,325,154
git,5789,223,155
git,5787,283,156
git,5772,211,158
git,5773,326,157
git,5777,192,157
git,5780,372,158
git,5781,266,158
git,5785,719,158
git,5776,198,159
git,5779,333,159
git,5791,276,160
git,5770,99,300
git,5792,4,10
git,5793,5,6
git,5795,2,4
git,5804,196,125
git,5810,314,126
git,5801,465,129
git,5802,227,131
git,5809,220,133
git,5812,197,134
git,5813,200,135
git,5799,201,137
git,5796,276,140
git,5806,464,140
git,5815,357,141
git,5805,418,142
git,5797,245,143
git,5798,320,143
git,5808,256,144
git,5800,346,146
git,5811,295,146
git,5803,341,146
git,5814,545,147
git,5807,211,147
git,5794,85,271
git,5816,2,4
git,5817,8,5
git,5819,3,6
git,5831,274,126
git,5826,247,129
git,5829,233,135
git,5830,191,136
git,5834,529,138
git,5832,304,140
git,5825,267,142
git,5836,270,144
git,5823,356,145
git,5828,355,145
git,5835,245,146
git,5822,208,146
git,5833,352,147
git,5839,179,147
git,5837,203,148
git,5827,265,148
git,5821,296,149
git,5824,415,151
git,5838,586,151
git,5820,361,151
git,5818,92,272
git,5840,3,6
git,5841,7,5
git,5843,7,5
git,5854,390,136
git,5861,299,147
git,5858,471,148
git,5845,333,150
git,5859,410,150
git,5857,314,152
git,5848,500,155
git,5850,237,156
git,5853,463,157
git,5851,291,158
git,5860,336,160
git,5863,871,162
git,5846,673,163
git,5847,447,164
git,5849,359,164
git,5844,282,165
git,5856,388,166
git,5852,287,167
git,5862,341,167
git,5855,373,168
git,5842,125,312
git,5864,1,3
git,5865,3,4
git,5867,4,6
git,5879,329,124
git,5874,271,133
git,5877,219,134
git,5882,211,137
git,5885,536,139
git,5872,440,142
git,5869,223,143
git,5868,279,144
git,5871,410,145
git,5870,287,146
git,5873,257,145
git,5883,321,146
git,5884,524,146
git,5881,232,147
git,5887,371,147
git,5878,634,148
git,5875,381,148
git,5880,317,148
git,5876,439,149
git,5886,578,149
git,5866,98,278
git,5889,0,2
git,5890,3,3
git,5892,3,6
git,5909,217,135
git,5910,195,140
git,5903,270,142
git,5899,304,143
git,5901,246,144
git,5898,200,145
git,5895,523,146
git,5908,316,147
git,5896,209,148
git,5900,237,149
git,5907,299,149
git,5897,348,150
git,5902,206,150
git,5904,654,150
git,5906,392,150
git,5905,246,151
git,5894,421,152
git,5893,339,153
git,5911,282,152
git,5912,309,153
git,5891,131,279
git,5913,1,3
git,5914,1,4
git,5916,4,6
git,5923,324,140
git,5931,215,142
git,5936,386,144
git,5927,303,146
git,5925,179,147
git,5921,472,150
git,5919,211,151
git,5918,392,151
git,5932,241,151
git,5922,318,153
git,5934,550,153
git,5930,304,153
git,5926,364,154
git,5929,483,155
git,5935,208,156
git,5928,306,156
git,5917,283,156
git,5920,629,157
git,5933,259,157
git,5924,428,157
git,5915,151,292
git,5937,5,4
git,5938,4,3
git,5940,3,6
git,5947,199,126
git,5946,335,133
git,5942,525,136
git,5953,328,130
git,5950,279,131
git,5941,248,140
git,5943,334,141
git,5952,326,135
git,5944,586,143
git,5945,272,143
git,5954,319,137
git,5957,419,138
git,5958,226,140
git,5951,295,141
git,5955,293,141
git,5956,440,142
git,5948,196,142
git,5959,255,142
git,5960,346,143
git,5949,375,146
git,5939,120,280
git,5961,2,6
git,5962,1,4
git,5964,11,9
git,5973,476,150
git,5971,257,151
git,5968,208,154
git,5970,658,157
git,5967,230,158
git,5969,314,159
git,5966,703,160
git,5979,213,149
git,5974,543,167
git,5965,245,169
git,5975,537,170
git,5980,392,158
git,5972,1003,174
git,5976,1006,174
git,5981,344,164
git,5982,322,165
git,5978,492,166
git,5977,355,167
git,5984,576,168
git,5983,305,169
git,5963,127,333
git,5985,1,3
git,5986,1,4
git,5988,3,5
git,5991,244,130
git,6003,218,127
git,5993,168,129
git,5999,157,134
git,5990,276,142
git,5989,177,145
git,5998,277,142
git,5996,202,145
git,6005,431,145
git,5994,602,146
git,5992,202,146
git,6001,324,147
git,5995,331,149
git,6004,216,149
git,6000,245,149
git,6002,363,150
git,5997,354,150
git,6008,693,144
git,6006,426,144
git,6007,332,145
git,5987,110,285
git,6009,10,7
git,6010,4,7
git,6012,11,9
git,6022,370,152
git,6014,242,154
git,6015,241,156
git,6017,460,164
git,6018,328,166
git,6029,296,157
git,6019,496,167
git,6016,362,168
git,6023,293,158
git,6024,404,159
git,6020,472,170
git,6021,501,170
git,6027,613,161
git,6030,253,162
git,6013,535,174
git,6026,844,164
git,6031,391,166
git,6028,265,166
git,6025,502,166
git,6032,549,168
git,6011,111,330
git,6033,2,6
git,6034,3,5
git,6036,4,6
git,6043,254,130
git,6047,140,130
git,6053,199,131
git,6052,236,132
git,6054,243,137
git,6038,206,146
git,6045,522,145
git,6040,212,147
git,6041,394,148
git,6042,478,148
git,6050,387,146
git,6049,332,147
git,6046,349,147
git,6048,274,148
git,6056,536,148
git,6051,562,149
git,6037,632,151
git,6039,388,153
git,6055,574,151
git,6044,556,152
git,6035,117,281
git,6057,1,3
git,6058,3,4
git,6060,4,6
git,6061,280,146
git,6071,280,145
git,6073,397,147
git,6077,809,148
git,6079,419,150
git,6067,247,151
git,6075,457,152
git,6080,390,152
git,6072,567,153
git,6065,652,154
git,6070,185,155
git,6062,333,158
git,6068,302,156
git,6064,312,157
git,6066,287,157
git,6078,203,157
git,6076,292,157
git,6074,323,158
git,6069,673,159
git,6063,300,159
git,6059,119,299
git,6081,3,4
git,6082,2,4
git,6084,6,6
git,6094,434,133
git,6095,242,135
git,6097,349,137
git,6101,337,138
git,6100,298,140
git,6091,316,142
git,6088,311,145
git,6104,280,146
git,6087,268,147
git,6099,177,147
git,6090,384,148
git,6096,362,148
git,6089,614,149
git,6092,551,149
git,6098,340,149
git,6102,557,150
git,6103,669,150
git,6093,416,151
git,6086,499,152
git,6085,643,152
git,6083,87,278
git,6105,1,4
git,6106,1,3
git,6108,4,5
git,6111,203,136
git,6110,441,142
git,6112,264,142
git,6114,341,143
git,6113,199,144
git,6115,244,146
git,6118,330,145
git,6119,745,147
git,6125,319,149
git,6124,564,150
git,6116,421,159
git,6123,474,151
git,6126,339,152
git,6109,279,162
git,6120,301,154
git,6117,868,155
git,6127,542,155
git,6122,384,155
git,6128,374,156
git,6121,217,157
git,6107,164,293
git,6129,0,3
git,6130,4,2
git,6132,5,6
git,6143,364,152
git,6139,404,154
git,6146,209,161
git,6147,457,162
git,6144,280,165
git,6140,328,166
git,6148,262,168
git,6150,604,169
git,6142,394,170
git,6134,291,172
git,6133,290,173
git,6136,703,173
git,6137,299,174
git,6141,356,175
git,6145,546,176
git,6151,337,176
git,6138,523,178
git,6152,601,178
git,6135,444,178
git,6149,616,178
git,6131,115,333
git,6153,1,3
git,6154,3,4
git,6156,4,6
git,6172,183,132
git,6168,505,134
git,6169,518,135
git,6157,199,142
git,6170,429,146
git,6162,193,147
git,6159,592,148
git,6166,353,148
git,6171,207,148
git,6160,250,149
git,6163,165,149
git,6165,271,150
git,6174,263,150
git,6167,374,151
git,6173,689,151
git,6176,286,151
git,6161,243,153
git,6175,497,153
git,6164,503,154
git,6158,489,154
git,6155,99,277
git,6178,7,4
git,6179,5,3
git,6181,7,6
git,6185,334,131
git,6190,218,133
git,6196,286,134
git,6191,491,135
git,6184,478,144
git,6183,509,144
git,6197,348,145
git,6187,554,145
git,6194,317,146
git,6200,279,146
git,6188,312,147
git,6198,435,147
git,6192,270,147
git,6189,357,148
git,6193,306,148
git,6201,458,149
git,6195,266,149
git,6186,684,150
git,6199,370,150
git,6182,268,151
git,6180,105,293
git,6202,0,2
git,6203,4,4
git,6205,4,6
git,6215,431,134
git,6210,474,139
git,6224,278,143
git,6214,270,145
git,6223,320,145
git,6213,201,146
git,6212,464,147
git,6219,548,148
git,6218,662,148
git,6209,388,149
git,6216,655,148
git,6211,356,149
git,6217,360,149
git,6225,287,149
git,6221,244,150
git,6220,221,150
git,6222,329,150
git,6207,443,152
git,6206,358,152
git,6208,223,152
git,6204,140,279
git,6226,3,7
git,6227,3,5
git,6229,8,8
git,6233,522,126
git,6244,238,133
git,6240,421,136
git,6234,208,143
git,6237,434,145
git,6235,162,146
git,6236,289,146
git,6239,624,146
git,6238,354,147
git,6231,507,148
git,6243,254,148
git,6242,431,148
git,6230,494,149
git,6245,504,134
git,6241,526,150
git,6232,253,150
git,6247,177,136
git,6248,331,137
git,6249,280,138
git,6246,341,138
git,6228,121,293
pool-NetworkMan,6177,0,15503
git,6250,2,4
git,6251,2,5
git,6253,4,7
git,6268,641,146
git,6263,382,151
git,6267,388,155
git,6257,588,159
git,6255,208,160
git,6264,238,161
git,6262,473,163
git,6265,344,163
git,6266,268,164
git,6258,713,165
git,6260,601,168
git,6259,237,170
git,6254,331,171
git,6256,381,171
git,6261,278,171
git,6273,330,158
git,6270,236,158
git,6269,271,160
git,6271,356,161
git,6272,505,163
git,6252,106,305
git,6274,1,4
git,6275,2,3
git,6277,3,6
git,6292,254,142
git,6287,194,143
git,6282,595,144
git,6280,262,145
git,6281,338,145
git,6278,192,147
git,6285,271,146
git,6290,239,146
git,6284,492,147
git,6286,245,147
git,6288,456,148
git,6283,360,148
git,6293,391,148
git,6296,358,148
git,6294,285,149
git,6279,417,151
git,6295,221,149
git,6291,326,150
git,6289,291,150
git,6297,329,150
git,6276,95,281
git,6298,2,4
git,6299,3,5
git,6301,4,6
git,6308,298,128
git,6315,534,130
git,6311,181,136
git,6316,276,137
git,6320,507,146
git,6305,471,148
git,6303,284,150
git,6313,535,151
git,6314,286,152
git,6317,353,153
git,6307,305,154
git,6310,309,154
git,6321,460,154
git,6309,317,155
git,6319,265,156
git,6318,686,157
git,6304,492,158
git,6302,312,160
git,6306,465,161
git,6312,277,161
git,6300,80,294
git,6322,3,4
git,6323,3,3
git,6325,3,4
git,6330,165,132
git,6331,181,134
git,6333,322,135
git,6328,454,138
git,6335,579,139
git,6332,578,140
git,6342,350,130
git,6327,277,143
git,6343,212,133
git,6329,162,145
git,6334,445,145
git,6326,214,146
git,6337,173,135
git,6340,624,135
git,6336,176,137
git,6341,263,138
git,6338,283,139
git,6345,253,140
git,6339,199,141
git,6344,245,141
git,6324,137,274
git,6346,2,3
git,6347,1,3
git,6349,5,4
git,6355,226,131
git,6359,235,132
git,6363,312,134
git,6364,231,135
git,6366,426,141
git,6352,158,143
git,6358,515,146
git,6362,281,146
git,6353,381,147
git,6365,336,147
git,6357,620,148
git,6360,337,148
git,6354,231,149
git,6356,617,149
git,6361,261,149
git,6368,544,149
git,6367,224,150
git,6369,382,150
git,6350,508,151
git,6351,551,152
git,6348,104,275
git,6370,2,4
git,6371,9,8
git,6373,10,9
git,6376,574,141
git,6374,452,144
git,6379,503,142
git,6382,209,145
git,6375,289,149
git,6380,296,147
git,6390,208,148
git,6388,323,149
git,6381,326,150
git,6378,473,151
git,6387,457,152
git,6385,791,152
git,6384,353,153
git,6393,241,154
git,6386,429,154
git,6389,575,155
git,6391,317,155
git,6383,728,157
git,6377,394,157
git,6392,566,159
git,6372,149,296
git,6394,5,5
git,6395,2,4
git,6397,3,6
git,6399,213,129
git,6407,183,128
git,6415,517,133
git,6398,539,137
git,6404,191,136
git,6412,271,137
git,6403,273,138
git,6401,208,140
git,6402,525,142
git,6414,188,142
git,6413,286,143
git,6408,215,144
git,6411,553,147
git,6417,531,147
git,6405,419,147
git,6400,441,148
git,6410,195,148
git,6409,452,148
git,6416,316,148
git,6406,354,149
git,6396,114,282
git,6418,2,4
git,6419,2,4
git,6421,8,7
git,6436,334,136
git,6438,235,138
git,6433,229,141
git,6439,518,142
git,6427,221,144
git,6441,274,144
git,6429,237,145
git,6434,262,146
git,6431,347,147
git,6425,254,147
git,6428,214,147
git,6423,387,148
git,6430,307,148
git,6440,326,148
git,6437,435,149
git,6432,274,149
git,6426,471,151
git,6435,403,151
git,6422,202,152
git,6424,327,153
git,6420,133,302
git,6442,3,7
git,6443,3,5
git,6445,3,5
git,6460,331,144
git,6457,272,146
git,6448,251,149
git,6450,607,150
git,6452,344,151
git,6451,597,152
git,6456,582,153
git,6462,316,154
git,6463,394,158
git,6459,401,159
git,6453,221,160
git,6461,580,161
git,6454,353,161
git,6455,346,162
git,6446,239,164
git,6449,469,164
git,6464,243,165
git,6458,628,165
git,6465,520,166
git,6447,770,171
git,6444,178,321
git,6466,3,7
git,6467,2,4
git,6469,3,5
git,6474,241,139
git,6479,282,140
git,6485,456,142
git,6472,250,144
git,6478,323,145
git,6473,257,146
git,6476,612,146
git,6470,414,147
git,6480,354,147
git,6471,336,147
git,6486,305,147
git,6482,526,148
git,6475,221,148
git,6487,285,148
git,6483,445,148
git,6488,279,148
git,6481,239,149
git,6489,690,149
git,6484,337,150
git,6477,266,151
git,6468,85,278
git,6490,2,4
git,6491,2,4
git,6493,5,7
git,6504,199,133
git,6508,192,134
git,6506,180,136
git,6510,209,137
git,6509,441,140
git,6495,348,143
git,6494,241,144
git,6503,196,146
git,6496,317,146
git,6499,360,147
git,6513,401,147
git,6501,453,148
git,6497,427,149
git,6500,230,149
git,6502,373,149
git,6505,538,150
git,6498,264,150
git,6507,471,150
git,6511,682,150
git,6512,290,151
git,6492,137,296
git,6514,4,6
git,6515,2,5
git,6517,7,6
git,6524,345,123
git,6525,177,127
git,6528,259,124
git,6522,527,134
git,6521,288,135
git,6534,170,130
git,6532,256,131
git,6535,403,132
git,6529,213,133
git,6530,285,134
git,6520,266,144
git,6518,276,144
git,6523,264,144
git,6526,255,145
git,6519,372,147
git,6536,270,139
git,6527,165,140
git,6531,284,140
git,6537,379,140
git,6533,484,141
git,6516,120,275
git,6538,1,3
git,6539,7,4
git,6541,4,6
git,6548,457,125
git,6551,330,127
git,6552,484,128
git,6546,444,136
git,6544,254,137
git,6550,310,137
git,6547,193,138
git,6556,211,127
git,6559,234,130
git,6543,324,143
git,6545,246,143
git,6542,245,148
git,6549,195,148
git,6558,311,137
git,6560,395,137
git,6555,377,137
git,6553,265,137
git,6554,198,137
git,6557,328,137
git,6561,246,137
git,6540,127,271
journal-offline,6563,0,1
journal-offline,6562,0,1
git,6564,1,3
git,6565,3,3
git,6567,5,5
git,6585,358,141
git,6580,160,143
git,6578,299,144
git,6577,492,145
git,6575,221,147
git,6579,296,147
git,6572,271,148
git,6568,261,148
git,6587,243,149
git,6571,300,149
git,6573,471,149
git,6569,265,150
git,6574,269,150
git,6581,311,151
git,6576,266,152
git,6586,372,152
git,6583,314,153
git,6584,456,153
git,6582,461,153
git,6570,302,153
git,6566,114,288
git,6589,1,3
git,6590,1,3
git,6592,5,5
git,6599,476,130
git,6604,283,132
git,6595,254,141
git,6598,394,142
git,6610,360,146
git,6600,545,147
git,6609,430,148
git,6602,294,148
git,6603,315,149
git,6594,271,150
git,6606,263,150
git,6596,294,151
git,6605,250,151
git,6608,241,151
git,6607,313,151
git,6601,288,153
git,6597,617,154
git,6593,296,154
git,6612,418,154
git,6611,557,155
git,6591,77,282
sleep,5888,0,180002
git,6614,5,7
git,6615,2,5
git,6617,5,7
git,6627,428,123
git,6624,221,126
git,6636,301,134
git,6632,206,135
git,6634,330,136
git,6628,449,138
git,6620,435,141
git,6629,294,140
git,6630,216,141
git,6618,286,144
git,6633,308,144
git,6623,380,146
git,6619,182,147
git,6621,253,147
git,6622,348,148
git,6625,296,148
git,6631,407,146
git,6635,379,146
git,6626,624,147
git,6637,259,147
git,6616,104,279
git,6638,0,2
git,6639,2,4
git,6641,10,7
git,6646,444,142
git,6645,273,143
git,6659,458,139
git,6644,278,145
git,6642,328,145
git,6648,305,140
git,6643,284,148
git,6653,344,143
git,6654,412,143
git,6652,222,144
git,6655,504,144
git,6650,178,145
git,6649,610,145
git,6651,204,145
git,6657,209,145
git,6658,278,145
git,6656,264,146
git,6647,317,147
git,6660,626,147
git,6661,430,150
git,6640,110,281
pool-udisksd,6588,0,15500
git,6662,0,2
git,6663,3,6
git,6665,7,9
git,6672,150,130
git,6680,520,134
git,6684,169,137
git,6682,259,139
git,6678,208,141
git,6675,486,143
git,6673,218,144
git,6683,199,144
git,6676,621,144
git,6668,457,144
git,6677,255,145
git,6669,360,145
git,6671,288,145
git,6667,322,146
git,6670,364,146
git,6674,448,146
git,6685,383,147
git,6679,661,147
git,6681,388,147
git,6666,280,148
git,6664,126,282
git,6686,1,3
git,6687,3,3
git,6689,3,6
git,6693,258,139
git,6704,296,141
git,6691,219,143
git,6700,447,145
git,6706,223,131
git,6695,408,147
git,6697,358,148
git,6699,630,148
git,6702,296,148
git,6701,648,148
git,6698,246,149
git,6696,460,149
git,6703,313,149
git,6692,415,151
git,6690,291,152
git,6694,387,152
git,6705,245,138
git,6707,269,138
git,6708,602,140
git,6709,346,141
git,6688,131,290
git,6710,2,4
git,6711,1,4
git,6713,6,7
which,6735,36,37
sh,6734,54,65
git,6730,272,141
git,6723,339,142
git,6728,232,145
git,6725,580,150
git,6729,394,153
git,6731,426,153
git,6720,474,154
git,6722,244,156
git,6721,251,156
git,6716,217,157
git,6717,485,157
git,6727,421,157
git,6718,281,158
git,6724,243,159
git,6726,464,159
git,6714,394,160
git,6719,178,162
git,6715,255,163
git,6733,268,148
git,6732,294,149
ps,6737,58,32
sh,6736,23,51
sed,6740,3,3
cat,6741,1,2
git,6712,141,326
sleep,6742,1,1002
sed,6743,0,2
cat,6744,1,1
cpuUsage.sh,6745,0,0
cpuUsage.sh,6739,4,1019
sh,6738,4,1024
git,6746,4,4
git,6747,3,4
git,6749,9,11
git,6764,211,139
git,6766,170,142
git,6757,320,146
git,6762,538,150
git,6759,634,150
git,6768,231,151
git,6750,574,153
git,6752,352,153
git,6758,288,154
git,6767,186,154
git,6755,230,155
git,6763,379,155
git,6760,270,155
git,6765,293,156
git,6761,363,156
git,6769,382,157
git,6756,490,157
git,6751,428,159
git,6753,410,160
git,6754,378,161
git,6748,121,304
which,6771,0,2
sh,6770,2,7
ps,6773,3,10
sh,6772,1,13
sed,6776,0,1
cat,6777,0,1
bash,6779,0,1
git,6781,0,0
git,6782,0,0
git,6783,0,1
git,6784,1,1
git,6785,1,1
git,6786,1,1
git,6787,1,1
git,6788,1,2
git,6789,2,2
git,6790,2,2
git,6791,2,2
git,6792,2,2
git,6793,2,2
git,6794,2,3
git,6795,3,3
git,6796,3,3
git,6797,3,3
git,6798,0,0
git,6799,0,1
git,6800,1,1
git,6780,1056,117
git,6806,591,140
git,6813,262,145
git,6808,285,146
git,6814,500,147
git,6803,336,147
git,6807,323,148
git,6804,257,148
git,6810,446,149
git,6809,280,150
git,6815,710,150
git,6805,266,151
git,6811,277,151
git,6812,543,151
git,6802,512,152
git,6817,214,138
git,6816,331,139
git,6818,267,139
git,6821,352,143
git,6819,320,144
git,6822,0,0
git,6823,0,0
git,6824,0,0
git,6825,1,1
git,6826,1,1
git,6827,1,1
git,6828,1,1
git,6829,1,1
git,6830,1,1
git,6831,1,1
git,6832,1,2
git,6833,2,2
git,6834,2,2
git,6835,2,2
git,6836,2,2
git,6820,482,147
git,6837,0,0
git,6838,0,0
git,6839,0,0
git,6840,0,0
git,6841,0,0
git,6842,0,19
git,6801,926,261
bash,6843,0,1
git,6844,6,8
git,6845,3,5
git,6847,3,5
sleep,6778,11,1012
sed,6868,42,44
git,6857,285,133
git,6855,439,134
git,6863,187,136
git,6858,505,138
git,6862,407,140
git,6860,308,141
git,6850,337,147
git,6852,340,148
git,6865,369,133
git,6854,574,151
git,6859,662,152
git,6856,316,152
git,6853,624,153
git,6851,277,154
git,6861,205,155
cat,6869,74,30
git,6848,404,157
git,6849,469,157
cpuUsage.sh,6870,1,2
git,6864,269,144
git,6866,332,144
cpuUsage.sh,6775,16,1103
sh,6774,2,1104
git,6867,375,145
git,6846,120,303
git,6871,8,11
git,6872,3,5
git,6873,1,3
git,6875,6,6
git,6890,350,131
git,6877,286,144
git,6880,261,144
git,6881,278,145
git,6876,359,146
git,6879,601,147
git,6878,320,148
git,6883,414,146
git,6892,365,150
git,6888,246,151
git,6893,397,151
git,6882,588,153
git,6886,265,153
git,6885,188,154
git,6889,390,155
git,6891,212,155
git,6887,695,156
git,6895,314,156
git,6884,349,157
git,6894,283,158
which,6897,1,2
sh,6896,2,7
ps,6899,47,24
sh,6898,3,28
sed,6902,2,3
cat,6903,1,2
git,6874,240,334
git,6905,40,26
git,6907,5,5
git,6906,28,34
git,6909,5,6
git,6908,21,23
git,6910,12,17
sleep,6904,1,1002
sed,6911,0,1
cat,6912,0,1
cpuUsage.sh,6913,0,0
cpuUsage.sh,6901,3,1019
sh,6900,6,1022
which,6915,0,1
sh,6914,0,3
ps,6917,4,11
sh,6916,1,15
sed,6920,0,1
cat,6921,0,1
sleep,6922,0,1001
sed,6923,5,3
cat,6924,1,2
cpuUsage.sh,6925,0,0
cpuUsage.sh,6919,2,1017
sh,6918,2,1019
git,6926,2,6
git,6927,4,4
git,6929,3,5
git,6939,294,137
git,6945,270,139
git,6934,416,145
git,6938,256,146
git,6936,302,148
git,6946,620,148
git,6944,249,149
git,6947,283,149
git,6933,361,151
git,6941,377,151
git,6940,309,151
git,6935,315,152
git,6937,640,152
git,6943,296,152
git,6931,302,153
git,6930,391,153
git,6932,228,154
git,6942,382,154
git,6949,330,154
git,6948,883,155
git,6928,140,292
which,6951,0,1
sh,6950,2,6
ps,6953,13,10
sh,6952,0,12
sed,6956,0,1
cat,6957,1,1
bash,6959,0,1
git,6963,9,46
git,6962,0,438
ssh,6961,8,730
git,6960,10,746
bash,6964,0,1
git,6965,0,2
git,6966,1,3
git,6968,3,4
sleep,6958,6,1007
sed,6989,49,52
git,6984,350,130
git,6973,231,137
git,6971,200,139
git,6970,229,151
git,6972,348,151
git,6975,700,147
git,6978,310,149
cat,6990,38,40
git,6983,446,151
git,6969,429,159
git,6979,261,154
cpuUsage.sh,6991,4,4
git,6981,349,156
git,6985,237,156
git,6977,343,157
git,6986,256,158
git,6988,673,159
git,6974,320,166
git,6987,551,160
git,6982,351,162
git,6980,362,163
cpuUsage.sh,6955,34,1135
sh,6954,2,1137
git,6976,416,166
which,6993,2,2
sh,6992,3,6
ps,6995,39,23
sh,6994,3,26
sed,6998,1,3
cat,6999,1,2
git,6967,173,335
sleep,7000,1,1003
sed,7001,0,4
cat,7002,0,1
cpuUsage.sh,7003,0,0
cpuUsage.sh,6997,4,1023
sh,6996,1,1026
git,7004,2,6
git,7005,4,4
git,7007,5,6
git,7011,171,128
git,7021,198,126
git,7010,201,136
git,7025,162,128
git,7020,201,130
git,7022,222,131
git,7015,460,141
git,7023,286,133
git,7012,223,144
git,7013,469,144
git,7014,194,144
git,7009,316,145
git,7008,355,147
git,7024,298,142
git,7027,421,143
git,7019,300,143
git,7026,776,144
git,7018,439,144
git,7016,473,144
git,7017,560,145
git,7006,80,275
which,7029,0,1
sh,7028,2,3
ps,7031,1,11
sh,7030,2,14
sed,7034,0,1
cat,7035,0,1
sleep,7036,0,1001
sed,7037,1,2
cat,7038,0,1
cpuUsage.sh,7039,0,0
cpuUsage.sh,7033,3,1013
sh,7032,1,1015
git,7040,3,18
git,7041,20,24
git,7042,21,24
git,7043,0,3
git,7044,1,3
git,7045,3,5
git,7047,8,7
git,7062,267,143
git,7063,304,144
git,7060,241,145
git,7057,257,147
git,7055,316,148
git,7053,465,149
git,7051,357,150
git,7061,380,154
git,7052,254,155
git,7054,504,155
git,7058,516,156
git,7059,361,157
git,7064,701,157
git,7065,286,157
git,7048,432,159
git,7056,442,159
git,7050,503,160
git,7049,213,161
git,7066,386,162
git,7067,355,145
git,7046,86,305
git,7068,3,45
git,7069,22,25
git,7070,23,28
git,7071,0,2
git,7072,4,4
git,7073,6,4
git,7075,5,7
git,7085,224,127
git,7089,263,130
git,7090,218,137
git,7077,285,146
git,7078,587,147
git,7086,402,148
git,7091,539,149
git,7079,390,151
git,7088,367,152
git,7092,252,152
git,7081,411,154
git,7082,325,155
git,7080,374,155
git,7084,423,156
git,7076,269,157
git,7087,247,157
git,7083,431,157
git,7095,258,140
git,7093,497,143
git,7094,508,143
git,7074,121,290
git,7096,1,3
git,7097,1,3
git,7099,6,8
git,7114,266,143
git,7112,385,145
git,7106,624,150
git,7107,200,151
git,7108,639,152
git,7109,315,153
git,7105,388,154
git,7101,264,156
git,7113,458,155
git,7103,270,157
git,7104,365,156
git,7110,316,156
git,7115,369,156
git,7100,227,158
git,7116,312,157
git,7117,531,143
git,7102,618,163
git,7111,673,162
git,7119,261,145
git,7118,399,148
git,7098,113,301
which,7121,0,1
sh,7120,2,3
ps,7123,6,10
sh,7122,0,12
sed,7126,0,1
cat,7127,0,1
sleep,7128,0,1001
sed,7129,2,2
cat,7130,0,1
cpuUsage.sh,7131,0,0
cpuUsage.sh,7125,2,1012
sh,7124,3,1014
which,7133,0,1
sh,7132,0,3
ps,7135,0,10
sh,7134,1,13
sed,7138,0,1
cat,7139,0,1
sleep,7140,0,1001
sed,7141,1,7
cat,7142,1,2
cpuUsage.sh,7143,0,0
cpuUsage.sh,7137,5,1023
sh,7136,3,1025
git,7144,9,9
git,7145,6,5
git,7147,6,6
git,7151,278,127
git,7153,344,129
git,7157,290,131
git,7162,163,133
git,7154,209,139
git,7156,241,140
git,7158,311,141
git,7155,350,143
git,7152,275,144
git,7160,353,144
git,7150,263,145
git,7161,181,146
git,7148,300,148
git,7159,223,148
git,7167,483,134
git,7149,272,150
git,7164,503,134
git,7165,258,135
git,7163,584,137
git,7166,484,139
git,7146,91,280
which,7169,0,1
sh,7168,4,3
ps,7171,1,11
sh,7170,3,13
sed,7174,0,1
cat,7175,1,1
sleep,7176,0,1001
sed,7177,0,2
cat,7178,0,1
cpuUsage.sh,7179,0,0
cpuUsage.sh,7173,3,1013
sh,7172,1,1015
sadc,7180,3,19
(sd-close),7181,0,0
snap,7186,0,4
snap,7184,1,5
snap,7185,0,5
snap-seccomp,7193,0,2
snap-seccomp,7192,1,3
snap-seccomp,7194,1,3
snap-seccomp,7191,2,8
getent,7195,0,1
getent,7196,0,1
getent,7197,0,1
getent,7198,2,2
snap,7187,6,29
snap,7188,3,29
snap,7189,0,29
snap,7190,0,27
5,7204,0,124
5,7203,2,130
5,7201,31,131
5,7202,1,131
5,7200,315,141
5,7207,1,6
5,7208,1,6
5,7206,3,7
5,7205,4,10
snap-confine,7199,7,180
snap-exec,7213,0,1
snap-exec,7212,0,2
snap-exec,7210,1,6
snap-exec,7211,0,6
date,7214,1,1
chmod,7215,0,1
md5sum,7217,0,1
desktop-launch,7216,0,2
cat,7218,0,2
md5sum,7220,0,1
desktop-launch,7219,0,2
cat,7221,0,2
grep,7222,0,2
snapctl,7223,3,13
snapctl,7224,4,12
snapctl,7225,0,12
snapctl,7226,0,8
snapctl,7227,1,5
snapctl,7228,1,4
snapctl,7230,0,2
snapctl,7229,1,5
mkdir,7231,8,4
ln,7232,0,2
mkdir,7233,0,2
ln,7234,0,2
rm,7235,0,2
ln,7236,1,2
DartWorker,7238,12,1737
DartWorker,7239,3,1737
dart:io EventHa,7237,7,1744
dart:firmware-n,7183,212,2169
DartWorker,7240,12,1727
(sd-close),7250,0,0
pool-fwupd,7248,0,500
pool-fwupd,7246,1,17076
pool-udisksd,7249,0,15500
git,7251,7,6
git,7252,3,6
git,7254,15,9
git,7272,411,150
git,7263,504,158
git,7261,620,159
git,7266,387,159
git,7268,318,160
git,7265,275,161
git,7271,471,162
git,7257,483,164
git,7262,262,165
git,7255,334,166
git,7269,280,167
git,7267,354,168
git,7260,486,169
git,7274,332,169
git,7264,396,170
git,7259,253,170
git,7258,469,171
git,7270,290,171
git,7256,337,172
git,7273,739,171
git,7253,119,336
git,7275,5,7
git,7276,10,8
git,7278,13,10
git,7279,374,155
git,7298,403,154
git,7293,280,156
git,7296,364,157
git,7295,400,161
git,7281,376,163
git,7282,287,167
git,7280,258,171
git,7291,902,169
git,7294,359,171
git,7286,268,172
git,7288,335,172
git,7287,330,174
git,7290,340,176
git,7289,442,176
git,7297,362,176
git,7285,1010,178
git,7292,523,178
git,7284,412,178
git,7283,586,179
git,7277,159,336
bash,7299,0,0
git,7315,245,132
git,7317,537,138
git,7309,524,144
git,7316,274,145
git,7318,344,145
git,7310,326,147
git,7320,373,147
git,7304,471,148
git,7319,272,149
git,7306,335,150
git,7302,293,151
git,7305,306,151
git,7313,372,151
git,7312,532,152
git,7311,174,152
git,7314,201,153
git,7307,762,153
git,7301,224,153
git,7308,355,154
git,7303,470,154
git,7300,82,285
bash,7321,0,1
which,7323,0,1
sh,7322,3,3
ps,7325,3,11
sh,7324,1,13
sed,7328,0,1
cat,7329,0,1
git,7331,1,3
git,7332,5,5
git,7334,3,6
git,7350,287,124
git,7351,309,128
git,7341,268,131
git,7345,273,134
git,7344,274,135
git,7348,335,139
git,7347,281,140
git,7349,173,143
git,7338,294,146
git,7342,273,146
git,7335,373,148
git,7340,627,148
git,7352,362,148
git,7343,595,149
git,7336,292,149
git,7339,188,150
git,7337,500,150
git,7346,564,150
git,7353,343,150
git,7354,291,133
git,7333,93,289
sleep,7330,0,1001
sed,7355,0,2
cat,7356,0,2
cpuUsage.sh,7357,0,0
cpuUsage.sh,7327,2,1015
sh,7326,1,1017
which,7359,0,1
sh,7358,1,5
ps,7361,2,10
sh,7360,0,12
sed,7364,1,1
cat,7365,0,1
sleep,7366,0,1002
sed,7367,1,4
cat,7368,0,1
cpuUsage.sh,7369,0,0
cpuUsage.sh,7363,2,1019
sh,7362,0,1021
bash,7370,0,0
git,7372,0,0
git,7373,0,1
git,7374,1,1
git,7375,1,1
git,7376,1,1
git,7377,2,2
git,7378,2,2
git,7379,2,2
git,7380,2,2
git,7381,2,2
git,7382,2,3
git,7383,3,3
git,7384,3,3
git,7385,3,3
git,7386,3,3
git,7387,3,3
git,7388,4,4
git,7389,4,4
git,7390,4,4
git,7391,4,4
git,7371,809,95
bash,7392,0,1
git,7393,7,6
git,7394,1,4
git,7396,3,5
git,7400,424,124
git,7398,262,132
git,7399,255,136
git,7411,439,136
git,7412,441,137
git,7414,526,138
git,7405,417,142
git,7397,354,146
git,7413,353,145
git,7404,271,146
git,7407,178,146
git,7403,395,147
git,7409,356,147
git,7408,221,147
git,7415,808,147
git,7402,407,148
git,7416,297,149
git,7401,332,150
git,7406,243,150
git,7410,437,151
git,7395,124,291
git,7417,1,3
git,7418,3,5
git,7420,3,6
git,7437,319,137
git,7436,275,143
git,7432,523,147
git,7433,288,148
git,7427,230,149
git,7429,209,150
git,7426,378,151
git,7422,290,153
git,7424,453,152
git,7430,208,152
git,7421,351,154
git,7431,254,152
git,7435,347,152
git,7428,226,154
git,7423,317,155
git,7425,217,156
git,7438,193,138
git,7439,370,139
git,7434,810,157
git,7440,270,141
git,7419,148,315
git,7441,27,27
git,7442,19,32
git,7443,3,5
git,7444,0,2
git,7445,21,25
git,7446,20,25
bash,7447,0,1
git,7453,226,144
git,7452,368,146
git,7455,304,146
git,7454,291,150
git,7449,291,151
git,7462,330,149
git,7466,555,149
git,7464,237,150
git,7457,296,151
git,7468,484,151
git,7461,295,152
git,7460,270,152
git,7458,289,152
git,7451,271,155
git,7465,558,152
git,7463,452,152
git,7459,340,153
git,7456,237,153
git,7450,319,156
git,7467,835,156
git,7448,418,337
bash,7469,0,1
which,7471,0,1
sh,7470,2,5
ps,7473,0,10
sh,7472,1,12
sed,7476,1,1
cat,7477,0,1
git,7479,13,23
git,7481,7,5
git,7480,22,30
git,7482,2,4
git,7483,13,21
git,7484,23,21
sleep,7478,1,1001
sed,7485,1,2
cat,7486,0,1
cpuUsage.sh,7487,0,0
cpuUsage.sh,7475,3,1013
sh,7474,2,1015
git,7488,2,4
git,7489,1,3
git,7491,4,6
git,7493,243,144
git,7494,286,145
git,7495,584,145
git,7496,469,146
git,7498,290,147
git,7497,561,147
git,7508,278,143
git,7492,695,151
git,7511,639,149
git,7504,239,150
git,7507,264,150
git,7505,462,151
git,7509,265,151
git,7506,353,152
git,7501,285,154
git,7502,287,155
git,7499,457,155
git,7500,500,155
git,7503,261,156
git,7510,206,156
git,7490,128,299
which,7513,0,3
sh,7512,2,4
ps,7515,10,12
sh,7514,1,14
sed,7518,0,1
cat,7519,0,1
sleep,7520,0,1001
sed,7521,0,2
cat,7522,0,1
cpuUsage.sh,7523,0,0
cpuUsage.sh,7517,3,1013
sh,7516,1,1015
git,7524,2,5
git,7525,3,4
git,7527,6,7
git,7531,145,127
git,7537,158,130
git,7542,608,141
git,7528,242,144
git,7530,230,148
git,7532,459,150
git,7533,354,150
git,7543,272,150
git,7540,249,154
git,7544,385,154
git,7534,206,155
git,7535,523,155
git,7538,256,155
git,7547,318,155
git,7529,432,156
git,7546,629,156
git,7539,385,156
git,7541,343,156
git,7536,371,157
git,7545,546,156
git,7526,104,299
git,7548,4,5
git,7549,2,3
git,7551,5,7
git,7553,366,180
git,7557,226,182
git,7556,551,183
git,7554,339,184
git,7561,509,184
git,7558,703,185
git,7559,326,186
git,7562,390,188
git,7564,341,189
git,7555,965,197
git,7565,430,200
git,7552,294,201
git,7567,938,191
git,7569,353,197
git,7568,659,198
git,7560,456,217
git,7563,341,217
git,7566,803,199
git,7570,770,200
git,7571,432,200
git,7550,504,529
sleep,6613,0,180001
git,7573,0,2
git,7574,1,4
git,7576,14,7
git,7583,210,129
git,7580,268,139
git,7592,123,126
git,7586,223,141
git,7584,292,143
git,7577,250,143
git,7581,296,144
git,7582,257,145
git,7590,373,145
git,7579,461,146
git,7595,472,132
git,7588,441,147
git,7589,284,147
git,7587,282,147
git,7591,201,136
git,7585,291,151
git,7578,248,152
git,7593,725,138
git,7594,301,138
git,7596,327,140
git,7575,97,287
git,7597,0,2
git,7598,1,3
git,7600,4,6
git,7609,276,143
git,7606,182,144
git,7610,408,145
git,7603,200,148
git,7605,603,148
git,7611,289,151
git,7608,264,152
git,7601,659,152
git,7602,284,153
git,7604,265,156
git,7617,260,145
git,7614,336,146
git,7613,348,147
git,7607,442,159
git,7615,614,148
git,7618,274,150
git,7616,844,150
git,7612,353,151
git,7620,398,152
git,7619,707,153
git,7599,122,293
bash,7621,0,0
bash,7622,0,0
git,7625,4,13
bash,7624,0,13
awk,7626,2,13
bash,7623,0,14
bash,7627,0,0
git,7631,4,11
bash,7629,1,13
awk,7630,1,13
bash,7628,0,15
git,7632,2,3
git,7633,5,3
git,7635,3,4
git,7640,255,126
git,7649,239,131
git,7650,498,132
git,7647,173,136
git,7648,445,138
git,7645,199,144
git,7651,250,146
git,7653,313,148
git,7637,458,150
git,7652,655,149
git,7646,322,149
git,7644,392,150
git,7642,225,150
git,7641,246,151
git,7639,236,151
git,7638,760,152
git,7636,213,153
git,7655,187,152
git,7643,592,153
git,7654,355,153
git,7634,97,280
which,7657,1,1
sh,7656,2,3
ps,7659,6,11
sh,7658,2,13
sed,7662,1,1
cat,7663,0,1
sleep,7664,0,1001
sed,7665,4,5
cat,7666,0,1
cpuUsage.sh,7667,0,0
cpuUsage.sh,7661,1,1016
sh,7660,2,1018
which,7669,1,3
sh,7668,2,9
ps,7671,15,11
sh,7670,2,13
sed,7674,0,1
cat,7675,0,1
sleep,7676,0,1001
sed,7677,2,3
cat,7678,0,1
cpuUsage.sh,7679,0,0
cpuUsage.sh,7673,1,1015
sh,7672,1,1017
git,7680,0,2
git,7681,1,3
git,7683,5,6
git,7698,200,135
git,7696,265,140
git,7688,594,143
git,7693,451,146
git,7689,409,147
git,7694,559,148
git,7684,394,150
git,7692,407,150
git,7690,421,151
git,7695,311,151
git,7685,414,152
git,7697,289,152
git,7687,495,153
git,7686,191,155
git,7700,193,140
git,7691,265,157
git,7702,400,142
git,7701,347,143
git,7699,287,143
git,7703,641,144
git,7682,122,291
bash,7704,0,1
git,7706,0,0
git,7707,0,0
git,7708,1,1
git,7709,1,1
git,7710,1,1
git,7711,1,1
git,7712,1,2
git,7713,2,2
git,7714,2,2
git,7715,2,2
git,7716,0,0
git,7717,0,0
git,7718,0,0
git,7720,0,0
git,7721,0,1
git,7722,1,1
git,7719,1,1
git,7723,1,1
git,7724,1,1
git,7725,1,1
git,7705,37,34
bash,7726,0,1
which,7728,0,1
sh,7727,5,5
ps,7730,10,10
sh,7729,0,12
sed,7733,0,1
cat,7734,0,1
sleep,7735,0,1001
sed,7736,0,3
cat,7737,0,1
cpuUsage.sh,7738,0,0
cpuUsage.sh,7732,3,1014
sh,7731,2,1016
which,7740,0,1
sh,7739,1,5
ps,7742,2,10
sh,7741,1,12
sed,7745,0,1
cat,7746,0,1
git,7748,5,6
git,7749,7,4
git,7751,5,6
git,7756,405,119
git,7755,340,126
git,7759,214,130
git,7766,490,131
git,7771,257,133
git,7752,246,140
git,7753,359,141
git,7754,574,141
git,7768,572,137
git,7765,638,139
git,7762,300,141
git,7767,428,142
git,7758,237,143
git,7763,381,144
git,7769,320,145
git,7761,185,145
git,7764,576,146
git,7757,190,146
git,7770,534,147
git,7760,374,147
git,7750,134,289
sleep,7747,0,1001
sed,7772,1,3
cat,7773,0,1
cpuUsage.sh,7774,0,0
cpuUsage.sh,7744,1,1015
sh,7743,0,1017
bash,7775,2,1
ls,7776,1,2
bash,7777,1,2
which,7780,0,1
sh,7779,0,3
ps,7782,10,10
sh,7781,2,13
sed,7785,0,1
cat,7786,0,1
sleep,7787,0,1001
sed,7788,0,3
cat,7789,0,1
cpuUsage.sh,7790,0,0
cpuUsage.sh,7784,2,1015
sh,7783,2,1018
which,7792,0,1
sh,7791,3,6
ps,7794,26,12
sh,7793,1,15
sed,7797,0,1
cat,7798,0,1
git,7800,3,4
sleep,7799,0,1001
git,7801,5,4
sed,7802,2,3
cat,7804,3,4
cpuUsage.sh,7806,1,1
cpuUsage.sh,7796,4,1019
sh,7795,3,1020
git,7805,8,9
git,7823,321,129
git,7821,300,133
git,7817,274,139
git,7813,449,141
git,7809,267,143
git,7808,372,148
git,7811,292,148
git,7820,239,149
git,7810,292,150
git,7816,263,150
git,7814,207,151
git,7812,339,151
git,7825,556,152
git,7824,355,152
git,7819,241,153
git,7822,695,153
git,7818,767,154
git,7807,272,155
git,7815,438,155
git,7826,271,156
git,7803,114,288
git,7827,4,5
git,7828,1,3
git,7830,7,7
git,7837,161,126
git,7844,247,144
git,7845,300,146
git,7839,421,149
git,7834,552,150
git,7833,357,151
git,7840,555,151
git,7836,243,152
git,7841,379,155
git,7832,217,161
git,7846,383,161
git,7842,513,163
git,7838,287,164
git,7843,321,164
git,7835,268,164
git,7847,239,149
git,7850,516,150
git,7831,368,167
git,7848,655,152
git,7849,300,153
git,7829,143,306
git,7851,1,4
git,7852,1,3
git,7854,2,4
git,7864,225,126
git,7858,190,127
git,7861,229,129
git,7870,198,130
git,7860,423,135
git,7859,304,139
git,7856,216,141
git,7857,284,142
git,7869,497,142
git,7862,264,142
git,7871,157,143
git,7867,355,144
git,7865,349,144
git,7866,462,145
git,7863,453,147
git,7868,193,147
git,7872,378,147
git,7855,338,148
git,7874,835,132
git,7873,352,133
git,7853,85,281
pool-NetworkMan,7778,0,15505
git,7875,0,2
git,7876,1,3
git,7878,3,5
git,7883,157,112
git,7880,252,132
git,7885,213,128
git,7888,267,132
git,7889,349,133
git,7881,217,146
git,7882,463,146
git,7884,187,142
git,7879,587,148
git,7895,521,143
git,7893,201,145
git,7892,225,145
git,7887,301,146
git,7898,439,146
git,7891,471,147
git,7896,225,147
git,7886,617,148
git,7897,191,148
git,7890,399,149
git,7894,599,149
git,7877,69,280
git,7899,12,6
git,7900,1,3
git,7902,7,8
git,7909,269,126
git,7906,267,133
git,7907,376,137
git,7922,245,130
git,7910,420,139
git,7917,372,132
git,7920,207,133
git,7903,213,142
git,7904,304,143
git,7908,251,143
git,7905,290,147
git,7913,288,140
git,7916,292,142
git,7914,353,145
git,7919,366,145
git,7912,294,145
git,7921,273,146
git,7911,250,146
git,7918,629,146
git,7915,374,149
git,7901,80,284
bash,7923,2,1
bash,7924,0,1
which,7926,0,1
sh,7925,5,8
ps,7928,24,15
sh,7927,0,17
sed,7931,1,1
cat,7932,0,1
git,7934,5,5
git,7935,1,4
git,7937,7,6
git,7944,279,137
git,7942,559,145
git,7938,222,147
git,7954,289,147
git,7947,233,149
git,7950,393,149
git,7945,454,150
git,7940,256,150
git,7941,598,151
git,7943,390,151
git,7946,256,152
git,7949,251,153
git,7957,376,153
git,7952,336,154
git,7953,299,155
git,7939,227,157
git,7948,208,157
git,7955,388,157
git,7951,489,159
git,7956,348,159
git,7936,127,305
sleep,7933,0,1001
sed,7958,0,2
cat,7959,0,2
cpuUsage.sh,7960,0,0
cpuUsage.sh,7930,5,1015
sh,7929,1,1018
bash,7961,0,0
git,7979,301,134
git,7977,261,138
git,7966,317,146
git,7973,349,147
git,7969,328,148
git,7968,283,149
git,7981,329,150
git,7975,367,152
git,7980,339,152
git,7964,382,153
git,7972,370,153
git,7982,580,153
git,7974,335,154
git,7978,281,155
git,7976,550,155
git,7970,329,155
git,7967,383,156
git,7971,293,156
git,7965,641,156
git,7963,495,157
git,7962,711,342
bash,7983,0,1
git,7984,6,5
git,7985,3,5
git,7987,3,6
git,7997,189,129
git,7993,236,136
git,7991,378,137
git,7989,567,142
git,8005,481,131
git,7994,476,144
git,7998,499,146
git,7992,394,147
git,7996,246,147
git,7995,299,148
git,7999,431,148
git,8000,307,137
git,7988,419,151
git,7990,615,151
git,8002,239,139
git,8003,584,140
git,8007,193,143
git,8004,257,145
git,8001,314,145
git,8006,296,148
git,7986,115,312
which,8009,0,1
sh,8008,2,7
ps,8011,0,10
sh,8010,2,12
sed,8014,0,1
cat,8015,0,1
git,8017,1,4
git,8018,2,5
git,8021,7,7
git,8019,30,36
git,8022,9,10
git,8023,3,5
git,8020,37,46
git,8025,5,5
git,8024,25,23
git,8026,21,18
sleep,8016,1,1001
sed,8027,0,2
cat,8028,0,1
cpuUsage.sh,8029,0,0
cpuUsage.sh,8013,2,1012
sh,8012,2,1014
git,8030,3,4
git,8031,4,4
git,8033,4,5
git,8039,599,145
git,8049,246,149
git,8040,366,152
git,8041,415,153
git,8050,369,153
git,8048,368,154
git,8043,662,156
git,8046,287,157
git,8044,270,160
git,8051,345,160
git,8045,351,162
git,8038,469,163
git,8047,389,165
git,8035,515,166
git,8036,747,167
git,8037,322,167
git,8053,414,150
git,8034,282,173
git,8042,217,172
git,8052,529,157
git,8032,162,320
git,8054,1,3
git,8055,1,3
git,8057,7,6
git,8066,184,140
git,8064,194,141
git,8060,225,142
git,8059,266,143
git,8076,206,134
git,8068,325,146
git,8074,403,136
git,8061,264,148
git,8062,614,149
git,8067,265,149
git,8065,243,150
git,8063,247,152
git,8058,310,156
git,8071,178,145
git,8072,649,146
git,8075,351,146
git,8073,287,147
git,8070,361,147
git,8069,315,151
git,8077,552,151
git,8056,127,301
which,8079,1,3
sh,8078,2,9
ps,8081,3,10
sh,8080,1,12
sed,8084,0,1
cat,8085,0,1
git,8087,1,3
git,8088,1,3
git,8090,3,5
bash,8111,39,40
git,8097,274,154
git,8094,313,156
git,8106,275,155
git,8107,378,157
git,8100,659,158
git,8096,352,158
git,8091,299,160
git,8101,370,159
git,8102,395,160
git,8092,585,162
git,8098,290,162
git,8104,472,163
git,8103,498,163
git,8099,346,167
git,8095,318,167
git,8093,358,169
git,8108,528,168
git,8105,285,169
git,8110,221,169
git,8109,882,170
sleep,8086,11,1012
sed,8133,48,50
cat,8134,36,38
cpuUsage.sh,8135,11,11
git,8121,353,142
cpuUsage.sh,8083,38,1154
git,8117,746,150
git,8119,255,151
sh,8082,4,1160
git,8116,347,155
git,8122,309,155
git,8129,480,145
git,8123,320,159
git,8115,322,161
git,8114,472,162
git,8118,251,164
git,8120,744,165
git,8113,339,166
git,8127,385,156
git,8128,688,157
git,8130,553,157
git,8125,614,159
git,8126,549,160
git,8132,612,160
git,8124,425,164
git,8131,1030,164
git,8136,0,0
git,8137,0,0
git,8138,1,1
git,8139,1,1
git,8140,1,1
git,8141,1,1
git,8142,1,1
git,8143,1,1
git,8144,1,1
git,8145,2,2
git,8146,2,2
git,8147,2,2
git,8148,2,2
git,8149,2,2
git,8150,2,2
git,8151,2,2
git,8152,2,2
git,8153,2,2
git,8154,2,3
git,8155,3,3
git,8156,1,3
git,8112,732,414
bash,8157,2,3
git,8089,499,577
git,8158,3,5
git,8159,1,4
git,8161,7,8
git,8175,194,139
git,8176,168,141
git,8168,492,142
git,8172,884,143
git,8174,212,145
git,8171,387,146
git,8166,680,147
git,8165,324,148
git,8167,212,150
git,8178,264,152
git,8162,296,155
git,8177,313,153
git,8173,544,154
git,8180,217,155
git,8163,410,158
git,8179,275,156
git,8170,610,157
git,8169,306,157
git,8181,330,157
git,8164,685,159
git,8160,142,299
git,8182,4,6
which,8184,1,1
sh,8183,4,3
ps,8186,4,11
sh,8185,1,14
sed,8189,1,1
cat,8190,0,1
git,8192,18,27
git,8194,6,6
git,8193,35,34
git,8195,2,4
git,8196,27,26
git,8197,25,25
sleep,8191,0,1001
sed,8198,0,1
cat,8199,0,1
cpuUsage.sh,8200,0,0
cpuUsage.sh,8188,1,1012
sh,8187,3,1014
which,8202,0,1
sh,8201,1,3
ps,8204,1,11
sh,8203,1,12
sed,8207,0,1
cat,8208,1,1
sleep,8209,0,1001
sed,8210,0,3
cat,8211,1,1
cpuUsage.sh,8212,0,0
cpuUsage.sh,8206,1,1015
sh,8205,3,1017
git,8213,3,5
git,8214,8,4
git,8216,5,6
git,8223,241,127
git,8220,284,136
git,8219,215,137
git,8234,310,131
git,8222,312,141
git,8231,157,135
git,8218,716,145
git,8221,244,145
git,8229,260,140
git,8226,261,141
git,8233,464,142
git,8217,241,151
git,8236,384,144
git,8232,188,145
git,8228,347,146
git,8225,240,146
git,8227,372,147
git,8230,496,147
git,8224,487,149
git,8235,754,150
git,8215,135,291
which,8238,1,2
sh,8237,2,8
ps,8240,1,12
sh,8239,1,14
sed,8243,0,1
cat,8244,0,1
sleep,8245,0,1001
sed,8246,1,3
cat,8247,0,1
cpuUsage.sh,8248,0,0
cpuUsage.sh,8242,1,1015
sh,8241,2,1018
git,8249,2,4
git,8250,3,4
git,8252,4,6
git,8263,429,131
git,8259,196,133
git,8267,200,134
git,8255,344,139
git,8266,218,142
git,8261,194,143
git,8262,452,144
git,8256,440,145
git,8269,493,146
git,8260,176,146
git,8264,829,147
git,8258,237,147
git,8257,591,149
git,8254,361,149
git,8268,209,149
git,8253,579,151
git,8265,665,151
git,8272,377,137
git,8271,353,137
git,8270,221,138
git,8251,217,294
bash,8273,0,0
git,8291,259,131
git,8278,321,137
git,8281,475,134
git,8277,310,142
git,8276,568,143
git,8275,453,146
git,8285,432,142
git,8284,264,143
git,8289,218,145
git,8287,292,147
git,8283,626,148
git,8294,301,149
git,8288,304,150
git,8290,300,151
git,8292,414,151
git,8286,826,152
git,8279,431,153
git,8280,242,153
git,8293,368,153
git,8282,308,154
git,8274,95,281
bash,8295,0,1
which,8297,0,1
sh,8296,1,6
ps,8299,4,13
sh,8298,0,15
sed,8302,0,1
cat,8303,0,1
sleep,8304,2,1002
sed,8305,1,1
cat,8306,0,1
cpuUsage.sh,8307,0,0
cpuUsage.sh,8301,1,1013
sh,8300,1,1015
git,8308,4,5
git,8309,1,3
git,8311,3,6
git,8329,200,127
git,8321,185,132
git,8316,338,138
git,8326,420,139
git,8314,214,141
git,8322,283,142
git,8315,353,143
git,8328,219,143
git,8317,347,144
git,8331,212,144
git,8323,253,145
git,8320,235,146
git,8327,253,146
git,8313,237,147
git,8319,261,148
git,8318,621,148
git,8324,304,148
git,8330,257,149
git,8312,335,150
git,8325,249,150
git,8310,106,287
which,8333,0,2
sh,8332,2,4
ps,8335,13,10
sh,8334,0,13
sed,8338,1,1
cat,8339,0,1
sleep,8340,0,1001
sed,8341,1,4
cat,8342,0,1
cpuUsage.sh,8343,0,0
cpuUsage.sh,8337,1,1014
sh,8336,0,1016
git,8344,5,7
git,8345,5,6
git,8347,13,10
git,8363,368,147
git,8362,277,152
git,8349,484,162
git,8350,197,162
git,8366,268,160
git,8348,392,164
git,8351,390,161
git,8354,711,162
git,8358,939,164
git,8353,396,164
git,8359,631,166
git,8361,678,166
git,8357,402,167
git,8356,788,167
git,8367,389,168
git,8364,277,169
git,8365,338,170
git,8360,286,171
git,8352,522,172
git,8355,373,172
git,8346,94,310
which,8369,0,1
sh,8368,2,5
ps,8371,1,11
sh,8370,0,13
sed,8374,1,1
cat,8375,0,1
sleep,8376,0,1001
sed,8377,0,1
cat,8378,1,1
cpuUsage.sh,8379,0,0
cpuUsage.sh,8373,1,1011
sh,8372,1,1013
bash,8380,0,0
git,8384,275,155
bash,8382,1,156
awk,8383,2,156
bash,8381,1,157
bash,8385,0,0
git,8388,2,13
bash,8387,0,14
awk,8389,1,13
bash,8386,3,15
git,8390,4,7
git,8391,1,3
git,8393,4,6
git,8397,261,125
git,8395,218,130
git,8409,287,132
git,8408,339,135
git,8411,275,139
git,8403,388,140
git,8394,346,142
git,8404,204,141
git,8399,254,141
git,8405,213,142
git,8400,377,142
git,8396,584,143
git,8401,301,143
git,8413,304,143
git,8412,174,144
git,8406,292,144
git,8402,360,145
git,8407,526,145
git,8398,235,146
git,8410,288,146
git,8392,82,282
which,8415,0,1
sh,8414,1,3
ps,8417,0,11
sh,8416,0,13
sed,8420,0,1
cat,8421,0,1
bash,8423,0,0
git,8427,17,12
bash,8425,2,13
awk,8426,3,14
bash,8424,0,15
sleep,8422,0,1001
sed,8428,0,1
cat,8429,0,1
cpuUsage.sh,8430,0,0
cpuUsage.sh,8419,1,1012
sh,8418,2,1014
which,8432,0,0
sh,8431,3,4
ps,8434,7,11
sh,8433,1,12
sed,8437,0,1
cat,8438,0,1
sleep,8439,0,1001
sed,8440,0,7
cat,8441,0,2
cpuUsage.sh,8442,0,0
cpuUsage.sh,8436,3,1021
sh,8435,0,1023
git,8443,2,3
git,8444,0,2
git,8446,5,5
git,8453,221,132
git,8461,227,136
git,8456,441,138
git,8463,313,138
git,8450,355,140
git,8460,219,143
git,8454,260,143
git,8451,266,144
git,8457,402,144
git,8452,272,147
git,8462,201,147
git,8448,226,148
git,8447,382,149
git,8458,196,149
git,8459,226,149
git,8455,334,149
git,8449,553,150
git,8464,265,134
git,8466,613,135
git,8465,742,136
which,8468,1,2
sh,8467,2,6
ps,8470,41,23
sh,8469,3,26
sed,8473,3,3
cat,8474,1,2
git,8445,102,316
sleep,8475,1,1003
sed,8476,0,5
cat,8477,0,1
cpuUsage.sh,8478,0,0
cpuUsage.sh,8472,4,1021
sh,8471,5,1025
bash,8479,1,3
git,8482,0,0
git,8483,0,0
git,8484,0,1
git,8485,1,1
git,8481,1,1
git,8486,0,0
git,8487,0,0
git,8488,0,1
git,8490,1,1
git,8491,1,1
git,8492,1,1
git,8493,1,1
git,8494,2,2
git,8489,2,2
git,8495,2,2
git,8496,0,0
git,8497,0,0
git,8498,0,0
git,8499,0,0
git,8500,0,1
