Attaching 7 probes...
COMM,PID,RUNQ_MS,TOTAL_MS
which,38578,0,2
sh,38577,3,7
ps,38580,83,46
sh,38579,4,51
fibonacci,38609,34,36
fibonacci,38620,49,51
fibonacci,38621,50,52
fibonacci,38622,50,52
fibonacci,38623,51,55
fibonacci,38627,54,56
fibonacci,38629,55,62
fibonacci,38630,61,63
fibonacci,38631,63,65
fibonacci,38632,64,66
fibonacci,38633,65,68
fibonacci,38634,67,69
fibonacci,38635,68,72
fibonacci,38636,71,77
fibonacci,38637,76,78
fibonacci,38638,77,81
fibonacci,38640,83,86
fibonacci,38628,53,113
fibonacci,38669,112,115
fibonacci,38671,113,115
fibonacci,38677,115,118
fibonacci,38679,116,118
fibonacci,38584,189,192
fibonacci,38585,189,192
fibonacci,38586,190,192
fibonacci,38587,190,192
fibonacci,38588,198,192
fibonacci,38589,189,192
fibonacci,38682,118,123
fibonacci,38590,189,194
fibonacci,38591,191,193
fibonacci,38593,290,292
fibonacci,38594,290,297
fibonacci,38625,265,325
fibonacci,38639,310,334
fibonacci,38596,393,395
fibonacci,38597,392,395
fibonacci,38598,392,394
fibonacci,38641,315,374
fibonacci,38642,476,373
fibonacci,38644,475,372
fibonacci,38646,368,375
fibonacci,38648,372,374
fibonacci,38650,371,373
fibonacci,38599,392,452
fibonacci,38600,449,452
fibonacci,38601,449,452
fibonacci,38602,449,451
fibonacci,38603,449,451
fibonacci,38604,448,450
fibonacci,38654,469,471
fibonacci,38656,468,470
fibonacci,38658,575,467
fibonacci,38660,464,466
fibonacci,38662,462,465
fibonacci,38664,459,501
fibonacci,38667,496,511
fibonacci,38672,506,513
fibonacci,38674,509,514
fibonacci,38676,626,512
fibonacci,38680,505,513
fibonacci,38606,546,641
fibonacci,38607,639,644
fibonacci,38608,677,644
fibonacci,38610,641,643
fibonacci,38612,738,741
fibonacci,38613,738,741
fibonacci,38614,738,740
fibonacci,38615,738,740
fibonacci,38616,737,797
fibonacci,38617,794,796
fibonacci,38618,794,802
fibonacci,38619,799,801
fibonacci,38626,794,796
fibonacci,38643,781,783
fibonacci,38645,780,782
fibonacci,38647,885,781
fibonacci,38649,884,780
fibonacci,38624,557,804
fibonacci,38653,874,885
fibonacci,38655,882,884
fibonacci,38657,880,883
fibonacci,38659,988,880
fibonacci,38661,987,879
fibonacci,38663,986,877
fibonacci,38666,972,975
fibonacci,38668,1085,974
fibonacci,38670,970,973
fibonacci,38673,1085,970
fibonacci,38675,967,969
fibonacci,38678,965,968
fibonacci,38681,963,966
fibonacci,38652,587,1226
fibonacci,38605,1131,1537
fibonacci,38595,1446,1688
fibonacci,38592,1589,1988
fibonacci,38611,1976,2621
fibonacci,38651,1991,2638
sed,38583,2765,2768
git,38683,1,7
cat,38684,0,3
cat,38685,0,3
cat,38686,1,2
cat,38687,105,107
git,38688,96,98
fibonacci,38665,1324,2997
cat,38689,307,157
cat,38691,7,7
cat,38694,11,8
bash,38693,13,13
git,38692,18,26
git,38697,356,345
git,38711,400,348
git,38709,408,350
git,38712,508,353
git,38713,381,361
git,38715,420,355
git,38714,421,359
git,38702,425,381
git,38705,524,425
git,38700,441,429
git,38710,498,428
git,38704,570,430
git,38696,534,435
git,38701,436,435
git,38707,445,434
git,38698,538,437
git,38699,471,437
git,38706,461,436
git,38703,642,437
git,38708,439,438
which,38717,3,5
sh,38716,4,11
ps,38719,66,92
sh,38718,7,100
sed,38722,9,8
cat,38723,4,6
git,38690,271,994
sleep,38695,6,1009
sed,38725,5,5
cat,38726,3,4
cpuUsage.sh,38727,0,1
cpuUsage.sh,38728,0,1
cpuUsage.sh,38729,0,1
cpuUsage.sh,38730,0,1
cat,38731,0,3
cpuUsage.sh,38732,0,1
cpuUsage.sh,38733,0,1
cat,38734,0,2
cpuUsage.sh,38735,1,2
cat,38736,4,5
cpuUsage.sh,38737,0,1
cpuUsage.sh,38582,41,4147
sh,38581,2,4151
sleep,38724,3,1004
sed,38738,1,5
cat,38739,0,3
cpuUsage.sh,38740,0,1
cpuUsage.sh,38721,10,1041
sh,38720,5,1047
which,38742,0,2
sh,38741,3,8
ps,38744,20,51
sh,38743,2,55
sed,38747,0,4
cat,38748,0,3
git,38750,3,9
git,38751,9,14
git,38753,24,18
git,38761,505,423
git,38760,449,426
git,38763,403,420
git,38754,470,434
git,38766,528,433
git,38764,516,436
git,38756,525,454
git,38757,628,456
git,38765,490,446
git,38767,447,444
git,38755,442,460
git,38768,667,452
git,38762,598,455
git,38773,588,445
git,38769,474,449
git,38758,492,477
git,38759,506,477
git,38770,550,452
git,38771,459,456
git,38772,479,460
sleep,38749,2,1005
sed,38774,11,11
cat,38775,3,6
cpuUsage.sh,38776,2,2
cpuUsage.sh,38746,6,1046
sh,38745,3,1050
git,38752,186,952
git,38777,21,63
git,38778,20,65
git,38779,1,7
git,38780,1,10
git,38781,6,8
git,38782,2,8
git,38784,14,19
git,38785,441,405
git,38786,580,415
git,38800,544,424
git,38794,762,426
git,38801,465,426
git,38792,547,430
git,38789,510,431
git,38787,477,434
git,38791,412,435
git,38790,499,436
git,38799,637,433
git,38793,471,437
git,38802,440,436
git,38788,576,440
git,38795,447,438
git,38798,428,438
git,38796,588,438
git,38804,545,438
git,38803,598,439
git,38797,621,443
git,38783,168,901
bash,38805,1,4
chrt,38811,3,4
sudo,38810,3,9
sudo,38809,14,45
sh,38816,0,3
bpftrace,38817,0,24
bpftrace,38818,0,21
bpftrace,38819,0,12
bpftrace,38820,0,13
bpftrace,38821,0,13
bpftrace,38822,0,12
bpftrace,38823,0,12
git,38824,2,8
git,38825,4,11
git,38827,11,20
git,38829,412,393
git,38844,450,407
git,38836,427,410
git,38830,515,416
git,38837,442,416
git,38845,477,420
git,38828,513,429
git,38832,496,430
git,38847,469,427
git,38839,405,433
git,38831,490,437
which,38849,14,16
sh,38848,48,55
git,38838,546,439
git,38846,475,438
git,38840,465,442
git,38833,510,453
git,38842,545,450
git,38843,541,453
git,38834,500,459
git,38841,592,458
git,38835,397,463
sleep,38813,0,1003
fibonacci,38880,44,47
fibonacci,38881,46,48
fibonacci,38882,46,48
fibonacci,38883,48,50
fibonacci,38885,49,52
fibonacci,38887,50,53
fibonacci,38888,52,54
fibonacci,38886,50,57
fibonacci,38889,53,56
fibonacci,38890,55,57
fibonacci,38902,59,61
fibonacci,38903,61,64
fibonacci,38904,60,66
fibonacci,38905,63,65
fibonacci,38916,70,72
fibonacci,38918,71,73
fibonacci,38925,73,75
fibonacci,38924,74,76
fibonacci,38926,74,77
fibonacci,38927,74,76
fibonacci,38928,75,78
fibonacci,38929,75,77
fibonacci,38930,76,78
fibonacci,38931,76,79
fibonacci,38936,80,82
fibonacci,38938,81,83
fibonacci,38939,80,82
fibonacci,38941,81,83
fibonacci,38943,81,83
fibonacci,38945,82,84
fibonacci,38947,83,85
fibonacci,38852,144,142
fibonacci,38853,143,145
fibonacci,38854,144,146
fibonacci,38855,144,146
fibonacci,38856,144,146
fibonacci,38857,143,146
fibonacci,38858,143,147
fibonacci,38859,145,147
fibonacci,38884,129,190
fibonacci,38891,184,188
fibonacci,38861,244,247
fibonacci,38862,244,252
fibonacci,38894,232,234
fibonacci,38895,284,286
fibonacci,38897,283,291
fibonacci,38899,349,290
fibonacci,38901,287,289
fibonacci,38906,284,289
fibonacci,38908,286,289
fibonacci,38910,355,288
fibonacci,38912,285,287
fibonacci,38914,284,292
fibonacci,38864,349,351
fibonacci,38865,349,351
fibonacci,38866,349,351
fibonacci,38867,348,414
fibonacci,38868,411,414
fibonacci,38869,412,414
fibonacci,38870,412,414
fibonacci,38871,411,414
fibonacci,38872,411,414
fibonacci,38922,485,487
fibonacci,38932,478,520
fibonacci,38934,517,520
fibonacci,38940,513,520
fibonacci,38942,516,520
fibonacci,38944,517,519
fibonacci,38946,516,519
fibonacci,38948,515,523
fibonacci,38950,519,523
fibonacci,38875,610,616
fibonacci,38876,614,616
fibonacci,38877,658,616
fibonacci,38878,613,616
fibonacci,38893,705,767
fibonacci,38896,764,824
fibonacci,38898,881,824
fibonacci,38900,882,823
fibonacci,38907,817,841
fibonacci,38909,838,901
fibonacci,38911,898,900
fibonacci,38913,897,900
fibonacci,38915,968,899
fibonacci,38917,896,898
fibonacci,38892,662,918
fibonacci,38921,894,904
fibonacci,38923,901,904
fibonacci,38935,999,1015
fibonacci,38937,1012,1014
fibonacci,38949,1004,1006
fibonacci,38874,1293,1353
fibonacci,38863,1462,1727
fibonacci,38919,1104,1783
fibonacci,38920,1181,1859
fibonacci,38860,1896,2310
fibonacci,38879,1622,2307
fibonacci,38873,1903,2328
ps,38851,2543,2500
sh,38850,8,2609
sed,38953,2,7
cat,38954,5,4
cat,38955,0,3
cat,38956,0,3
cat,38957,2,3
cat,38958,0,3
cat,38959,0,3
cat,38960,2,5
git,38826,7721,3678
fibonacci,38933,1879,3625
run_tasks.sh,38808,86,4729
sudo,38807,1,4732
sudo,38806,16,4769
bash,38962,0,3
which,38964,0,2
sh,38963,2,7
sleep,38961,94,1094
sed,38967,11,10
cat,38968,4,6
cpuUsage.sh,38969,2,2
cpuUsage.sh,38970,0,1
cpuUsage.sh,38971,3,3
cpuUsage.sh,38972,1,2
ps,38966,35,66
sh,38965,2,70
cat,38973,4,6
cpuUsage.sh,38975,1,2
cat,38977,1,5
cpuUsage.sh,38978,0,1
cat,38979,4,6
cpuUsage.sh,38981,0,1
cpuUsage.sh,38952,215,1406
sh,38951,244,1654
sed,38980,24,20
cat,38982,7,11
git,38984,2,58
sleep,38983,6,1010
sed,38985,0,4
cat,38986,0,3
cpuUsage.sh,38987,0,1
cpuUsage.sh,38976,14,1074
sh,38974,5,1082
git,38988,60,96
git,38989,69,98
git,38990,1,8
git,38991,16,18
git,38992,8,13
git,38994,21,21
git,38997,495,391
git,38995,451,411
git,39005,436,411
git,39004,413,416
git,39009,425,411
git,39000,455,438
git,39003,574,438
git,39012,460,424
git,39011,567,434
git,38998,516,464
git,39001,630,468
git,39007,438,457
git,39013,490,456
git,39002,616,478
git,38999,525,479
git,39006,507,463
git,38996,568,484
git,39010,545,464
git,39008,545,465
git,39014,493,444
which,39016,3,5
sh,39015,4,13
git,38993,239,951
ps,39018,31,66
sh,39017,4,75
sed,39021,0,4
cat,39022,0,3
sleep,39023,2,1005
sed,39024,0,4
cat,39025,0,3
cpuUsage.sh,39026,0,1
cpuUsage.sh,39020,5,1034
sh,39019,3,1039
git,39027,10,10
git,39028,5,12
git,39030,21,29
polkitd,39031,0,0
polkitd,39032,0,1
polkitd,39033,0,1
polkitd,39034,0,0
polkitd,39035,0,0
polkitd,39036,1,1
polkitd,39046,0,1
polkitd,39052,0,0
polkitd,39056,0,1
git,39039,54,92
git,39057,120,144
git,39038,491,470
git,39043,523,473
git,39045,594,474
git,39047,655,470
git,39042,611,504
git,39053,616,478
git,39040,630,512
git,39041,611,512
git,39050,670,488
git,39054,561,485
git,39037,603,522
git,39048,552,495
git,39055,586,487
git,39058,427,455
git,39044,592,525
git,39059,603,458
git,39051,558,502
git,39049,662,503
git,39029,394,1159
git,39060,4,10
git,39061,7,13
git,39063,10,17
git,39068,499,345
git,39064,365,346
git,39066,392,348
git,39067,367,354
git,39065,400,357
git,39071,488,413
git,39080,490,407
git,39072,603,419
git,39075,504,419
git,39083,461,429
git,39069,436,442
git,39073,528,453
git,39070,570,456
git,39082,503,446
git,39078,544,458
git,39077,478,459
git,39076,577,461
git,39079,593,451
git,39081,505,456
git,39074,492,468
git,39084,32,32
git,39062,118,931
git,39085,12,12
git,39086,6,12
git,39088,10,19
git,39101,387,381
git,39092,411,384
git,39100,434,389
git,39104,426,389
git,39105,490,395
git,39103,525,405
git,39098,515,424
git,39106,448,406
git,39094,463,427
git,39096,492,428
git,39099,460,431
git,39091,464,433
git,39108,449,415
git,39095,632,435
git,39089,570,437
git,39090,491,441
git,39093,515,441
git,39097,516,441
git,39107,540,423
git,39102,486,430
git,39087,73,869
polkitd,39109,0,0
polkitd,39110,0,0
polkitd,39111,0,0
polkitd,39112,0,0
polkitd,39113,0,0
polkitd,39114,0,0
pool-NetworkMan,39115,0,15516
git,39116,6,11
git,39117,12,15
git,39119,9,17
git,39121,438,319
git,39135,480,396
git,39134,467,410
git,39132,429,411
git,39136,486,414
git,39123,493,446
git,39129,484,447
git,39126,521,449
git,39139,564,423
git,39122,690,454
git,39137,511,427
git,39124,524,456
git,39131,462,456
git,39120,546,461
git,39125,483,460
git,39128,531,460
git,39127,540,460
git,39130,688,460
git,39133,590,436
git,39138,611,439
git,39118,146,936
git,39141,78,73
git,39140,60,96
git,39142,8,11
journal-offline,39144,0,1
journal-offline,39145,3,4
sh,39146,6,10
cron,39143,7,27
git,39147,6,12
git,39148,6,10
git,39150,10,18
git,39167,433,432
git,39152,490,448
git,39163,589,447
git,39161,523,452
git,39162,529,455
git,39158,480,457
git,39164,557,462
git,39165,483,462
git,39166,516,466
git,39170,456,444
git,39151,599,474
git,39154,652,476
git,39153,638,478
git,39155,532,479
git,39157,607,485
git,39156,546,486
git,39160,555,485
git,39168,510,463
git,39159,537,491
git,39169,521,472
git,39149,171,1013
sadc,39171,8,43
(sd-close),39172,4,1
git,39174,5,9
git,39175,4,10
git,39177,9,17
git,39178,402,419
git,39181,404,421
git,39192,526,423
git,39183,420,426
git,39188,522,428
git,39193,542,429
git,39187,460,432
git,39180,457,439
git,39185,453,435
git,39189,496,437
git,39190,490,438
git,39179,533,447
git,39197,489,433
git,39191,530,446
git,39184,579,449
git,39194,551,439
git,39182,554,458
git,39195,487,441
git,39186,520,456
git,39196,546,446
git,39176,265,900
git,39198,5,10
git,39199,8,11
git,39201,9,15
git,39208,372,355
git,39202,381,357
git,39203,438,369
git,39210,503,373
git,39216,413,379
git,39217,498,381
git,39219,350,390
git,39207,429,414
git,39212,605,411
git,39211,510,422
git,39205,445,439
git,39206,445,443
git,39215,435,431
git,39204,514,446
git,39209,629,447
git,39214,551,443
git,39213,531,446
git,39218,630,450
git,39220,479,452
git,39221,537,453
git,39200,73,884
git,39223,21,9
git,39224,4,9
git,39226,10,18
git,39228,443,398
git,39235,501,405
git,39243,433,409
git,39241,515,413
git,39240,418,417
git,39238,443,419
git,39242,511,419
git,39244,511,420
git,39246,530,420
git,39245,453,422
git,39230,490,428
git,39227,532,429
git,39229,412,431
git,39236,540,433
git,39233,432,436
git,39234,450,437
git,39237,496,435
git,39231,446,438
git,39232,577,439
git,39239,530,439
git,39225,125,865
git,39247,8,16
git,39248,7,18
git,39250,7,15
git,39257,431,399
git,39263,485,400
git,39251,498,405
git,39261,503,406
git,39268,441,396
git,39266,422,399
git,39264,462,411
git,39270,526,402
git,39262,489,416
git,39269,456,406
git,39254,523,431
git,39265,650,435
git,39255,457,438
git,39260,508,437
git,39258,461,439
git,39267,490,429
git,39256,514,442
git,39252,501,444
git,39259,597,443
git,39253,530,446
git,39249,207,881
git,39271,6,10
git,39272,7,11
git,39274,20,22
git,39282,392,344
git,39281,493,357
git,39290,362,351
git,39276,380,368
git,39289,391,358
git,39283,380,369
git,39288,358,361
git,39285,477,368
git,39277,471,382
git,39291,530,386
git,39278,404,416
git,39279,495,421
git,39280,438,423
git,39275,497,431
git,39284,487,427
git,39292,523,417
git,39286,433,428
git,39287,485,430
git,39294,449,423
git,39293,643,426
git,39273,165,883
git,39295,4,10
git,39296,9,10
git,39298,10,18
git,39308,481,396
git,39315,480,398
git,39300,479,406
git,39305,425,408
git,39310,498,409
git,39316,464,408
git,39311,461,410
git,39317,726,415
git,39312,520,417
git,39304,468,424
git,39309,451,440
git,39299,557,445
git,39314,646,443
git,39306,486,449
git,39307,517,451
git,39301,574,455
git,39313,455,452
git,39302,743,458
git,39303,448,460
git,39318,475,458
git,39297,155,894
bash,39319,4,6
chrt,39325,0,3
sudo,39324,0,6
sudo,39323,13,40
sh,39330,0,2
bpftrace,39331,0,29
bpftrace,39332,0,22
bpftrace,39333,0,12
bpftrace,39334,0,13
bpftrace,39335,0,15
bpftrace,39336,0,14
bpftrace,39337,0,16
bpftrace,39329,1,307
sudo,39328,0,309
sudo,39326,0,333
which,39339,0,2
sh,39338,3,7
ps,39341,1,47
sh,39340,3,52
sed,39344,0,4
sleep,39327,0,1002
fibonacci,39375,43,46
fibonacci,39376,45,47
fibonacci,39383,48,50
fibonacci,39385,49,54
fibonacci,39394,55,57
fibonacci,39395,57,59
fibonacci,39396,56,58
fibonacci,39399,59,62
fibonacci,39402,61,64
fibonacci,39401,60,85
fibonacci,39406,84,86
fibonacci,39407,84,87
fibonacci,39409,85,88
fibonacci,39410,87,89
fibonacci,39411,86,88
fibonacci,39412,88,90
fibonacci,39417,188,191
fibonacci,39418,188,191
fibonacci,39419,189,192
fibonacci,39420,190,192
fibonacci,39346,441,235
fibonacci,39421,190,193
fibonacci,39422,191,194
fibonacci,39423,192,194
fibonacci,39424,193,195
fibonacci,39425,193,195
fibonacci,39426,194,232
fibonacci,39431,230,233
fibonacci,39432,232,234
fibonacci,39433,231,233
fibonacci,39347,793,285
fibonacci,39435,232,235
fibonacci,39439,234,236
fibonacci,39441,235,237
fibonacci,39348,584,294
fibonacci,39443,236,239
fibonacci,39444,238,242
fibonacci,39349,878,300
fibonacci,39377,283,285
fibonacci,39350,590,300
fibonacci,39351,298,300
fibonacci,39352,298,302
fibonacci,39353,312,301
fibonacci,39378,283,346
fibonacci,39381,342,344
fibonacci,39380,384,392
fibonacci,39355,404,406
fibonacci,39356,404,411
fibonacci,39358,508,510
fibonacci,39359,508,510
fibonacci,39360,508,510
fibonacci,39387,436,498
fibonacci,39389,495,497
fibonacci,39391,494,502
fibonacci,39393,498,501
fibonacci,39397,496,500
fibonacci,39403,476,539
fibonacci,39404,536,539
fibonacci,39408,533,541
fibonacci,39361,509,571
fibonacci,39362,569,572
fibonacci,39363,569,572
fibonacci,39364,569,571
fibonacci,39365,569,571
fibonacci,39366,569,571
fibonacci,39428,592,595
fibonacci,39430,591,594
fibonacci,39434,588,596
fibonacci,39436,592,597
fibonacci,39438,593,596
fibonacci,39440,592,595
fibonacci,39442,591,599
fibonacci,39368,668,762
fibonacci,39369,759,764
fibonacci,39370,762,764
fibonacci,39371,762,764
fibonacci,39372,805,764
fibonacci,39374,1677,863
fibonacci,39379,907,861
fibonacci,39382,906,859
fibonacci,39384,856,858
fibonacci,39388,909,857
fibonacci,39390,854,917
fibonacci,39392,970,916
fibonacci,39398,910,916
fibonacci,39400,912,917
fibonacci,39405,912,914
fibonacci,39386,737,990
fibonacci,39416,1012,1014
fibonacci,39429,1003,1019
fibonacci,39437,1248,1014
fibonacci,39415,1025,1036
fibonacci,39357,1476,1726
fibonacci,39414,1177,1825
fibonacci,39367,1821,2220
fibonacci,39354,2035,2440
fibonacci,39413,2106,2753
fibonacci,39373,2176,2815
cat,39345,2853,2856
cat,39445,0,3
cat,39446,22,13
cat,39447,0,2
fibonacci,39427,1218,2918
run_tasks.sh,39322,239,4018
sudo,39321,9,4025
sudo,39320,25,4046
bash,39449,3,5
git,39450,8,11
git,39451,6,11
git,39453,14,15
sleep,39448,6,1009
sed,39474,57,52
cat,39475,36,39
cpuUsage.sh,39476,10,11
cpuUsage.sh,39477,11,12
cpuUsage.sh,39478,10,11
cpuUsage.sh,39479,10,11
cpuUsage.sh,39480,11,12
cpuUsage.sh,39343,95,4147
sh,39342,8,4157
git,39455,408,427
git,39456,619,448
git,39468,506,443
git,39471,419,444
git,39466,488,456
git,39457,759,467
git,39465,735,468
git,39454,691,471
git,39473,468,463
git,39472,585,465
which,39482,20,23
sh,39481,65,73
git,39458,486,477
git,39464,630,479
git,39470,482,472
git,39459,506,483
git,39462,445,486
git,39469,550,479
git,39463,547,488
git,39461,506,490
git,39460,791,493
git,39467,520,487
ps,39484,74,99
sh,39483,13,114
sed,39487,4,6
cat,39488,3,7
git,39452,128,958
sleep,39489,3,1006
sed,39490,0,4
cat,39491,0,3
cpuUsage.sh,39492,0,1
cpuUsage.sh,39486,18,1049
sh,39485,4,1056
git,39493,5,10
git,39494,18,13
git,39496,11,15
git,39502,439,399
git,39500,407,401
git,39505,446,403
git,39504,534,418
git,39507,496,418
git,39498,499,429
git,39506,464,427
git,39497,568,437
git,39513,467,425
git,39499,569,444
git,39503,754,445
git,39501,445,451
git,39511,471,446
git,39509,440,448
git,39512,479,449
git,39508,410,452
git,39516,571,454
git,39514,498,456
git,39510,517,458
git,39515,613,458
git,39495,125,931
git,39517,12,14
git,39518,6,10
git,39520,7,14
git,39525,433,403
git,39526,512,405
git,39536,448,399
git,39537,552,404
git,39533,454,407
git,39523,516,426
git,39524,523,427
git,39535,449,413
git,39540,499,415
git,39522,532,435
git,39538,585,420
git,39539,522,422
git,39529,467,433
git,39521,435,441
git,39534,408,426
git,39527,521,440
git,39530,457,437
git,39528,450,438
git,39531,641,438
git,39532,532,442
git,39519,188,889
git,39541,14,18
git,39542,14,16
git,39544,14,21
git,39551,352,373
git,39548,409,380
git,39550,382,387
git,39554,369,387
git,39553,393,392
git,39552,406,395
git,39549,585,396
git,39555,423,392
git,39547,455,417
git,39564,416,394
git,39559,512,413
git,39557,484,414
git,39545,607,437
git,39546,466,452
git,39560,548,449
git,39556,475,458
git,39562,593,441
git,39561,655,442
git,39558,614,463
git,39563,493,449
git,39543,188,930
git,39565,5,11
git,39566,19,12
git,39568,14,17
git,39570,446,403
git,39572,424,406
git,39571,414,411
git,39574,469,418
git,39569,448,423
git,39573,511,423
git,39575,484,439
git,39580,472,432
git,39585,661,436
git,39576,457,440
git,39588,463,427
git,39578,635,452
git,39581,462,456
git,39577,567,461
git,39583,580,461
git,39584,584,464
git,39579,523,465
git,39586,512,465
git,39587,533,452
git,39582,526,467
git,39567,172,953
git,39589,7,10
git,39590,4,10
git,39592,18,21
git,39596,532,383
git,39595,536,395
git,39603,400,401
git,39599,531,414
git,39594,508,418
git,39608,404,392
git,39597,431,418
git,39601,661,419
git,39600,465,421
git,39593,460,426
git,39606,544,425
git,39602,495,428
git,39607,631,407
git,39604,535,438
git,39605,447,443
git,39598,458,446
git,39609,404,423
git,39612,426,425
git,39610,411,425
git,39611,587,428
git,39591,107,885
git,39613,9,11
git,39614,9,13
git,39616,15,19
git,39620,399,340
git,39618,335,355
git,39621,338,358
git,39636,513,358
git,39633,355,364
git,39634,543,368
git,39622,454,378
git,39635,425,375
git,39623,553,380
git,39619,421,412
git,39631,434,422
git,39625,487,430
git,39626,499,431
git,39627,582,433
git,39630,489,435
git,39617,484,449
git,39624,467,445
git,39628,592,444
git,39632,504,446
git,39629,719,446
git,39615,36,870
bash,39637,0,4
chrt,39643,1,4
sudo,39642,3,8
sudo,39641,12,38
sh,39648,0,2
bpftrace,39649,0,32
bpftrace,39650,0,23
bpftrace,39651,0,14
bpftrace,39652,0,13
bpftrace,39653,0,13
bpftrace,39654,0,15
bpftrace,39655,0,13
which,39657,0,2
sh,39656,5,7
ps,39659,11,45
sh,39658,1,51
sed,39662,0,4
cat,39663,0,2
cat,39664,0,3
cat,39665,0,3
sleep,39645,0,1002
fibonacci,39693,45,47
fibonacci,39695,46,48
fibonacci,39696,48,50
fibonacci,39697,49,51
fibonacci,39699,50,115
fibonacci,39700,114,117
fibonacci,39701,116,124
fibonacci,39702,123,126
fibonacci,39703,126,128
fibonacci,39704,127,130
fibonacci,39705,129,131
fibonacci,39706,131,135
fibonacci,39710,140,142
fibonacci,39720,145,147
fibonacci,39721,147,151
fibonacci,39723,150,152
fibonacci,39722,146,170
fibonacci,39725,169,171
fibonacci,39727,170,173
fibonacci,39728,170,173
fibonacci,39730,172,174
fibonacci,39731,174,176
fibonacci,39732,173,176
fibonacci,39733,175,177
fibonacci,39739,276,278
fibonacci,39740,276,278
fibonacci,39741,277,279
fibonacci,39742,277,279
fibonacci,39743,278,280
fibonacci,39744,278,281
fibonacci,39745,279,281
fibonacci,39746,280,283
fibonacci,39667,349,329
fibonacci,39752,284,286
fibonacci,39753,285,288
fibonacci,39754,285,287
fibonacci,39756,287,289
fibonacci,39759,288,291
fibonacci,39758,288,292
fibonacci,39760,290,293
fibonacci,39761,291,294
fibonacci,39668,1025,349
fibonacci,39762,292,294
fibonacci,39764,292,295
fibonacci,39765,294,298
fibonacci,39763,293,300
fibonacci,39757,304,308
fibonacci,39669,363,360
fibonacci,39670,365,360
fibonacci,39671,358,360
fibonacci,39672,358,360
fibonacci,39673,358,362
fibonacci,39674,359,362
fibonacci,39698,347,349
fibonacci,39676,902,461
fibonacci,39677,459,467
fibonacci,39708,434,499
fibonacci,39712,492,501
fibonacci,39715,497,499
fibonacci,39717,496,498
fibonacci,39719,495,500
fibonacci,39724,480,541
fibonacci,39679,565,568
fibonacci,39680,565,567
fibonacci,39681,567,569
fibonacci,39729,535,543
fibonacci,39747,535,574
fibonacci,39682,567,628
fibonacci,39683,625,628
fibonacci,39684,626,628
fibonacci,39737,595,597
fibonacci,39685,626,629
fibonacci,39686,626,629
fibonacci,39687,626,628
fibonacci,39750,667,683
fibonacci,39755,677,685
fibonacci,39736,694,706
fibonacci,39689,725,823
fibonacci,39690,821,826
fibonacci,39691,868,826
fibonacci,39692,823,826
fibonacci,39709,1055,916
fibonacci,39711,913,975
fibonacci,39713,1116,974
fibonacci,39714,972,974
fibonacci,39716,1117,973
fibonacci,39718,970,974
fibonacci,39726,967,969
fibonacci,39707,825,1076
fibonacci,39738,1061,1063
fibonacci,39749,1054,1057
fibonacci,39751,1054,1056
fibonacci,39678,1500,1751
fibonacci,39735,1269,1924
fibonacci,39675,1752,2152
fibonacci,39688,2046,2450
fibonacci,39694,2048,2699
fibonacci,39734,2074,2722
cat,39666,2779,2782
cat,39766,7,10
cat,39767,2,5
cat,39768,0,3
git,39770,1,7
git,39771,13,13
git,39791,70,94
fibonacci,39748,1331,3043
run_tasks.sh,39640,302,4140
sudo,39639,17,4160
sudo,39638,89,4243
git,39773,404,299
bash,39794,23,27
git,39789,342,327
git,39776,477,446
git,39780,705,519
git,39784,633,505
git,39785,517,508
git,39775,706,530
git,39786,711,516
git,39787,717,518
git,39782,618,550
git,39778,605,554
git,39777,739,557
git,39774,618,560
git,39781,808,569
git,39779,737,573
git,39790,638,554
git,39788,559,557
git,39783,848,578
git,39793,542,447
git,39792,459,454
sleep,39769,1,1004
sed,39795,6,10
cat,39796,6,6
cpuUsage.sh,39797,0,1
cpuUsage.sh,39798,4,3
cpuUsage.sh,39799,0,1
cpuUsage.sh,39800,1,2
cat,39801,4,6
cpuUsage.sh,39802,1,2
cpuUsage.sh,39803,1,2
cat,39804,2,4
cpuUsage.sh,39805,0,1
cat,39806,2,5
cpuUsage.sh,39807,1,2
cpuUsage.sh,39661,43,3931
sh,39660,2,3937
git,39772,316,1073
which,39809,0,2
sh,39808,3,7
ps,39811,1,47
sh,39810,2,52
sed,39814,0,4
cat,39815,0,2
sleep,39816,0,1003
sed,39817,0,4
cat,39818,4,4
cpuUsage.sh,39819,0,1
cpuUsage.sh,39813,6,1033
sh,39812,3,1038
git,39820,4,8
git,39821,4,9
git,39823,10,17
git,39825,434,411
git,39840,469,410
git,39838,474,412
git,39837,424,420
git,39833,490,429
git,39839,489,423
git,39836,386,425
git,39841,486,428
git,39830,509,437
git,39834,621,437
git,39835,491,440
git,39832,460,441
git,39829,494,443
git,39843,441,436
git,39842,514,437
git,39828,577,447
git,39831,466,449
git,39826,501,451
git,39827,497,451
git,39824,493,453
git,39844,55,96
git,39845,74,107
git,39846,7,14
git,39822,302,1052
git,39847,5,11
git,39848,2,10
git,39850,23,24
git,39851,481,438
git,39868,543,431
git,39853,480,449
git,39863,571,438
git,39862,660,449
git,39864,514,445
git,39865,503,447
git,39861,494,456
git,39860,629,458
git,39854,489,468
git,39859,769,470
git,39867,485,464
git,39866,644,465
git,39857,521,475
git,39858,731,476
git,39852,532,482
git,39870,531,463
git,39855,669,481
git,39856,468,482
git,39869,531,472
git,39849,281,1027
git,39871,8,14
git,39872,6,13
git,39874,16,18
git,39877,391,408
git,39885,593,406
git,39884,583,407
git,39878,558,415
git,39876,421,418
git,39879,396,417
git,39887,556,417
git,39886,541,419
git,39875,542,425
git,39883,498,422
git,39881,438,427
git,39882,506,429
git,39888,409,413
git,39890,501,421
git,39891,470,425
git,39880,553,450
git,39892,434,431
git,39894,583,435
git,39893,511,439
git,39889,489,441
git,39873,171,905
git,39895,5,11
git,39896,9,14
git,39898,8,16
git,39899,422,408
git,39904,494,443
git,39913,409,430
git,39902,608,455
git,39903,477,456
git,39905,514,458
git,39906,584,459
git,39900,653,468
git,39912,491,447
git,39901,522,472
git,39909,504,455
git,39914,474,451
git,39907,522,467
git,39911,458,461
git,39908,493,463
git,39915,450,446
git,39910,645,465
git,39918,569,448
git,39917,478,451
git,39916,451,455
git,39897,177,954
git,39919,27,19
git,39920,26,22
git,39922,17,18
git,39924,506,460
git,39934,446,471
git,39929,487,478
git,39939,547,475
git,39925,541,485
git,39938,514,482
git,39937,563,483
git,39935,567,485
git,39926,522,492
git,39940,496,472
git,39936,618,491
git,39928,572,496
git,39932,566,494
git,39941,496,478
git,39942,527,479
git,39930,577,501
git,39933,499,498
git,39931,596,502
git,39923,618,505
git,39927,577,505
git,39921,254,1005
git,39943,18,61
git,39944,71,76
git,39945,8,11
git,39946,15,18
git,39947,10,15
git,39949,18,20
git,39953,506,418
git,39955,644,425
git,39957,438,428
git,39962,551,429
git,39951,532,434
git,39964,453,439
git,39954,553,446
git,39963,487,445
git,39956,581,448
git,39966,517,436
git,39959,495,452
git,39952,548,455
git,39950,544,458
git,39958,510,458
git,39961,531,459
git,39960,533,461
git,39967,535,448
git,39965,519,451
git,39969,792,451
git,39968,476,452
git,39948,139,943
git,39971,64,90
git,39970,80,103
git,39972,6,13
git,39974,50,85
git,39973,76,105
git,39975,11,13
git,39976,15,14
git,39977,10,13
git,39979,29,23
git,39981,446,399
git,39986,726,424
git,39980,570,427
git,39983,568,429
git,39982,535,434
git,39985,534,434
git,39984,429,437
git,39988,519,438
git,39987,542,442
git,39999,433,412
git,39994,489,442
git,39995,498,449
git,39991,548,451
git,39990,517,454
git,39998,462,439
git,39996,596,461
git,39989,452,463
git,39997,627,465
git,39992,552,466
git,39993,532,466
git,39978,159,956
git,40000,6,12
git,40001,3,10
git,40003,8,15
git,40007,503,411
git,40004,510,412
git,40009,434,415
git,40008,467,424
git,40014,479,415
git,40018,503,425
git,40005,515,440
git,40015,591,432
git,40011,532,446
git,40012,466,464
git,40010,470,466
git,40006,568,471
git,40016,541,466
git,40020,474,466
git,40013,683,469
git,40019,449,469
git,40021,482,472
git,40023,603,472
git,40017,580,476
git,40022,548,477
git,40002,169,925
sleep,39222,1,180004
anacron,40025,14,50
(sd-close),40026,3,1
git,40027,5,12
git,40028,15,16
git,40030,12,20
git,40031,421,355
git,40042,452,374
git,40046,494,390
git,40045,374,394
git,40048,535,409
git,40033,493,436
git,40047,441,415
git,40032,527,441
git,40043,600,417
git,40036,482,449
git,40037,570,450
git,40040,590,460
git,40034,595,464
git,40041,447,464
git,40039,448,466
git,40035,512,475
git,40038,485,475
git,40044,564,454
git,40050,516,459
git,40049,539,461
git,40029,211,944
git,40051,57,100
git,40052,64,97
git,40053,4,9
git,40054,3,8
git,40055,6,9
git,40057,1,10
git,40060,370,339
git,40064,398,341
git,40061,326,348
git,40062,332,353
git,40058,359,357
git,40063,353,357
git,40074,378,358
git,40070,425,409
git,40065,451,412
git,40072,485,418
git,40059,466,423
git,40068,548,421
git,40073,413,422
git,40075,440,424
git,40071,445,427
git,40067,454,429
git,40069,472,430
git,40066,504,434
git,40077,459,408
git,40076,555,437
git,40056,125,867
bash,40078,0,3
chrt,40084,2,3
sudo,40083,1,6
sudo,40082,5,32
sh,40089,0,2
bpftrace,40090,0,27
bpftrace,40091,0,23
bpftrace,40092,0,13
bpftrace,40093,0,14
bpftrace,40094,0,14
bpftrace,40095,0,13
bpftrace,40096,0,13
which,40098,0,2
sh,40097,0,9
ps,40100,10,52
sh,40099,0,55
sleep,40086,0,1002
fibonacci,40133,45,47
fibonacci,40134,45,47
fibonacci,40136,47,49
fibonacci,40138,48,50
fibonacci,40140,49,51
fibonacci,40141,51,53
fibonacci,40142,50,54
fibonacci,40145,53,55
fibonacci,40146,55,57
fibonacci,40148,56,64
fibonacci,40149,64,66
fibonacci,40150,65,67
fibonacci,40151,67,69
fibonacci,40152,68,71
fibonacci,40153,70,72
fibonacci,40154,72,75
fibonacci,40155,74,80
fibonacci,40156,79,81
fibonacci,40157,81,85
fibonacci,40147,54,116
fibonacci,40158,84,109
fibonacci,40161,110,112
fibonacci,40163,111,113
fibonacci,40164,110,113
fibonacci,40166,112,114
fibonacci,40167,113,116
fibonacci,40168,113,115
fibonacci,40169,114,116
fibonacci,40174,217,219
fibonacci,40175,216,219
fibonacci,40176,218,220
fibonacci,40177,218,221
fibonacci,40178,219,221
fibonacci,40180,220,222
fibonacci,40179,220,223
fibonacci,40181,221,224
fibonacci,40182,222,224
fibonacci,40103,298,275
fibonacci,40183,222,260
fibonacci,40185,259,261
fibonacci,40186,261,278
fibonacci,40187,277,279
fibonacci,40188,279,281
fibonacci,40189,281,283
fibonacci,40190,282,285
fibonacci,40191,284,292
fibonacci,40192,291,293
fibonacci,40193,293,297
fibonacci,40194,296,298
fibonacci,40195,298,300
fibonacci,40196,299,302
fibonacci,40197,301,304
fibonacci,40198,303,305
fibonacci,40199,305,312
fibonacci,40200,311,313
fibonacci,40104,376,378
fibonacci,40105,376,378
fibonacci,40106,375,378
fibonacci,40107,374,377
fibonacci,40108,374,377
fibonacci,40109,375,379
fibonacci,40110,390,379
fibonacci,40135,359,418
fibonacci,40137,415,424
fibonacci,40139,421,423
fibonacci,40112,476,478
fibonacci,40113,476,483
fibonacci,40115,580,582
fibonacci,40116,580,582
fibonacci,40117,580,582
fibonacci,40144,518,583
fibonacci,40159,571,574
fibonacci,40165,567,574
fibonacci,40172,567,578
fibonacci,40201,557,561
fibonacci,40118,582,645
fibonacci,40119,643,646
fibonacci,40120,644,646
fibonacci,40121,644,646
fibonacci,40122,644,646
fibonacci,40123,644,646
fibonacci,40126,845,851
fibonacci,40127,849,851
fibonacci,40128,889,851
fibonacci,40129,849,851
fibonacci,40143,602,866
fibonacci,40131,948,951
fibonacci,40132,949,951
fibonacci,40160,932,999
fibonacci,40162,996,999
fibonacci,40173,1089,1092
fibonacci,40171,657,1373
fibonacci,40114,1229,1493
fibonacci,40125,1386,1495
fibonacci,40124,1308,1743
fibonacci,40111,1956,2383
fibonacci,40170,2049,2729
fibonacci,40130,2155,2843
git,40202,7,10
sed,40204,1,7
cat,40205,3,6
git,40203,34,40
cat,40207,0,4
cat,40208,13,7
cat,40209,5,6
cat,40210,3,6
cat,40211,2,5
cat,40212,3,6
git,40216,107,115
fibonacci,40184,1472,3253
run_tasks.sh,40081,315,4349
sudo,40080,7,4358
sudo,40079,96,4429
bash,40235,63,47
git,40233,547,329
git,40221,490,478
git,40230,512,450
git,40231,710,474
git,40232,686,507
git,40229,713,518
git,40228,573,520
git,40227,606,551
git,40214,848,575
git,40234,498,429
git,40215,669,595
git,40222,963,607
git,40224,609,607
git,40217,812,619
git,40220,644,630
git,40226,634,632
git,40223,662,636
git,40225,625,638
git,40218,663,640
git,40219,721,641
sleep,40213,3,1005
sed,40236,0,4
cat,40237,1,3
cpuUsage.sh,40238,0,1
cpuUsage.sh,40239,0,1
cpuUsage.sh,40240,0,1
cpuUsage.sh,40241,0,1
cat,40242,1,3
cpuUsage.sh,40243,0,1
cpuUsage.sh,40244,0,1
git,40206,383,1117
cat,40245,1,4
cpuUsage.sh,40246,0,1
cat,40247,0,3
cpuUsage.sh,40248,0,1
cpuUsage.sh,40102,2992,4090
sh,40101,0,4094
which,40250,0,2
sh,40249,3,9
ps,40252,0,46
sh,40251,2,51
sed,40255,0,4
cat,40256,0,2
git,40258,14,55
git,40259,42,60
git,40260,4,10
sleep,40257,0,1003
sed,40261,1,5
cat,40262,0,3
cpuUsage.sh,40263,0,1
cpuUsage.sh,40254,6,1035
sh,40253,0,1039
git,40264,1,6
git,40265,0,6
git,40267,1,9
which,40289,27,30
sh,40288,62,68
git,40271,485,470
git,40280,688,466
git,40283,589,472
git,40275,528,485
git,40277,465,487
git,40273,468,489
git,40268,475,493
git,40278,569,491
git,40274,517,495
git,40284,645,489
git,40279,547,491
git,40270,609,500
git,40269,556,506
git,40287,631,499
git,40276,707,511
git,40286,615,506
git,40272,493,514
git,40281,795,511
git,40282,542,513
git,40285,510,515
ps,40291,292,320
sh,40290,66,374
sed,40294,0,5
cat,40295,0,3
git,40266,145,1031
sleep,40296,1,1003
sed,40297,0,4
cat,40298,0,3
cpuUsage.sh,40299,0,1
cpuUsage.sh,40293,7,1037
sh,40292,4,1045
git,40300,0,6
git,40301,0,6
git,40303,3,12
git,40307,331,369
git,40304,418,380
git,40305,422,385
git,40309,479,390
git,40311,475,395
git,40308,478,400
git,40321,445,382
git,40323,435,385
git,40322,487,394
git,40306,562,423
git,40310,567,426
git,40313,474,416
git,40314,480,420
git,40312,547,433
git,40318,508,426
git,40319,486,430
git,40316,462,434
git,40320,504,434
git,40315,478,437
git,40317,536,441
git,40302,105,878
git,40325,0,7
git,40326,0,8
git,40328,10,14
git,40330,407,413
git,40332,551,416
git,40341,394,418
git,40340,506,421
git,40329,427,430
git,40346,562,425
git,40343,374,428
git,40344,378,435
git,40342,562,440
git,40339,584,443
git,40331,565,452
git,40338,522,452
git,40345,501,450
git,40334,560,457
git,40333,521,464
git,40336,487,466
git,40335,488,468
git,40337,465,468
git,40348,579,454
git,40347,478,456
git,40327,247,1032
git,40349,4,9
git,40350,1,8
git,40352,7,12
git,40356,505,383
git,40355,447,385
git,40353,450,393
git,40357,562,400
git,40359,474,413
git,40367,490,398
git,40354,659,420
git,40362,508,427
git,40364,409,429
git,40360,523,433
git,40365,403,433
git,40358,482,436
git,40370,488,421
git,40363,475,438
git,40372,473,422
git,40361,509,440
git,40368,547,425
git,40369,581,428
git,40371,532,429
git,40366,459,434
git,40351,135,872
git,40373,2,10
git,40374,0,7
git,40376,8,16
git,40380,387,412
git,40379,411,417
git,40384,513,434
git,40392,503,435
git,40382,452,445
git,40394,472,425
git,40389,671,450
git,40396,446,428
git,40395,516,431
git,40385,467,465
git,40381,504,467
git,40383,534,472
git,40386,669,472
git,40377,571,478
git,40387,639,475
git,40393,548,475
git,40390,560,480
git,40391,548,482
git,40378,538,489
git,40388,580,487
pool-NetworkMan,40324,0,15509
git,40375,165,951
git,40397,0,5
git,40398,0,6
git,40400,2,9
git,40404,418,416
git,40410,441,423
git,40403,473,428
git,40401,530,434
git,40406,565,432
git,40407,477,434
git,40409,461,437
git,40402,522,444
git,40415,587,440
git,40408,424,445
git,40405,489,449
git,40411,470,451
git,40412,468,452
git,40416,413,453
git,40417,511,454
git,40413,536,455
git,40418,564,457
git,40420,585,458
git,40414,643,461
git,40419,587,463
git,40399,131,911
journal-offline,40423,1,3
journal-offline,40422,1,4
debian-sa1,40425,0,2
sh,40424,2,10
cron,40421,10,22
git,40428,1,9
git,40429,7,13
git,40431,10,18
git,40435,462,367
git,40432,471,384
git,40437,441,388
git,40436,422,390
git,40439,431,392
git,40433,473,402
git,40448,442,392
git,40451,463,420
git,40440,458,443
git,40446,511,448
git,40447,595,455
git,40434,677,462
git,40450,436,443
git,40442,528,463
git,40438,476,469
git,40444,785,467
git,40443,552,470
git,40441,617,471
git,40449,458,454
git,40445,574,475
git,40430,95,917
git,40452,4,49
git,40453,10,48
git,40454,3,7
pool-udisksd,40455,0,15501
sleep,40024,1,180004
git,40457,0,7
git,40458,5,8
git,40460,11,14
git,40464,429,425
git,40463,508,432
git,40468,580,435
git,40467,497,439
git,40461,512,441
git,40466,508,440
git,40465,497,443
git,40469,478,445
git,40462,460,453
git,40480,520,423
git,40478,476,446
git,40471,522,459
git,40470,512,460
git,40476,479,455
git,40473,449,459
git,40472,544,460
git,40475,506,460
git,40479,547,437
git,40477,580,460
git,40474,637,464
git,40459,179,898
which,40482,1,2
sh,40481,0,8
ps,40484,9,47
sh,40483,1,53
bash,40485,4,7
sed,40489,1,6
cat,40490,6,8
chrt,40496,3,7
sudo,40495,4,11
sudo,40494,9,38
sh,40501,0,2
bpftrace,40502,0,30
bpftrace,40503,0,24
bpftrace,40504,0,13
bpftrace,40505,0,12
bpftrace,40506,0,12
bpftrace,40507,0,12
bpftrace,40508,0,12
git,40509,7,12
git,40510,52,37
git,40512,15,25
git,40515,244,261
git,40513,278,292
git,40528,410,338
git,40529,415,340
git,40522,353,391
git,40516,428,396
git,40518,399,398
git,40526,360,358
git,40527,409,365
git,40523,488,395
sleep,40491,7,1008
git,40514,435,421
git,40520,553,424
which,40534,16,18
sh,40533,32,54
git,40519,488,433
git,40521,529,440
git,40524,567,426
sed,40535,20,24
git,40517,518,451
git,40530,539,414
git,40525,529,442
git,40531,445,419
git,40532,488,421
cat,40538,11,10
sleep,40498,0,1002
fibonacci,40570,46,49
fibonacci,40571,47,50
fibonacci,40578,51,53
fibonacci,40582,53,55
fibonacci,40583,55,57
fibonacci,40585,56,63
fibonacci,40586,62,65
fibonacci,40587,64,66
fibonacci,40588,66,68
fibonacci,40589,67,69
fibonacci,40590,69,71
fibonacci,40591,70,74
fibonacci,40592,73,78
fibonacci,40593,78,80
fibonacci,40594,79,83
fibonacci,40584,54,115
fibonacci,40598,110,113
fibonacci,40600,111,113
fibonacci,40601,110,114
fibonacci,40603,113,115
fibonacci,40604,115,117
fibonacci,40602,112,120
fibonacci,40605,116,118
fibonacci,40606,117,120
fibonacci,40615,221,223
fibonacci,40616,222,224
fibonacci,40617,221,223
fibonacci,40618,223,225
fibonacci,40619,223,225
fibonacci,40624,226,229
fibonacci,40625,226,228
fibonacci,40540,614,283
fibonacci,40626,227,229
fibonacci,40627,227,229
fibonacci,40629,229,231
fibonacci,40631,230,232
fibonacci,40632,231,233
fibonacci,40633,230,233
fibonacci,40635,232,234
fibonacci,40637,233,235
fibonacci,40541,869,298
fibonacci,40542,602,300
fibonacci,40543,298,300
fibonacci,40544,298,300
fibonacci,40545,298,301
fibonacci,40546,299,303
fibonacci,40547,313,303
fibonacci,40572,284,346
fibonacci,40573,344,346
fibonacci,40575,396,346
fibonacci,40577,343,345
fibonacci,40579,342,346
fibonacci,40549,402,404
fibonacci,40550,402,409
fibonacci,40581,344,405
fibonacci,40595,371,397
fibonacci,40596,395,398
fibonacci,40609,385,397
fibonacci,40612,616,395
fibonacci,40614,616,394
fibonacci,40620,387,425
fibonacci,40622,422,425
fibonacci,40628,417,425
fibonacci,40630,421,426
fibonacci,40634,421,424
fibonacci,40636,420,428
fibonacci,40638,424,428
fibonacci,40552,511,513
fibonacci,40553,511,513
fibonacci,40554,511,513
fibonacci,40555,511,571
fibonacci,40556,570,573
fibonacci,40557,571,573
fibonacci,40558,571,573
fibonacci,40559,571,573
fibonacci,40560,571,573
fibonacci,40562,671,771
fibonacci,40563,769,775
fibonacci,40564,772,775
fibonacci,40565,815,775
fibonacci,40566,772,774
fibonacci,40568,871,873
fibonacci,40569,871,874
fibonacci,40574,869,876
fibonacci,40576,926,876
fibonacci,40597,961,1020
fibonacci,40599,1017,1020
fibonacci,40608,361,1024
fibonacci,40610,1021,1024
fibonacci,40611,1243,1024
fibonacci,40613,1243,1023
fibonacci,40623,1114,1130
fibonacci,40607,920,1571
fibonacci,40580,1463,1713
fibonacci,40551,1527,1776
fibonacci,40561,1571,1974
fibonacci,40548,1682,2091
fibonacci,40567,1698,2346
cpuUsage.sh,40539,2466,2467
cpuUsage.sh,40487,27,3763
sh,40486,17,3786
ps,40537,5120,2711
sh,40536,18,2729
sed,40641,1,4
cat,40642,1,4
git,40511,2719,3478
cat,40643,148,122
cat,40644,1,3
cat,40645,2,3
cat,40646,0,3
cat,40647,0,3
cat,40648,0,3
cat,40649,0,4
fibonacci,40621,1761,3500
run_tasks.sh,40493,236,4602
sudo,40492,0,4606
sudo,40488,46,4653
bash,40651,0,3
which,40653,0,3
sh,40652,0,9
ps,40655,1,46
sh,40654,0,52
sed,40658,0,5
cat,40659,0,3
sleep,40650,0,1005
sed,40661,0,7
cat,40662,0,3
cpuUsage.sh,40663,0,1
cpuUsage.sh,40664,0,1
cpuUsage.sh,40665,0,1
cpuUsage.sh,40666,0,1
cat,40667,0,2
cpuUsage.sh,40668,0,1
cpuUsage.sh,40669,0,1
cat,40670,0,3
cpuUsage.sh,40671,0,1
cat,40672,0,2
cpuUsage.sh,40673,0,1
cpuUsage.sh,40640,232,1439
sh,40639,2,1444
sleep,40660,0,1004
sed,40674,1,5
cat,40675,0,3
cpuUsage.sh,40676,0,1
cpuUsage.sh,40657,6,1038
sh,40656,1,1043
git,40677,12,50
git,40678,11,52
git,40679,1,7
git,40680,3,8
git,40681,0,9
git,40683,9,17
git,40684,336,318
git,40686,354,326
git,40700,364,352
git,40698,522,367
git,40699,363,377
git,40690,459,426
git,40692,615,473
git,40697,531,489
git,40685,593,497
git,40691,460,494
git,40702,484,468
git,40689,580,528
git,40687,620,533
git,40701,636,504
git,40693,633,535
git,40694,562,536
git,40696,560,538
git,40695,578,539
git,40688,563,543
git,40703,567,520
which,40705,0,3
sh,40704,5,9
ps,40707,21,53
sh,40706,2,58
sed,40710,0,4
cat,40711,0,3
git,40682,194,1023
sleep,40712,0,1002
sed,40713,0,4
cat,40714,0,3
cpuUsage.sh,40715,0,1
cpuUsage.sh,40709,4,1031
sh,40708,7,1037
git,40716,6,8
git,40717,0,6
git,40719,4,10
git,40723,469,401
git,40725,505,409
git,40722,512,414
git,40727,502,416
git,40726,441,419
git,40720,412,425
git,40729,568,427
git,40724,450,431
git,40728,580,433
git,40737,439,411
git,40739,508,412
git,40735,524,449
git,40721,491,458
git,40732,452,451
git,40730,450,452
git,40734,527,453
git,40736,525,455
git,40738,485,437
git,40731,452,461
git,40733,524,462
git,40718,79,891
git,40740,4,6
git,40741,2,9
git,40743,2,10
git,40750,373,362
git,40747,383,364
git,40751,433,366
git,40746,467,370
git,40744,386,372
git,40749,451,371
git,40748,438,378
git,40757,394,406
git,40753,489,413
git,40758,462,442
git,40745,494,452
git,40756,447,449
git,40755,465,451
git,40752,510,458
git,40754,513,460
git,40763,604,441
git,40760,487,443
git,40761,492,446
git,40759,588,466
git,40762,471,450
git,40742,231,911
git,40764,8,7
git,40765,0,7
git,40767,1,9
git,40773,417,395
git,40774,430,400
git,40769,383,408
git,40778,552,408
git,40780,423,411
git,40779,422,412
git,40775,450,415
git,40777,427,416
git,40776,490,423
git,40770,475,434
git,40771,510,443
git,40781,510,426
git,40768,481,453
git,40772,444,454
git,40787,418,439
git,40784,555,443
git,40782,636,446
git,40783,487,449
git,40785,572,452
git,40786,594,453
git,40766,179,914
git,40788,5,10
git,40789,7,14
git,40791,14,15
git,40792,453,423
git,40795,501,424
git,40793,475,433
git,40798,533,440
git,40801,489,431
git,40802,478,435
git,40800,528,439
git,40805,481,444
git,40797,537,460
git,40794,480,461
git,40796,520,463
git,40799,558,466
git,40803,520,455
git,40806,629,457
git,40804,540,458
git,40808,432,446
git,40807,575,449
git,40811,561,453
git,40809,424,454
git,40810,538,457
git,40790,201,947
git,40812,9,52
git,40813,38,50
git,40814,0,6
git,40815,2,6
git,40816,0,7
git,40818,3,10
git,40822,376,333
git,40823,394,348
git,40821,549,350
git,40819,344,352
git,40835,423,346
git,40838,397,358
git,40829,371,385
git,40836,386,371
git,40832,418,404
git,40826,608,414
git,40825,640,415
git,40833,511,422
git,40828,470,424
git,40827,413,429
git,40834,501,429
git,40824,472,440
git,40820,597,446
git,40831,477,437
git,40837,443,417
git,40830,501,440
git,40817,255,874
git,40839,2,6
git,40840,0,7
git,40842,6,10
git,40843,360,362
git,40846,381,373
git,40845,427,390
git,40844,370,391
git,40849,448,389
git,40853,475,392
git,40852,440,398
git,40848,442,401
git,40847,610,405
git,40851,382,405
git,40854,413,396
git,40858,516,407
git,40856,507,415
git,40862,569,415
git,40860,456,420
git,40855,555,422
git,40859,489,423
git,40857,408,425
git,40850,483,442
git,40861,494,429
git,40841,96,866
git,40863,3,9
git,40864,0,6
git,40866,1,9
git,40867,402,374
git,40872,392,377
git,40869,399,383
git,40873,587,383
git,40877,379,382
git,40875,419,389
git,40874,494,392
git,40879,511,390
git,40883,386,383
git,40876,489,421
git,40870,697,426
git,40881,404,421
git,40882,423,413
git,40868,469,434
git,40871,461,438
git,40880,576,437
git,40884,426,428
git,40878,480,444
git,40886,451,430
git,40885,435,432
git,40865,159,905
sleep,40456,0,180003
git,40888,0,6
git,40889,0,6
git,40891,3,10
git,40896,294,334
git,40895,486,335
git,40894,341,341
git,40911,390,353
git,40907,371,363
git,40910,368,367
git,40901,513,403
git,40893,462,410
git,40892,446,415
git,40906,402,411
git,40903,527,420
git,40897,561,423
git,40904,414,431
git,40902,557,435
git,40898,657,436
git,40899,488,437
git,40900,469,438
git,40908,458,416
git,40909,472,419
git,40905,537,443
bash,40913,2,5
chrt,40919,0,4
sudo,40918,4,13
sudo,40917,63,72
sh,40924,0,2
bpftrace,40925,0,29
bpftrace,40926,0,21
bpftrace,40927,0,13
bpftrace,40928,0,13
bpftrace,40929,0,13
bpftrace,40930,0,16
bpftrace,40931,0,15
git,40890,317,1072
which,40933,0,4
sh,40932,1,14
ps,40935,10,48
sh,40934,2,53
sed,40938,2,6
cat,40939,0,3
cat,40940,0,2
cat,40941,0,3
cat,40942,0,3
cat,40943,0,3
cat,40944,0,3
cat,40945,3,3
cat,40946,0,3
sleep,40921,0,1002
fibonacci,40978,44,46
fibonacci,40979,45,47
fibonacci,40981,47,49
fibonacci,40983,48,50
fibonacci,40984,49,52
fibonacci,40982,46,54
fibonacci,40985,51,53
fibonacci,40986,52,55
fibonacci,40990,55,57
fibonacci,40991,54,57
fibonacci,40994,58,60
fibonacci,40996,59,61
fibonacci,40997,59,62
fibonacci,40998,60,62
fibonacci,40999,61,64
fibonacci,41001,64,66
fibonacci,40948,101,100
fibonacci,41004,65,70
fibonacci,41006,70,72
fibonacci,41007,71,74
fibonacci,41008,71,74
fibonacci,41009,73,76
fibonacci,41011,75,78
fibonacci,41012,75,78
fibonacci,40949,542,118
fibonacci,41013,77,79
fibonacci,41014,77,79
fibonacci,41020,80,83
fibonacci,41021,82,84
fibonacci,41022,81,84
fibonacci,41023,83,85
fibonacci,41024,83,85
fibonacci,41025,84,86
fibonacci,41026,85,87
fibonacci,41027,85,87
fibonacci,41028,86,124
fibonacci,40950,180,174
fibonacci,41032,124,127
fibonacci,41033,124,127
fibonacci,41034,125,128
fibonacci,41035,126,128
fibonacci,41037,127,130
fibonacci,41039,128,131
fibonacci,40951,533,188
fibonacci,41040,130,133
fibonacci,41041,130,133
fibonacci,41042,131,135
fibonacci,41043,132,135
fibonacci,40952,391,193
fibonacci,41045,134,136
fibonacci,40953,567,197
fibonacci,40954,198,202
fibonacci,40955,200,202
fibonacci,40980,182,246
fibonacci,40987,240,244
fibonacci,40957,315,301
fibonacci,40958,299,307
fibonacci,40960,405,407
fibonacci,40961,405,408
fibonacci,40962,405,408
fibonacci,40992,341,402
fibonacci,41000,395,401
fibonacci,41003,393,420
fibonacci,40963,407,470
fibonacci,40964,468,471
fibonacci,40965,469,471
fibonacci,40966,469,472
fibonacci,40967,470,472
fibonacci,40968,470,472
fibonacci,41005,420,484
fibonacci,41017,573,584
fibonacci,41019,665,584
fibonacci,40970,577,674
fibonacci,40971,672,677
fibonacci,40972,675,677
fibonacci,40973,675,677
fibonacci,40974,675,678
fibonacci,41030,641,644
fibonacci,41036,637,645
fibonacci,41038,641,646
fibonacci,41044,639,647
fibonacci,41046,644,648
fibonacci,40976,776,778
fibonacci,40977,776,778
fibonacci,40989,769,833
fibonacci,40993,829,837
fibonacci,40995,834,836
fibonacci,41002,830,835
fibonacci,41010,828,837
fibonacci,41018,929,932
fibonacci,41031,922,938
fibonacci,40988,792,1049
fibonacci,40959,1386,1641
fibonacci,41015,1237,1909
fibonacci,40956,1953,2370
fibonacci,40969,1962,2369
fibonacci,40975,2167,2827
fibonacci,41016,2205,2859
fibonacci,41029,1309,3027
run_tasks.sh,40916,144,4166
sudo,40915,3,4172
sudo,40914,29,4215
bash,41047,0,3
sleep,40947,5826,3920
sed,41048,0,4
cat,41049,0,3
cpuUsage.sh,41050,0,1
cpuUsage.sh,41051,0,1
cpuUsage.sh,41052,0,1
cpuUsage.sh,41053,0,1
cat,41054,0,2
cpuUsage.sh,41055,0,1
cpuUsage.sh,41056,0,1
cat,41057,0,3
cpuUsage.sh,41058,0,1
cat,41059,0,2
cpuUsage.sh,41060,0,1
cpuUsage.sh,40937,25,4018
sh,40936,4,4022
which,41062,0,3
sh,41061,0,12
ps,41064,2,49
sh,41063,0,54
sed,41067,0,3
cat,41068,1,3
git,41070,0,7
git,41071,4,9
git,41073,11,15
git,41077,495,432
git,41080,441,436
git,41076,523,440
git,41074,410,444
git,41079,527,444
git,41082,561,443
git,41083,492,446
git,41078,474,451
git,41086,453,447
git,41075,476,454
git,41084,533,458
git,41081,511,460
git,41085,548,463
git,41089,623,447
git,41091,471,445
git,41093,461,432
git,41090,406,449
git,41088,535,456
git,41087,604,458
git,41092,462,445
sleep,41069,0,1003
sed,41094,0,5
cat,41095,0,3
cpuUsage.sh,41096,0,2
cpuUsage.sh,41066,8,1038
sh,41065,2,1043
git,41072,78,930
git,41097,4,50
git,41098,10,56
git,41099,2,6
git,41100,0,7
git,41101,0,8
git,41103,12,17
git,41107,425,382
git,41108,411,387
git,41106,402,397
git,41104,430,399
git,41119,382,382
git,41112,477,438
git,41105,612,448
git,41118,442,443
git,41121,473,430
git,41117,534,458
git,41123,545,439
git,41110,563,479
git,41109,658,484
git,41114,561,480
git,41115,675,483
git,41111,570,493
git,41113,596,488
git,41116,499,487
git,41120,541,468
git,41122,542,468
git,41102,201,943
pool-NetworkMan,40912,1,15508
git,41124,2,6
git,41125,0,7
git,41127,6,15
git,41129,375,367
git,41134,559,381
git,41137,421,384
git,41140,470,387
git,41139,443,392
git,41136,447,405
git,41130,419,412
git,41133,455,414
git,41128,450,450
git,41138,565,444
git,41132,458,455
git,41143,459,443
git,41131,445,464
git,41135,487,466
git,41147,429,452
git,41141,444,457
git,41144,559,460
git,41142,482,463
git,41145,590,464
git,41146,512,467
git,41126,116,914
git,41148,1,7
git,41149,1,7
git,41151,8,14
git,41158,576,396
git,41161,518,396
git,41162,389,411
git,41165,588,412
git,41153,399,426
git,41160,438,427
git,41154,501,433
git,41163,512,431
git,41169,576,428
git,41170,474,430
git,41155,525,461
git,41152,593,462
git,41157,505,462
git,41164,602,460
git,41168,527,450
git,41159,572,472
git,41156,619,477
git,41167,460,458
git,41166,526,461
git,41171,736,461
git,41150,99,913
git,41172,0,6
git,41173,0,7
git,41175,5,12
git,41179,358,339
git,41176,347,350
git,41178,414,355
git,41185,528,357
git,41181,394,365
git,41180,452,367
git,41184,409,378
git,41183,453,382
git,41186,371,381
git,41192,445,419
git,41177,512,435
git,41182,470,435
git,41189,480,425
git,41195,474,408
git,41187,539,434
git,41191,531,435
git,41190,877,437
git,41188,472,439
git,41193,482,440
git,41194,468,425
git,41174,307,869
git,41196,1,8
git,41197,5,10
git,41199,10,14
git,41203,330,339
git,41202,360,362
git,41216,499,381
git,41213,386,393
git,41211,457,395
git,41215,427,400
git,41214,553,406
git,41200,491,431
git,41218,468,411
git,41212,438,432
git,41219,503,417
git,41205,483,460
git,41208,536,461
git,41201,553,468
git,41209,554,466
git,41204,546,469
git,41210,574,469
git,41206,461,471
git,41207,568,474
git,41217,545,441
git,41198,97,902
journal-offline,41220,0,1
journal-offline,41221,6,11
git,41222,0,6
git,41223,0,6
git,41225,5,10
git,41230,358,347
git,41228,497,350
git,41229,352,353
git,41231,325,359
git,41242,396,352
git,41243,384,362
git,41245,420,371
git,41227,417,406
git,41244,392,382
git,41238,547,410
git,41226,501,423
git,41232,558,436
git,41241,436,433
git,41240,464,435
git,41235,509,439
git,41236,530,441
git,41233,557,449
git,41237,452,443
git,41239,492,445
git,41234,689,448
git,41224,254,890
git,41246,0,6
git,41247,2,8
git,41249,16,20
git,41250,407,335
git,41252,376,344
git,41254,496,376
git,41266,380,363
git,41265,430,368
git,41267,347,374
git,41264,429,381
git,41268,469,374
git,41251,463,431
git,41255,487,447
git,41256,464,450
git,41253,555,462
git,41259,572,459
git,41258,488,463
git,41257,432,467
git,41260,537,468
git,41269,666,440
git,41263,627,458
git,41261,603,462
git,41262,487,464
git,41248,195,941
sadc,41270,2,45
(sd-close),41271,0,1
git,41273,17,10
git,41274,2,10
git,41276,13,11
git,41279,499,434
git,41286,551,440
git,41285,517,450
git,41284,474,452
git,41289,458,452
git,41287,537,458
git,41283,517,461
git,41288,654,462
git,41277,570,479
git,41296,462,449
git,41281,493,484
git,41280,664,491
git,41278,603,494
git,41282,650,495
git,41293,590,480
git,41291,480,482
git,41295,714,485
git,41294,629,487
git,41290,531,494
git,41292,570,494
git,41298,337,367
git,41297,442,439
git,41299,5,13
git,41275,149,987
git,41300,2,8
git,41301,7,10
git,41303,11,16
git,41304,497,425
git,41312,578,432
git,41308,440,439
git,41313,513,449
git,41311,664,451
git,41310,473,454
git,41318,517,442
git,41305,493,462
git,41309,562,465
git,41320,571,451
git,41319,465,452
git,41307,579,476
git,41306,718,479
git,41316,493,475
git,41314,519,477
git,41321,471,472
git,41317,550,482
git,41322,679,477
git,41315,570,485
git,41323,531,482
git,41302,146,942
git,41324,0,7
git,41325,3,8
git,41327,4,10
git,41331,425,398
git,41333,387,406
git,41334,619,407
git,41332,493,410
git,41330,414,412
git,41328,488,416
git,41335,403,423
git,41329,451,426
git,41338,487,424
git,41336,490,428
git,41342,556,428
git,41339,491,433
git,41337,565,434
git,41347,598,417
git,41341,791,437
git,41340,563,440
git,41345,531,426
git,41344,504,429
git,41343,484,431
git,41346,388,432
git,41326,189,885
git,41348,0,5
git,41349,3,7
git,41351,4,10
git,41355,444,384
git,41358,498,386
git,41352,491,389
git,41353,537,394
git,41356,463,396
git,41354,634,400
git,41357,435,405
git,41365,534,407
git,41367,601,438
git,41366,570,471
git,41360,586,475
git,41359,534,481
git,41364,522,478
git,41362,581,480
git,41361,622,483
git,41369,463,466
git,41363,518,494
git,41368,571,475
git,41371,530,478
git,41370,522,481
git,41350,159,956
git,41372,0,6
git,41373,0,8
git,41375,6,13
git,41381,452,375
git,41379,417,397
git,41383,560,405
git,41382,456,410
git,41378,448,414
git,41380,543,420
git,41377,491,424
git,41376,468,431
git,41392,416,423
git,41388,491,425
git,41390,429,426
git,41389,539,429
git,41386,568,432
git,41391,559,433
git,41387,431,435
git,41385,465,439
git,41395,450,424
git,41384,558,445
git,41393,496,430
git,41394,515,432
git,41374,182,876
git,41396,0,6
git,41397,0,6
git,41399,8,12
git,41403,440,368
git,41402,393,376
git,41405,464,382
git,41400,387,387
git,41404,394,388
git,41406,450,393
git,41416,493,384
git,41401,415,409
git,41415,452,389
git,41410,400,412
git,41409,552,423
git,41412,534,425
git,41414,497,426
git,41408,483,429
git,41411,608,430
git,41407,470,434
git,41419,653,418
git,41413,744,440
git,41417,482,423
git,41418,495,424
git,41398,238,855
git,41420,1,9
git,41421,9,11
git,41423,3,11
git,41424,403,407
git,41426,480,408
git,41429,457,412
git,41430,486,421
git,41427,505,426
git,41428,452,428
git,41431,511,428
git,41436,466,429
git,41438,502,435
git,41437,504,436
git,41434,524,438
git,41425,688,445
git,41432,652,443
git,41433,461,445
git,41443,586,430
git,41439,560,432
git,41440,442,434
git,41435,489,452
git,41441,835,438
git,41442,455,441
git,41422,80,870
git,41444,1,8
git,41445,0,7
git,41447,5,12
git,41451,528,376
git,41450,585,405
git,41456,365,407
git,41449,445,416
git,41448,429,418
git,41458,429,414
git,41460,482,420
git,41455,473,425
git,41462,449,429
git,41457,653,432
git,41464,482,430
git,41465,513,430
git,41459,452,436
git,41467,564,429
git,41463,470,440
git,41461,471,443
git,41454,434,449
git,41453,493,450
git,41466,466,437
git,41452,493,454
git,41446,43,872
git,41468,0,6
git,41469,1,7
git,41471,11,15
git,41472,426,369
git,41481,637,372
git,41475,416,394
git,41483,375,396
git,41479,490,399
git,41480,429,403
git,41474,408,415
git,41486,509,398
git,41484,430,400
git,41473,483,427
git,41485,441,416
git,41476,637,440
git,41489,469,426
git,41482,559,447
git,41477,528,448
git,41478,655,452
git,41491,554,438
git,41488,514,441
git,41487,467,444
git,41490,814,444
git,41470,124,885
git,41492,0,6
git,41493,0,6
git,41495,9,11
git,41499,401,380
git,41502,443,382
git,41496,364,385
git,41498,445,391
git,41503,444,403
git,41504,447,404
git,41501,469,407
git,41497,545,413
git,41500,373,414
git,41505,397,416
git,41512,632,422
git,41510,429,424
git,41511,426,426
git,41506,419,430
git,41507,458,431
git,41509,523,433
git,41513,545,422
git,41514,542,423
git,41508,455,441
git,41515,439,427
git,41494,185,863
git,41516,0,6
git,41517,2,9
git,41519,5,14
git,41522,404,360
git,41520,410,368
git,41528,590,379
git,41529,365,382
git,41527,423,384
git,41533,455,374
git,41535,333,376
git,41537,418,379
git,41526,485,414
git,41525,449,440
git,41524,628,452
git,41536,402,428
git,41523,594,461
git,41532,483,451
git,41534,551,435
git,41521,535,471
git,41531,549,459
git,41530,450,463
git,41539,482,448
git,41538,513,450
git,41518,138,914
git,41540,2,5
git,41541,0,6
git,41543,4,13
git,41549,355,348
git,41547,407,352
git,41544,385,359
git,41546,350,361
git,41548,395,362
git,41552,487,378
git,41554,520,376
git,41563,519,355
git,41562,543,357
git,41553,483,417
git,41545,451,424
git,41556,539,416
git,41550,481,432
git,41560,440,425
git,41555,498,429
git,41551,573,440
git,41561,497,432
git,41558,575,435
git,41557,509,437
git,41559,612,438
git,41542,169,869
git,41564,0,6
git,41565,0,6
git,41567,6,13
git,41568,410,345
git,41570,382,352
git,41578,326,362
git,41579,418,369
git,41576,418,376
git,41580,471,373
git,41577,491,391
git,41571,455,426
git,41587,376,401
git,41574,453,434
git,41583,665,428
git,41573,576,439
git,41572,508,441
git,41569,436,450
git,41575,481,449
git,41582,539,440
git,41584,466,442
git,41581,500,445
git,41585,653,446
git,41586,433,448
git,41566,111,881
git,41588,5,10
git,41589,2,7
git,41591,4,13
git,41595,390,363
git,41594,502,369
git,41593,404,373
git,41592,484,375
git,41598,421,375
git,41599,482,377
git,41596,434,379
git,41597,372,381
git,41605,621,412
git,41603,448,427
git,41609,502,412
git,41604,487,424
git,41611,548,417
git,41602,573,438
git,41606,647,425
git,41600,490,444
git,41601,541,448
git,41607,587,432
git,41608,506,435
git,41610,524,438
git,41590,143,885
git,41612,0,6
git,41613,0,6
git,41615,3,11
git,41616,372,373
git,41619,442,379
git,41623,402,387
git,41620,415,390
git,41622,502,395
git,41621,432,396
git,41617,435,410
git,41618,500,418
git,41634,401,392
git,41625,520,426
git,41631,497,425
git,41627,559,428
git,41635,491,409
git,41624,610,443
git,41632,543,435
git,41630,522,436
git,41628,699,439
git,41629,686,441
git,41633,602,442
git,41626,413,446
git,41614,171,872
git,41636,1,7
git,41637,4,10
git,41639,6,14
git,41643,376,385
git,41640,444,387
git,41645,401,388
git,41642,436,390
git,41644,403,401
git,41646,490,401
git,41657,455,398
git,41659,420,404
git,41658,414,412
git,41656,554,437
git,41641,534,445
git,41649,530,441
git,41654,460,441
git,41651,458,444
git,41650,540,446
git,41647,472,451
git,41648,533,449
git,41655,551,451
git,41653,545,453
git,41652,523,454
git,41638,137,886
git,41660,0,7
git,41661,0,6
git,41663,4,11
git,41667,409,377
git,41669,415,379
git,41666,570,383
git,41664,456,396
git,41670,469,396
git,41668,395,404
git,41683,639,388
git,41681,412,390
git,41679,473,416
git,41682,467,398
git,41672,484,438
git,41676,508,440
git,41678,500,442
git,41673,500,446
git,41671,549,454
git,41680,429,449
git,41665,497,459
git,41674,556,454
git,41677,477,455
git,41675,648,458
git,41662,154,895
git,41689,0,6
git,41690,0,6
git,41692,1,8
git,41700,429,396
git,41699,504,398
git,41705,400,396
git,41697,420,402
git,41695,465,404
git,41698,444,412
git,41693,461,413
git,41701,543,415
git,41696,474,420
git,41707,486,415
git,41694,566,436
git,41702,623,438
git,41704,481,439
git,41708,409,428
git,41703,627,447
git,41712,491,439
git,41709,556,441
git,41710,442,443
git,41706,453,445
git,41711,489,447
git,41691,101,893
git,41713,1,6
gmain,41685,0,10023
gdbus,41688,6,10019
pool-spawner,41686,1,10023
pool-nm-dispatc,41687,3,10023
nm-dispatcher,41684,16,10057
git,41714,14,13
(sd-close),41715,0,1
git,41717,8,15
git,41720,623,408
git,41724,421,417
git,41723,480,420
git,41721,462,428
git,41729,438,426
git,41728,601,428
git,41727,501,429
git,41726,618,431
git,41718,504,438
git,41733,626,433
git,41719,531,443
git,41725,707,440
git,41732,451,441
git,41731,548,444
git,41722,470,451
git,41730,576,449
git,41737,553,434
git,41734,636,437
git,41735,508,438
git,41736,564,443
git,41716,142,882
git,41738,2,7
git,41739,0,7
git,41741,12,16
git,41745,483,394
git,41742,475,400
git,41744,391,402
git,41748,417,403
git,41747,716,406
git,41750,570,405
git,41749,441,415
git,41746,456,427
git,41754,539,467
git,41761,497,453
git,41756,506,456
git,41752,569,473
git,41743,506,482
git,41760,476,464
git,41753,495,484
git,41751,821,486
git,41758,529,471
git,41757,593,473
git,41755,652,490
git,41759,590,476
git,41740,184,914
sleep,40887,0,180005
git,41763,0,6
git,41764,0,9
git,41766,15,17
git,41773,515,358
git,41772,385,360
git,41781,429,368
git,41777,369,373
git,41774,484,381
git,41780,414,384
git,41769,511,402
git,41768,386,412
git,41778,536,425
git,41767,473,439
git,41771,462,440
git,41785,628,420
git,41770,536,444
git,41782,513,437
git,41779,487,440
git,41776,654,447
git,41775,499,451
git,41783,483,430
git,41786,508,430
git,41784,484,433
git,41765,133,905
git,41787,0,6
git,41788,2,9
git,41790,3,12
git,41794,497,369
git,41798,406,371
git,41796,412,375
git,41799,416,380
git,41791,401,387
git,41792,421,391
git,41795,466,393
git,41797,647,426
git,41806,523,426
git,41808,472,418
git,41805,468,441
git,41800,475,443
git,41802,458,445
git,41807,628,451
git,41793,508,459
git,41803,515,454
git,41801,619,461
git,41810,532,443
git,41804,488,463
git,41809,448,446
git,41789,174,905
git,41811,4,8
git,41812,1,9
git,41814,9,15
git,41815,321,343
git,41818,378,346
git,41819,408,347
git,41817,429,358
git,41832,441,361
git,41816,595,422
git,41834,418,379
git,41833,427,382
git,41825,617,412
git,41821,632,439
git,41824,434,450
git,41823,455,455
git,41820,559,464
git,41830,478,446
git,41822,507,464
git,41828,666,454
git,41829,495,454
git,41831,497,455
git,41827,686,458
git,41826,591,462
git,41813,248,927
git,41835,0,6
git,41836,0,8
git,41838,10,18
git,41841,382,340
git,41839,324,346
git,41844,355,361
git,41854,417,366
git,41848,390,368
git,41851,384,375
git,41849,442,379
git,41855,477,362
git,41850,448,382
git,41843,486,424
git,41840,590,432
git,41853,631,416
git,41858,400,400
git,41856,433,403
git,41845,467,440
git,41842,468,443
git,41847,429,445
git,41846,446,448
git,41852,468,435
git,41857,495,422
git,41837,143,887
git,41859,1,7
git,41860,1,8
git,41862,5,12
git,41864,394,369
git,41872,416,394
git,41874,411,395
git,41873,432,396
git,41871,410,398
git,41877,455,398
git,41876,450,407
git,41875,614,410
git,41869,418,415
git,41863,475,446
git,41868,507,447
git,41879,563,430
git,41870,434,451
git,41865,506,456
git,41866,469,458
git,41880,520,441
git,41878,518,445
git,41867,468,465
git,41882,564,446
git,41881,472,448
git,41861,115,891
git,41883,0,6
git,41884,0,6
git,41886,13,19
git,41890,479,407
git,41889,413,418
git,41887,504,420
git,41891,484,432
git,41902,423,418
git,41901,438,421
git,41892,504,443
git,41903,550,428
git,41898,476,452
git,41900,438,438
git,41904,470,444
git,41895,538,466
git,41894,760,468
git,41888,521,476
git,41899,599,475
git,41906,562,445
git,41896,528,480
git,41897,546,482
git,41893,774,484
git,41905,476,471
git,41885,86,903
git,41907,5,10
git,41908,0,7
git,41910,5,12
git,41911,433,351
git,41914,454,376
git,41913,497,378
git,41919,438,385
git,41920,424,386
git,41916,542,394
git,41924,527,404
git,41912,482,412
git,41917,470,424
git,41925,446,430
git,41922,531,441
git,41930,424,431
git,41923,503,457
git,41926,542,460
git,41915,602,464
git,41927,595,465
git,41921,558,469
git,41918,545,471
git,41928,456,453
git,41929,500,456
git,41909,108,905
git,41931,1,5
git,41932,3,9
git,41934,5,14
git,41938,430,429
git,41935,532,437
git,41937,467,438
git,41944,418,438
git,41945,528,441
git,41942,605,444
git,41936,602,455
git,41939,471,454
git,41943,666,457
git,41940,682,462
git,41941,531,464
git,41951,575,449
git,41949,582,452
git,41950,648,454
git,41952,433,455
git,41953,456,453
git,41946,473,460
git,41947,603,462
git,41954,479,458
git,41948,527,465
git,41933,85,933
bash,41955,0,3
chrt,41961,2,6
sudo,41960,4,11
sudo,41959,7,39
sh,41966,0,2
bpftrace,41967,0,28
bpftrace,41968,0,22
bpftrace,41969,0,14
bpftrace,41970,0,13
bpftrace,41971,0,13
bpftrace,41972,0,12
bpftrace,41973,0,12
which,41975,0,2
sh,41974,0,9
ps,41977,10,55
sh,41976,1,61
sleep,41963,0,1003
fibonacci,42014,56,58
fibonacci,42016,58,60
fibonacci,42017,60,62
fibonacci,42018,60,63
fibonacci,42019,61,63
fibonacci,42020,62,66
fibonacci,42023,65,68
fibonacci,42024,67,69
fibonacci,42026,68,76
fibonacci,42027,75,77
fibonacci,42028,77,79
fibonacci,42029,79,81
fibonacci,42030,80,83
fibonacci,42031,82,85
fibonacci,42032,84,88
fibonacci,42033,87,93
fibonacci,42034,92,95
fibonacci,42035,94,99
fibonacci,42025,67,131
fibonacci,42044,127,129
fibonacci,41981,244,175
fibonacci,42045,128,131
fibonacci,42046,129,131
fibonacci,42047,130,133
fibonacci,42052,233,236
fibonacci,41982,562,287
fibonacci,42054,234,237
fibonacci,42055,234,237
fibonacci,42056,235,237
fibonacci,42057,236,239
fibonacci,42058,236,239
fibonacci,42059,237,240
fibonacci,42060,237,239
fibonacci,42065,241,244
fibonacci,42066,241,244
fibonacci,41983,887,308
fibonacci,42067,243,245
fibonacci,42068,243,246
fibonacci,42070,246,248
fibonacci,42073,246,249
fibonacci,42074,247,250
fibonacci,42075,247,250
fibonacci,42076,248,251
fibonacci,42078,249,252
fibonacci,42077,249,257
fibonacci,42079,251,256
fibonacci,41984,972,330
fibonacci,41985,329,332
fibonacci,41986,330,332
fibonacci,41987,330,335
fibonacci,41988,333,335
fibonacci,42013,310,375
fibonacci,42015,371,379
fibonacci,41990,433,435
fibonacci,41991,433,441
fibonacci,41993,1574,541
fibonacci,41994,539,542
fibonacci,41995,539,542
fibonacci,42022,472,538
fibonacci,42036,502,529
fibonacci,42037,525,530
fibonacci,42039,655,529
fibonacci,42041,656,529
fibonacci,42043,526,534
fibonacci,42050,530,542
fibonacci,41996,544,614
fibonacci,41997,611,615
fibonacci,41998,613,615
fibonacci,41999,613,616
fibonacci,42000,613,616
fibonacci,42001,613,616
fibonacci,42061,532,576
fibonacci,42063,573,577
fibonacci,42069,568,577
fibonacci,42071,573,579
fibonacci,42004,815,821
fibonacci,42005,819,822
fibonacci,42006,865,822
fibonacci,42007,819,822
fibonacci,42021,623,891
fibonacci,42009,918,921
fibonacci,42072,868,871
fibonacci,42010,919,922
fibonacci,42011,976,922
fibonacci,42012,919,922
fibonacci,42038,902,964
fibonacci,42040,1089,964
fibonacci,42042,960,963
fibonacci,42051,1290,1058
fibonacci,42053,1055,1058
fibonacci,42064,1146,1163
fibonacci,42049,686,1363
fibonacci,41992,1219,1471
fibonacci,42003,1447,1465
fibonacci,42002,1300,1714
fibonacci,41989,1925,2335
fibonacci,42048,1997,2655
fibonacci,42008,2086,2743
sed,41980,2797,2802
cat,42080,3,6
cat,42081,40,43
cat,42082,0,3
cat,42083,1,3
cat,42084,4,5
cat,42085,0,4
cat,42086,5,3
git,42088,28,28
git,42089,171,100
fibonacci,42062,1545,3265
run_tasks.sh,41958,251,4380
sudo,41957,10,4393
sudo,41956,28,4425
bash,42090,0,4
git,42092,11,18
git,42100,379,385
git,42098,465,388
git,42101,485,390
git,42099,468,392
git,42102,437,393
git,42107,443,389
git,42108,526,392
git,42112,459,386
git,42111,461,389
git,42095,547,443
git,42096,461,444
git,42093,616,450
git,42105,582,436
git,42097,514,451
git,42094,537,455
git,42106,433,445
git,42104,481,447
git,42109,492,431
sleep,42087,9,1011
git,42110,527,436
git,42103,479,458
sed,42113,3,6
cat,42114,1,4
cpuUsage.sh,42115,1,3
cpuUsage.sh,42116,0,1
cpuUsage.sh,42117,0,1
cpuUsage.sh,42118,1,2
cat,42119,0,4
cpuUsage.sh,42120,0,1
cpuUsage.sh,42121,0,1
cat,42122,3,6
cpuUsage.sh,42123,0,1
cat,42124,0,4
cpuUsage.sh,42125,1,3
cpuUsage.sh,41979,2841,4002
sh,41978,1,4009
git,42091,398,970
git,42127,32,70
git,42126,46,85
git,42128,0,6
which,42130,0,2
sh,42129,2,10
ps,42132,28,71
sh,42131,3,78
sed,42135,2,7
cat,42136,0,3
sleep,42137,0,1003
sed,42138,0,4
cat,42139,0,5
cpuUsage.sh,42140,0,1
cpuUsage.sh,42134,7,1042
sh,42133,0,1050
git,42141,0,6
git,42142,4,9
git,42144,7,13
git,42147,477,396
git,42145,558,413
git,42152,540,417
git,42153,481,418
git,42157,448,412
git,42154,490,427
git,42156,438,420
git,42150,492,432
git,42149,495,446
git,42160,489,440
git,42155,544,459
git,42163,578,441
git,42148,523,471
git,42146,631,477
git,42162,512,457
git,42159,609,474
git,42161,531,475
git,42151,557,486
git,42158,521,478
git,42164,526,469
git,42143,66,970
git,42165,1,8
git,42166,0,10
git,42168,12,20
git,42169,468,463
git,42171,473,484
git,42179,480,474
git,42176,532,490
git,42172,516,493
git,42174,751,494
git,42183,526,484
git,42173,548,500
git,42177,473,501
git,42170,496,505
git,42175,591,505
git,42187,575,486
git,42178,664,502
git,42180,598,502
git,42186,548,496
git,42184,560,508
git,42181,549,510
git,42185,545,501
git,42182,567,514
git,42188,487,500
git,42167,229,963
git,42189,2,47
git,42190,14,58
git,42191,0,7
git,42192,0,7
git,42193,0,7
git,42195,3,12
git,42197,458,413
git,42196,506,415
git,42199,416,417
git,42198,438,422
git,42208,420,423
git,42205,484,425
git,42210,470,428
git,42207,434,434
git,42206,419,436
git,42209,494,438
git,42202,459,445
git,42200,560,446
git,42201,701,447
git,42204,619,446
git,42203,735,452
git,42213,539,434
git,42211,512,436
git,42215,528,440
git,42212,493,440
git,42214,470,444
git,42194,64,871
git,42216,2,9
git,42217,0,8
git,42219,8,15
git,42221,428,364
git,42235,379,376
git,42230,636,381
git,42228,379,387
git,42222,392,397
git,42233,412,394
git,42232,462,396
git,42225,467,404
git,42226,478,413
git,42223,515,432
git,42229,432,432
git,42220,470,449
git,42234,448,443
git,42231,518,448
git,42227,529,454
git,42236,515,434
git,42224,532,460
git,42239,445,436
git,42237,539,441
git,42238,676,444
git,42218,92,881
git,42240,7,6
git,42241,3,11
git,42243,2,11
git,42245,380,350
git,42246,432,364
git,42249,441,381
git,42253,413,368
git,42255,402,381
git,42258,382,369
git,42254,418,392
git,42259,437,378
git,42250,611,429
git,42252,541,433
git,42262,413,403
git,42247,537,446
git,42251,544,450
git,42248,472,456
git,42261,486,422
git,42244,532,465
git,42257,528,451
git,42256,656,453
git,42263,543,435
git,42260,421,439
git,42242,156,896
git,42264,0,5
git,42265,0,6
git,42267,9,16
git,42271,367,406
git,42268,502,409
git,42270,453,410
git,42274,447,411
git,42272,471,418
git,42273,578,420
git,42283,471,404
git,42282,415,405
git,42286,428,410
git,42278,441,435
git,42277,553,437
git,42276,674,439
git,42280,473,443
git,42269,528,450
git,42281,491,447
git,42279,570,450
git,42275,584,454
git,42284,572,438
git,42285,645,439
git,42287,442,442
git,42266,99,891
git,42288,0,6
git,42289,0,8
git,42291,6,19
git,42295,486,435
git,42292,499,440
git,42294,424,448
git,42298,520,444
git,42300,528,446
git,42297,649,454
git,42293,499,459
git,42302,559,450
git,42301,505,458
git,42303,509,457
git,42299,547,464
git,42304,530,462
git,42296,639,472
git,42307,594,448
git,42306,572,457
git,42305,521,459
git,42309,465,443
git,42311,510,446
git,42308,526,462
git,42310,496,449
git,42290,163,924
git,42313,0,6
git,42314,0,9
git,42316,13,15
git,42317,470,366
git,42319,450,398
git,42331,455,399
git,42329,560,401
git,42333,364,404
git,42332,544,407
git,42334,465,407
git,42330,460,424
git,42320,527,457
git,42335,482,432
git,42328,569,454
git,42336,424,417
git,42318,541,470
git,42326,543,463
git,42321,495,472
git,42323,621,466
git,42324,585,468
git,42327,543,470
git,42322,552,474
git,42325,633,474
git,42315,111,910
git,42337,0,6
git,42338,0,6
git,42340,3,10
git,42341,368,357
git,42344,422,368
git,42347,404,371
git,42343,366,377
git,42351,470,387
git,42345,481,402
git,42350,410,399
git,42348,508,418
git,42349,484,453
git,42342,500,458
git,42353,553,461
git,42346,498,472
git,42356,641,461
git,42357,534,452
git,42354,456,475
git,42352,562,479
git,42358,534,463
git,42359,483,470
git,42360,444,471
git,42355,553,490
git,42339,102,944
pool-NetworkMan,42312,1,15509
git,42361,1,8
git,42362,3,11
git,42364,10,15
git,42365,335,355
git,42367,356,360
git,42372,480,380
git,42375,443,374
git,42374,404,381
git,42377,410,382
git,42376,621,385
git,42378,545,386
git,42382,421,398
git,42368,608,422
git,42373,456,427
git,42380,491,413
git,42366,438,442
git,42369,469,443
git,42379,526,432
git,42371,483,457
git,42384,514,442
git,42370,514,462
git,42381,458,445
git,42383,715,450
git,42363,122,894
debian-sa1,42387,0,2
sh,42386,5,11
cron,42385,3,26
journal-offline,42389,1,3
journal-offline,42388,1,10
sleep,41762,0,180003
git,42391,0,9
git,42392,3,15
git,42394,7,16
git,42396,342,275
git,42403,415,352
git,42404,406,399
git,42412,520,388
git,42410,417,397
git,42405,457,419
git,42407,397,406
git,42400,554,438
git,42398,528,453
git,42406,521,439
git,42397,441,462
git,42401,514,464
git,42399,762,466
git,42402,474,474
git,42408,428,450
git,42411,802,451
git,42395,511,486
git,42409,623,456
git,42413,538,437
git,42414,447,446
git,42393,214,952
git,42415,0,6
git,42416,0,7
git,42418,4,11
git,42428,472,407
git,42431,469,428
git,42430,482,437
git,42427,628,442
git,42420,425,455
git,42422,627,456
git,42433,759,440
git,42438,436,442
git,42429,502,458
git,42436,609,447
git,42434,445,450
git,42419,612,470
git,42421,547,472
git,42423,543,476
git,42425,611,478
git,42426,523,480
git,42424,474,483
git,42435,601,470
git,42432,495,475
git,42437,583,482
git,42417,75,946
xdelta3,42440,20,148
git,42441,14,18
git,42442,5,12
git,42444,34,38
git,42445,200,205
unsquashfs,42471,3,9
unsquashfs,42466,0,10
unsquashfs,42469,1,10
unsquashfs,42467,5,12
unsquashfs,42470,6,12
unsquashfs,42468,11,14
unsquashfs,42465,23,31
unsquashfs,42472,8,15
unsquashfs,42479,0,7
unsquashfs,42474,1,12
unsquashfs,42477,4,10
unsquashfs,42478,5,10
unsquashfs,42475,7,12
unsquashfs,42476,9,12
unsquashfs,42473,26,27
unsquashfs,42486,0,2
unsquashfs,42482,0,7
unsquashfs,42485,0,8
unsquashfs,42481,0,10
unsquashfs,42483,0,9
unsquashfs,42484,0,10
unsquashfs,42480,0,25
unsquashfs,42487,0,9
unsquashfs,42489,0,6
unsquashfs,42494,0,5
unsquashfs,42493,0,7
unsquashfs,42492,0,8
unsquashfs,42490,0,9
unsquashfs,42491,0,10
unsquashfs,42488,0,30
unsquashfs,42495,0,31
unsquashfs,42500,0,8
unsquashfs,42498,0,10
unsquashfs,42499,0,10
unsquashfs,42501,0,10
unsquashfs,42502,0,11
unsquashfs,42496,0,26
unsquashfs,42497,0,16
unsquashfs,42503,0,9
unsquashfs,42510,0,4
unsquashfs,42505,0,9
unsquashfs,42509,0,6
unsquashfs,42508,0,9
unsquashfs,42507,0,14
unsquashfs,42506,0,15
unsquashfs,42504,0,26
systemd-detect-,42511,0,20
git,42448,1059,759
git,42454,810,745
git,42450,882,846
(sd-close),42513,0,2
git,42461,843,791
git,42453,956,838
(sd-close),42514,0,4
(sd-close),42515,0,5
git,42455,864,835
git,42446,1128,861
(sd-close),42517,0,5
(sd-close),42516,0,7
(sd-close),42518,0,0
(sd-close),42519,0,1
(sd-close),42520,0,1
(sd-close),42521,0,1
(sd-close),42522,0,1
(sd-close),42523,0,2
(sd-close),42524,0,2
git,42458,1056,853
(sd-close),42525,0,3
(sd-close),42526,0,4
(sd-close),42527,0,4
(sd-close),42528,0,5
(sd-close),42529,0,0
(sd-close),42530,0,1
(sd-close),42531,0,2
(sd-close),42532,0,0
(sd-close),42533,0,0
(sd-close),42534,0,1
(sd-close),42535,0,0
(sd-close),42536,0,0
(sd-close),42537,0,1
(sd-close),42538,0,1
(sd-close),42539,0,0
(sd-close),42540,0,1
(sd-close),42541,0,1
(sd-close),42542,0,1
git,42457,1124,888
(sd-close),42543,0,1
(sd-close),42544,0,2
git,42460,925,891
(sd-close),42545,0,0
(sd-close),42546,0,1
(sd-close),42547,0,2
(sd-close),42548,0,2
(sd-close),42549,0,1
(sd-close),42550,0,2
(sd-close),42551,0,2
(sd-close),42552,0,3
git,42449,1106,930
(sd-close),42553,0,2
git,42451,1047,933
(sd-close),42554,0,3
git,42447,1286,937
(sd-close),42556,0,1
(sd-close),42555,0,6
(sd-close),42557,0,5
git,42464,1051,885
git,42456,1123,925
(sd-close),42558,0,3
(sd-close),42559,0,5
(sd-close),42560,0,0
(sd-close),42561,0,2
(sd-close),42562,0,4
(sd-close),42563,0,3
(sd-close),42564,0,4
(sd-close),42566,0,3
(sd-close),42565,0,5
(sd-close),42567,0,4
(sd-close),42568,0,2
(sd-close),42569,0,3
(sd-close),42570,0,2
(sd-close),42571,0,4
(sd-close),42572,0,5
(sd-close),42573,0,4
(sd-close),42574,0,4
(sd-close),42575,0,5
(sd-close),42577,0,2
(sd-close),42576,0,4
(sd-close),42578,0,4
(sd-close),42579,0,0
(sd-close),42580,0,2
(sd-close),42581,0,3
(sd-close),42582,0,3
git,42452,1252,1010
git,42462,987,965
(sd-close),42583,0,4
git,42459,1225,1004
(sd-close),42584,0,6
(sd-close),42585,0,1
(sd-close),42586,0,4
(sd-close),42587,0,0
(sd-close),42588,0,1
(sd-close),42589,0,2
(sd-close),42590,0,0
git,42463,1088,984
(sd-close),42591,0,2
(sd-close),42592,0,0
(sd-close),42593,0,2
(sd-close),42594,0,0
(sd-close),42595,0,0
(sd-close),42596,0,1
(sd-close),42597,0,1
(sd-close),42598,0,0
(sd-close),42599,0,0
(sd-close),42600,0,1
(sd-close),42601,0,1
(sd-close),42602,0,0
(sd-close),42603,0,1
(sd-close),42604,0,2
(sd-close),42605,0,1
(sd-close),42606,0,3
(sd-close),42607,0,4
(sd-close),42609,0,0
(sd-close),42608,0,2
(sd-close),42610,0,3
(sd-close),42611,0,1
snapd-env-gener,42613,0,5
(sd-exec-strv),42612,0,10
snapd-generator,42620,0,28
cat,42627,0,29
friendly-recove,42617,0,54
mkdir,42629,0,44
uname,42636,0,51
systemd-cryptse,42622,0,145
ds-identify,42638,0,17
netplan,42618,0,162
sshd-socket-gen,42621,0,161
ls,42637,0,85
openvpn-generat,42619,0,185
systemd-debug-g,42623,0,178
ds-identify,42624,0,182
systemd-getty-g,42626,0,179
systemd-hiberna,42628,0,180
bash,42639,0,25
cloud-init-gene,42616,0,209
systemd-integri,42630,0,172
systemd-rc-loca,42631,0,174
systemd-run-gen,42632,0,176
systemd-system-,42633,0,178
systemd-fstab-g,42625,0,200
systemd-veritys,42635,0,162
systemd-sysv-ge,42634,0,280
(sd-exec-strv),42615,0,359
(sd-gens),42614,0,379
git,42443,645,1916
which,42646,0,3
sh,42645,0,11
ps,42648,0,68
sh,42647,0,75
sed,42651,0,6
cat,42652,0,7
cat,42653,0,7
cat,42654,0,7
cat,42655,0,9
cat,42656,0,12
systemctl,42512,0,1986
systemctl,42659,0,78
chrt,42662,0,14
sudo,42660,0,24
sudo,42644,0,1200
sh,42667,0,2
bpftrace,42668,0,28
bpftrace,42670,0,25
bpftrace,42671,0,14
mount,42669,0,94
bpftrace,42672,0,17
systemctl,42661,0,370
sleep,42657,0,1007
cpuUsage.sh,42650,0,1216
sh,42649,0,1228
sleep,42664,0,1004
run_tasks.sh,42642,0,5614
sudo,42641,0,5623
sudo,42640,0,5795
pool-udisksd,42439,1,15503
sleep,42390,0,180005
kworker/dying,41272,0,649853
kworker/dying,39173,0,1259861
kworker/dying,40426,109,1455679
kworker/dying,42643,0,997014
