Attaching 6 probes...
COMM,PID,RUNQ_MS,TOTAL_MS
which,5270,0,1
sh,5269,3,5
ps,5272,1,13
sh,5271,1,15
fibonacci,5276,16,18
fibonacci,5277,18,19
fibonacci,5278,19,171
fibonacci,5279,171,172
fibonacci,5280,172,173
fibonacci,5281,173,174
fibonacci,5282,174,175
fibonacci,5283,175,176
fibonacci,5284,176,177
fibonacci,5285,177,178
sed,5275,1713,1715
cat,5375,3,4
cat,5377,2,4
git,5376,9,8
cat,5378,2,4
cat,5379,3,4
cat,5381,4,3
git,5380,15,8
git,5384,3,5
fibonacci,5286,228,1828
fibonacci,5287,1828,1829
fibonacci,5288,1829,1830
fibonacci,5289,1830,1831
fibonacci,5290,1831,1832
fibonacci,5291,1832,1833
fibonacci,5292,1833,1834
fibonacci,5293,1834,1835
fibonacci,5294,1835,1836
fibonacci,5295,1836,1837
fibonacci,5296,1837,1838
fibonacci,5297,1837,1838
fibonacci,5298,1838,1839
fibonacci,5299,1839,1840
fibonacci,5300,1840,1841
fibonacci,5301,1841,1842
fibonacci,5302,1842,1843
fibonacci,5303,1843,1844
fibonacci,5304,1844,1845
fibonacci,5305,1844,1845
fibonacci,5306,1845,1991
fibonacci,5307,1991,1992
fibonacci,5308,1992,1993
fibonacci,5309,1993,1994
fibonacci,5310,1994,1995
fibonacci,5311,1995,1996
fibonacci,5312,1996,1997
fibonacci,5313,1996,1997
fibonacci,5314,1997,1998
fibonacci,5315,1998,1999
fibonacci,5316,1999,2000
fibonacci,5317,2000,2001
fibonacci,5318,2001,2002
fibonacci,5319,2002,2002
fibonacci,5320,2002,2003
fibonacci,5321,2003,2004
fibonacci,5322,2004,2005
fibonacci,5323,2005,2006
fibonacci,5324,2006,2007
fibonacci,5325,2006,2008
fibonacci,5326,2007,2008
fibonacci,5327,2008,2009
fibonacci,5328,2009,2010
fibonacci,5329,2010,2011
fibonacci,5330,2011,2011
fibonacci,5331,2011,2012
fibonacci,5332,2012,2013
fibonacci,5333,2013,2014
fibonacci,5334,2014,2015
fibonacci,5335,2015,2016
fibonacci,5336,2016,2017
fibonacci,5337,2017,2623
fibonacci,5338,2623,2624
fibonacci,5339,2624,2625
fibonacci,5340,2625,2626
fibonacci,5341,2626,2627
fibonacci,5342,2626,2627
fibonacci,5343,2627,2628
fibonacci,5344,2628,2629
fibonacci,5345,2629,2630
fibonacci,5346,2630,2631
fibonacci,5347,2631,2632
fibonacci,5348,2631,2632
fibonacci,5349,2682,2770
fibonacci,5350,2770,2771
fibonacci,5351,2771,2772
fibonacci,5352,2772,2773
fibonacci,5353,2773,2774
fibonacci,5354,2774,2775
fibonacci,5355,2775,2776
fibonacci,5356,2775,2776
fibonacci,5357,2776,2777
fibonacci,5358,2777,2778
fibonacci,5359,2778,2779
fibonacci,5360,2779,2780
fibonacci,5361,2779,2780
fibonacci,5362,2780,2781
fibonacci,5363,2781,2782
fibonacci,5364,2782,2783
fibonacci,5365,2782,2783
fibonacci,5366,2783,2784
fibonacci,5367,2784,2785
fibonacci,5368,2785,2786
fibonacci,5369,2786,2787
fibonacci,5370,2787,2788
fibonacci,5371,2788,2788
fibonacci,5372,2788,2789
fibonacci,5373,2789,2790
fibonacci,5374,2790,2791
sleep,5382,78,1079
bash,5406,35,37
sed,5405,44,45
cat,5407,37,38
cpuUsage.sh,5408,7,7
cpuUsage.sh,5409,9,10
git,5402,691,207
git,5389,539,218
git,5394,284,222
git,5385,1030,223
git,5388,389,222
git,5399,236,223
git,5397,380,224
git,5400,462,225
git,5393,656,227
git,5401,280,227
git,5398,469,227
git,5395,425,228
git,5391,521,229
git,5396,716,229
cat,5410,27,28
git,5386,891,230
git,5404,525,230
git,5390,372,233
git,5387,708,233
cpuUsage.sh,5411,2,2
git,5403,856,235
git,5392,958,236
cpuUsage.sh,5412,0,0
cat,5413,5,6
cpuUsage.sh,5414,0,1
cat,5415,5,5
cpuUsage.sh,5416,1,1
cpuUsage.sh,5274,51,3000
sh,5273,1,3003
git,5383,1099,1365
which,5418,0,2
sh,5417,0,5
ps,5420,7,12
sh,5419,2,14
sed,5423,0,1
cat,5424,1,1
sleep,5425,0,1001
sed,5426,0,2
cat,5427,0,1
cpuUsage.sh,5428,0,0
cpuUsage.sh,5422,2,1013
sh,5421,1,1016
journal-offline,5429,0,0
journal-offline,5430,0,1
package-data-do,5431,12,89
(sd-close),5432,0,0
(sd-close),5434,0,0
git,5435,9,5
git,5436,8,8
git,5438,16,15
git,5439,573,168
git,5444,519,171
git,5442,330,174
git,5441,336,177
git,5440,669,178
git,5445,537,179
git,5454,547,167
git,5453,354,168
git,5455,481,170
git,5443,536,185
git,5449,1006,187
git,5452,360,188
git,5448,998,190
git,5450,443,192
git,5447,375,192
git,5456,321,178
git,5451,932,192
git,5446,439,195
git,5458,815,181
git,5457,478,183
git,5437,109,352
systemd-timedat,5433,45,30074
(sd-close),5459,0,0
(sd-rmrf),5461,1,2
(sd-rmrf),5460,7,4
git,5462,9,9
git,5463,3,5
git,5465,4,7
git,5475,955,225
git,5482,369,229
git,5483,451,247
git,5476,374,251
git,5477,756,252
git,5478,417,253
git,5484,684,255
git,5481,603,258
git,5471,667,263
git,5469,729,265
git,5479,625,264
git,5485,579,264
git,5472,666,265
git,5480,1290,266
git,5468,330,269
git,5466,495,271
git,5473,879,272
git,5470,1278,272
git,5467,453,274
git,5474,671,272
git,5464,292,556
pool-gjs,5489,0,20
pool-gnome-shel,5488,2,505
pool-gnome-shel,5487,4,507
pool-/usr/libex,5490,1,501
pool-/usr/libex,5495,0,500
pool-/usr/libex,5494,1,501
pool-/usr/libex,5493,2,502
pool-/usr/libex,5492,503,15502
pool-/usr/libex,5491,2,15503
git,5496,2,5
git,5497,5,5
git,5499,14,12
git,5506,285,157
git,5505,385,159
git,5510,214,159
git,5507,691,161
git,5508,274,161
git,5511,361,162
git,5512,234,164
git,5516,426,164
git,5519,312,165
git,5517,608,169
git,5515,661,170
git,5504,293,171
git,5514,403,172
git,5509,287,172
git,5501,405,174
git,5503,321,173
git,5500,508,175
git,5518,409,173
git,5513,765,174
git,5502,646,177
git,5498,110,340
debian-sa1,5522,0,1
sh,5521,2,5
cron,5520,1,11
which,5524,0,1
sh,5523,3,4
ps,5526,9,11
sh,5525,1,14
sed,5529,0,1
cat,5530,0,1
sleep,5531,1,1001
sed,5532,1,2
cat,5533,0,1
cpuUsage.sh,5534,0,0
cpuUsage.sh,5528,3,1012
sh,5527,1,1014
pool-gnome-shel,5486,5,20822
bash,5535,0,2
awk,5536,5,4
awk,5537,0,1
awk,5538,0,1
awk,5539,0,2
awk,5540,0,1
awk,5541,0,1
bash,5542,0,1
git,5543,4,9
git,5544,5,5
git,5546,6,5
which,5568,33,34
sh,5567,45,67
git,5557,188,134
git,5553,284,136
git,5559,261,137
git,5562,354,138
git,5558,361,140
git,5561,235,144
git,5551,221,147
git,5556,531,147
git,5554,261,150
git,5560,429,150
git,5555,447,151
git,5552,385,152
git,5550,213,152
git,5549,169,152
git,5547,367,154
git,5548,409,155
git,5563,296,141
git,5564,290,141
git,5566,443,142
git,5565,214,143
ps,5570,71,33
sh,5569,55,74
sed,5573,2,2
cat,5574,1,2
git,5545,129,304
sleep,5575,1,1002
sed,5576,0,2
cat,5577,0,1
cpuUsage.sh,5578,0,0
cpuUsage.sh,5572,3,1017
sh,5571,5,1021
which,5580,0,1
sh,5579,1,3
ps,5582,4,12
sh,5581,3,14
sed,5585,0,1
cat,5586,1,1
sleep,5587,0,1001
sed,5588,0,2
cat,5589,0,1
cpuUsage.sh,5590,0,0
cpuUsage.sh,5584,3,1013
sh,5583,2,1015
git,5591,8,5
git,5592,4,5
git,5594,8,7
git,5601,239,128
git,5600,273,143
git,5599,598,148
git,5597,289,149
git,5598,461,149
git,5595,296,150
git,5596,396,153
git,5612,363,150
git,5609,245,151
git,5604,235,151
git,5605,472,152
git,5610,206,152
git,5614,342,153
git,5607,402,154
git,5611,440,154
git,5602,424,155
git,5608,636,156
git,5603,495,157
git,5613,745,157
git,5606,203,159
git,5593,151,310
git,5615,5,5
git,5616,5,6
git,5618,8,9
git,5635,433,140
git,5633,452,141
git,5631,188,152
git,5623,236,155
git,5626,751,156
git,5620,549,157
git,5621,508,157
git,5622,562,159
git,5624,314,159
git,5619,495,160
git,5627,279,161
git,5637,422,161
git,5636,216,161
git,5634,335,162
git,5632,610,162
git,5625,484,163
git,5628,366,163
git,5630,641,163
git,5638,198,164
git,5629,701,164
git,5617,85,318
git,5639,9,6
git,5640,12,6
git,5642,12,12
git,5658,282,156
git,5651,277,158
git,5657,186,159
git,5659,410,162
git,5643,433,166
git,5647,681,167
git,5653,276,168
git,5646,223,170
git,5648,315,170
git,5644,302,172
git,5660,842,173
git,5661,506,176
git,5645,466,177
git,5652,629,178
git,5649,479,180
git,5650,543,180
git,5656,410,183
git,5654,366,183
git,5655,334,183
git,5662,260,183
git,5641,121,338
which,5664,0,1
sh,5663,1,3
ps,5666,12,12
sh,5665,1,14
sed,5669,0,1
cat,5670,0,1
bash,5672,1,2
grep,5673,2,6
cut,5674,4,6
sort,5675,4,7
awk,5676,1,2
wc,5678,1,3
bash,5677,0,4
sed,5679,1,1
grep,5680,3,5
cut,5681,2,5
sort,5682,7,6
awk,5683,0,1
wc,5685,1,1
bash,5684,0,2
sed,5686,0,1
cut,5688,2,4
grep,5687,1,5
sort,5689,9,6
awk,5690,0,2
wc,5692,1,1
bash,5691,0,2
sed,5693,0,1
grep,5694,3,6
cut,5695,2,6
sort,5696,10,7
awk,5697,0,1
wc,5699,1,2
bash,5698,0,3
sed,5700,1,2
cut,5702,3,6
grep,5701,8,7
sort,5703,10,6
awk,5704,1,1
wc,5706,0,1
bash,5705,0,2
sed,5707,0,2
grep,5708,1,4
cut,5709,3,4
sort,5710,7,5
awk,5711,0,2
wc,5713,0,1
bash,5712,0,2
sed,5714,0,1
rm,5715,0,1
bash,5716,0,1
sleep,5671,0,1001
sed,5717,1,2
cat,5718,0,1
cpuUsage.sh,5719,0,0
cpuUsage.sh,5668,2,1013
sh,5667,1,1016
which,5721,0,1
sh,5720,0,3
ps,5723,2,11
sh,5722,0,13
sed,5726,0,1
cat,5727,0,1
sleep,5728,0,1001
sed,5729,0,2
cat,5730,0,1
cpuUsage.sh,5731,0,0
cpuUsage.sh,5725,2,1014
sh,5724,2,1018
git,5732,3,4
git,5733,2,4
git,5735,3,4
git,5737,457,142
git,5739,176,144
git,5746,314,147
git,5741,244,148
git,5743,573,149
git,5742,185,150
git,5748,361,151
git,5738,618,152
git,5745,186,152
git,5747,211,155
git,5740,332,156
git,5750,271,143
git,5744,342,159
git,5736,400,159
git,5753,356,147
git,5754,642,148
git,5752,323,148
git,5755,470,148
git,5749,905,149
git,5751,524,149
git,5734,97,296
which,5757,0,1
sh,5756,2,3
ps,5759,20,10
sh,5758,1,13
sed,5762,0,1
cat,5763,0,1
sleep,5764,0,1001
sed,5765,1,2
cat,5766,0,1
cpuUsage.sh,5767,0,0
cpuUsage.sh,5761,3,1014
sh,5760,2,1015
git,5768,1,3
git,5769,0,3
git,5771,7,7
git,5778,403,143
git,5782,337,145
git,5783,337,149
git,5775,274,150
git,5790,688,151
git,5784,224,152
git,5774,411,153
git,5788,473,153
git,5786,325,154
git,5789,223,155
git,5787,283,156
git,5772,211,158
git,5773,326,157
git,5777,192,157
git,5780,372,158
git,5781,266,158
git,5785,719,158
git,5776,198,159
git,5779,333,159
git,5791,276,160
git,5770,99,300
git,5792,4,10
git,5793,5,6
git,5795,2,4
git,5804,196,125
git,5810,314,126
git,5801,465,129
git,5802,227,131
git,5809,220,133
git,5812,197,134
git,5813,200,135
git,5799,201,137
git,5796,276,140
git,5806,464,140
git,5815,357,141
git,5805,418,142
git,5797,245,143
git,5798,320,143
git,5808,256,144
git,5800,346,146
git,5811,295,146
git,5803,341,146
git,5814,545,147
git,5807,211,147
git,5794,85,271
git,5816,2,4
git,5817,8,5
git,5819,3,6
git,5831,274,126
git,5826,247,129
git,5829,233,135
git,5830,191,136
git,5834,529,138
git,5832,304,140
git,5825,267,142
git,5836,270,144
git,5823,356,145
git,5828,355,145
git,5835,245,146
git,5822,208,146
git,5833,352,147
git,5839,179,147
git,5837,203,148
git,5827,265,148
git,5821,296,149
git,5824,415,151
git,5838,586,151
git,5820,361,151
git,5818,92,272
git,5840,3,6
git,5841,7,5
git,5843,7,5
git,5854,390,136
git,5861,299,147
git,5858,471,148
git,5845,333,150
git,5859,410,150
git,5857,314,152
git,5848,500,155
git,5850,237,156
git,5853,463,157
git,5851,291,158
git,5860,336,160
git,5863,871,162
git,5846,673,163
git,5847,447,164
git,5849,359,164
git,5844,282,165
git,5856,388,166
git,5852,287,167
git,5862,341,167
git,5855,373,168
git,5842,125,312
git,5864,1,3
git,5865,3,4
git,5867,4,6
git,5879,329,124
git,5874,271,133
git,5877,219,134
git,5882,211,137
git,5885,536,139
git,5872,440,142
git,5869,223,143
git,5868,279,144
git,5871,410,145
git,5870,287,146
git,5873,257,145
git,5883,321,146
git,5884,524,146
git,5881,232,147
git,5887,371,147
git,5878,634,148
git,5875,381,148
git,5880,317,148
git,5876,439,149
git,5886,578,149
git,5866,98,278
git,5889,0,2
git,5890,3,3
git,5892,3,6
git,5909,217,135
git,5910,195,140
git,5903,270,142
git,5899,304,143
git,5901,246,144
git,5898,200,145
git,5895,523,146
git,5908,316,147
git,5896,209,148
git,5900,237,149
git,5907,299,149
git,5897,348,150
git,5902,206,150
git,5904,654,150
git,5906,392,150
git,5905,246,151
git,5894,421,152
git,5893,339,153
git,5911,282,152
git,5912,309,153
git,5891,131,279
git,5913,1,3
git,5914,1,4
git,5916,4,6
git,5923,324,140
git,5931,215,142
git,5936,386,144
git,5927,303,146
git,5925,179,147
git,5921,472,150
git,5919,211,151
git,5918,392,151
git,5932,241,151
git,5922,318,153
git,5934,550,153
git,5930,304,153
git,5926,364,154
git,5929,483,155
git,5935,208,156
git,5928,306,156
git,5917,283,157
git,5920,629,157
git,5933,259,157
git,5924,428,157
git,5915,151,292
git,5937,5,4
git,5938,4,3
git,5940,3,6
git,5947,199,126
git,5946,335,133
git,5942,525,136
git,5953,328,130
git,5950,279,131
git,5941,248,140
git,5943,334,141
git,5952,326,135
git,5944,586,143
git,5945,272,143
git,5954,319,137
git,5957,419,138
git,5958,226,140
git,5951,295,141
git,5955,293,141
git,5956,440,142
git,5948,196,142
git,5959,255,142
git,5960,346,143
git,5949,374,146
git,5939,120,280
git,5961,2,6
git,5962,1,4
git,5964,11,9
git,5973,476,150
git,5971,257,151
git,5968,208,154
git,5970,658,157
git,5967,230,158
git,5969,314,159
git,5966,703,160
git,5979,213,149
git,5974,543,167
git,5965,245,169
git,5975,537,170
git,5980,392,158
git,5972,1003,174
git,5976,1006,174
git,5981,344,164
git,5982,322,165
git,5978,492,166
git,5977,355,167
git,5984,576,168
git,5983,305,169
git,5963,127,333
git,5985,1,3
git,5986,1,4
git,5988,3,5
git,5991,244,130
git,6003,218,127
git,5993,168,129
git,5999,157,134
git,5990,276,142
git,5989,177,145
git,5998,277,142
git,5996,202,145
git,6005,431,145
git,5994,602,146
git,5992,202,146
git,6001,324,147
git,5995,331,149
git,6004,216,149
git,6000,245,149
git,6002,363,150
git,5997,354,150
git,6008,693,144
git,6006,426,144
git,6007,332,145
git,5987,110,285
git,6009,10,7
git,6010,4,7
git,6012,11,9
git,6022,370,152
git,6014,242,154
git,6015,241,156
git,6017,460,164
git,6018,328,166
git,6029,296,157
git,6019,496,167
git,6016,362,168
git,6023,293,158
git,6024,404,159
git,6020,472,170
git,6021,501,170
git,6027,613,161
git,6030,253,162
git,6013,535,174
git,6026,844,164
git,6031,391,166
git,6028,265,166
git,6025,502,166
git,6032,549,168
git,6011,111,330
git,6033,2,6
git,6034,3,5
git,6036,4,6
git,6043,254,130
git,6047,140,130
git,6053,199,131
git,6052,236,132
git,6054,243,137
git,6038,206,146
git,6045,522,145
git,6040,212,147
git,6041,394,148
git,6042,478,148
git,6050,387,146
git,6049,332,147
git,6046,349,147
git,6048,274,148
git,6056,536,148
git,6051,562,149
git,6037,632,151
git,6039,388,153
git,6055,574,151
git,6044,556,152
git,6035,117,281
git,6057,1,3
git,6058,3,4
git,6060,4,6
git,6061,280,146
git,6071,280,145
git,6073,397,147
git,6077,809,148
git,6079,419,150
git,6067,247,151
git,6075,457,152
git,6080,390,152
git,6072,567,153
git,6065,652,154
git,6070,185,155
git,6062,333,158
git,6068,302,156
git,6064,312,157
git,6066,287,157
git,6078,203,157
git,6076,292,157
git,6074,323,158
git,6069,673,159
git,6063,300,159
git,6059,119,299
git,6081,3,4
git,6082,2,4
git,6084,6,6
git,6094,434,133
git,6095,242,135
git,6097,349,137
git,6101,337,138
git,6100,298,140
git,6091,316,142
git,6088,311,145
git,6104,280,146
git,6087,268,147
git,6099,177,147
git,6090,384,148
git,6096,362,148
git,6089,614,149
git,6092,551,149
git,6098,340,149
git,6102,557,150
git,6103,669,150
git,6093,416,151
git,6086,499,152
git,6085,643,152
git,6083,87,278
git,6105,1,4
git,6106,1,3
git,6108,4,5
git,6111,203,136
git,6110,441,142
git,6112,264,142
git,6114,341,143
git,6113,199,144
git,6115,244,146
git,6118,330,145
git,6119,745,147
git,6125,319,149
git,6124,564,150
git,6116,421,159
git,6123,474,151
git,6126,339,152
git,6109,279,162
git,6120,301,154
git,6117,868,155
git,6127,542,155
git,6122,384,155
git,6128,374,156
git,6121,217,157
git,6107,164,293
git,6129,0,3
git,6130,4,2
git,6132,5,6
git,6143,364,152
git,6139,404,154
git,6146,209,161
git,6147,457,162
git,6144,280,165
git,6140,328,166
git,6148,262,168
git,6150,604,169
git,6142,394,170
git,6134,291,172
git,6133,290,173
git,6136,703,173
git,6137,299,174
git,6141,356,175
git,6145,546,176
git,6151,337,176
git,6138,523,178
git,6152,601,178
git,6135,444,178
git,6149,616,178
git,6131,115,333
git,6153,1,3
git,6154,3,4
git,6156,4,6
git,6172,183,132
git,6168,505,134
git,6169,518,135
git,6157,199,142
git,6170,429,146
git,6162,193,147
git,6159,592,148
git,6166,353,148
git,6171,207,148
git,6160,250,149
git,6163,165,149
git,6165,271,150
git,6174,263,150
git,6167,374,151
git,6173,689,151
git,6176,286,151
git,6161,243,153
git,6175,497,153
git,6164,503,154
git,6158,489,154
git,6155,99,277
git,6178,7,4
git,6179,5,3
git,6181,7,6
git,6185,334,131
git,6190,218,133
git,6196,286,134
git,6191,491,135
git,6184,478,144
git,6183,509,144
git,6197,348,145
git,6187,554,145
git,6194,317,146
git,6200,279,146
git,6188,312,147
git,6198,434,147
git,6192,270,147
git,6189,357,148
git,6193,306,148
git,6201,458,149
git,6195,266,149
git,6186,684,150
git,6199,370,150
git,6182,268,151
git,6180,105,293
git,6202,0,2
git,6203,4,4
git,6205,4,6
git,6215,431,134
git,6210,474,139
git,6224,278,143
git,6214,270,145
git,6223,320,145
git,6213,201,146
git,6212,464,147
git,6219,548,148
git,6218,662,148
git,6209,388,149
git,6216,655,148
git,6211,356,149
git,6217,360,149
git,6225,287,149
git,6221,244,150
git,6220,221,150
git,6222,329,150
git,6207,443,152
git,6206,358,152
git,6208,223,152
git,6204,140,279
git,6226,3,7
git,6227,3,5
git,6229,8,8
git,6233,522,126
git,6244,238,133
git,6240,421,136
git,6234,208,143
git,6237,434,145
git,6235,162,146
git,6236,289,146
git,6239,624,146
git,6238,354,147
git,6231,507,148
git,6243,254,148
git,6242,431,148
git,6230,494,149
git,6245,504,134
git,6241,526,150
git,6232,253,150
git,6247,177,136
git,6248,331,137
git,6249,280,138
git,6246,341,138
git,6228,121,293
pool-NetworkMan,6177,0,15503
git,6250,2,4
git,6251,2,5
git,6253,4,7
git,6268,641,146
git,6263,382,151
git,6267,388,155
git,6257,588,159
git,6255,208,160
git,6264,238,161
git,6262,473,163
git,6265,344,163
git,6266,268,164
git,6258,713,165
git,6260,601,168
git,6259,237,170
git,6254,331,171
git,6256,381,171
git,6261,278,171
git,6273,330,158
git,6270,236,158
git,6269,271,160
git,6271,356,161
git,6272,505,163
git,6252,106,305
git,6274,1,4
git,6275,2,3
git,6277,3,6
git,6292,254,142
git,6287,194,143
git,6282,595,144
git,6280,262,145
git,6281,338,145
git,6278,192,147
git,6285,271,146
git,6290,239,146
git,6284,492,147
git,6286,245,147
git,6288,456,148
git,6283,360,148
git,6293,391,148
git,6296,358,148
git,6294,285,149
git,6279,417,151
git,6295,221,149
git,6291,326,150
git,6289,291,150
git,6297,329,150
git,6276,95,281
git,6298,2,4
git,6299,3,5
git,6301,4,6
git,6308,298,128
git,6315,534,130
git,6311,181,136
git,6316,276,137
git,6320,507,146
git,6305,471,148
git,6303,284,150
git,6313,535,151
git,6314,286,152
git,6317,353,153
git,6307,305,154
git,6310,309,154
git,6321,460,154
git,6309,317,155
git,6319,265,156
git,6318,686,157
git,6304,492,158
git,6302,312,160
git,6306,465,161
git,6312,277,161
git,6300,80,294
git,6322,3,4
git,6323,3,3
git,6325,3,4
git,6330,165,132
git,6331,181,134
git,6333,322,135
git,6328,454,138
git,6335,579,139
git,6332,578,140
git,6342,350,130
git,6327,277,143
git,6343,212,133
git,6329,162,145
git,6334,445,145
git,6326,214,146
git,6337,173,135
git,6340,624,135
git,6336,176,137
git,6341,263,138
git,6338,283,139
git,6345,253,140
git,6339,199,141
git,6344,245,141
git,6324,137,274
git,6346,2,3
git,6347,1,3
git,6349,5,4
git,6355,226,131
git,6359,235,132
git,6363,312,134
git,6364,231,135
git,6366,426,141
git,6352,158,143
git,6358,515,146
git,6362,281,146
git,6353,381,147
git,6365,336,147
git,6357,620,148
git,6360,337,148
git,6354,231,149
git,6356,617,149
git,6361,261,149
git,6368,544,149
git,6367,224,150
git,6369,382,150
git,6350,508,151
git,6351,551,152
git,6348,104,275
git,6370,2,4
git,6371,9,8
git,6373,10,9
git,6376,574,141
git,6374,452,144
git,6379,503,142
git,6382,209,145
git,6375,289,149
git,6380,296,147
git,6390,208,148
git,6388,323,149
git,6381,326,150
git,6378,473,151
git,6387,457,152
git,6385,791,152
git,6384,353,153
git,6393,241,154
git,6386,429,154
git,6389,575,155
git,6391,317,155
git,6383,728,157
git,6377,394,157
git,6392,566,159
git,6372,149,296
git,6394,5,5
git,6395,2,4
git,6397,3,6
git,6399,213,129
git,6407,183,128
git,6415,517,133
git,6398,539,137
git,6404,191,136
git,6412,271,137
git,6403,273,138
git,6401,208,140
git,6402,525,142
git,6414,188,142
git,6413,286,143
git,6408,215,144
git,6411,553,147
git,6417,531,147
git,6405,419,147
git,6400,441,148
git,6410,195,148
git,6409,452,148
git,6416,316,148
git,6406,354,149
git,6396,114,282
git,6418,2,4
git,6419,2,4
git,6421,8,7
git,6436,334,136
git,6438,235,138
git,6433,229,141
git,6439,518,142
git,6427,221,144
git,6441,274,144
git,6429,237,145
git,6434,262,146
git,6431,347,147
git,6425,254,147
git,6428,214,147
git,6423,387,148
git,6430,307,148
git,6440,326,148
git,6437,435,149
git,6432,274,149
git,6426,471,151
git,6435,403,151
git,6422,202,152
git,6424,327,153
git,6420,133,302
git,6442,3,7
git,6443,3,5
git,6445,3,5
git,6460,331,144
git,6457,272,146
git,6448,251,149
git,6450,607,150
git,6452,344,151
git,6451,597,152
git,6456,582,153
git,6462,316,154
git,6463,394,158
git,6459,401,159
git,6453,221,160
git,6461,580,161
git,6454,353,161
git,6455,346,162
git,6446,239,164
git,6449,469,164
git,6464,243,165
git,6458,628,165
git,6465,520,166
git,6447,770,171
git,6444,178,321
git,6466,3,7
git,6467,2,4
git,6469,3,5
git,6474,241,139
git,6479,282,140
git,6485,456,142
git,6472,250,144
git,6478,323,145
git,6473,257,146
git,6476,612,146
git,6470,414,147
git,6480,354,147
git,6471,336,147
git,6486,305,147
git,6482,526,148
git,6475,221,148
git,6487,285,148
git,6483,445,148
git,6488,279,148
git,6481,239,149
git,6489,690,149
git,6484,337,150
git,6477,266,151
git,6468,85,278
git,6490,2,4
git,6491,2,4
git,6493,5,7
git,6504,199,133
git,6508,192,134
git,6506,180,136
git,6510,209,137
git,6509,441,140
git,6495,348,143
git,6494,241,144
git,6503,196,146
git,6496,317,146
git,6499,360,147
git,6513,401,147
git,6501,453,148
git,6497,427,149
git,6500,230,149
git,6502,373,149
git,6505,538,150
git,6498,264,150
git,6507,471,150
git,6511,682,150
git,6512,290,151
git,6492,137,296
git,6514,4,6
git,6515,2,5
git,6517,7,6
git,6524,345,123
git,6525,177,127
git,6528,259,124
git,6522,527,134
git,6521,288,135
git,6534,170,130
git,6532,256,131
git,6535,403,132
git,6529,213,133
git,6530,285,134
git,6520,266,144
git,6518,276,144
git,6523,264,144
git,6526,255,145
git,6519,372,147
git,6536,270,139
git,6527,165,140
git,6531,284,140
git,6537,379,140
git,6533,484,141
git,6516,120,275
git,6538,1,3
git,6539,7,4
git,6541,4,6
git,6548,457,125
git,6551,330,127
git,6552,484,128
git,6546,444,136
git,6544,254,137
git,6550,310,137
git,6547,193,138
git,6556,211,127
git,6559,234,130
git,6543,324,143
git,6545,246,143
git,6542,245,148
git,6549,195,148
git,6558,311,137
git,6560,395,137
git,6555,377,137
git,6553,265,137
git,6554,198,137
git,6557,328,137
git,6561,246,137
git,6540,127,271
journal-offline,6563,0,1
journal-offline,6562,0,1
git,6564,1,3
git,6565,3,3
git,6567,5,5
git,6585,358,141
git,6580,160,143
git,6578,299,144
git,6577,492,145
git,6575,221,147
git,6579,296,147
git,6572,271,148
git,6568,261,148
git,6587,243,149
git,6571,300,149
git,6573,471,149
git,6569,265,150
git,6574,269,150
git,6581,311,151
git,6576,266,152
git,6586,372,152
git,6583,314,153
git,6584,456,153
git,6582,461,153
git,6570,302,153
git,6566,114,288
git,6589,1,3
git,6590,1,3
git,6592,5,5
git,6599,476,130
git,6604,283,132
git,6595,254,141
git,6598,394,142
git,6610,360,146
git,6600,545,147
git,6609,430,148
git,6602,294,148
git,6603,315,149
git,6594,271,150
git,6606,263,150
git,6596,294,151
git,6605,250,151
git,6608,241,151
git,6607,313,151
git,6601,288,153
git,6597,617,154
git,6593,296,154
git,6612,418,154
git,6611,557,155
git,6591,77,282
sleep,5888,0,180002
git,6614,5,7
git,6615,2,5
git,6617,5,7
git,6627,428,123
git,6624,221,126
git,6636,301,134
git,6632,206,135
git,6634,330,136
git,6628,449,138
git,6620,435,141
git,6629,294,140
git,6630,216,141
git,6618,286,144
git,6633,308,144
git,6623,380,146
git,6619,182,147
git,6621,253,147
git,6622,348,148
git,6625,296,148
git,6631,407,146
git,6635,379,146
git,6626,624,147
git,6637,259,147
git,6616,104,279
git,6638,0,2
git,6639,2,4
git,6641,10,7
git,6646,444,142
git,6645,273,143
git,6659,458,139
git,6644,278,145
git,6642,328,145
git,6648,305,140
git,6643,284,148
git,6653,344,143
git,6654,412,143
git,6652,222,144
git,6655,504,144
git,6650,178,145
git,6649,610,145
git,6651,204,145
git,6657,209,145
git,6658,278,145
git,6656,264,146
git,6647,317,147
git,6660,626,147
git,6661,430,150
git,6640,110,281
pool-udisksd,6588,0,15500
git,6662,0,2
git,6663,3,6
git,6665,7,9
git,6672,150,130
git,6680,520,134
git,6684,169,137
git,6682,259,139
git,6678,208,141
git,6675,486,143
git,6673,218,144
git,6683,199,144
git,6676,621,144
git,6668,457,144
git,6677,255,145
git,6669,360,145
git,6671,288,145
git,6667,322,146
git,6670,364,146
git,6674,448,146
git,6685,383,147
git,6679,661,147
git,6681,388,147
git,6666,280,148
git,6664,126,282
git,6686,1,3
git,6687,3,3
git,6689,3,6
git,6693,258,139
git,6704,296,141
git,6691,219,143
git,6700,447,145
git,6706,223,131
git,6695,408,147
git,6697,358,148
git,6699,630,148
git,6702,296,148
git,6701,648,148
git,6698,246,149
git,6696,460,149
git,6703,313,149
git,6692,415,151
git,6690,291,152
git,6694,387,152
git,6705,245,138
git,6707,269,138
git,6708,602,140
git,6709,346,141
git,6688,131,290
git,6710,2,4
git,6711,1,4
git,6713,6,7
which,6735,36,37
sh,6734,54,65
git,6730,272,141
git,6723,339,142
git,6728,232,145
git,6725,580,150
git,6729,394,153
git,6731,426,153
git,6720,474,154
git,6722,244,156
git,6721,251,156
git,6716,217,157
git,6717,485,157
git,6727,421,157
git,6718,281,158
git,6724,243,159
git,6726,464,159
git,6714,394,160
git,6719,178,162
git,6715,255,163
git,6733,268,148
git,6732,294,149
ps,6737,58,32
sh,6736,23,51
sed,6740,3,3
cat,6741,1,2
git,6712,141,326
sleep,6742,1,1002
sed,6743,0,2
cat,6744,1,1
cpuUsage.sh,6745,0,0
cpuUsage.sh,6739,4,1019
sh,6738,4,1024
git,6746,4,4
git,6747,3,4
git,6749,9,11
git,6764,211,139
git,6766,170,142
git,6757,320,146
git,6762,538,150
git,6759,634,150
git,6768,231,151
git,6750,574,153
git,6752,352,153
git,6758,288,154
git,6767,186,154
git,6755,230,155
git,6763,379,155
git,6760,270,155
git,6765,293,156
git,6761,363,156
git,6769,382,157
git,6756,490,157
git,6751,428,159
git,6753,410,160
git,6754,378,161
git,6748,121,304
which,6771,0,2
sh,6770,2,7
ps,6773,3,10
sh,6772,1,13
sed,6776,0,1
cat,6777,0,1
bash,6779,0,1
git,6781,0,0
git,6782,0,0
git,6783,0,1
git,6784,1,1
git,6785,1,1
git,6786,1,1
git,6787,1,1
git,6788,1,2
git,6789,2,2
git,6790,2,2
git,6791,2,2
git,6792,2,2
git,6793,2,2
git,6794,2,3
git,6795,3,3
git,6796,3,3
git,6797,3,3
git,6798,0,0
git,6799,0,1
git,6800,1,1
