Attaching 6 probes...
COMM,PID,RUNQ_MS,TOTAL_MS
fibonacci,6336,780,787
fibonacci,6334,783,792
fibonacci,6332,788,795
fibonacci,6326,804,811
fibonacci,6325,806,813
fibonacci,6324,808,816
fibonacci,6331,1086,806
fibonacci,6323,1086,818
fibonacci,6333,1088,803
fibonacci,6322,814,821
fibonacci,6321,1086,824
fibonacci,6320,819,826
fibonacci,6319,1087,828
fibonacci,6318,822,830
fibonacci,6317,825,832
fibonacci,6313,835,842
fibonacci,6312,837,844
fibonacci,6311,837,846
fibonacci,6310,840,848
fibonacci,6308,846,853
fibonacci,6307,848,855
fibonacci,6306,1095,857
fibonacci,6305,852,859
fibonacci,6303,857,867
fibonacci,6300,1566,872
fibonacci,6297,872,879
fibonacci,6296,872,881
fibonacci,6295,875,883
fibonacci,6294,878,885
fibonacci,6293,1100,887
fibonacci,6290,888,895
fibonacci,6289,890,897
fibonacci,6285,900,907
fibonacci,6284,900,908
fibonacci,6283,903,910
fibonacci,6282,904,912
fibonacci,6280,910,917
fibonacci,6278,914,921
fibonacci,6277,1111,924
fibonacci,6276,918,925
fibonacci,6275,921,928
fibonacci,6273,924,933
fibonacci,6272,1113,934
fibonacci,6271,929,936
fibonacci,6267,939,946
fibonacci,6266,937,947
fibonacci,6265,942,949
fibonacci,6264,945,951
fibonacci,6263,947,954
fibonacci,6261,952,959
fibonacci,6260,1123,961
fibonacci,6259,956,963
fibonacci,6256,964,970
fibonacci,6254,968,974
fibonacci,6252,972,979
fibonacci,6251,1132,981
fibonacci,6250,975,982
fibonacci,6249,1132,984
fibonacci,6248,978,986
fibonacci,6247,1131,988
fibonacci,6298,942,951
fibonacci,6329,1196,919
fibonacci,6286,994,1003
fibonacci,6301,987,996
fibonacci,6340,941,953
fibonacci,6253,1226,1076
fibonacci,6342,954,965
fibonacci,6344,961,972
fibonacci,6338,973,984
fibonacci,6339,975,986
fibonacci,6299,1038,1048
fibonacci,6341,1192,992
fibonacci,6270,1089,1099
fibonacci,6346,1244,993
fibonacci,6281,1100,1114
fibonacci,6337,1063,1041
fibonacci,6292,1094,1106
fibonacci,6309,1081,1093
fibonacci,6257,1150,1162
fibonacci,6345,1073,1042
fibonacci,6335,1103,1072
fibonacci,6316,1132,1147
fibonacci,6343,1091,1106
fibonacci,6330,1249,1234
fibonacci,6302,1405,1434
fibonacci,6327,1611,1637
fibonacci,6288,1979,2039
fibonacci,6279,1996,2057
fibonacci,6262,2048,2079
fibonacci,6291,1988,2044
fibonacci,6304,1989,2035
fibonacci,6269,2491,2574
fibonacci,6258,4071,4303
fibonacci,6287,4032,4272
fibonacci,6268,5168,5548
fibonacci,6255,5193,5573
fibonacci,6315,6489,7096
fibonacci,6274,6566,7157
fibonacci,6314,6505,7111
fibonacci,6328,7674,9257





