Attaching 6 probes...
COMM,PID,RUNQ_MS,TOTAL_MS
fibonacci,4049,230,240
fibonacci,4057,227,229
fibonacci,4138,99,106
fibonacci,4146,169,90
fibonacci,4140,98,101
fibonacci,4135,125,114
fibonacci,4132,117,119
fibonacci,4129,122,125
fibonacci,4127,129,133
fibonacci,4143,180,99
fibonacci,4067,227,234
fibonacci,4119,147,147
fibonacci,4137,107,114
fibonacci,4116,154,153
fibonacci,4133,118,121
fibonacci,4147,87,94
fibonacci,4111,162,162
fibonacci,4144,93,100
fibonacci,4106,171,172
fibonacci,4113,231,161
fibonacci,4141,103,106
fibonacci,4100,174,182
fibonacci,4130,127,129
fibonacci,4102,171,179
fibonacci,4125,142,143
fibonacci,4126,141,142
fibonacci,4096,181,190
fibonacci,4093,185,196
fibonacci,4123,147,148
fibonacci,4090,192,201
fibonacci,4120,146,153
fibonacci,4087,255,207
fibonacci,4117,242,160
fibonacci,4084,254,213
fibonacci,4114,166,165
fibonacci,4112,162,169
fibonacci,4108,243,176
fibonacci,4109,168,175
fibonacci,4054,266,268
fibonacci,4105,174,182
fibonacci,4062,257,257
fibonacci,4068,334,244
fibonacci,4063,249,257
fibonacci,4074,325,236
fibonacci,4069,252,244
fibonacci,4071,238,241
fibonacci,4075,230,232
fibonacci,4056,268,270
fibonacci,4081,216,224
fibonacci,4077,318,231
fibonacci,4055,271,272
fibonacci,4080,224,226
fibonacci,4061,256,263
fibonacci,4083,220,223
fibonacci,4086,302,218
fibonacci,4145,109,116
fibonacci,4103,191,193
fibonacci,4101,189,196
fibonacci,4148,202,111
fibonacci,4089,297,215
fibonacci,4142,130,122
fibonacci,4094,200,208
fibonacci,4091,293,213
fibonacci,4070,247,250
fibonacci,4073,244,245
fibonacci,4076,232,239
fibonacci,4097,207,208
fibonacci,4053,283,285
fibonacci,4085,303,230
fibonacci,4088,215,225
fibonacci,4092,217,219
fibonacci,4099,200,209
fibonacci,4095,208,216
fibonacci,4060,271,278
fibonacci,4098,204,212
fibonacci,4066,267,267
fibonacci,4050,291,295
fibonacci,4078,243,245
fibonacci,4052,292,293
fibonacci,4058,283,285
fibonacci,4064,346,276
fibonacci,4082,241,243
fibonacci,4107,205,204
fibonacci,4104,207,210
fibonacci,4115,208,196
fibonacci,4121,179,186
fibonacci,4118,185,192
fibonacci,4124,184,183
fibonacci,4128,299,178
fibonacci,4131,166,169
fibonacci,4136,160,162
fibonacci,4139,301,157
fibonacci,4065,284,291
fibonacci,4134,301,187
fibonacci,4072,377,300
fibonacci,4122,749,829
fibonacci,4079,756,905
fibonacci,4051,1037,1184
fibonacci,4110,965,1566
fibonacci,4059,1012,2581





