Attaching 6 probes...
COMM,PID,RUNQ_MS,TOTAL_MS
fibonacci,3675,174,174
fibonacci,3694,137,143
fibonacci,3716,105,112
fibonacci,3678,165,168
fibonacci,3731,83,90
fibonacci,3695,137,144
fibonacci,3660,165,197
fibonacci,3663,165,193
fibonacci,3684,161,167
fibonacci,3687,162,164
fibonacci,3693,152,155
fibonacci,3700,142,144
fibonacci,3706,129,139
fibonacci,3667,217,200
fibonacci,3696,181,157
fibonacci,3732,107,109
fibonacci,3729,111,114
fibonacci,3751,78,82
fibonacci,3674,199,202
fibonacci,3723,123,125
fibonacci,3755,71,78
fibonacci,3670,205,208
fibonacci,3753,78,82
fibonacci,3745,90,93
fibonacci,3659,224,224
fibonacci,3689,174,181
fibonacci,3742,95,97
fibonacci,3677,225,200
fibonacci,3750,85,87
fibonacci,3717,138,138
fibonacci,3747,89,92
fibonacci,3671,207,209
fibonacci,3744,93,96
fibonacci,3661,257,223
fibonacci,3711,148,149
fibonacci,3736,111,112
fibonacci,3709,149,153
fibonacci,3735,123,114
fibonacci,3733,112,118
fibonacci,3728,126,126
fibonacci,3676,197,206
fibonacci,3683,191,194
fibonacci,3672,209,212
fibonacci,3686,199,191
fibonacci,3688,179,188
fibonacci,3664,220,224
fibonacci,3665,228,223
fibonacci,3714,146,150
fibonacci,3703,156,167
fibonacci,3701,170,172
fibonacci,3704,166,169
fibonacci,3707,163,166
fibonacci,3681,200,206
fibonacci,3712,161,165
fibonacci,3718,152,160
fibonacci,3721,148,155
fibonacci,3724,149,151
fibonacci,3720,168,157
fibonacci,3734,135,138
fibonacci,3740,124,127
fibonacci,3730,140,147
fibonacci,3743,125,128
fibonacci,3749,121,123
fibonacci,3752,112,121
fibonacci,3748,122,127
fibonacci,3756,108,118
fibonacci,3737,140,147
fibonacci,3722,166,169
fibonacci,3719,171,174
fibonacci,3708,193,195
fibonacci,3705,198,200
fibonacci,3692,224,221
fibonacci,3757,166,125
fibonacci,3710,249,198
fibonacci,3691,238,229
fibonacci,3682,245,247
fibonacci,3697,312,225
fibonacci,3662,252,281
fibonacci,3754,136,144
fibonacci,3658,291,293
fibonacci,3746,163,170
fibonacci,3727,192,203
fibonacci,3668,274,302
fibonacci,3741,200,216
fibonacci,3690,266,320
fibonacci,3713,319,340
fibonacci,3673,393,454
fibonacci,3738,320,362
fibonacci,3680,358,451
fibonacci,3715,387,438
fibonacci,3699,427,487
fibonacci,3702,424,484
fibonacci,3698,572,803
fibonacci,3669,649,892
fibonacci,3726,444,1040
fibonacci,3666,794,1170
fibonacci,3679,810,1175
fibonacci,3685,790,1378
fibonacci,3725,735,1331
fibonacci,3739,632,2182





