SCH POL PSR %CPU  C     PID USER     CMD
  0 TS    8  0.0  0       2 root     [kthreadd]
  0 TS    0  0.0  0       3 root      \_ [pool_workqueue_release]
  0 TS    0  0.0  0       4 root      \_ [kworker/R-rcu_g]
  0 TS    0  0.0  0       5 root      \_ [kworker/R-rcu_p]
  0 TS    0  0.0  0       6 root      \_ [kworker/R-slub_]
  0 TS    0  0.0  0       7 root      \_ [kworker/R-netns]
  0 TS    0  0.1  0       8 root      \_ [kworker/0:0-events]
  0 TS    0  0.0  0       9 root      \_ [kworker/0:1-events]
  0 TS    0  0.0  0      10 root      \_ [kworker/0:0H-events_highpri]
  0 TS    0  0.2  0      11 root      \_ [kworker/u20:0-events_unbound]
  0 TS    0  0.0  0      12 root      \_ [kworker/R-mm_pe]
  0 TS    2  0.0  0      13 root      \_ [rcu_tasks_kthread]
  0 TS    1  0.0  0      14 root      \_ [rcu_tasks_rude_kthread]
  0 TS    0  0.0  0      15 root      \_ [rcu_tasks_trace_kthread]
  0 TS    0  0.6  0      16 root      \_ [ksoftirqd/0]
  0 TS    0  0.5  0      17 root      \_ [rcu_preempt]
  1 FF    0  0.0  0      18 root      \_ [migration/0]
  1 FF    0  0.0  0      19 root      \_ [idle_inject/0]
  0 TS    0  0.0  0      20 root      \_ [cpuhp/0]
  0 TS    1  0.0  0      21 root      \_ [cpuhp/1]
  1 FF    1  0.0  0      22 root      \_ [idle_inject/1]
  1 FF    1  0.0  0      23 root      \_ [migration/1]
  0 TS    1  0.5  0      24 root      \_ [ksoftirqd/1]
  0 TS    1  0.0  0      25 root      \_ [kworker/1:0-cgroup_destroy]
  0 TS    1  0.0  0      26 root      \_ [kworker/1:0H-events_highpri]
  0 TS    2  0.0  0      27 root      \_ [cpuhp/2]
  1 FF    2  0.0  0      28 root      \_ [idle_inject/2]
  1 FF    2  0.0  0      29 root      \_ [migration/2]
  0 TS    2  0.5  0      30 root      \_ [ksoftirqd/2]
  0 TS    2  0.0  0      31 root      \_ [kworker/2:0-rcu_gp]
  0 TS    2  0.0  0      32 root      \_ [kworker/2:0H-events_highpri]
  0 TS    3  0.0  0      33 root      \_ [cpuhp/3]
  1 FF    3  0.0  0      34 root      \_ [idle_inject/3]
  1 FF    3  0.0  0      35 root      \_ [migration/3]
  0 TS    3  0.5  0      36 root      \_ [ksoftirqd/3]
  0 TS    3  0.0  0      37 root      \_ [kworker/3:0-cgroup_destroy]
  0 TS    3  0.0  0      38 root      \_ [kworker/3:0H-events_highpri]
  0 TS    4  0.0  0      39 root      \_ [cpuhp/4]
  1 FF    4  0.0  0      40 root      \_ [idle_inject/4]
  1 FF    4  0.0  0      41 root      \_ [migration/4]
  0 TS    4  0.3  0      42 root      \_ [ksoftirqd/4]
  0 TS    4  0.0  0      43 root      \_ [kworker/4:0-cgroup_destroy]
  0 TS    4  0.0  0      44 root      \_ [kworker/4:0H-events_highpri]
  0 TS    5  0.0  0      45 root      \_ [cpuhp/5]
  1 FF    5  0.0  0      46 root      \_ [idle_inject/5]
  1 FF    5  0.0  0      47 root      \_ [migration/5]
  0 TS    5  0.3  0      48 root      \_ [ksoftirqd/5]
  0 TS    5  0.0  0      49 root      \_ [kworker/5:0-mm_percpu_wq]
  0 TS    5  0.0  0      50 root      \_ [kworker/5:0H-events_highpri]
  0 TS    6  0.0  0      51 root      \_ [cpuhp/6]
  1 FF    6  0.0  0      52 root      \_ [idle_inject/6]
  1 FF    6  0.0  0      53 root      \_ [migration/6]
  0 TS    6  0.4  0      54 root      \_ [ksoftirqd/6]
  0 TS    6  0.0  0      55 root      \_ [kworker/6:0-events]
  0 TS    6  0.0  0      56 root      \_ [kworker/6:0H-events_highpri]
  0 TS    7  0.0  0      57 root      \_ [cpuhp/7]
  1 FF    7  0.0  0      58 root      \_ [idle_inject/7]
  1 FF    7  0.0  0      59 root      \_ [migration/7]
  0 TS    7  0.3  0      60 root      \_ [ksoftirqd/7]
  0 TS    7  0.0  0      61 root      \_ [kworker/7:0-mm_percpu_wq]
  0 TS    7  0.0  0      62 root      \_ [kworker/7:0H-kblockd]
  0 TS    8  0.0  0      63 root      \_ [cpuhp/8]
  1 FF    8  0.0  0      64 root      \_ [idle_inject/8]
  1 FF    8  0.0  0      65 root      \_ [migration/8]
  0 TS    8  0.3  0      66 root      \_ [ksoftirqd/8]
  0 TS    8  0.0  0      67 root      \_ [kworker/8:0-events]
  0 TS    8  0.0  0      68 root      \_ [kworker/8:0H-events_highpri]
  0 TS    9  0.0  0      69 root      \_ [cpuhp/9]
  1 FF    9  0.0  0      70 root      \_ [idle_inject/9]
  1 FF    9  0.0  0      71 root      \_ [migration/9]
  0 TS    9  0.4  0      72 root      \_ [ksoftirqd/9]
  0 TS    9  0.0  0      73 root      \_ [kworker/9:0-events]
  0 TS    9  0.0  0      74 root      \_ [kworker/9:0H-events_highpri]
  0 TS    6  0.0  0      75 root      \_ [kdevtmpfs]
  0 TS    2  0.0  0      76 root      \_ [kworker/R-inet_]
  0 TS    8  0.0  0      77 root      \_ [kworker/u20:1-events_freezable_power_]
  0 TS    9  0.0  0      78 root      \_ [kauditd]
  0 TS    5  0.0  0      79 root      \_ [khungtaskd]
  0 TS    6  0.0  0      80 root      \_ [oom_reaper]
  0 TS    8  0.0  0      81 root      \_ [kworker/R-write]
  0 TS    0  0.0  0      82 root      \_ [kcompactd0]
  0 TS    9  0.0  0      83 root      \_ [ksmd]
  0 TS    3  0.0  0      84 root      \_ [khugepaged]
  0 TS    4  0.0  0      85 root      \_ [kworker/R-kinte]
  0 TS    7  0.0  0      86 root      \_ [kworker/R-kbloc]
  0 TS    2  0.0  0      87 root      \_ [kworker/2:1-events]
  0 TS    3  0.0  0      88 root      \_ [kworker/3:1-events]
  0 TS    5  0.0  0      89 root      \_ [kworker/5:1-cgroup_destroy]
  0 TS    4  0.0  0      90 root      \_ [kworker/4:1-cgroup_destroy]
  0 TS    7  0.1  0      91 root      \_ [kworker/7:1-events]
  0 TS    6  0.0  0      92 root      \_ [kworker/6:1-events]
  0 TS    8  0.0  0      93 root      \_ [kworker/8:1-cgroup_destroy]
  0 TS    1  0.0  0      94 root      \_ [kworker/1:1-cgroup_destroy]
  0 TS    9  0.0  0      95 root      \_ [kworker/9:1-cgroup_destroy]
  0 TS    2  0.0  0      96 root      \_ [kworker/2:2-events]
  0 TS    1  0.0  0      97 root      \_ [kworker/R-tpm_d]
  0 TS    8  0.0  0      98 root      \_ [kworker/R-ata_s]
  0 TS    9  0.0  0      99 root      \_ [kworker/R-md]
  0 TS    6  0.0  0     100 root      \_ [kworker/R-md_bi]
  0 TS    4  0.0  0     101 root      \_ [kworker/R-edac-]
  0 TS    2  0.0  0     102 root      \_ [kworker/R-devfr]
  1 FF    3  0.0  0     103 root      \_ [watchdogd]
  0 TS    0  0.0  0     104 root      \_ [kworker/0:1H-kblockd]
  0 TS    3  0.0  0     105 root      \_ [kswapd0]
  0 TS    7  0.0  0     106 root      \_ [ecryptfs-kthread]
  0 TS    8  0.0  0     107 root      \_ [kworker/R-kthro]
  1 FF    0  0.0  0     108 root      \_ [irq/14-pciehp]
  1 FF    0  0.0  0     109 root      \_ [irq/15-pciehp]
  1 FF    0  0.0  0     110 root      \_ [irq/16-pciehp]
  1 FF    0  0.0  0     111 root      \_ [irq/17-pciehp]
  1 FF    0  0.0  0     112 root      \_ [irq/18-pciehp]
  1 FF    0  0.0  0     113 root      \_ [irq/19-pciehp]
  1 FF    0  0.0  0     114 root      \_ [irq/20-pciehp]
  1 FF    0  0.0  0     115 root      \_ [irq/21-pciehp]
  1 FF    0  0.0  0     116 root      \_ [irq/22-pciehp]
  1 FF    0  0.0  0     117 root      \_ [irq/23-pciehp]
  1 FF    0  0.0  0     118 root      \_ [irq/24-pciehp]
  1 FF    0  0.0  0     119 root      \_ [irq/25-pciehp]
  1 FF    0  0.0  0     120 root      \_ [irq/26-pciehp]
  1 FF    0  0.0  0     121 root      \_ [irq/27-pciehp]
  1 FF    0  0.0  0     122 root      \_ [irq/28-pciehp]
  1 FF    0  0.0  0     123 root      \_ [irq/29-pciehp]
  1 FF    0  0.0  0     124 root      \_ [irq/30-pciehp]
  1 FF    0  0.0  0     125 root      \_ [irq/31-pciehp]
  1 FF    0  0.0  0     126 root      \_ [irq/32-pciehp]
  1 FF    0  0.0  0     127 root      \_ [irq/33-pciehp]
  1 FF    0  0.0  0     128 root      \_ [irq/34-pciehp]
  1 FF    0  0.0  0     129 root      \_ [irq/35-pciehp]
  1 FF    0  0.0  0     130 root      \_ [irq/36-pciehp]
  1 FF    0  0.0  0     131 root      \_ [irq/37-pciehp]
  1 FF    0  0.0  0     132 root      \_ [irq/38-pciehp]
  1 FF    0  0.0  0     133 root      \_ [irq/39-pciehp]
  1 FF    0  0.0  0     134 root      \_ [irq/40-pciehp]
  1 FF    0  0.0  0     135 root      \_ [irq/41-pciehp]
  1 FF    0  0.0  0     136 root      \_ [irq/42-pciehp]
  1 FF    0  0.0  0     137 root      \_ [irq/43-pciehp]
  1 FF    0  0.0  0     138 root      \_ [irq/44-pciehp]
  1 FF    0  0.0  0     139 root      \_ [irq/45-pciehp]
  0 TS    6  0.0  0     140 root      \_ [kworker/R-acpi_]
  0 TS    8  0.0  0     141 root      \_ [kworker/u20:2-events_unbound]
  0 TS    6  0.0  0     142 root      \_ [kworker/R-mld]
  0 TS    2  0.0  0     143 root      \_ [kworker/2:1H-kblockd]
  0 TS    8  0.0  0     144 root      \_ [kworker/R-ipv6_]
  0 TS    4  0.0  0     151 root      \_ [kworker/R-kstrp]
  0 TS    7  3.1  3     153 root      \_ [kmemleak]
  0 TS    9  0.0  0     154 root      \_ [kworker/u21:0-ttm]
  0 TS    3  0.0  0     168 root      \_ [kworker/R-charg]
  0 TS    5  0.0  0     191 root      \_ [kworker/5:1H-kblockd]
  0 TS    1  0.0  0     195 root      \_ [kworker/1:1H-kblockd]
  0 TS    8  0.0  0     233 root      \_ [kworker/8:1H-kblockd]
  0 TS    6  0.0  0     234 root      \_ [kworker/6:1H-kblockd]
  0 TS    3  0.0  0     235 root      \_ [kworker/3:1H-kblockd]
  0 TS    7  0.0  0     236 root      \_ [kworker/7:1H]
  0 TS    4  0.0  0     237 root      \_ [kworker/4:1H-kblockd]
  0 TS    9  0.0  0     238 root      \_ [kworker/9:1H-kblockd]
  0 TS    7  0.0  0     239 root      \_ [kworker/7:2-cgroup_destroy]
  0 TS    8  0.0  0     240 root      \_ [kworker/R-nvme-]
  0 TS    0  0.0  0     241 root      \_ [kworker/R-nvme-]
  0 TS    2  0.0  0     242 root      \_ [kworker/R-nvme-]
  0 TS    5  0.0  0     243 root      \_ [kworker/R-nvme-]
  0 TS    7  0.0  0     261 root      \_ [kworker/u20:3-events_unbound]
  0 TS    0  0.0  0     262 root      \_ [kworker/0:2-cgroup_destroy]
  0 TS    0  0.0  0     263 root      \_ [kworker/0:3]
  0 TS    3  0.0  0     265 root      \_ [scsi_eh_0]
  0 TS    7  0.0  0     266 root      \_ [kworker/R-scsi_]
  0 TS    3  0.0  0     267 root      \_ [scsi_eh_1]
  0 TS    5  0.0  0     268 root      \_ [kworker/R-scsi_]
  0 TS    5  0.0  0     269 root      \_ [scsi_eh_2]
  0 TS    7  0.0  0     270 root      \_ [kworker/R-scsi_]
  0 TS    0  0.0  0     271 root      \_ [scsi_eh_3]
  0 TS    5  0.0  0     272 root      \_ [kworker/R-scsi_]
  0 TS    0  0.0  0     273 root      \_ [scsi_eh_4]
  0 TS    9  0.0  0     274 root      \_ [kworker/R-scsi_]
  0 TS    5  0.0  0     275 root      \_ [scsi_eh_5]
  0 TS    4  0.0  0     276 root      \_ [kworker/R-scsi_]
  0 TS    9  0.0  0     277 root      \_ [scsi_eh_6]
  0 TS    4  0.0  0     278 root      \_ [kworker/R-scsi_]
  0 TS    8  0.0  0     279 root      \_ [scsi_eh_7]
  0 TS    4  0.0  0     280 root      \_ [kworker/R-scsi_]
  0 TS    9  0.0  0     281 root      \_ [scsi_eh_8]
  0 TS    7  0.0  0     282 root      \_ [kworker/R-scsi_]
  0 TS    1  0.0  0     283 root      \_ [scsi_eh_9]
  0 TS    9  0.0  0     284 root      \_ [kworker/R-scsi_]
  0 TS    4  0.0  0     285 root      \_ [scsi_eh_10]
  0 TS    2  0.0  0     286 root      \_ [kworker/R-scsi_]
  0 TS    1  0.0  0     287 root      \_ [scsi_eh_11]
  0 TS    8  0.0  0     288 root      \_ [kworker/R-scsi_]
  0 TS    4  0.0  0     289 root      \_ [scsi_eh_12]
  0 TS    4  0.0  0     290 root      \_ [kworker/R-scsi_]
  0 TS    1  0.0  0     291 root      \_ [scsi_eh_13]
  0 TS    9  0.0  0     292 root      \_ [kworker/R-scsi_]
  0 TS    6  0.0  0     293 root      \_ [scsi_eh_14]
  0 TS    7  0.0  0     294 root      \_ [kworker/R-scsi_]
  0 TS    7  0.0  0     295 root      \_ [scsi_eh_15]
  0 TS    4  0.0  0     296 root      \_ [kworker/R-scsi_]
  0 TS    5  0.0  0     297 root      \_ [scsi_eh_16]
  0 TS    8  0.0  0     298 root      \_ [kworker/R-scsi_]
  0 TS    4  0.0  0     299 root      \_ [scsi_eh_17]
  0 TS    3  0.0  0     300 root      \_ [kworker/R-scsi_]
  0 TS    3  0.0  0     301 root      \_ [scsi_eh_18]
  0 TS    4  0.0  0     302 root      \_ [kworker/R-scsi_]
  0 TS    6  0.0  0     303 root      \_ [scsi_eh_19]
  0 TS    0  0.0  0     304 root      \_ [kworker/R-scsi_]
  0 TS    7  0.0  0     305 root      \_ [scsi_eh_20]
  0 TS    5  0.0  0     306 root      \_ [kworker/R-scsi_]
  0 TS    4  0.0  0     307 root      \_ [scsi_eh_21]
  0 TS    7  0.0  0     308 root      \_ [kworker/R-scsi_]
  0 TS    4  0.0  0     309 root      \_ [scsi_eh_22]
  0 TS    6  0.0  0     310 root      \_ [kworker/R-scsi_]
  0 TS    4  0.0  0     311 root      \_ [scsi_eh_23]
  0 TS    4  0.0  0     312 root      \_ [kworker/R-scsi_]
  0 TS    0  0.0  0     313 root      \_ [scsi_eh_24]
  0 TS    4  0.0  0     314 root      \_ [kworker/R-scsi_]
  0 TS    3  0.0  0     315 root      \_ [scsi_eh_25]
  0 TS    2  0.0  0     316 root      \_ [kworker/R-scsi_]
  0 TS    4  0.0  0     317 root      \_ [scsi_eh_26]
  0 TS    6  0.0  0     318 root      \_ [kworker/R-scsi_]
  0 TS    7  0.0  0     319 root      \_ [scsi_eh_27]
  0 TS    5  0.0  0     320 root      \_ [kworker/R-scsi_]
  0 TS    8  0.0  0     321 root      \_ [scsi_eh_28]
  0 TS    3  0.0  0     322 root      \_ [kworker/R-scsi_]
  0 TS    2  0.0  0     323 root      \_ [scsi_eh_29]
  0 TS    8  0.0  0     324 root      \_ [kworker/R-scsi_]
  0 TS    7  0.0  0     325 root      \_ [kworker/u20:4-events_unbound]
  0 TS    2  0.0  0     326 root      \_ [kworker/u20:5-events_unbound]
  0 TS    6  0.0  0     327 root      \_ [kworker/u20:6-events_unbound]
  0 TS    9  0.0  0     328 root      \_ [kworker/u20:7-events_unbound]
  0 TS    7  0.0  0     329 root      \_ [kworker/u20:8-events_unbound]
  0 TS    5  0.0  0     330 root      \_ [kworker/u20:9-events_unbound]
  0 TS    5  0.0  0     331 root      \_ [kworker/u20:10-events_unbound]
  0 TS    6  0.0  0     332 root      \_ [kworker/u20:11-events_unbound]
  0 TS    5  0.0  0     333 root      \_ [kworker/u20:12-events_unbound]
  0 TS    8  0.0  0     334 root      \_ [kworker/u20:13-events_unbound]
  0 TS    1  0.0  0     335 root      \_ [kworker/u20:14-events_unbound]
  0 TS    6  0.0  0     336 root      \_ [kworker/u20:15-events_unbound]
  0 TS    8  0.0  0     337 root      \_ [kworker/u20:16-events_unbound]
  0 TS    3  0.0  0     338 root      \_ [kworker/u20:17-events_unbound]
  0 TS    0  0.0  0     339 root      \_ [kworker/u20:18-loop8]
  0 TS    4  0.2  0     340 root      \_ [kworker/u20:19-events_freezable_power_]
  0 TS    1  0.1  0     341 root      \_ [kworker/u20:20-flush-259:0]
  0 TS    0  0.0  0     342 root      \_ [kworker/u20:21-loop8]
  0 TS    0  0.0  0     343 root      \_ [kworker/u20:22-loop5]
  0 TS    9  0.0  0     344 root      \_ [kworker/u20:23-loop9]
  0 TS    1  0.1  0     345 root      \_ [kworker/u20:24-flush-259:0]
  0 TS    0  0.1  0     346 root      \_ [kworker/u20:25-events_unbound]
  0 TS    3  0.0  0     347 root      \_ [kworker/u20:26-loop2]
  0 TS    3  0.0  0     348 root      \_ [kworker/u20:27-loop7]
  0 TS    5  0.0  0     349 root      \_ [kworker/u20:28-loop1]
  0 TS    5  0.0  0     350 root      \_ [kworker/u20:29-events_unbound]
  0 TS    4  0.0  0     351 root      \_ [kworker/u20:30-events_unbound]
  0 TS    1  0.0  0     352 root      \_ [kworker/u20:31-events_unbound]
  0 TS    6  0.0  0     355 root      \_ [kworker/6:2-cgroup_destroy]
  0 TS    6  0.0  0     356 root      \_ [kworker/6:3-cgroup_destroy]
  0 TS    1  0.0  0     391 root      \_ [jbd2/nvme0n1p2-8]
  0 TS    0  0.0  0     392 root      \_ [kworker/R-ext4-]
  0 TS    3  0.0  0     436 root      \_ [kworker/3:2-events]
  0 TS    8  0.0  0     461 root      \_ [kworker/8:2]
  0 TS    4  0.1  0     468 root      \_ [kworker/4:2-events]
  0 TS    4  0.0  0     478 root      \_ [kworker/4:3]
  1 FF    4  0.0  0     496 root      \_ [psimon]
  0 TS    3  0.0  0     624 root      \_ [kworker/3:3-cgroup_destroy]
  0 TS    1  0.0  0     627 root      \_ [kworker/1:2-events]
  1 FF    0  0.0  0     656 root      \_ [irq/77-vmw_vmci]
  1 FF    0  0.0  0     658 root      \_ [irq/78-vmw_vmci]
  1 FF    0  0.0  0     664 root      \_ [irq/79-vmw_vmci]
  1 FF    0  0.0  0     765 root      \_ [irq/80-vmwgfx]
  1 FF    0  0.0  0     766 root      \_ [irq/81-vmwgfx]
  1 FF    0  0.0  0     767 root      \_ [irq/82-vmwgfx]
  1 FF    0  0.0  0     768 root      \_ [irq/83-vmwgfx]
  1 FF    0  0.0  0     769 root      \_ [irq/84-vmwgfx]
  1 FF    0  0.0  0     770 root      \_ [irq/85-vmwgfx]
  0 TS    0  0.0  0     772 root      \_ [kworker/R-ttm]
  0 TS    5  0.0  0     818 root      \_ [kworker/5:2-cgroup_destroy]
  0 TS    9  0.0  0     953 root      \_ [kworker/9:2]
  1 FF    7  0.0  0    1307 root      \_ [psimon]
  0 TS    5  0.0  0    1768 root      \_ [kworker/5:3-cgroup_destroy]
  0 TS    1  0.0  0    2141 root      \_ [kworker/1:3-events]
  0 TS    9  0.0  0    2791 root      \_ [kworker/u21:1]
  0 TS    6  0.0  0    2951 root      \_ [kworker/6:4]
  0 TS    5  7.2  7       1 root     /sbin/init splash
  0 TS    8  2.5  2     442 root     /usr/lib/systemd/systemd-journald
  0 TS    3  0.7  0     495 root     /usr/lib/systemd/systemd-udevd
  0 TS    4  0.9  0     706 systemd+ /usr/lib/systemd/systemd-oomd
  0 TS    3  0.4  0     747 systemd+ /usr/lib/systemd/systemd-resolved
  0 TS    1  0.2  0     748 systemd+ /usr/lib/systemd/systemd-timesyncd
  0 TS    5  0.1  0     846 avahi    avahi-daemon: running [arjun-os-vm.local]
  0 TS    1  0.0  0    1007 avahi     \_ avahi-daemon: chroot helper
  0 TS    4  1.1  1     852 message+ @dbus-daemon --system --address=systemd: --nofork --nopidfile --systemd-activation --syslog-only
  0 TS    1  0.1  0     864 gnome-r+ /usr/libexec/gnome-remote-desktop-daemon --system
  0 TS    3  2.0  2     881 polkitd  /usr/lib/polkit-1/polkitd --no-debug
  0 TS    9  0.1  0     886 root     /usr/libexec/power-profiles-daemon
  0 TS    1  0.1  0     888 root     /usr/bin/qrtr-ns -f 1
  0 TS    4  1.5  1     908 root     /usr/lib/snapd/snapd
  0 TS    8  0.4  0     918 root     /usr/libexec/accounts-daemon
  0 TS    3  0.0  0     921 root     /usr/sbin/cron -f -P
  0 TS    9  0.5  0     929 root     /usr/libexec/switcheroo-control
  0 TS    5  0.8  0     940 root     /usr/lib/systemd/systemd-logind
  0 TS    2  0.5  0     941 root     /usr/libexec/udisks2/udisksd
  0 TS    3  0.2  0     951 syslog   /usr/sbin/rsyslogd -n -iNONE
  0 TS    6  0.4  0    1028 root     /usr/sbin/NetworkManager --no-daemon
  0 TS    4  0.0  0    1035 root     /usr/sbin/wpa_supplicant -u -s -O DIR=/run/wpa_supplicant GROUP=netdev
  0 TS    0  0.6  0    1093 root     /usr/sbin/ModemManager
  0 TS    4  0.0  0    1255 root     /usr/sbin/cupsd -l
  0 TS    7  0.1  0    1258 root     /usr/bin/python3 /usr/share/unattended-upgrades/unattended-upgrade-shutdown --wait-for-signal
  0 TS    9  0.1  0    1274 cups-br+ /usr/sbin/cups-browsed
  0 TS    1  0.0  0    1280 kernoops /usr/sbin/kerneloops --test
  0 TS    8  0.0  0    1285 kernoops /usr/sbin/kerneloops
  0 TS    2  0.1  0    1295 root     /usr/sbin/gdm3
  0 TS    6  0.1  0    1890 root      \_ gdm-session-worker [pam/gdm-password]
  0 TS    2  0.0  0    1977 arjun         \_ /usr/libexec/gdm-wayland-session env GNOME_SHELL_SESSION_MODE=ubuntu /usr/bin/gnome-session --session=ubuntu
  0 TS    4  0.1  0    1986 arjun             \_ /usr/libexec/gnome-session-binary --session=ubuntu
  0 TS    3  0.1  0    1379 rtkit    /usr/libexec/rtkit-daemon
  0 TS    1  0.3  0    1506 colord   /usr/libexec/colord
  0 TS    8  0.2  0    1548 root     /usr/libexec/packagekitd
  0 TS    6  0.8  0    1550 root     /usr/libexec/upowerd
  0 TS    9  0.0  0    1751 root     /sbin/agetty -o -p -- \u --keep-baud 115200,57600,38400,9600 - vt220
  0 TS    9  2.6  2    1901 arjun    /usr/lib/systemd/systemd --user
  0 TS    2  0.0  0    1904 arjun     \_ (sd-pam)
  0 TS    3  0.1  0    1914 arjun     \_ /usr/bin/pipewire
  0 TS    1  0.0  0    1915 arjun     \_ /usr/bin/pipewire -c filter-chain.conf
  0 TS    6  0.3  0    1921 arjun     \_ /usr/bin/wireplumber
  0 TS    1  0.0  0    1923 arjun     \_ /usr/bin/pipewire-pulse
  0 TS    7  0.1  0    1926 arjun     \_ /usr/bin/gnome-keyring-daemon --foreground --components=pkcs11,secrets --control-directory=/run/user/1000/keyring
  0 TS    3  1.6  1    1927 arjun     \_ /usr/bin/dbus-daemon --session --address=systemd: --nofork --nopidfile --systemd-activation --syslog-only
  0 TS    8  0.1  0    1970 arjun     \_ /usr/libexec/xdg-document-portal
  0 TS    2  0.0  0    2011 root      |   \_ fusermount3 -o rw,nosuid,nodev,fsname=portal,auto_unmount,subtype=portal -- /run/user/1000/doc
  0 TS    4  0.0  0    1988 arjun     \_ /usr/libexec/xdg-permission-store
  0 TS    6  0.0  0    2062 arjun     \_ /usr/libexec/gcr-ssh-agent --base-dir /run/user/1000/gcr
  0 TS    6  0.0  0    2063 arjun     \_ /usr/libexec/gnome-session-ctl --monitor
  0 TS    2  0.0  0    2077 arjun     \_ /usr/libexec/gvfsd
  0 TS    2  0.0  0    2724 arjun     |   \_ /usr/libexec/gvfsd-trash --spawner :1.20 /org/gtk/gvfs/exec_spaw/0
  0 TS    9  0.0  0    2090 arjun     \_ /usr/libexec/gvfsd-fuse /run/user/1000/gvfs -f
  0 TS    0  0.6  0    2096 arjun     \_ /usr/libexec/gnome-session-binary --systemd-service --session=ubuntu
  0 TS    7  0.0  0    2144 arjun     |   \_ /usr/libexec/at-spi-bus-launcher --launch-immediately
  0 TS    0  0.0  0    2154 arjun     |   |   \_ /usr/bin/dbus-daemon --config-file=/usr/share/defaults/at-spi2/accessibility.conf --nofork --print-address 11 --address=unix:path=/run/user/1000/at-spi/bus
  0 TS    4  0.1  0    2344 arjun     |   \_ /usr/libexec/gsd-disk-utility-notify
  0 TS    0  1.0  1    2363 arjun     |   \_ /usr/libexec/evolution-data-server/evolution-alarm-notify
  0 TS    0  1.0  1    3398 arjun     |   \_ /usr/bin/update-notifier
  0 TS    0 13.1 13    2139 arjun     \_ /usr/bin/gnome-shell
  0 TS    1  1.0  1    2756 arjun     |   \_ gjs /usr/share/gnome-shell/extensions/ding@rastersoft.com/app/ding.js -E -P /usr/share/gnome-shell/extensions/ding@rastersoft.com/app
  0 TS    9  0.0  0    2241 arjun     \_ /usr/libexec/at-spi2-registryd --use-gnome-session
  0 TS    5  0.1  0    2250 arjun     \_ /usr/libexec/gnome-shell-calendar-server
  0 TS    5  0.4  0    2277 arjun     \_ /usr/bin/gjs -m /usr/share/gnome-shell/org.gnome.Shell.Notifications
  0 TS    9  0.6  0    2281 arjun     \_ /usr/bin/ibus-daemon --panel disable
  0 TS    5  0.1  0    2330 arjun     |   \_ /usr/libexec/ibus-dconf
  0 TS    1  2.0  2    2333 arjun     |   \_ /usr/libexec/ibus-extension-gtk3
  0 TS    6  0.1  0    2681 arjun     |   \_ /usr/libexec/ibus-engine-simple
  0 TS    0  0.2  0    2282 arjun     \_ /usr/libexec/gsd-a11y-settings
  0 TS    0  0.5  0    2285 arjun     \_ /usr/libexec/gsd-color
  0 TS    4  0.3  0    2294 arjun     \_ /usr/libexec/gsd-datetime
  0 TS    5  0.3  0    2296 arjun     \_ /usr/libexec/gsd-housekeeping
  0 TS    5  0.5  0    2306 arjun     \_ /usr/libexec/gsd-keyboard
  0 TS    2  0.6  0    2314 arjun     \_ /usr/libexec/gsd-media-keys
  0 TS    0  0.5  0    2318 arjun     \_ /usr/libexec/gsd-power
  0 TS    9  0.3  0    2326 arjun     \_ /usr/libexec/gsd-print-notifications
  0 TS    4  0.4  0    2328 arjun     \_ /usr/libexec/gsd-rfkill
  0 TS    7  0.1  0    2340 arjun     \_ /usr/libexec/gsd-screensaver-proxy
  0 TS    6  0.2  0    2346 arjun     \_ /usr/libexec/gsd-sharing
  0 TS    4  0.2  0    2348 arjun     \_ /usr/libexec/gsd-smartcard
  0 TS    8  0.0  0    2350 arjun     \_ /usr/libexec/ibus-portal
  0 TS    0  0.3  0    2361 arjun     \_ /usr/libexec/gsd-sound
  0 TS    9  0.5  0    2374 arjun     \_ /usr/libexec/gsd-wacom
  0 TS    7  0.6  0    2403 arjun     \_ /usr/libexec/evolution-source-registry
  0 TS    6  0.4  0    2415 arjun     \_ /usr/libexec/gvfs-udisks2-volume-monitor
  0 TS    2  0.4  0    2497 arjun     \_ /snap/snapd-desktop-integration/255/usr/bin/snapd-desktop-integration
  0 TS    6  1.3  1    2654 arjun     |   \_ /snap/snapd-desktop-integration/255/usr/bin/snapd-desktop-integration
  0 TS    8  0.1  0    2506 arjun     \_ /usr/libexec/gvfs-afc-volume-monitor
  0 TS    9  0.0  0    2530 arjun     \_ /usr/libexec/gsd-printer
  0 TS    5  0.1  0    2549 arjun     \_ /usr/libexec/goa-daemon
  0 TS    7  0.1  0    2552 arjun     \_ /usr/libexec/gvfs-mtp-volume-monitor
  0 TS    0  0.2  0    2569 arjun     \_ /usr/libexec/evolution-calendar-factory
  0 TS    2  0.0  0    2582 arjun     \_ /usr/libexec/goa-identity-service
  0 TS    6  0.1  0    2597 arjun     \_ /usr/libexec/gvfs-gphoto2-volume-monitor
  0 TS    7  0.1  0    2625 arjun     \_ /usr/libexec/evolution-addressbook-factory
  0 TS    6  0.0  0    2631 arjun     \_ /usr/libexec/gvfs-goa-volume-monitor
  0 TS    7  0.0  0    2700 arjun     \_ /usr/libexec/dconf-service
  0 TS    8  0.0  0    2725 arjun     \_ /usr/libexec/gvfsd-metadata
  5 IDL   3  0.3  0    2807 arjun     \_ /usr/libexec/tracker-miner-fs-3
  0 TS    9  0.1  0    2830 arjun     \_ /usr/bin/gjs -m /usr/share/gnome-shell/org.gnome.ScreenSaver
  0 TS    2  0.2  0    2839 arjun     \_ /usr/libexec/xdg-desktop-portal
  0 TS    8  0.4  0    2858 arjun     \_ /usr/libexec/xdg-desktop-portal-gnome
  0 TS    7  0.2  0    2888 arjun     \_ /usr/libexec/xdg-desktop-portal-gtk
  0 TS    0  0.9  0    2910 arjun     \_ /usr/libexec/gnome-terminal-server
  0 TS    3  0.0  0    2917 arjun         \_ bash
  0 TS    9  0.0  0    2981 root     sshd: /usr/sbin/sshd -D [listener] 0 of 10-100 startups
  0 TS    9  0.1  0    2982 root      \_ sshd: arjun [priv]
  0 TS    7  1.5  1    3049 arjun         \_ sshd: arjun@notty
  0 TS    2  0.0  0    3050 arjun             \_ -bash
  0 TS    2  0.1  0    3058 arjun                 \_ bash
  0 TS    8  0.0  0    3103 arjun                     \_ sh /home/arjun/.vscode-server/bin/e8a3071ea4344d9d48ef8a4df2c097372b0c5161/bin/code-server --start-server --host=127.0.0.1 --accept-server-license-terms --enable-remote-auto-shutdown --port=0 --telemetry-level all --connection-token-file /home/arjun/.vscode-server/.e8a3071ea4344d9d48ef8a4df2c097372b0c5161.token
  0 TS    6  6.4  6    3113 arjun                         \_ /home/arjun/.vscode-server/bin/e8a3071ea4344d9d48ef8a4df2c097372b0c5161/node /home/arjun/.vscode-server/bin/e8a3071ea4344d9d48ef8a4df2c097372b0c5161/out/server-main.js --start-server --host=127.0.0.1 --accept-server-license-terms --enable-remote-auto-shutdown --port=0 --telemetry-level all --connection-token-file /home/arjun/.vscode-server/.e8a3071ea4344d9d48ef8a4df2c097372b0c5161.token
  0 TS    5  4.8  4    3167 arjun                             \_ /home/arjun/.vscode-server/bin/e8a3071ea4344d9d48ef8a4df2c097372b0c5161/node /home/arjun/.vscode-server/bin/e8a3071ea4344d9d48ef8a4df2c097372b0c5161/out/bootstrap-fork --type=ptyHost --logsPath /home/arjun/.vscode-server/data/logs/20250407T134319
  0 TS    3  0.7  0    3249 arjun                             |   \_ /usr/bin/bash --init-file /home/arjun/.vscode-server/bin/e8a3071ea4344d9d48ef8a4df2c097372b0c5161/out/vs/workbench/contrib/terminal/browser/media/shellIntegration-bash.sh
  0 TS    2  900 99    3695 arjun                             |       \_ ps -e --forest -o sched,policy,psr,pcpu,c,pid,user,cmd
  0 TS    4  6.5  6    3193 arjun                             \_ /home/arjun/.vscode-server/bin/e8a3071ea4344d9d48ef8a4df2c097372b0c5161/node /home/arjun/.vscode-server/bin/e8a3071ea4344d9d48ef8a4df2c097372b0c5161/out/bootstrap-fork --type=extensionHost --transformURIs --useHostProxy=false
  0 TS    8 20.3 20    3204 arjun                             \_ /home/arjun/.vscode-server/bin/e8a3071ea4344d9d48ef8a4df2c097372b0c5161/node /home/arjun/.vscode-server/bin/e8a3071ea4344d9d48ef8a4df2c097372b0c5161/out/bootstrap-fork --type=fileWatcher
